Timeval(sec), EMA_ReqSize(B), EMA_IAT(ms), SQ_Length(B), Bandwidth(B/s), EMA_RTT(ms)
0.2, 0, 0.000, 0, 0, 0.000
1.261, 0, 0.000, 0, 0, 0.000
2.464, 0, 0.000, 0, 0, 0.000
3.665, 0, 0.000, 0, 0, 0.000
4.875, 0, 0.000, 0, 0, 0.000
5.1075, 921, 0.000, 0, 0, 0.000
6.1300, 921, 0.000, 0, 0, 54.754
7.1519, 921, 0.000, 0, 0, 54.754
8.1731, 243, 23.565, 0, 4265, 54.754
9.1950, 243, 23.476, 0, 4276, 54.754
10.2187, 243, 23.527, 0, 4287, 54.754
11.2409, 243, 23.451, 0, 4295, 54.754
12.2665, 243, 23.262, 0, 4303, 54.754
13.2909, 243, 23.176, 0, 2156, 55.302
14.3125, 243, 23.432, 0, 4321, 55.302
15.3372, 243, 23.485, 0, 4330, 55.302
16.3624, 243, 23.266, 0, 4337, 55.302
17.3849, 243, 21.801, 0, 4347, 55.302
18.4113, 243, 23.484, 0, 4356, 55.302
19.4339, 243, 23.672, 0, 4365, 55.302
20.4567, 243, 23.473, 0, 4373, 93.161
21.4794, 244, 25.393, 0, 4383, 93.161
22.5055, 243, 23.616, 0, 4390, 93.161
23.5276, 243, 23.573, 0, 4400, 93.161
24.5530, 243, 23.234, 0, 4408, 93.161
25.5770, 243, 23.426, 0, 4418, 93.161
26.5985, 243, 23.480, 0, 4427, 57.579
27.6205, 243, 23.455, 0, 4436, 57.579
28.6458, 243, 23.538, 0, 4444, 57.579
29.6672, 243, 23.404, 0, 4453, 57.579
30.6926, 243, 23.615, 0, 4462, 57.579
31.7155, 243, 27.442, 0, 2236, 57.579
32.7371, 243, 23.559, 0, 6723, 54.747
33.7600, 243, 23.275, 0, 4492, 54.747
34.7850, 243, 23.330, 0, 4502, 54.747
35.8084, 243, 23.470, 0, 4512, 54.747
36.8364, 243, 23.368, 0, 4521, 54.747
37.8596, 587, 0.296, 259616, 108744, 54.747
38.8889, 162, 2.892, 3381924, 56474, 974.589
39.9169, 243, 23.384, 3360644, 25528, 974.589
40.9434, 1448, 0.174, 5373200, 30315, 2798.116
41.9896, 243, 23.452, 6792044, 12762, 2798.116
42.10161, 1447, 0.198, 7368732, 12764, 2798.116
43.10421, 162, 3.955, 10238340, 13827, 5281.884
44.10664, 862, 21.416, 10230892, 13296, 5281.884
45.10896, 587, 0.342, 12145028, 297850, 7926.922
46.11168, 243, 23.102, 13084540, 330279, 8893.594
47.11417, 201, 2.563, 13298404, 192536, 9771.937
48.11669, 162, 2.565, 16146732, 224978, 10634.253
49.11941, 243, 23.308, 15632820, 532915, 11481.512
50.12224, 1448, 0.181, 14018732, 4406102, 10151.638
51.12481, 243, 23.288, 11276804, 5094347, 8481.552
52.12749, 400, 0.258, 7054320, 3826374, 6804.059
53.13109, 119, 0.311, 6712244, 5283853, 5152.439
54.13396, 243, 23.797, 3297336, 3345111, 3637.831
55.13657, 170, 3.117, 1736448, 3591717, 2181.512
56.13929, 243, 23.234, 491036, 3268786, 812.097
57.14311, 587, 0.224, 0, 791556, 97.774
58.14737, 1447, 0.215, 0, 3226543, 17.625
59.15041, 243, 23.391, 0, 7861, 13.371
60.15309, 1447, 0.313, 0, 2752940, 6.205
61.15636, 168, 3.640, 0, 574929, 52.196
62.15890, 862, 13.449, 0, 19903, 52.196
63.16126, 93, 1.123, 0, 3018382, 17.317
64.16578, 243, 23.253, 0, 8217, 24.880
65.16796, 241, 1.763, 0, 16736, 8.712
66.17026, 1447, 0.232, 532, 3376785, 9.454
67.17323, 243, 23.285, 0, 8505, 14.620
68.17552, 1372, 0.245, 0, 3044049, 18.644
69.17803, 242, 4.858, 0, 0, 52.408
70.18049, 73, 15.604, 0, 8699, 52.408
71.18291, 1448, 0.705, 1064, 1669917, 9.058
72.18536, 243, 23.094, 0, 0, 13.940
73.18766, 1448, 0.189, 532, 1284111, 22.524
74.19149, 163, 3.418, 0, 3141723, 47.129
75.19406, 243, 23.379, 0, 0, 10.737
76.19654, 1372, 0.388, 17556, 3566732, 31.221
77.19964, 242, 17.276, 880460, 1103811, 764.495
78.20285, 69, 17.469, 176092, 0, 1445.230
79.20534, 1447, 0.243, 2457840, 1560928, 836.439
80.20826, 243, 23.526, 297920, 4721311, 1094.139
81.21403, 1361, 1.005, 0, 2299091, 7.704
82.21777, 162, 5.028, 0, 1812537, 61.580
83.22146, 243, 23.397, 0, 10186, 106.547
84.22372, 587, 0.681, 0, 0, 17.439
85.22592, 587, 0.681, 0, 0, 17.439
86.22820, 102, 2.646, 0, 2120572, 34.294
87.23174, 1448, 0.475, 0, 2141074, 6.786
88.23489, 243, 23.515, 0, 10493, 8.567
89.23711, 587, 0.527, 0, 2015790, 10.998
90.23951, 1447, 0.505, 532, 1690775, 5.635
91.24202, 242, 8.502, 0, 11200, 11.376
92.24443, 249, 1.850, 0, 28146, 11.376
93.24734, 1446, 0.597, 0, 1499870, 16.221
94.24983, 1448, 0.514, 0, 1700705, 5.401
95.25304, 243, 23.399, 0, 12112, 13.533
96.25542, 587, 0.274, 2128, 3313069, 7.991
97.26175, 1448, 0.421, 0, 2175842, 7.738
98.26441, 243, 23.520, 0, 0, 100.908
99.26713, 1439, 0.564, 0, 2052024, 7.106
100.26954, 162, 3.397, 0, 2009781, 11.509
101.27204, 243, 23.401, 0, 0, 11.509
102.27419, 1041, 0.195, 0, 3159726, 11.625
103.27817, 242, 20.881, 0, 0, 23.191
104.28037, 243, 23.621, 0, 0, 15.981
105.28249, 243, 25.119, 0, 13004, 15.981
106.28483, 243, 24.206, 0, 4476, 15.981
107.28765, 243, 22.990, 0, 4254, 15.981
108.29038, 243, 23.130, 0, 4254, 15.981
109.29284, 243, 23.131, 0, 4254, 15.981
110.29523, 243, 23.169, 0, 4254, 15.981
111.29768, 243, 22.934, 0, 4785, 93.638
112.30031, 243, 29.795, 0, 3191, 93.638
113.30289, 243, 23.321, 0, 4254, 93.638
114.30539, 243, 23.307, 0, 4254, 93.638
115.30780, 243, 23.327, 0, 4254, 93.638
116.42735, 243, 23.570, 0, 4205, 93.638
117.42984, 243, 23.228, 0, 4785, 167.780
118.43261, 241, 13.165, 0, 5317, 167.780
119.43539, 243, 24.211, 0, 0, 167.780
120.43759, 243, 23.217, 0, 0, 167.780
121.44007, 243, 23.782, 0, 6597, 167.780
122.44249, 243, 23.126, 0, 6618, 167.780
123.44507, 243, 23.366, 0, 6717, 167.780
124.44739, 243, 23.237, 0, 6824, 311.898
125.44982, 243, 23.295, 0, 6932, 311.898
126.45201, 243, 23.282, 0, 7044, 311.898
127.45440, 243, 23.383, 0, 7151, 311.898
128.45663, 243, 23.490, 0, 7271, 311.898
129.45908, 243, 23.584, 0, 7377, 311.898
130.46134, 243, 23.476, 0, 0, 81.800
131.46391, 243, 23.457, 0, 7512, 81.800
132.46628, 243, 23.627, 0, 0, 81.800
133.46859, 243, 23.992, 0, 0, 81.800
134.47081, 243, 24.160, 0, 0, 81.800
135.47335, 243, 23.628, 0, 0, 81.800
136.47559, 243, 23.537, 0, 0, 56.906
137.47824, 243, 23.375, 0, 0, 56.906
138.48044, 243, 25.303, 0, 8452, 56.906
139.48268, 243, 23.492, 0, 8601, 56.906
140.48484, 243, 23.659, 0, 8767, 56.906
141.48728, 1448, 0.414, 3333512, 0, 39.436
142.49027, 1447, 0.186, 7899136, 43925, 1061.902
143.49291, 1448, 0.190, 12583396, 39356, 2409.022
144.49552, 587, 0.225, 17509716, 31379, 2824.635
145.49825, 1447, 0.187, 22341872, 39356, 3691.535
146.50080, 1448, 0.169, 27245848, 27656, 4775.041
147.50315, 1447, 0.236, 32090772, 13827, 6128.895
148.50570, 1448, 0.201, 36386140, 12764, 6128.895
149.50828, 1361, 1.057, 41229468, 26592, 7616.700
150.51357, 298, 26.096, 44469348, 387089, 9414.209
151.51644, 1448, 0.419, 47950224, 413778, 10459.201
152.51888, 1439, 0.393, 52572240, 168069, 11288.900
153.52152, 1447, 0.203, 57251180, 261142, 12190.402
154.52395, 587, 0.401, 61253948, 114883, 13343.767
155.52654, 587, 0.282, 64496488, 1122762, 14132.053
156.52921, 587, 0.375, 64213996, 5034329, 14171.838
157.53265, 1361, 1.164, 61900860, 3268982, 14391.242
158.53562, 1361, 1.164, 58007152, 3784491, 14611.844
159.53807, 255, 0.613, 55214152, 3331870, 14899.334
160.54053, 575, 0.267, 56003640, 4002800, 15210.670
161.54306, 1448, 0.186, 57707104, 2764328, 15612.133
162.54583, 1361, 1.350, 59164252, 2187835, 16060.055
163.55011, 1448, 0.259, 61885432, 1514379, 16599.457
164.55259, 1447, 0.263, 65305128, 793453, 17410.816
165.55533, 1448, 0.196, 69069028, 447786, 18290.434
166.55790, 587, 0.261, 70919324, 4368319, 18722.143
167.56082, 1448, 0.264, 71839152, 3481143, 18928.008
168.56359, 1447, 0.212, 73837876, 3293223, 19314.305
169.56632, 1448, 0.288, 72988272, 3376190, 19693.098
170.56893, 587, 0.293, 75279596, 1939167, 19601.121
171.57147, 1447, 0.175, 76430844, 3114692, 20002.199
172.57396, 1447, 0.181, 77853412, 2918449, 20405.727
173.57656, 1447, 0.279, 80010672, 2792985, 20771.158
174.57922, 1448, 0.232, 82064724, 2911276, 21265.160
175.58198, 587, 0.246, 83091484, 3749177, 21668.545
176.58431, 1448, 0.195, 84823676, 2908623, 21950.453
177.58723, 1448, 0.402, 86813888, 3749885, 22324.771
178.59143, 587, 0.266, 88554592, 2489734, 22632.598
179.66107, 1447, 0.176, 88006632, 2583960, 22918.441
180.66358, 1439, 0.348, 89637744, 4133964, 20791.562
181.66607, 1447, 0.264, 91438032, 3295999, 21055.371
182.66875, 1448, 0.160, 92883476, 3075318, 21433.264
183.67180, 1447, 0.203, 94838576, 3465763, 21700.344
184.67446, 1361, 1.068, 96604816, 3295934, 22035.594
185.70063, 1448, 0.386, 98692384, 2729271, 22444.918
186.70326, 1447, 0.195, 100577792, 2620562, 22760.174
187.70577, 587, 0.260, 101865764, 2889036, 23099.344
188.70883, 1448, 0.177, 103271840, 3668128, 23449.064
189.71263, 242, 13.521, 103110112, 2928776, 23863.129
190.71833, 243, 23.243, 100471924, 2507902, 24212.781
191.72127, 243, 23.143, 97441120, 3650594, 24564.141
192.72380, 243, 23.411, 94165596, 2922341, 24882.488
193.72627, 243, 23.314, 90983704, 3782831, 25250.746
194.72889, 243, 23.191, 87982160, 3086768, 25124.639
195.73144, 243, 23.831, 85060416, 2851373, 25567.133
196.73411, 243, 23.285, 82224856, 3268685, 25917.998
197.73698, 243, 23.598, 79473884, 2696184, 26318.309
198.73944, 243, 17.386, 76754300, 2381290, 26731.225
199.74192, 243, 23.187, 73681468, 3597770, 27032.797
200.74441, 243, 23.538, 70561288, 3210242, 27393.553
201.74702, 243, 23.504, 67349072, 3815393, 27708.215
202.75351, 243, 23.940, 64406580, 2220197, 28055.059
203.75620, 243, 23.609, 61242776, 2770139, 28292.793
204.75900, 243, 25.207, 57493772, 4124221, 28434.820
205.76176, 243, 23.724, 54165048, 3426806, 28713.168
206.76423, 243, 23.804, 51472064, 2359719, 29125.244
207.76701, 243, 23.621, 48373164, 3739408, 29539.139
208.79589, 243, 23.929, 45424820, 2884143, 29878.324
209.79847, 243, 23.252, 42644588, 1587661, 29836.193
210.80121, 243, 23.348, 39429712, 3574758, 30211.742
211.80439, 243, 22.354, 36138228, 4216800, 30500.957
212.80693, 243, 23.444, 33385660, 2284540, 30911.689
213.89496, 244, 23.348, 30384116, 1852634, 31297.846
214.89756, 243, 23.128, 27719328, 1855505, 31734.023
215.90014, 243, 23.550, 24813544, 3091381, 32147.580
216.90275, 243, 23.312, 21497588, 3612819, 32443.283
217.90533, 243, 23.808, 18379536, 2983478, 32797.621
218.96542, 243, 23.791, 15233288, 4024286, 33147.262
219.96797, 243, 23.512, 12548284, 2927031, 33623.203
220.97053, 243, 23.991, 9488752, 2869306, 33963.445
221.97310, 243, 23.419, 6515936, 3361547, 34191.977
222.97723, 243, 23.523, 3892112, 1623473, 34443.492
223.106530, 243, 23.267, 2035432, 3183326, 34957.992
224.106782, 243, 23.363, 641060, 1601295, 35661.844
225.107061, 243, 23.299, 0, 5221, 10628.543
226.107304, 243, 23.102, 0, 5235, 4559.372
227.107539, 27, 38.976, 0, 2624, 4559.372
228.107806, 243, 23.200, 0, 4785, 563.070
229.108052, 243, 23.354, 0, 4254, 563.070
230.108308, 243, 23.147, 0, 4254, 563.070
231.108563, 243, 23.148, 0, 4254, 563.070
232.108866, 243, 23.715, 0, 4254, 563.070
233.109148, 243, 23.208, 0, 4254, 563.070
234.109396, 243, 23.197, 0, 4785, 164.760
235.109626, 243, 23.134, 0, 4255, 164.760
236.109899, 243, 24.019, 0, 5317, 164.760
237.110166, 243, 23.455, 0, 6982, 164.760
238.110438, 243, 23.995, 0, 7007, 164.760
239.110663, 243, 23.510, 0, 7035, 164.760
240.110886, 243, 23.762, 0, 7057, 164.760
241.111141, 243, 23.740, 0, 7079, 65.611
242.111386, 243, 23.304, 0, 7099, 65.611
243.111611, 243, 23.277, 0, 7122, 65.611
244.111850, 243, 23.281, 0, 7146, 65.611
245.112078, 243, 23.190, 0, 7171, 65.611
246.112290, 243, 23.239, 0, 7196, 65.611
247.112507, 243, 23.185, 0, 7220, 66.447
248.112740, 243, 23.213, 0, 7240, 66.447
249.112952, 243, 23.332, 0, 7264, 66.447
250.113201, 243, 23.302, 0, 0, 66.447
251.113408, 243, 22.636, 0, 0, 66.447
252.113627, 244, 23.154, 0, 0, 66.447
253.113839, 396, 6.997, 6916, 88353, 38.468
254.114072, 1435, 0.490, 70224, 88629, 396.958
255.114303, 1320, 0.218, 143640, 92605, 1160.245
256.114551, 1320, 0.435, 209076, 89178, 1394.488
257.114784, 867, 4.003, 272916, 89460, 1867.810
258.115129, 1086, 7.344, 420812, 89688, 2387.588
259.115356, 1091, 24.366, 567644, 93730, 3037.282
260.115650, 1446, 0.483, 684152, 69269, 3257.411
261.115929, 1448, 0.435, 1007076, 27655, 3606.835
262.116183, 1448, 0.317, 1373624, 27656, 4332.289
263.116427, 251, 1.335, 1787520, 27657, 4332.289
264.116665, 869, 2.678, 2107784, 40953, 6443.523
265.116896, 1042, 20.614, 2460500, 12765, 6443.523
266.117122, 185, 2.487, 2846732, 27125, 7501.864
267.117364, 911, 9.043, 3202640, 14359, 8703.636
268.117622, 730, 24.188, 3611216, 531, 8703.636
269.117859, 755, 15.162, 3667076, 312740, 10534.828
270.118190, 664, 16.171, 3859660, 189859, 10441.414
271.118473, 1448, 0.215, 2116296, 2166235, 5957.210
272.118865, 1152, 2.849, 0, 328831, 11.230
273.119163, 1447, 0.862, 0, 412500, 10.006
274.119404, 1448, 37.204, 0, 304920, 8.652
275.119640, 1448, 0.520, 0, 317182, 12.774
276.119872, 1448, 85.763, 0, 219453, 12.580
277.120120, 1448, 0.307, 0, 723261, 9.944
278.120368, 1447, 0.383, 0, 448285, 10.503
279.120602, 1447, 0.387, 0, 385135, 10.875
280.120838, 428, 4.352, 0, 396535, 9.018
281.121062, 1447, 0.612, 0, 387957, 12.965
282.121300, 1195, 0.659, 0, 342006, 11.829
283.121566, 1448, 0.727, 0, 341260, 10.999
284.121871, 1447, 0.837, 0, 353939, 57.978
285.122174, 1448, 0.664, 0, 320966, 210.179
286.122429, 600, 4.070, 0, 9676, 12.792
287.122647, 243, 23.301, 0, 4849, 12.792
288.122866, 243, 29.938, 0, 0, 12.792
289.123148, 243, 23.501, 0, 0, 12.792
290.123397, 243, 24.594, 0, 4881, 12.982
291.123632, 243, 23.517, 0, 4893, 12.982
292.123856, 243, 23.431, 0, 4906, 12.982
293.124078, 243, 24.165, 0, 4928, 12.982
294.124303, 243, 22.976, 0, 4962, 12.982
295.124556, 243, 23.300, 0, 4993, 12.982
296.124790, 243, 23.547, 0, 5015, 14.449
297.125029, 243, 23.401, 0, 5048, 14.449
298.125245, 243, 23.509, 0, 5074, 14.449
299.125469, 243, 23.769, 0, 5108, 14.449
300.125697, 243, 23.496, 0, 5122, 14.449
301.125968, 243, 23.410, 0, 5154, 14.449
302.126230, 243, 23.598, 0, 7753, 15.286
303.126477, 243, 22.435, 0, 5182, 15.286
304.126713, 243, 23.288, 0, 5197, 15.286
305.126952, 243, 23.349, 0, 0, 15.286
306.127175, 243, 23.215, 0, 0, 15.286
307.127434, 243, 23.357, 0, 0, 15.286
308.127693, 243, 23.254, 0, 0, 15.286
309.127947, 243, 23.430, 0, 0, 10.582
310.128202, 243, 23.250, 0, 0, 10.582
311.128460, 243, 23.116, 0, 5296, 10.582
312.128699, 243, 23.232, 0, 5309, 10.582
313.128994, 243, 23.291, 0, 5323, 10.582
314.129241, 243, 23.452, 0, 5337, 10.582
315.129507, 243, 24.420, 0, 8023, 187.685
316.129730, 243, 23.531, 0, 5364, 187.685
317.129943, 243, 23.836, 0, 5379, 187.685
318.130172, 243, 23.548, 0, 5405, 187.685
319.130426, 243, 23.529, 0, 5455, 187.685
320.130665, 243, 23.622, 0, 5498, 187.685
321.130905, 243, 23.481, 0, 5527, 187.685
322.131118, 243, 23.377, 0, 5555, 189.979
323.131331, 243, 23.805, 0, 5570, 189.979
324.131551, 243, 23.244, 0, 0, 189.979
325.131816, 243, 23.789, 0, 0, 189.979
326.132046, 243, 23.577, 0, 0, 189.979
327.132300, 243, 23.595, 0, 0, 189.979
328.132516, 243, 23.677, 0, 5658, 190.442
329.132737, 243, 23.528, 0, 5674, 190.442
330.132969, 243, 23.603, 0, 5703, 190.442
331.133231, 243, 23.560, 0, 5729, 190.442
332.133480, 243, 23.886, 0, 5802, 190.442
333.133732, 243, 23.729, 0, 5847, 190.442
334.133950, 243, 23.684, 0, 5882, 31.170
335.134174, 243, 23.447, 0, 5927, 31.170
336.134394, 243, 23.254, 0, 5960, 31.170
337.134646, 243, 23.263, 0, 5975, 31.170
338.134882, 243, 23.510, 0, 6032, 31.170
339.135119, 243, 26.451, 0, 6082, 31.170
340.135338, 243, 23.364, 0, 6101, 31.170
341.135566, 243, 23.604, 0, 0, 182.683
342.135784, 244, 23.453, 0, 0, 182.683
343.136048, 243, 23.449, 0, 0, 182.683
344.136282, 243, 23.071, 0, 0, 182.683
345.136534, 1448, 2.563, 0, 359327, 35.187
346.136769, 968, 20.333, 0, 407067, 10.488
347.137010, 1326, 11.430, 0, 370957, 5.966
348.137243, 1447, 0.719, 0, 350260, 10.293
349.137489, 255, 12.375, 0, 304293, 32.832
350.137741, 1315, 6.019, 0, 329841, 17.149
351.137989, 1448, 0.263, 0, 401761, 11.639
352.138298, 1298, 3.535, 0, 406163, 8.728
353.138525, 897, 6.998, 0, 385047, 7.184
354.138755, 1447, 0.663, 0, 363693, 16.279
355.139053, 538, 10.423, 0, 378009, 19.258
356.139301, 1448, 0.557, 0, 434851, 11.861
357.139541, 1447, 1.042, 0, 333241, 9.832
358.139769, 1447, 0.591, 0, 402002, 7.250
359.140001, 1448, 0.400, 0, 376453, 14.977
360.140234, 1448, 0.716, 0, 637375, 12.998
361.140483, 1448, 0.603, 532, 433246, 12.744
362.140736, 1448, 0.587, 0, 363470, 11.977
363.140980, 1448, 0.481, 0, 122688, 18.913
364.141211, 255, 7.376, 0, 6838, 9.217
365.141423, 243, 23.764, 0, 6862, 9.217
366.141643, 1448, 0.467, 0, 72305, 5.681
367.141889, 1039, 4.487, 0, 742871, 12.762
368.142146, 495, 6.695, 0, 315543, 13.123
369.142389, 892, 3.975, 0, 317110, 9.828
370.142609, 1447, 0.718, 0, 382337, 21.261
371.142847, 431, 4.412, 0, 408696, 11.489
372.143139, 191, 2.854, 0, 873232, 6.453
373.143385, 1448, 0.736, 0, 418779, 7.287
374.143666, 255, 2.405, 0, 334695, 7.950
375.143896, 1448, 0.729, 0, 529117, 11.452
376.144138, 1095, 1.628, 0, 324500, 13.028
377.144372, 803, 2.265, 0, 302360, 18.001
378.144606, 1448, 0.521, 0, 362280, 16.908
379.144873, 1273, 11.313, 0, 290198, 15.661
380.145126, 244, 23.515, 0, 0, 16.474
381.145382, 243, 23.416, 0, 0, 16.474
382.145599, 243, 23.203, 0, 0, 16.474
383.145821, 243, 23.930, 0, 7451, 61.589
384.146085, 243, 23.245, 0, 5794, 61.589
385.146360, 243, 23.052, 0, 4254, 61.589
386.146625, 243, 23.132, 0, 4254, 61.589
387.146857, 243, 23.117, 0, 4255, 61.589
388.147088, 243, 23.435, 0, 4255, 61.589
389.147332, 243, 23.494, 0, 4254, 61.589
390.147582, 243, 23.181, 0, 4785, 53.809
391.147826, 243, 23.261, 0, 4254, 53.809
392.148090, 243, 23.503, 0, 5317, 53.809
393.148368, 243, 23.425, 0, 4334, 53.809
394.148603, 243, 23.370, 0, 4345, 53.809
395.148849, 243, 23.564, 0, 4355, 53.809
396.149095, 243, 23.304, 0, 4363, 53.277
397.149306, 243, 23.228, 0, 4373, 53.277
398.149541, 243, 23.245, 0, 4382, 53.277
399.149736, 243, 23.247, 0, 4392, 53.277
400.149953, 243, 23.149, 0, 4402, 53.277
401.150186, 243, 23.241, 0, 4412, 53.277
402.150444, 243, 23.738, 0, 4420, 67.612
403.150651, 243, 23.384, 0, 4429, 67.612
404.150903, 243, 23.928, 0, 4439, 67.612
405.151122, 243, 23.449, 0, 4448, 67.612
406.151349, 243, 23.407, 0, 4459, 67.612
407.151577, 243, 23.274, 0, 4468, 67.612
408.151802, 243, 23.492, 0, 0, 67.612
409.152001, 243, 23.492, 0, 0, 67.612
410.152224, 243, 23.492, 0, 0, 67.612
411.152423, 243, 23.492, 0, 0, 67.612
412.152630, 243, 23.492, 0, 0, 67.612
413.152852, 243, 23.492, 0, 0, 67.612
414.153090, 243, 23.492, 0, 0, 67.612
415.153306, 243, 23.492, 0, 0, 67.612
416.153534, 243, 23.492, 0, 0, 67.612
417.153726, 243, 23.492, 0, 0, 67.612
418.157726, 243, 23.492, 0, 0, 67.612
419.157949, 243, 23.492, 0, 0, 67.612
420.158207, 243, 23.492, 0, 0, 67.612
421.158435, 243, 23.492, 0, 0, 67.612
422.158690, 243, 23.492, 0, 0, 67.612
423.158943, 243, 23.492, 0, 0, 67.612
424.159171, 243, 23.492, 0, 0, 67.612
425.159413, 243, 23.492, 0, 0, 67.612
426.159663, 243, 23.492, 0, 0, 67.612
427.159889, 243, 23.492, 0, 0, 67.612
428.160139, 243, 23.492, 0, 0, 67.612
429.160358, 243, 23.492, 0, 0, 67.612
430.160603, 243, 23.492, 0, 0, 67.612
431.160828, 243, 23.492, 0, 0, 67.612
432.161080, 243, 23.492, 0, 0, 67.612
433.161304, 243, 23.492, 0, 0, 67.612
434.161552, 243, 23.492, 0, 0, 67.612
435.170291, 243, 23.492, 0, 0, 67.612
436.170514, 243, 23.492, 0, 0, 67.612
437.170753, 243, 23.492, 0, 0, 67.612
438.171008, 243, 23.492, 0, 0, 67.612
439.171233, 243, 23.492, 0, 0, 67.612
440.174630, 243, 23.492, 0, 0, 67.612
