#Timeval(sec), EMA_ReqSize(B), EMA_IAT(ms), SQ_Length(B), Bandwidth(B/s), EMA_RTT(ms)
0.2, 0, 0.000, 0, 0, 0.000
1.234, 0, 0.000, 0, 0, 0.000
2.430, 0, 0.000, 0, 0, 0.000
3.622, 0, 0.000, 0, 0, 0.000
4.818, 0, 0.000, 0, 0, 0.000
5.1014, 921, 0.000, 0, 0, 0.000
6.1225, 921, 0.000, 0, 0, 63.410
7.1487, 921, 0.000, 0, 0, 63.410
8.1723, 243, 23.550, 0, 4268, 63.410
9.1932, 243, 23.406, 0, 4276, 63.410
10.2141, 243, 23.530, 0, 4285, 63.410
11.2371, 243, 23.444, 0, 4293, 63.410
12.2623, 243, 23.303, 0, 4300, 63.410
13.2851, 243, 23.169, 0, 2154, 55.150
14.3095, 243, 23.392, 0, 4316, 55.150
15.3313, 243, 23.529, 0, 4325, 55.150
16.3538, 243, 23.260, 0, 4334, 55.150
17.3776, 243, 21.806, 0, 4343, 55.150
18.4037, 243, 23.518, 0, 4351, 55.150
19.4271, 243, 23.653, 0, 4359, 55.150
20.4515, 243, 23.457, 0, 4368, 54.402
21.4728, 244, 25.402, 0, 4377, 54.402
22.4945, 243, 23.617, 0, 4386, 54.402
23.16098, 243, 23.573, 0, 0, 54.402
24.16305, 243, 23.253, 0, 0, 54.402
25.16506, 243, 23.473, 0, 0, 54.402
26.16711, 243, 23.435, 0, 0, 54.037
27.16912, 243, 23.404, 0, 0, 54.037
28.22715, 243, 23.551, 0, 0, 54.037
29.22924, 243, 23.413, 0, 0, 54.037
30.23133, 243, 23.629, 0, 0, 54.037
31.23339, 243, 23.047, 0, 0, 54.037
32.23554, 243, 23.513, 0, 0, 56.388
33.30594, 243, 23.274, 0, 0, 56.388
34.30800, 243, 23.334, 0, 0, 56.388
35.31008, 243, 23.514, 0, 0, 56.388
36.31234, 243, 23.409, 0, 0, 56.388
37.31447, 99, 2.352, 357504, 0, 56.388
38.37302, 242, 7.103, 3393628, 56412, 257.324
39.37544, 243, 23.383, 3360644, 36698, 1118.090
40.37802, 1447, 0.182, 5530672, 31379, 2709.805
41.38044, 243, 23.477, 6790980, 12764, 2709.805
42.38300, 1447, 0.184, 7432040, 12232, 4478.439
43.52691, 242, 14.786, 10227168, 25173, 4478.439
44.52928, 862, 21.449, 10206952, 25529, 6276.146
45.53168, 156, 3.635, 12507852, 144136, 7000.750
46.53416, 243, 23.085, 13256376, 286144, 8932.298
47.53656, 1448, 0.206, 13737836, 63291, 9637.496
48.58329, 162, 2.671, 16519664, 151971, 10869.768
49.58641, 243, 23.348, 12487104, 5113501, 9318.988
50.58896, 189, 3.530, 9830828, 4955402, 7668.856
51.59413, 243, 23.329, 7931056, 4555327, 6034.431
52.59679, 1447, 0.183, 3417568, 5092796, 4083.674
53.59933, 407, 0.234, 2304624, 3682466, 767.825
54.60218, 243, 23.628, 0, 5019, 584.287
55.60455, 1439, 0.308, 1596, 3605763, 10.935
56.60709, 243, 23.000, 0, 5045, 89.443
57.60937, 241, 6.327, 0, 12646, 21.997
58.61148, 1448, 0.194, 0, 3629174, 9.707
59.61382, 243, 23.355, 0, 5087, 11.485
60.61705, 587, 0.483, 0, 2456356, 5.948
61.61964, 97, 3.900, 0, 2554572, 11.552
62.62216, 243, 23.433, 0, 0, 10.356
63.62423, 897, 0.279, 289408, 3748304, 209.483
64.62675, 242, 12.368, 0, 0, 17.298
65.62904, 54, 15.478, 0, 20646, 15.804
66.63218, 1447, 0.300, 0, 2855459, 5.771
67.63525, 243, 23.225, 0, 5185, 18.955
68.63763, 587, 0.416, 0, 2473862, 9.951
69.63964, 1446, 0.328, 0, 2712822, 6.766
70.64264, 243, 23.220, 0, 5225, 61.123
71.64500, 1448, 0.301, 467096, 1731226, 237.783
72.64759, 242, 10.171, 0, 10526, 74.361
73.64999, 67, 10.822, 0, 18506, 74.361
74.65230, 587, 0.401, 0, 2096627, 19.189
75.65561, 243, 23.289, 0, 24291, 353.023
76.65800, 241, 3.621, 0, 18942, 353.023
77.66087, 587, 0.762, 0, 1945031, 6.279
78.66349, 242, 17.268, 0, 5440, 41.801
79.66591, 55, 17.418, 0, 19097, 41.801
80.66839, 1448, 0.251, 0, 3477106, 12.619
81.67083, 243, 23.328, 0, 5498, 9.538
82.67299, 113, 7.958, 0, 3283184, 22.590
83.67543, 162, 4.778, 0, 24885, 156.576
84.67804, 73, 12.488, 0, 13860, 156.576
85.68032, 587, 0.463, 0, 0, 19.276
86.68279, 587, 0.463, 0, 0, 19.276
87.68492, 1361, 1.511, 768740, 735018, 325.024
88.68692, 243, 23.212, 0, 5608, 191.316
89.68921, 63, 102.161, 0, 14056, 191.316
90.69174, 140, 4.038, 0, 2509794, 9.908
91.69424, 243, 23.275, 0, 5687, 10.333
92.69686, 400, 0.465, 0, 96934, 10.333
93.69914, 1448, 0.388, 0, 2206887, 8.379
94.70158, 243, 23.400, 0, 5733, 11.960
95.70391, 241, 12.909, 0, 11494, 16.491
96.70656, 1361, 2.278, 0, 2172745, 7.148
97.70910, 242, 21.189, 0, 5779, 8.123
98.71175, 49, 32.704, 0, 14488, 8.123
99.71396, 1448, 0.405, 0, 2531049, 19.121
100.71673, 243, 23.344, 0, 5829, 13.237
101.71962, 241, 10.010, 0, 14606, 13.237
102.72190, 1448, 0.459, 0, 2253441, 14.268
103.72438, 242, 20.938, 0, 5878, 16.989
104.72657, 243, 23.603, 0, 8845, 12.776
105.72868, 243, 25.135, 0, 5915, 12.776
106.73109, 243, 24.314, 0, 5478, 12.776
107.73363, 243, 23.088, 0, 4254, 12.776
108.73595, 243, 23.184, 0, 3191, 12.776
109.73832, 243, 23.239, 0, 4254, 12.776
110.74071, 243, 23.332, 0, 4254, 12.776
111.74316, 243, 23.331, 0, 4785, 46.654
112.74585, 243, 29.797, 0, 4254, 46.654
113.74835, 243, 23.363, 0, 4254, 46.654
114.75098, 243, 23.388, 0, 5317, 46.654
115.75389, 243, 23.338, 0, 5621, 46.654
116.75693, 243, 23.553, 0, 5639, 46.654
117.75914, 243, 23.228, 0, 5655, 33.977
118.76140, 243, 23.125, 0, 5671, 33.977
119.76381, 243, 23.922, 0, 5686, 33.977
120.76595, 243, 23.238, 0, 5703, 33.977
121.76835, 243, 23.720, 0, 5720, 33.977
122.77053, 243, 23.114, 0, 5739, 33.977
123.77258, 243, 23.309, 0, 8632, 43.638
124.77468, 243, 23.220, 0, 5771, 43.638
125.77702, 243, 23.282, 0, 5785, 43.638
126.77913, 243, 23.313, 0, 5802, 43.638
127.78157, 243, 23.334, 0, 5819, 43.638
128.78370, 243, 23.278, 0, 5836, 43.638
129.78576, 243, 23.405, 0, 0, 43.638
130.78783, 243, 23.304, 0, 0, 68.964
131.79023, 243, 23.367, 0, 0, 68.964
132.79230, 243, 23.406, 0, 0, 68.964
133.79485, 243, 23.759, 0, 5918, 68.964
134.79703, 243, 23.958, 0, 5936, 68.964
135.79910, 243, 23.452, 0, 5954, 68.964
136.80125, 243, 23.460, 0, 5972, 66.979
137.80361, 243, 23.291, 0, 5987, 66.979
138.80576, 243, 25.189, 0, 6005, 66.979
139.80804, 243, 23.290, 0, 6022, 66.979
140.81023, 243, 23.495, 0, 6058, 66.979
141.81230, 1448, 0.332, 3233496, 73138, 295.865
142.81516, 1448, 0.196, 7883176, 60734, 1266.512
143.81775, 587, 0.224, 12629680, 28187, 2059.980
144.82032, 587, 0.383, 17610264, 27656, 2717.642
145.82304, 1448, 0.213, 22416884, 26591, 4163.913
146.82561, 1447, 0.201, 27321924, 42548, 5296.376
147.82808, 998, 0.230, 32212068, 40953, 5942.666
148.83063, 1448, 0.201, 36513288, 25528, 6823.734
149.83318, 587, 0.225, 41426840, 13827, 8103.539
150.83573, 55, 18.791, 44786952, 12764, 8103.539
151.83830, 1448, 0.178, 48759396, 229763, 10474.745
152.84084, 1447, 0.173, 52975496, 470699, 11437.104
153.84325, 1447, 0.202, 57562400, 308484, 12362.648
154.84581, 1361, 1.542, 58709924, 4483705, 12973.358
155.84839, 1448, 0.205, 58151324, 4613127, 12986.549
156.85077, 998, 0.363, 58348696, 5800390, 13142.526
157.85336, 1361, 1.213, 56208992, 6050339, 13247.060
158.85587, 1361, 1.213, 52163664, 3709039, 13352.548
159.85818, 1361, 1.213, 47490576, 4716779, 13417.248
160.273565, 1447, 0.170, 46380824, 4774054, 13617.041
161.273792, 1448, 0.263, 46813872, 3661805, 13704.486
162.274021, 1448, 0.289, 46615436, 3963910, 13829.288
163.274255, 587, 0.277, 46647888, 4848637, 14015.622
164.274478, 1448, 0.208, 46795252, 5009953, 13724.265
165.274710, 1448, 0.219, 47120304, 3479492, 14025.749
166.274965, 587, 0.259, 48401892, 2547559, 14155.645
167.275212, 1448, 0.184, 51823184, 778687, 14826.801
168.275458, 1448, 0.185, 56203140, 63268, 15615.663
169.275724, 71, 7.666, 57935864, 1111850, 16444.912
170.275977, 1447, 0.194, 60133556, 4309182, 16827.521
171.276226, 1448, 0.266, 59839360, 4719461, 16678.725
172.277047, 1448, 0.286, 60404876, 4903098, 16722.701
173.277290, 1448, 0.262, 60537344, 4977220, 16645.609
174.277585, 587, 0.462, 61910436, 3101999, 14355.112
175.277916, 1448, 0.285, 62282304, 1968700, 14505.927
176.278297, 1448, 0.180, 63941612, 3410687, 14988.427
177.278591, 1448, 0.317, 65507820, 2522992, 15289.639
178.279053, 1447, 0.285, 67122972, 3888464, 15553.671
179.279302, 1448, 0.272, 67750200, 3877757, 15616.946
180.279682, 1448, 0.177, 67233096, 3242566, 15930.548
181.279921, 1448, 0.185, 69413764, 2194431, 16381.775
182.280168, 587, 0.284, 71040088, 3570334, 16737.043
183.280411, 1448, 0.449, 72991996, 1882047, 17168.098
184.280678, 1448, 0.180, 74918900, 1588338, 17502.309
185.280925, 1448, 0.361, 76911772, 1799726, 17928.703
186.281174, 1448, 0.238, 78463616, 2848810, 18362.379
187.281445, 1448, 0.227, 79873416, 2899754, 18781.021
188.281698, 1361, 1.273, 81323116, 1282055, 18657.627
189.282030, 587, 0.255, 82910604, 3057709, 19226.326
190.282504, 243, 23.148, 81480056, 2740021, 19421.500
191.282769, 243, 23.124, 78615768, 2994584, 19820.611
192.283060, 243, 23.308, 76367004, 947116, 20271.662
193.283327, 243, 23.439, 73882032, 3996983, 20725.822
194.283577, 243, 23.265, 71721580, 2425849, 21264.990
195.283830, 243, 23.379, 68847184, 3522071, 21679.660
196.284081, 243, 23.305, 65506756, 3044742, 21978.008
197.284337, 243, 23.319, 63015932, 1819347, 22344.270
198.284610, 243, 23.567, 60197928, 3342218, 22708.367
199.284883, 243, 23.293, 57124032, 4199374, 22978.736
200.285137, 244, 23.591, 54458180, 1477776, 23325.834
201.285458, 244, 25.166, 50844836, 3178799, 23503.436
202.285717, 243, 23.395, 47440568, 3242229, 23711.490
203.285973, 243, 22.515, 44244844, 2223716, 23961.656
204.286254, 243, 23.398, 41223084, 3094026, 23924.904
205.286525, 243, 22.066, 38707788, 2481184, 24410.037
206.286772, 243, 23.926, 35924364, 2382999, 24580.943
207.287023, 243, 23.553, 34566168, 2296931, 25226.895
208.287268, 243, 23.691, 33678792, 923075, 26067.820
209.287520, 243, 23.764, 33177648, 1009317, 26903.598
210.287779, 244, 23.345, 30435188, 4115059, 27296.980
211.288049, 243, 23.418, 26244624, 2637758, 27579.834
212.288319, 243, 23.437, 23450028, 2828171, 28089.756
213.288574, 243, 23.432, 20728848, 1927547, 28468.186
214.288836, 243, 23.688, 18163012, 1631922, 28940.531
215.289090, 243, 23.604, 15534932, 2688636, 29384.482
216.289356, 243, 23.461, 12486572, 3829364, 29896.307
217.289621, 243, 24.104, 10127684, 3510925, 30290.896
218.289876, 243, 23.359, 7231476, 2238171, 30624.430
219.290131, 243, 23.573, 4535300, 2595645, 31016.676
220.290383, 243, 23.311, 2025856, 3770542, 31447.980
221.290646, 243, 23.477, 0, 57452, 31813.500
222.290902, 243, 23.203, 0, 6783, 6357.047
223.291156, 243, 23.213, 0, 6806, 797.308
224.291379, 243, 23.565, 0, 5282, 797.308
225.291681, 243, 23.157, 0, 4254, 797.308
226.291914, 243, 23.197, 0, 4255, 797.308
227.292152, 244, 23.105, 0, 4254, 797.308
228.292397, 243, 23.013, 0, 4255, 797.308
229.292634, 243, 23.145, 0, 3722, 126.368
230.292872, 243, 23.064, 0, 4254, 126.368
231.293092, 243, 23.149, 0, 4255, 126.368
232.293361, 241, 16.444, 0, 5317, 126.368
233.293633, 243, 23.175, 0, 0, 126.368
234.293859, 243, 23.265, 0, 5429, 126.368
235.294123, 243, 23.027, 0, 5443, 61.962
236.294342, 243, 22.999, 0, 5458, 61.962
237.294558, 243, 23.329, 0, 5473, 61.962
238.294783, 243, 23.087, 0, 5487, 61.962
239.295028, 243, 23.242, 0, 5501, 61.962
240.295250, 243, 23.147, 0, 5516, 61.962
241.295516, 243, 23.185, 0, 8295, 60.060
242.295734, 243, 23.080, 0, 5546, 60.060
243.295948, 243, 23.176, 0, 5560, 60.060
244.296169, 243, 26.649, 0, 5575, 60.060
245.296407, 243, 23.906, 0, 5588, 60.060
246.296638, 243, 23.757, 0, 5603, 60.060
247.296896, 243, 23.726, 0, 5616, 60.060
248.297105, 243, 24.152, 0, 5631, 54.836
249.297312, 244, 23.875, 0, 5646, 54.836
250.297556, 243, 23.802, 0, 5660, 54.836
251.297787, 244, 23.676, 0, 5673, 54.836
252.298011, 243, 23.124, 0, 0, 54.836
253.298276, 243, 23.440, 0, 0, 54.836
254.298482, 526, 21.493, 63308, 0, 75.755
255.298706, 1435, 0.655, 127148, 71753, 994.570
256.298937, 1339, 1.307, 198436, 77824, 1380.142
257.299176, 1448, 0.855, 248976, 141755, 1713.774
258.301837, 944, 6.877, 324520, 68792, 2075.009
259.302077, 1333, 6.787, 499548, 77597, 2854.070
260.302328, 1448, 0.515, 618716, 146981, 3326.397
261.302600, 1447, 0.471, 801192, 38292, 3766.886
262.302845, 1447, 0.398, 1153908, 30847, 4081.151
263.303103, 942, 9.561, 1491196, 40420, 5223.072
264.303360, 321, 2.601, 1900836, 27656, 5223.072
265.303592, 1447, 0.301, 2245040, 12765, 5223.072
266.303831, 211, 5.263, 2630208, 12764, 5223.072
267.304064, 151, 7.478, 2993564, 28188, 8186.287
268.304300, 1448, 0.338, 3037720, 327632, 9467.254
269.304557, 919, 1.979, 3267544, 184023, 9236.375
270.304814, 1448, 0.319, 3562272, 74460, 9439.018
271.305094, 1447, 0.665, 3703252, 263794, 9761.407
272.305394, 253, 0.671, 55860, 4618211, 694.619
273.305646, 1447, 0.568, 0, 375837, 9.073
274.305882, 927, 4.706, 0, 379177, 20.177
275.306191, 1448, 0.476, 0, 593220, 7.988
276.306418, 1446, 0.480, 0, 385160, 6.242
277.306651, 255, 5.263, 0, 0, 7.593
278.306864, 1447, 0.470, 0, 380057, 17.294
279.307129, 1447, 0.361, 0, 410013, 12.141
280.307363, 906, 3.808, 0, 234069, 10.738
281.307608, 1446, 0.935, 0, 236042, 32.539
282.307863, 1448, 0.564, 0, 447581, 152.253
283.308145, 500, 2.564, 0, 436665, 19.608
284.308387, 1447, 0.744, 0, 290802, 10.740
285.308641, 466, 8.724, 0, 257121, 7.530
286.308871, 1340, 10.223, 0, 172652, 8.051
287.309095, 247, 23.068, 0, 0, 9.788
288.309302, 243, 23.999, 0, 0, 9.788
289.309701, 243, 23.426, 0, 0, 9.788
290.309926, 243, 23.422, 0, 7382, 18.375
291.310161, 243, 23.628, 0, 14872, 18.375
292.310385, 243, 23.533, 0, 14988, 18.375
293.310605, 243, 23.483, 0, 15097, 18.375
294.310826, 243, 23.326, 0, 15206, 18.375
295.311053, 243, 23.509, 0, 15333, 18.375
296.311298, 243, 23.484, 0, 0, 18.375
297.311552, 243, 23.306, 0, 0, 12.900
298.311767, 243, 23.403, 0, 0, 12.900
299.311985, 243, 23.390, 0, 0, 12.900
300.312207, 243, 23.312, 0, 0, 12.900
301.312425, 243, 23.338, 0, 0, 12.900
302.312685, 243, 23.508, 0, 0, 12.900
303.312900, 243, 23.306, 0, 0, 129.447
304.313121, 243, 23.255, 0, 0, 129.447
305.313342, 243, 23.561, 0, 0, 129.447
306.313561, 243, 23.098, 0, 0, 129.447
307.313790, 243, 23.443, 0, 0, 129.447
308.314018, 243, 23.040, 0, 0, 129.447
309.314232, 243, 23.329, 0, 0, 24.379
310.314451, 243, 23.218, 0, 0, 24.379
311.314665, 243, 23.360, 0, 18157, 24.379
312.314891, 243, 23.227, 0, 18319, 24.379
313.315126, 243, 23.606, 0, 18466, 24.379
314.315362, 244, 23.227, 0, 18629, 24.379
315.315583, 243, 23.334, 0, 18772, 24.379
316.315805, 42, 233.817, 0, 9465, 195.919
317.316028, 243, 23.462, 0, 0, 195.919
318.316249, 243, 23.635, 0, 0, 195.919
319.316486, 243, 23.367, 0, 0, 195.919
320.316710, 243, 23.522, 0, 0, 195.919
321.316931, 243, 23.409, 0, 0, 195.919
322.317160, 243, 23.671, 0, 0, 196.857
323.317378, 243, 23.402, 0, 0, 196.857
324.317601, 243, 23.146, 0, 0, 196.857
325.317853, 243, 23.843, 0, 0, 196.857
326.318086, 243, 23.712, 0, 0, 196.857
327.318302, 243, 23.610, 0, 0, 196.857
328.318517, 243, 21.657, 0, 0, 196.857
329.318735, 243, 23.605, 0, 23534, 197.332
330.318960, 243, 23.470, 0, 23820, 197.332
331.319183, 243, 23.762, 0, 24114, 197.332
332.319415, 243, 23.557, 0, 0, 197.332
333.319634, 243, 23.686, 0, 0, 197.332
334.319858, 243, 23.438, 0, 0, 197.332
335.320073, 244, 23.642, 0, 0, 195.762
336.320290, 243, 23.383, 0, 0, 195.762
337.320521, 243, 23.563, 0, 0, 195.762
338.320750, 243, 23.535, 0, 0, 195.762
339.320975, 243, 23.405, 0, 0, 195.762
340.321202, 243, 23.171, 0, 0, 195.762
341.321448, 243, 23.363, 0, 0, 32.884
342.321678, 243, 23.386, 0, 0, 32.884
343.321902, 243, 23.193, 0, 0, 32.884
344.322127, 243, 23.513, 0, 0, 32.884
345.322339, 967, 1.862, 0, 28604, 32.884
346.322554, 1448, 0.544, 0, 188678, 12.853
347.322787, 1447, 0.562, 0, 427012, 10.354
348.323037, 255, 2.049, 0, 314934, 12.218
349.323471, 1448, 0.750, 0, 440774, 21.225
350.323719, 1447, 0.601, 0, 387676, 11.465
351.323947, 1435, 1.175, 532, 162621, 12.023
352.324180, 375, 3.622, 0, 554463, 15.726
353.324407, 743, 2.341, 0, 581589, 13.639
354.324630, 884, 3.459, 0, 453091, 15.793
355.324865, 1155, 3.711, 0, 522858, 16.125
356.325100, 1447, 0.409, 0, 385693, 6.917
357.325320, 1399, 9.065, 0, 599414, 9.984
358.325538, 1448, 1.060, 0, 458357, 12.279
359.325760, 1448, 0.383, 0, 0, 17.758
360.325979, 1448, 0.433, 0, 0, 9.422
361.326366, 1447, 0.415, 0, 0, 163.218
362.326593, 255, 2.747, 0, 0, 7.322
363.326794, 1448, 4.702, 0, 129555, 106.189
364.327015, 1448, 0.436, 0, 0, 14.649
365.327226, 1327, 85.212, 0, 0, 13.545
366.327440, 1448, 0.523, 0, 0, 11.130
367.332431, 1448, 0.626, 532, 1257404, 58.034
368.332656, 1447, 0.819, 0, 501659, 18.171
369.332886, 1448, 0.399, 0, 634508, 9.241
370.333119, 899, 1.969, 0, 800073, 13.930
371.333346, 1447, 0.579, 0, 548427, 43.720
372.333627, 1448, 0.667, 532, 307129, 8.481
373.333860, 1448, 0.698, 0, 0, 9.600
374.334077, 1447, 0.896, 0, 566272, 7.870
375.334296, 255, 3.371, 0, 55698, 21.368
376.334596, 721, 4.275, 0, 61424, 6.021
377.334808, 1447, 1.256, 0, 584173, 11.280
378.335070, 477, 23.529, 0, 37953, 11.331
379.335303, 245, 0.462, 0, 118891, 13.667
380.335525, 255, 127.350, 0, 0, 8.764
381.335737, 243, 24.604, 0, 0, 8.764
382.335981, 243, 23.186, 0, 0, 8.764
383.336209, 243, 23.308, 0, 0, 8.764
384.336603, 27, 117.065, 0, 50831, 35.291
385.337041, 243, 23.394, 0, 4254, 35.291
386.337298, 243, 23.266, 0, 4254, 35.291
387.337540, 243, 23.264, 0, 4254, 35.291
388.337788, 243, 23.424, 0, 4254, 35.291
389.338036, 243, 23.411, 0, 4254, 35.291
390.338283, 243, 23.159, 0, 4785, 38.315
391.338511, 243, 22.953, 0, 4255, 38.315
392.338801, 243, 23.142, 0, 5317, 38.315
393.339078, 243, 23.326, 0, 0, 38.315
394.339336, 243, 23.188, 0, 0, 38.315
395.339568, 243, 22.779, 0, 21947, 38.315
396.339778, 243, 23.147, 0, 22302, 54.165
397.339997, 243, 23.252, 0, 22607, 54.165
398.340210, 243, 23.299, 0, 22952, 54.165
399.340468, 243, 23.378, 0, 0, 54.165
400.340692, 243, 23.252, 0, 0, 54.165
401.340923, 243, 23.266, 0, 0, 54.165
402.341132, 243, 25.626, 0, 0, 54.165
403.341342, 243, 23.441, 0, 0, 53.750
404.341584, 243, 23.253, 0, 0, 53.750
405.341804, 243, 33.561, 0, 0, 53.750
406.342025, 243, 23.423, 0, 0, 53.750
407.342254, 243, 23.380, 0, 0, 53.750
408.342463, 243, 23.566, 0, 0, 53.750
409.342670, 243, 23.566, 0, 0, 53.750
410.342878, 243, 23.566, 0, 0, 53.750
411.343091, 243, 23.566, 0, 0, 53.750
412.343312, 243, 23.566, 0, 0, 53.750
413.343535, 243, 23.566, 0, 0, 53.750
