#Timeval(sec), EMA_ReqSize(B), EMA_IAT(ms), SQ_Length(B), Bandwidth(B/s), EMA_RTT(ms)
0.2, 0, 0.000, 0, 0, 0.000
1.248, 0, 0.000, 0, 0, 0.000
2.456, 0, 0.000, 0, 0, 0.000
3.652, 0, 0.000, 0, 0, 0.000
4.850, 0, 0.000, 0, 0, 0.000
5.1064, 921, 0.000, 0, 6522, 0.000
6.1315, 921, 0.000, 0, 0, 54.886
7.1532, 921, 0.000, 0, 0, 54.886
8.1769, 243, 23.623, 0, 4374, 54.886
9.1986, 243, 23.483, 0, 4383, 54.886
10.2201, 243, 23.688, 0, 4391, 54.886
11.14990, 243, 23.561, 0, 0, 54.886
12.15202, 243, 23.347, 0, 149439, 54.886
13.15448, 243, 23.250, 0, 0, 61.514
14.15658, 243, 23.464, 0, 0, 61.514
15.15863, 243, 23.563, 0, 0, 61.514
16.77657, 243, 23.530, 0, 16208, 61.514
17.77883, 243, 21.873, 0, 0, 61.514
18.78097, 243, 23.623, 0, 0, 61.514
19.78308, 243, 23.721, 0, 0, 61.514
20.78520, 243, 23.505, 0, 0, 55.617
21.82440, 244, 25.459, 0, 0, 55.617
22.82652, 243, 23.708, 0, 0, 55.617
23.82861, 243, 23.679, 0, 0, 55.617
24.83076, 243, 23.336, 0, 0, 55.617
25.83291, 243, 23.578, 0, 0, 55.617
26.142975, 243, 23.511, 0, 0, 54.867
27.143228, 243, 23.485, 0, 0, 54.867
28.143440, 243, 23.618, 0, 0, 54.867
29.143690, 243, 23.502, 0, 0, 54.867
30.143910, 243, 23.699, 0, 9055, 54.867
31.349662, 243, 29.391, 0, 14869, 54.867
32.349913, 243, 25.589, 0, 14960, 53.873
33.350134, 243, 23.433, 0, 15556, 53.873
34.350389, 243, 23.465, 0, 15674, 53.873
35.350610, 243, 23.825, 0, 0, 53.873
36.353787, 243, 23.375, 0, 0, 53.873
37.354005, 731, 0.237, 1258740, 0, 53.873
38.354264, 243, 23.287, 3407940, 185974, 983.107
39.354535, 241, 9.074, 3362580, 51379, 1699.602
40.354810, 587, 0.246, 6832620, 26991, 2960.556
41.370736, 243, 30.799, 6815340, 41991, 3765.866
42.370989, 1361, 0.293, 8760420, 28072, 5017.766
43.371254, 243, 23.200, 10287000, 26991, 5761.104
44.371517, 116, 13.844, 10443600, 12956, 5761.104
45.371752, 119, 0.236, 13581000, 218646, 8256.074
46.377240, 243, 23.275, 13329900, 259932, 9159.219
47.377492, 172, 6.218, 14571360, 354150, 10140.124
48.377797, 244, 23.213, 14751720, 1793863, 10651.462
49.378100, 241, 9.841, 11660220, 2771634, 9348.723
50.378368, 1447, 0.189, 13001580, 252294, 8395.247
51.378625, 243, 23.285, 12161340, 1872467, 9044.263
52.378892, 830, 0.464, 11989080, 1832535, 9628.800
53.379152, 242, 13.267, 13082580, 938728, 8770.807
54.379425, 54, 15.942, 11811420, 1441071, 9416.808
55.379704, 1447, 0.189, 13768920, 1386584, 10070.531
56.379966, 243, 23.475, 13369320, 1555462, 9313.093
57.380246, 587, 0.248, 13400100, 419976, 9963.512
58.380561, 242, 13.510, 14404500, 1516705, 10561.900
59.380854, 54, 15.676, 13402800, 1434107, 9726.403
60.381125, 1448, 0.171, 14047560, 2867938, 10156.659
61.381394, 243, 23.439, 12194820, 2191914, 8867.860
62.381679, 1448, 0.186, 10233540, 2762249, 7605.556
63.382080, 242, 12.372, 11032740, 2117093, 7999.614
64.382345, 53, 44.770, 8794980, 1389153, 6833.551
65.382604, 1439, 0.337, 10269720, 1901087, 7428.423
66.382883, 243, 23.229, 9168660, 1835229, 6365.935
67.383160, 1447, 0.182, 8774460, 2759069, 6915.588
68.383423, 243, 22.650, 8982900, 1344850, 5825.604
69.383728, 54, 16.607, 7666920, 1238947, 6438.394
70.384002, 1447, 0.195, 9023400, 2431662, 5676.808
71.384268, 243, 23.390, 7877520, 2724467, 6133.711
72.384591, 1439, 0.294, 6738660, 1792067, 5029.079
73.384860, 242, 0.766, 7521120, 1787233, 5499.790
74.385133, 862, 11.319, 6333120, 1949634, 4678.819
75.385390, 587, 0.680, 7217640, 2968613, 5204.413
76.385706, 243, 23.351, 5861700, 2758772, 3983.558
77.385987, 587, 0.254, 3539700, 3914243, 2611.585
78.386294, 242, 9.288, 3560760, 3438023, 2744.991
79.386567, 249, 2.761, 1317060, 2930421, 1585.217
80.386766, 1448, 0.187, 0, 3374603, 59.898
81.387015, 243, 23.265, 0, 7934, 98.448
82.387266, 1447, 0.189, 540, 3453851, 75.349
83.387562, 587, 0.414, 0, 0, 157.163
84.387796, 243, 0.186, 0, 60173, 116.686
85.388087, 1185, 0.296, 299160, 2875486, 135.963
86.388424, 243, 23.318, 0, 1044001, 253.362
87.388703, 1448, 0.239, 635040, 217019, 119.513
88.388966, 242, 8.357, 3163860, 147380, 1237.519
89.389223, 276, 74.610, 3026700, 146302, 2090.322
90.389473, 847, 0.309, 4996620, 85837, 2955.843
91.389742, 243, 23.261, 6442200, 23752, 3365.383
92.390069, 1447, 0.209, 6757020, 92848, 5126.120
93.390318, 162, 3.446, 9614160, 267771, 6025.907
94.390566, 243, 23.272, 8987220, 644062, 6807.444
95.390842, 1448, 0.201, 10782720, 9176, 7169.664
96.391159, 36, 34.471, 12479940, 26450, 7746.271
97.391462, 479, 0.205, 12606300, 42107, 7746.271
98.391727, 44, 2.920, 15895980, 116718, 10688.256
99.392017, 243, 23.664, 15820380, 73521, 11549.981
100.392303, 243, 23.111, 15796080, 28071, 11549.981
101.392563, 243, 23.186, 15772320, 28072, 11549.981
102.392860, 243, 23.034, 15737220, 41027, 14025.222
103.393125, 243, 23.151, 15699420, 43187, 15353.852
104.393376, 243, 23.150, 15678360, 25912, 16552.559
105.393697, 243, 23.137, 15682680, 0, 16552.559
106.393931, 243, 23.118, 15674040, 12956, 16552.559
107.394179, 243, 23.617, 15664320, 14575, 18751.918
108.394447, 243, 23.279, 15521760, 147918, 20598.803
109.394726, 243, 23.365, 15094620, 436738, 21548.369
110.409527, 241, 22.878, 14931540, 172406, 22169.936
111.409800, 243, 23.290, 14472540, 471292, 23377.273
112.410111, 243, 21.381, 11480940, 3931942, 21905.182
113.410388, 243, 23.460, 8358660, 6662455, 20480.854
114.410679, 243, 23.668, 5088420, 4215536, 19009.678
115.410959, 243, 23.353, 2217780, 5797712, 17699.000
116.411294, 243, 23.710, 0, 0, 4624.978
117.411515, 243, 23.474, 0, 0, 4624.978
118.411747, 243, 23.678, 0, 0, 4624.978
119.411990, 244, 23.624, 0, 134797, 651.178
120.412242, 243, 23.627, 0, 5315, 651.178
121.412537, 243, 23.559, 0, 4318, 651.178
122.412782, 243, 23.531, 0, 4318, 651.178
123.413039, 243, 23.362, 0, 4318, 651.178
124.413281, 243, 23.357, 0, 4318, 651.178
125.413561, 243, 23.903, 0, 4857, 114.865
126.413832, 243, 23.364, 0, 4318, 114.865
127.414117, 243, 23.409, 0, 7443, 114.865
128.414386, 243, 23.449, 0, 7476, 114.865
129.414665, 243, 24.128, 0, 7503, 114.865
130.414881, 243, 23.480, 0, 7531, 114.865
131.415100, 243, 23.106, 0, 7563, 114.865
132.415358, 243, 24.234, 0, 7590, 60.690
133.415616, 243, 23.491, 0, 7613, 60.690
134.415844, 243, 23.793, 0, 0, 60.690
135.416095, 243, 33.448, 0, 0, 60.690
136.416318, 1448, 0.207, 1411020, 92337, 71.794
137.416597, 1448, 0.178, 6712740, 92681, 926.041
138.416903, 1448, 0.270, 11317860, 62464, 2119.089
139.417188, 1293, 0.260, 16344720, 25911, 2851.685
140.417432, 1447, 0.176, 21222540, 31311, 3321.963
141.417685, 890, 0.253, 26315280, 26452, 4647.886
142.417935, 1448, 0.309, 31370220, 41028, 5511.335
143.418191, 587, 0.255, 35746380, 14035, 6781.004
144.418464, 1448, 0.178, 40585860, 28071, 8060.416
145.418717, 165, 3.156, 45441540, 12956, 8060.416
146.418967, 1448, 0.244, 47598840, 529065, 10112.352
147.419214, 587, 0.373, 52551180, 296925, 11035.434
148.419467, 1448, 0.192, 57392280, 102573, 11997.162
149.428117, 1447, 0.191, 58291920, 5074601, 12577.442
150.428453, 1447, 0.380, 57999240, 3687969, 12670.520
151.428702, 1447, 0.184, 58305420, 3414179, 12832.467
152.428963, 1361, 1.148, 58589460, 1871669, 13205.630
153.429284, 1361, 1.148, 54018360, 5318868, 13288.868
154.429573, 1361, 1.148, 49805280, 3257412, 13493.211
155.452547, 1448, 0.309, 49129740, 4448806, 13717.284
156.452854, 587, 0.488, 49978080, 4259560, 14118.880
157.453110, 1439, 0.403, 49982400, 3136660, 14204.975
158.453519, 587, 0.274, 50596920, 629911, 14369.059
159.453813, 1447, 0.248, 53742960, 0, 15050.299
160.459613, 1447, 0.209, 57758940, 0, 15911.516
161.459872, 1447, 0.253, 61644780, 2887448, 16878.760
162.460135, 587, 0.259, 63770760, 4517867, 17368.721
163.460412, 587, 0.239, 64935000, 4441567, 17008.893
164.460741, 54, 16.062, 65065680, 2725469, 17395.572
165.488115, 1448, 0.188, 64626120, 5035397, 17434.256
166.488424, 1448, 0.278, 65462040, 4036398, 17764.436
167.488705, 1448, 0.175, 65544120, 4743707, 17546.330
168.489029, 1448, 0.385, 66974040, 4052555, 17656.645
169.489300, 1447, 0.194, 66844440, 4838945, 17642.355
170.493290, 1447, 0.184, 66955680, 4495451, 15314.537
171.493556, 1448, 0.199, 67917420, 4056934, 15380.515
172.493853, 1361, 1.216, 69131340, 5320994, 15608.870
173.494153, 587, 0.522, 69567660, 4997904, 15544.318
174.494503, 1448, 0.210, 69344640, 4337422, 15572.271
175.505189, 1448, 0.181, 68304060, 1916345, 15642.928
176.505410, 1361, 0.835, 70424100, 3710957, 16047.957
177.505635, 1439, 0.379, 71134740, 3924743, 16188.653
178.505874, 1448, 0.219, 72025740, 2648802, 16399.865
179.506143, 587, 0.255, 73181880, 2494186, 16666.885
180.506413, 998, 0.530, 73760220, 4574379, 16915.023
181.506725, 1448, 0.320, 75087000, 3764089, 16701.377
182.507049, 1447, 0.213, 75846240, 3990275, 17056.377
183.507384, 1361, 1.385, 76096260, 2016844, 17087.705
184.507623, 1448, 0.358, 75610800, 4949430, 17191.887
185.507890, 242, 13.554, 73607940, 3806569, 17316.031
186.508198, 243, 23.216, 70926300, 1389292, 17679.309
187.508486, 243, 23.084, 67089060, 1949392, 17844.629
188.508743, 243, 23.293, 62532000, 5018018, 17660.867
189.509079, 243, 23.397, 58551660, 3158651, 17790.035
190.509330, 243, 23.363, 53831520, 4991502, 17824.549
191.509629, 243, 23.731, 50730840, 3382424, 18095.469
192.509953, 243, 23.381, 48227940, 2730546, 18544.988
193.510336, 243, 23.592, 44568360, 4807534, 18317.553
194.510651, 243, 17.400, 39719160, 4960261, 18421.539
195.510916, 243, 23.096, 35988840, 4187537, 18632.133
196.511176, 243, 23.273, 34245720, 1272442, 19162.047
197.511428, 243, 23.382, 29976480, 4288055, 19250.066
198.524318, 243, 24.046, 26000460, 2758254, 19482.986
199.524574, 243, 23.528, 22212360, 3605296, 19730.523
200.526347, 243, 23.218, 18741780, 4482416, 19885.564
201.526613, 243, 24.011, 14141520, 4939041, 20008.391
202.526891, 243, 24.240, 10131480, 4109802, 20118.578
203.531370, 243, 24.004, 7010280, 2871253, 20361.287
204.531634, 243, 23.863, 3886920, 5156912, 20535.482
205.531910, 243, 23.212, 220320, 4613239, 20506.402
206.532173, 243, 24.407, 0, 0, 1270.201
207.532407, 243, 22.044, 0, 0, 1270.201
208.532635, 243, 23.317, 0, 0, 1270.201
209.532880, 244, 23.302, 0, 4570, 1270.201
210.533149, 243, 23.058, 0, 4318, 1270.201
211.533398, 243, 23.273, 0, 4318, 1270.201
212.533705, 243, 23.095, 0, 4857, 367.744
213.533971, 243, 23.545, 0, 4318, 367.744
214.534223, 243, 23.407, 0, 4318, 367.744
215.534487, 243, 23.292, 0, 5397, 367.744
216.534780, 243, 23.512, 0, 15534, 367.744
217.535016, 241, 13.743, 0, 7588, 367.744
218.535268, 243, 23.322, 0, 4857, 114.564
219.535510, 243, 23.180, 0, 4318, 114.564
220.535768, 243, 23.226, 0, 3239, 114.564
221.536014, 243, 23.188, 0, 4318, 114.564
222.536260, 243, 23.262, 0, 4318, 114.564
223.536521, 243, 23.504, 0, 4318, 114.564
224.536769, 243, 23.184, 0, 4857, 164.862
225.537021, 243, 23.391, 0, 4318, 164.862
226.537275, 243, 23.277, 0, 4318, 164.862
227.537975, 243, 23.221, 0, 5395, 164.862
228.538283, 243, 23.774, 0, 5695, 164.862
229.538603, 243, 23.223, 0, 5711, 164.862
230.538861, 243, 23.177, 0, 5727, 164.862
231.539082, 243, 23.146, 0, 5746, 185.375
232.539309, 243, 23.871, 0, 5761, 185.375
233.539561, 243, 23.342, 0, 5779, 185.375
234.539831, 243, 23.871, 0, 5793, 185.375
235.540061, 243, 23.321, 0, 5815, 185.375
236.540323, 243, 23.608, 0, 5833, 185.375
237.540547, 243, 23.649, 0, 5851, 35.952
238.540765, 243, 23.216, 0, 5867, 35.952
239.545808, 243, 23.395, 0, 5734, 35.952
240.546066, 243, 23.290, 0, 5747, 35.952
241.546314, 243, 23.284, 0, 5183, 35.952
242.546580, 243, 23.177, 0, 4318, 35.952
243.546820, 243, 23.255, 0, 4857, 11.899
244.547057, 244, 24.013, 0, 3239, 11.899
245.547299, 243, 23.718, 0, 4318, 11.899
246.547552, 243, 23.409, 0, 4318, 11.899
247.547817, 241, 21.949, 0, 5397, 11.899
248.548131, 244, 23.186, 0, 0, 11.899
249.548398, 396, 7.008, 7560, 168521, 31.924
250.548658, 1435, 0.494, 84240, 51945, 31.924
251.548912, 795, 15.507, 166320, 114947, 1208.937
252.549203, 389, 17.726, 275940, 52635, 1482.268
253.549465, 798, 2.545, 379080, 55604, 2469.025
254.549718, 242, 1.167, 550800, 30231, 3220.956
255.572250, 1091, 24.427, 764640, 39607, 3692.409
256.572496, 1446, 0.428, 936900, 26992, 4197.036
257.573928, 1448, 0.434, 1278720, 12941, 4197.036
258.574237, 1448, 0.317, 1649700, 29150, 5975.190
259.574488, 145, 2.370, 2087100, 12956, 5975.190
260.574739, 1390, 33.406, 2171340, 284507, 7336.708
261.575070, 1407, 12.615, 2422440, 121999, 7650.285
262.575388, 185, 2.480, 2605500, 240223, 7532.925
263.575656, 245, 2.298, 1020600, 4329127, 2963.256
264.575928, 982, 2.285, 0, 416233, 22.870
265.576164, 1448, 0.353, 0, 400670, 16.569
266.576521, 1448, 1.814, 0, 415643, 5.701
267.576742, 66, 33.034, 0, 305361, 15.818
268.576988, 1447, 0.370, 0, 359607, 10.263
269.577239, 1448, 0.499, 0, 702710, 12.504
270.577494, 1448, 0.401, 0, 345586, 12.413
271.577728, 921, 4.449, 0, 284778, 15.691
272.577958, 1448, 35.607, 0, 242494, 133.875
273.578197, 1448, 0.221, 0, 780759, 40.749
274.578441, 248, 0.802, 0, 452449, 148.189
275.578708, 865, 20.068, 0, 336800, 20.132
276.578962, 1447, 0.551, 0, 348660, 16.392
277.579196, 1447, 0.569, 0, 374252, 12.017
278.579439, 1448, 0.673, 0, 402592, 5.953
279.579671, 862, 0.460, 0, 310344, 14.789
280.579908, 1418, 31.060, 0, 347013, 14.272
281.580160, 1448, 33.984, 0, 312098, 6.292
282.580417, 256, 3.956, 0, 0, 12.359
283.580635, 243, 23.290, 0, 0, 12.359
284.580884, 243, 29.900, 0, 0, 12.359
285.581117, 27, 8.032, 0, 2788, 12.359
286.581382, 243, 24.617, 0, 4857, 204.460
287.581624, 243, 23.379, 0, 4318, 204.460
288.581889, 243, 23.361, 0, 4318, 204.460
289.582149, 243, 23.977, 0, 4318, 204.460
290.582406, 243, 22.662, 0, 4318, 204.460
291.582657, 243, 23.112, 0, 4318, 204.460
292.582913, 243, 23.332, 0, 4857, 43.931
293.583159, 243, 23.319, 0, 4318, 43.931
294.583420, 243, 23.415, 0, 4318, 43.931
295.583698, 243, 23.494, 0, 4318, 43.931
296.583953, 243, 23.206, 0, 4318, 43.931
297.584207, 243, 23.284, 0, 4318, 43.931
298.584464, 243, 23.457, 0, 4318, 43.931
299.584705, 243, 22.351, 0, 4857, 335.431
300.584948, 243, 23.053, 0, 3239, 335.431
301.585220, 243, 23.164, 0, 4318, 335.431
302.585475, 243, 23.179, 0, 4318, 335.431
303.585730, 243, 23.318, 0, 4318, 335.431
304.585990, 243, 23.360, 0, 4318, 335.431
305.586244, 243, 23.497, 0, 4857, 50.554
306.586502, 243, 23.301, 0, 4318, 50.554
307.586751, 243, 23.006, 0, 4318, 50.554
308.587003, 243, 23.198, 0, 4318, 50.554
309.587266, 243, 23.238, 0, 4318, 50.554
310.587527, 243, 23.469, 0, 4318, 50.554
311.587776, 243, 24.478, 0, 4857, 23.423
312.588049, 243, 23.466, 0, 4318, 23.423
313.588304, 243, 23.728, 0, 4318, 23.423
314.588575, 243, 23.438, 0, 12977, 23.423
315.588823, 243, 23.501, 0, 13063, 23.423
316.589098, 243, 23.504, 0, 13158, 23.423
317.589333, 243, 23.404, 0, 13246, 23.423
318.589555, 243, 23.434, 0, 13322, 51.483
319.589771, 243, 23.686, 0, 0, 51.483
320.589992, 243, 23.317, 0, 0, 51.483
321.590209, 243, 23.759, 0, 0, 51.483
322.590417, 243, 23.593, 0, 0, 51.483
323.590639, 243, 23.676, 0, 0, 51.483
324.590865, 243, 23.734, 0, 0, 96.086
325.591081, 243, 23.541, 0, 0, 96.086
326.591304, 243, 23.631, 0, 0, 96.086
327.591514, 243, 23.525, 0, 0, 96.086
328.591726, 243, 23.841, 0, 0, 96.086
329.591952, 243, 23.726, 0, 14342, 96.086
330.592176, 243, 23.686, 0, 14441, 58.525
331.592412, 243, 23.376, 0, 14543, 58.525
332.592639, 243, 23.167, 0, 14646, 58.525
333.592852, 243, 23.293, 0, 14751, 58.525
334.593064, 243, 23.522, 0, 14844, 58.525
335.593298, 243, 23.621, 0, 0, 58.525
336.593564, 243, 23.401, 0, 0, 58.525
337.593782, 243, 23.459, 0, 0, 54.395
338.594004, 244, 23.381, 0, 0, 54.395
339.594212, 243, 23.390, 0, 0, 54.395
340.594423, 243, 23.120, 0, 0, 54.395
341.594661, 1448, 2.207, 162540, 0, 330.529
342.594969, 1447, 0.348, 467100, 212557, 1210.294
343.595245, 242, 0.515, 791100, 40489, 1210.294
344.595474, 1447, 0.444, 1131300, 44269, 2782.041
345.595715, 371, 5.645, 1460700, 25913, 2782.041
346.595955, 605, 2.537, 1762560, 38869, 4532.656
347.596198, 1448, 0.261, 2115720, 30231, 5073.705
348.596453, 992, 3.489, 2481300, 12956, 5073.705
349.596698, 1338, 5.961, 2851740, 28072, 6765.554
350.596945, 1447, 0.350, 3141720, 114451, 6765.554
351.597196, 1023, 10.510, 3207600, 316358, 8958.145
352.597446, 533, 6.914, 3250800, 372505, 8662.655
353.597723, 432, 19.520, 3290220, 326605, 9012.436
354.598144, 1447, 0.242, 0, 553701, 159.570
355.598408, 1448, 0.232, 0, 493740, 42.319
356.598661, 1448, 0.657, 0, 609730, 14.352
357.598908, 255, 0.699, 0, 1015913, 52.886
358.599209, 256, 6.450, 0, 0, 36.684
359.599459, 1447, 22.322, 0, 45521, 9.537
360.599699, 243, 23.452, 0, 0, 9.537
361.599960, 1448, 61.400, 0, 556827, 24.918
362.600204, 334, 6.471, 0, 1146331, 5.952
363.600446, 495, 6.237, 0, 340986, 27.924
364.600683, 889, 5.491, 0, 424210, 314.260
365.600979, 1447, 0.651, 540, 375504, 15.247
366.611125, 1448, 1.064, 0, 319897, 99.166
367.611362, 215, 5.658, 0, 371681, 9.274
368.611597, 1448, 0.846, 0, 417116, 13.692
369.611835, 490, 1.246, 0, 302863, 14.496
370.612074, 450, 6.304, 0, 416919, 17.135
371.612369, 1447, 0.261, 0, 411525, 19.717
372.613126, 1448, 0.456, 0, 384463, 12.660
373.613368, 1121, 6.981, 0, 361983, 8.324
374.613572, 255, 16.394, 0, 6967, 12.690
375.613797, 243, 24.601, 0, 7039, 12.690
376.614035, 243, 23.201, 0, 5786, 12.690
377.614295, 243, 23.363, 0, 4318, 12.690
378.614534, 243, 23.826, 0, 4857, 49.138
379.614770, 243, 23.379, 0, 4318, 49.138
380.615004, 243, 23.198, 0, 4318, 49.138
381.615233, 243, 23.273, 0, 4319, 49.138
382.615488, 243, 23.317, 0, 3238, 49.138
383.615741, 243, 23.204, 0, 4318, 49.138
384.616013, 243, 23.159, 0, 5937, 72.991
385.616321, 243, 23.283, 0, 4553, 72.991
386.616615, 243, 23.253, 0, 4564, 72.991
387.616860, 243, 23.209, 0, 4575, 72.991
388.617104, 243, 23.453, 0, 4586, 72.991
389.617356, 243, 23.957, 0, 4598, 72.991
390.617577, 243, 23.757, 0, 6915, 57.830
391.617820, 243, 23.231, 0, 4623, 57.830
392.618041, 243, 23.286, 0, 4636, 57.830
393.618266, 243, 23.396, 0, 4649, 57.830
394.618492, 243, 23.224, 0, 4662, 57.830
395.618732, 243, 23.289, 0, 4675, 57.830
396.618955, 243, 25.580, 0, 4685, 57.830
397.619218, 243, 23.342, 0, 4694, 143.030
398.619458, 243, 23.191, 0, 4705, 143.030
399.619691, 243, 33.475, 0, 4715, 143.030
400.619916, 243, 23.351, 0, 4724, 143.030
401.620158, 243, 23.404, 0, 4734, 143.030
402.620390, 243, 23.480, 0, 0, 143.030
