Timeval(sec), EMA_ReqSize(B), EMA_IAT(ms), SQ_Length(B), Bandwidth(B/s), EMA_RTT(ms)
0.2, 0, 0.000, 0, 0, 0.000
1.322, 0, 0.000, 0, 0, 0.000
2.563, 0, 0.000, 0, 0, 0.000
3.777, 0, 0.000, 0, 0, 0.000
4.999, 0, 0.000, 0, 0, 0.000
5.1205, 921, 0.000, 0, 6429, 0.000
6.1489, 921, 0.000, 0, 0, 56.020
7.1707, 921, 0.000, 0, 0, 56.020
8.1968, 243, 23.671, 0, 4331, 56.020
9.2214, 243, 23.473, 0, 4366, 56.020
10.2450, 243, 23.561, 0, 4389, 56.020
11.2683, 243, 23.572, 0, 4427, 56.020
12.3017, 243, 23.376, 0, 0, 56.020
13.3228, 243, 23.334, 0, 6750, 55.145
14.3454, 243, 23.550, 0, 4540, 55.145
15.3683, 243, 23.624, 0, 4577, 55.145
16.3939, 243, 23.396, 0, 4617, 55.145
17.4179, 243, 21.908, 0, 4660, 55.145
18.4451, 243, 23.595, 0, 4700, 55.145
19.4663, 243, 23.781, 0, 4740, 55.145
20.4882, 243, 23.626, 0, 4784, 56.698
21.5113, 244, 25.503, 0, 4825, 56.698
22.5368, 243, 23.730, 0, 4871, 56.698
23.5608, 243, 23.632, 0, 4917, 56.698
24.5879, 243, 23.302, 0, 4935, 56.698
25.6095, 243, 23.531, 0, 4950, 56.698
26.6315, 243, 23.592, 0, 4966, 54.921
27.6536, 243, 23.573, 0, 4982, 54.921
28.6781, 243, 23.693, 0, 4996, 54.921
29.7035, 243, 23.452, 0, 0, 54.921
30.7307, 243, 23.381, 0, 0, 54.921
31.7517, 243, 27.570, 0, 2521, 54.921
32.7733, 243, 23.684, 0, 7591, 54.111
33.7968, 243, 23.441, 0, 5078, 54.111
34.8219, 243, 23.472, 0, 5093, 54.111
35.8468, 243, 23.574, 0, 5110, 54.111
36.8738, 243, 23.480, 0, 5126, 54.111
37.8949, 587, 0.343, 82992, 123458, 54.111
38.9175, 162, 2.874, 3368624, 131653, 853.566
39.9434, 243, 23.362, 3293080, 62106, 1719.051
40.9711, 1447, 0.174, 5280100, 0, 2592.828
41.10035, 243, 23.487, 6669684, 30845, 2592.828
42.10308, 1448, 0.220, 7153272, 38825, 4622.548
43.10559, 162, 3.984, 10077144, 28188, 5298.063
44.10831, 243, 23.303, 10069164, 12232, 5298.063
45.11085, 587, 0.211, 12173756, 12764, 5298.063
46.11405, 243, 23.085, 13530888, 0, 5298.063
47.11637, 587, 0.217, 13890520, 14359, 9618.522
48.11891, 162, 2.559, 16762256, 230828, 10842.436
49.12137, 243, 23.256, 16563820, 206365, 11764.020
50.12381, 189, 3.414, 18338040, 134031, 12642.026
51.12629, 243, 23.175, 19749968, 159028, 13680.173
52.12878, 1434, 0.571, 19616436, 306887, 14624.417
53.13138, 162, 2.396, 22574888, 347836, 15532.103
54.13381, 243, 23.610, 22451464, 130307, 16464.379
55.13658, 847, 0.256, 24403372, 76053, 17199.809
56.13896, 243, 23.358, 25689216, 164880, 18413.363
57.14129, 587, 0.273, 25938724, 99460, 19291.211
58.22907, 162, 2.373, 28975380, 91234, 20446.215
59.23155, 244, 23.414, 28835996, 145731, 21394.947
60.23403, 1439, 0.257, 30477216, 69674, 22293.447
61.23645, 243, 23.368, 32168444, 77120, 23349.523
62.23888, 400, 0.255, 32109924, 84566, 24269.863
63.30343, 162, 3.601, 35455672, 103602, 25118.895
64.30640, 243, 23.889, 33904892, 3240860, 24408.180
65.31015, 1329, 0.325, 30921436, 6194908, 22558.660
66.31262, 243, 23.094, 27694324, 4080632, 20716.914
67.31514, 587, 0.202, 23729860, 1451715, 17481.662
68.31776, 114, 4.310, 22730764, 2422376, 15764.064
69.32077, 243, 23.759, 18756192, 3843614, 14148.834
70.32348, 1447, 0.204, 15973832, 5856643, 12383.216
71.32601, 242, 10.286, 13814444, 4203925, 10645.160
72.32860, 54, 15.537, 9573872, 3200997, 7520.214
73.33157, 587, 0.277, 8434860, 0, 5886.967
74.33404, 243, 23.722, 4341652, 5071406, 3735.645
75.33656, 587, 0.278, 1104964, 0, 2015.523
76.40274, 242, 17.577, 354844, 645746, 627.173
77.40586, 55, 17.419, 0, 0, 650.441
78.40797, 156, 1.773, 0, 1778680, 56.412
79.41032, 243, 23.353, 0, 0, 492.262
80.41269, 1448, 0.223, 48944, 5281711, 126.098
81.49615, 162, 4.777, 1919988, 3386942, 857.010
82.49861, 862, 14.043, 0, 0, 890.242
83.50073, 587, 0.411, 0, 0, 60.358
84.50280, 587, 0.411, 0, 0, 60.358
85.50483, 1446, 0.449, 0, 1732558, 6.481
86.50804, 242, 2.768, 0, 0, 15.577
87.51031, 243, 23.561, 0, 44401, 15.577
88.51251, 1372, 0.466, 0, 2112933, 6.401
89.51479, 242, 8.346, 0, 0, 7.550
90.51687, 67, 13.379, 0, 0, 7.550
91.51915, 587, 1.116, 0, 1212205, 4.547
92.52142, 162, 3.612, 0, 0, 6.909
93.52366, 243, 23.510, 0, 0, 16.603
94.52594, 1448, 0.416, 0, 2233087, 10.447
95.52872, 162, 3.415, 0, 0, 26.998
96.53140, 862, 13.856, 0, 0, 26.998
97.53346, 432, 0.263, 0, 3785032, 13.670
98.67799, 243, 23.194, 0, 0, 14.974
99.68070, 1439, 0.314, 0, 2518626, 14.974
100.68312, 896, 0.405, 0, 3485084, 12.470
101.68540, 243, 23.353, 0, 0, 13.247
102.68746, 243, 23.079, 0, 0, 73.023
103.73896, 243, 23.194, 0, 4999, 73.023
104.74146, 243, 23.082, 0, 4254, 73.023
105.74378, 243, 23.110, 0, 4255, 73.023
106.74618, 243, 23.179, 0, 4254, 73.023
107.74858, 243, 23.171, 0, 4254, 73.023
108.75093, 243, 23.295, 0, 3191, 73.023
109.75332, 243, 23.168, 0, 4785, 338.563
110.75559, 243, 23.012, 0, 4255, 338.563
111.75804, 36, 139.841, 0, 4786, 338.563
112.76080, 243, 23.317, 0, 4963, 338.563
113.76338, 244, 23.784, 0, 4975, 338.563
114.90928, 243, 25.136, 0, 4674, 338.563
115.91140, 243, 23.170, 0, 4684, 83.879
116.91392, 244, 23.647, 0, 4694, 83.879
117.91635, 243, 23.235, 0, 4705, 83.879
118.91858, 243, 23.422, 0, 4715, 83.879
119.92119, 243, 23.675, 0, 4726, 83.879
120.92341, 243, 23.697, 0, 4737, 83.879
121.92552, 243, 23.447, 0, 4748, 57.442
122.92769, 243, 23.775, 0, 4760, 57.442
123.93009, 243, 23.544, 0, 4771, 57.442
124.93229, 243, 23.663, 0, 4782, 57.442
125.93473, 243, 23.446, 0, 4792, 57.442
126.93695, 243, 23.405, 0, 4805, 57.442
127.93901, 243, 23.510, 0, 7224, 55.178
128.94124, 243, 21.301, 0, 0, 55.178
129.94367, 243, 23.618, 0, 0, 55.178
130.94582, 243, 23.500, 0, 4849, 55.178
131.94835, 243, 23.504, 0, 4860, 55.178
132.95055, 243, 24.148, 0, 4873, 55.178
133.95265, 243, 23.745, 0, 4884, 55.178
134.95486, 243, 23.502, 0, 4896, 68.606
135.95726, 243, 23.442, 0, 4907, 68.606
136.95940, 243, 24.000, 0, 4919, 68.606
137.96180, 243, 33.511, 0, 4931, 68.606
138.96403, 1448, 0.347, 534128, 121112, 68.606
139.96658, 1448, 0.202, 5567912, 128858, 1014.499
140.96925, 1448, 0.199, 10103212, 27123, 1832.512
141.97178, 1447, 0.188, 15023148, 39889, 1832.512
142.97416, 587, 0.348, 19828172, 27656, 3478.222
143.97665, 587, 0.260, 24768324, 25528, 4270.493
144.97916, 1448, 0.266, 29606864, 12232, 4270.493
145.98160, 587, 0.211, 34263992, 13295, 6691.443
146.98405, 1439, 0.329, 38808336, 18082, 7325.797
147.98663, 1447, 0.253, 43580908, 243592, 8954.473
148.98918, 1447, 0.256, 45705716, 317519, 9882.579
149.108693, 1447, 0.187, 50679384, 177021, 10846.495
150.108937, 1448, 0.238, 54899740, 404752, 11841.419
151.109188, 1361, 1.539, 59602620, 105841, 12762.226
152.109431, 587, 0.211, 63793716, 197855, 13663.832
153.109675, 1448, 0.367, 68344444, 125520, 14534.052
154.109933, 1361, 1.147, 71291724, 185618, 15696.924
155.110224, 1361, 1.147, 69418020, 1916771, 16424.941
156.110497, 1361, 1.147, 69144572, 201416, 17281.566
157.110731, 1448, 0.221, 72829204, 153079, 18220.078
158.110963, 587, 0.263, 77456540, 218108, 19014.766
159.111205, 587, 0.328, 81538576, 0, 20029.143
160.111471, 587, 0.281, 84040572, 4128536, 20779.582
161.111743, 1439, 0.421, 83684132, 4336016, 20884.107
162.112068, 587, 0.369, 82819100, 4889855, 20930.201
163.112312, 587, 0.276, 83003172, 4233338, 21087.150
164.112546, 1447, 0.296, 83527192, 4510841, 21299.619
165.112805, 1361, 1.344, 84655032, 3723747, 21542.902
166.113062, 296, 20.005, 84353920, 4459691, 21774.373
167.113331, 1448, 0.240, 84229432, 4074731, 21863.039
168.113574, 1448, 0.291, 84539588, 4104407, 22017.227
169.113879, 1447, 0.193, 84981680, 3509872, 22207.783
170.114114, 1448, 0.204, 85730204, 3890316, 21923.773
171.114351, 587, 0.308, 86779308, 3884153, 22233.613
172.123427, 1361, 1.257, 89418560, 1926143, 22775.277
173.123682, 587, 0.232, 91979608, 2485361, 23374.721
174.123936, 1448, 0.218, 95650940, 1754550, 24143.201
175.124284, 587, 0.355, 99757980, 1684731, 24972.434
176.124531, 163, 3.684, 99545712, 5044926, 25071.818
177.124839, 1448, 0.239, 98138040, 3902613, 25103.895
178.125100, 1448, 0.304, 98844004, 3989465, 25311.586
179.125357, 587, 0.234, 99928752, 4325049, 25461.061
180.125683, 1448, 0.183, 100481500, 3347961, 23163.660
181.127547, 1448, 0.296, 101476340, 3819234, 23391.355
182.128037, 1447, 0.238, 102396168, 4236581, 23583.926
183.139694, 1448, 0.274, 104043240, 4097575, 23803.654
184.139997, 587, 0.268, 103905984, 4596595, 23835.141
185.141405, 1361, 1.553, 104499696, 3937609, 23951.027
186.141798, 587, 0.558, 105291312, 4503160, 24060.947
187.142039, 243, 23.495, 102123252, 3599256, 24152.477
188.142299, 243, 23.213, 97953436, 4232718, 24226.176
189.142555, 243, 23.362, 94053876, 3789069, 24417.002
190.142803, 243, 23.190, 90083028, 4623738, 24574.531
191.143086, 243, 23.788, 86116968, 4129937, 24264.170
192.143436, 243, 23.707, 82611088, 4037169, 24568.215
193.143686, 243, 23.284, 79150428, 3738660, 24751.279
194.143952, 243, 24.452, 75655188, 3258091, 24975.889
195.144331, 42, 230.526, 71964704, 3378018, 25165.398
196.144690, 243, 23.486, 68499256, 3524576, 25455.730
197.145059, 244, 23.661, 65103500, 3946177, 25720.844
198.145317, 244, 25.075, 61475260, 4561531, 25879.557
199.145819, 243, 23.624, 57747536, 3712334, 26000.359
200.151107, 243, 22.455, 53938948, 3445734, 26237.027
201.151447, 243, 23.213, 50692152, 4954977, 26525.773
202.151697, 243, 23.343, 46856964, 4617017, 26820.160
203.151976, 243, 23.726, 42722792, 4226032, 26420.641
204.152794, 243, 23.815, 39184992, 3846420, 26691.377
205.159357, 243, 23.909, 35940324, 3728978, 26964.092
206.159610, 243, 23.957, 32580744, 2828615, 27264.090
207.159878, 243, 27.455, 28831740, 4446976, 27428.916
208.160223, 243, 23.625, 25240740, 3885341, 27676.312
209.160484, 243, 23.675, 21042728, 4222547, 27777.457
210.160751, 243, 23.581, 17199028, 4184244, 27987.535
211.161046, 243, 23.586, 13648992, 4071873, 28261.584
212.161400, 243, 23.600, 9955316, 3087803, 28407.908
213.161667, 243, 23.548, 5776456, 5021971, 28470.127
214.161928, 243, 24.321, 2476460, 3385854, 28622.355
215.162181, 243, 23.334, 0, 61319, 28842.705
216.171516, 243, 23.358, 0, 0, 3362.102
217.171732, 243, 23.088, 0, 0, 3362.102
218.172000, 243, 23.187, 0, 4034, 3362.102
219.172261, 243, 23.159, 0, 4785, 401.579
220.172507, 243, 23.213, 0, 4254, 401.579
221.172745, 243, 23.603, 0, 4254, 401.579
222.172979, 243, 23.236, 0, 4255, 401.579
223.173216, 243, 23.243, 0, 4254, 401.579
224.173453, 244, 23.153, 0, 4254, 401.579
225.173676, 243, 23.163, 0, 4255, 401.579
226.174003, 241, 10.232, 0, 5849, 640.748
227.174423, 243, 23.315, 0, 8864, 640.748
228.174649, 243, 23.405, 0, 8908, 640.748
229.174887, 243, 24.301, 0, 8943, 640.748
230.175127, 243, 23.255, 0, 8977, 640.748
231.175346, 243, 23.310, 0, 9020, 640.748
232.175570, 243, 23.944, 0, 9059, 260.310
233.175781, 243, 23.618, 0, 9098, 260.310
234.175990, 243, 24.665, 0, 9136, 260.310
235.183572, 243, 23.193, 0, 8627, 260.310
236.183796, 243, 23.868, 0, 8659, 260.310
237.184001, 243, 23.827, 0, 8699, 260.310
238.184230, 243, 23.290, 0, 0, 77.228
239.184421, 243, 23.197, 0, 0, 77.228
240.184645, 243, 23.330, 0, 0, 77.228
241.184873, 243, 26.731, 0, 0, 77.228
242.185097, 243, 24.069, 0, 0, 77.228
243.185311, 243, 23.858, 0, 0, 77.228
244.185533, 243, 23.787, 0, 0, 77.228
245.185729, 243, 24.192, 0, 0, 56.421
246.185934, 244, 23.899, 0, 0, 56.421
247.186157, 243, 23.720, 0, 0, 56.421
248.186398, 244, 23.739, 0, 0, 56.421
249.186599, 243, 23.286, 0, 4574, 56.421
250.186824, 243, 23.401, 0, 9187, 56.421
251.187018, 725, 20.531, 30324, 110785, 252.186
252.187242, 341, 0.279, 107996, 111307, 773.414
253.187477, 255, 1.432, 202160, 130463, 1462.782
254.187719, 1320, 0.252, 267064, 0, 1739.324
255.187930, 1083, 8.582, 329308, 136387, 2219.179
256.188155, 757, 8.865, 481992, 128030, 2655.377
257.188371, 1211, 1.682, 643720, 0, 2882.496
258.188580, 1066, 2.570, 841092, 0, 3691.623
259.188817, 256, 1.482, 1174124, 15087, 3691.623
260.189056, 714, 0.233, 1485876, 123324, 5063.905
261.189265, 1394, 2.559, 1815184, 126183, 5472.673
262.189484, 1448, 0.214, 2092356, 10760, 6252.837
263.189694, 1161, 2.598, 2404108, 131861, 6858.717
264.190078, 710, 4.469, 2724372, 132387, 7260.136
265.190305, 1447, 0.256, 3013780, 0, 8123.610
266.190532, 1447, 0.257, 3322872, 133874, 8773.149
267.190743, 1206, 2.757, 3604300, 151498, 9356.426
268.190961, 1448, 0.375, 3919776, 0, 9989.728
269.191167, 1350, 6.778, 4217164, 136205, 10421.296
270.198980, 240, 2.317, 4498060, 126905, 11445.972
271.199265, 1182, 3.083, 4811408, 65565, 12021.506
272.199502, 255, 1.167, 5163060, 43613, 12733.104
273.199735, 1448, 0.449, 5522160, 27656, 14172.433
274.199970, 1448, 0.209, 5726448, 12765, 14172.433
275.214369, 1447, 0.325, 6230784, 26221, 15270.064
276.214601, 929, 6.417, 6603716, 14359, 16396.779
277.214845, 1021, 8.546, 6960156, 12764, 16396.779
278.215098, 1068, 3.415, 7322980, 27124, 18167.799
279.215342, 1447, 0.216, 7679952, 0, 18167.799
280.215594, 1448, 0.527, 7807632, 237210, 20798.908
281.215849, 186, 11.984, 7895944, 290929, 21207.000
282.216245, 1448, 0.442, 7848064, 417984, 20966.094
283.216494, 256, 3.777, 4252808, 4752475, 11990.472
284.216752, 243, 23.926, 0, 3612293, 1332.263
285.216997, 243, 29.845, 0, 4889, 1176.323
286.217251, 243, 23.284, 0, 4900, 1176.323
287.217501, 243, 24.466, 0, 5934, 145.475
288.217770, 243, 23.415, 0, 4254, 145.475
289.218023, 243, 23.359, 0, 4254, 145.475
290.218272, 243, 24.009, 0, 4254, 145.475
291.218528, 243, 22.710, 0, 4254, 145.475
292.218789, 243, 23.587, 0, 3191, 145.475
293.219021, 243, 23.168, 0, 4255, 145.475
294.219275, 36, 49.904, 0, 5317, 382.614
295.219526, 243, 23.425, 0, 5184, 382.614
296.219794, 243, 23.281, 0, 5198, 382.614
297.220041, 243, 23.289, 0, 5210, 382.614
298.220293, 243, 23.705, 0, 5221, 382.614
299.220509, 243, 23.351, 0, 5233, 382.614
300.220730, 243, 23.931, 0, 5246, 271.415
301.220952, 243, 23.025, 0, 5258, 271.415
302.221211, 243, 23.256, 0, 5269, 271.415
303.221481, 243, 23.164, 0, 5282, 271.415
304.221728, 243, 23.214, 0, 5295, 271.415
305.221942, 243, 23.236, 0, 5308, 271.415
306.222155, 243, 23.465, 0, 5321, 76.573
307.222384, 243, 23.265, 0, 5334, 76.573
308.222648, 243, 23.129, 0, 5346, 76.573
309.222880, 243, 23.212, 0, 5358, 76.573
310.223133, 243, 23.199, 0, 5370, 76.573
311.223342, 243, 23.358, 0, 5382, 76.573
312.223556, 243, 23.220, 0, 0, 56.806
313.223832, 243, 23.317, 0, 0, 56.806
314.224059, 243, 23.659, 0, 0, 56.806
315.224306, 243, 23.545, 0, 0, 56.806
316.224511, 243, 23.621, 0, 5448, 56.806
317.224719, 244, 23.704, 0, 5462, 56.806
318.224935, 244, 23.668, 0, 5476, 56.806
319.225180, 243, 23.563, 0, 5490, 54.492
320.225412, 243, 23.658, 0, 5504, 54.492
321.225651, 243, 23.223, 0, 5517, 54.492
322.225858, 243, 23.649, 0, 5532, 54.492
323.226064, 243, 23.572, 0, 5546, 54.492
324.226274, 243, 23.632, 0, 5560, 54.492
325.226526, 243, 23.618, 0, 5572, 54.050
326.226754, 243, 23.494, 0, 5586, 54.050
327.226986, 243, 23.641, 0, 5599, 54.050
328.227211, 243, 23.440, 0, 0, 54.050
329.227414, 243, 23.860, 0, 0, 54.050
330.227622, 243, 23.405, 0, 0, 54.050
331.227878, 243, 23.694, 0, 8481, 53.952
332.228116, 243, 23.201, 0, 5669, 53.952
333.228357, 243, 23.479, 0, 5683, 53.952
334.228564, 243, 23.485, 0, 5700, 53.952
335.228780, 244, 23.311, 0, 5715, 53.952
336.228991, 243, 23.596, 0, 5731, 53.952
337.229252, 243, 23.442, 0, 5744, 53.952
338.229486, 243, 23.525, 0, 5760, 54.454
339.229722, 244, 23.375, 0, 5774, 54.454
340.229927, 243, 23.334, 0, 5791, 54.454
341.230134, 243, 23.097, 0, 5806, 54.454
342.230348, 1447, 0.320, 130340, 69884, 112.065
343.272748, 1447, 0.246, 443156, 56917, 995.247
344.273011, 1447, 0.448, 748524, 57283, 1554.573
345.273284, 1344, 8.798, 1048572, 64733, 2438.495
346.273535, 1057, 10.109, 1306060, 57946, 3360.454
347.273786, 173, 6.606, 1546524, 122020, 3812.452
348.274044, 384, 4.091, 1830080, 125778, 4867.613
349.274343, 1448, 0.301, 2147152, 64260, 4867.613
350.274586, 884, 3.192, 2449860, 121987, 6626.278
351.274859, 1160, 3.663, 2769592, 65181, 7134.095
352.275103, 1447, 0.212, 3043040, 60375, 8065.968
353.275351, 1436, 6.999, 3353196, 131180, 8972.596
354.275610, 1448, 0.466, 3667076, 0, 9596.115
355.275865, 1447, 0.226, 3804332, 131995, 10623.859
356.276108, 1448, 0.226, 4140556, 68760, 11313.167
357.276363, 1448, 0.665, 4462416, 61321, 11973.859
358.276634, 255, 0.696, 4838008, 58605, 12433.925
359.276875, 256, 6.445, 5015164, 26593, 12433.925
360.288926, 1447, 22.309, 5201364, 26808, 12433.925
361.289180, 243, 23.474, 5165720, 44144, 15528.194
362.289432, 1448, 61.394, 5666332, 25529, 15528.194
363.289725, 1039, 4.322, 6598928, 13295, 17215.430
364.289970, 1448, 0.372, 6965476, 0, 17215.430
365.290218, 446, 2.947, 7336812, 0, 17215.430
366.290480, 859, 19.538, 7286804, 444633, 19825.006
367.290723, 1220, 0.191, 7175084, 487724, 20012.244
368.290963, 169, 3.219, 7421932, 154242, 20546.838
369.291201, 558, 2.537, 7715596, 79248, 21135.043
370.291471, 398, 16.540, 7917224, 161152, 21723.422
371.291716, 1374, 1.649, 8136940, 179239, 22423.645
372.291964, 1204, 12.555, 8319948, 189876, 23030.754
373.292204, 788, 0.329, 8611484, 97862, 23716.531
374.292494, 1447, 0.612, 8317288, 142162, 22396.111
375.292765, 243, 11.736, 4772572, 4628512, 12493.164
376.293102, 243, 22.088, 256956, 4621108, 3054.449
377.293395, 243, 23.525, 0, 0, 1810.278
378.293636, 243, 23.934, 0, 9600, 197.481
379.293912, 243, 22.450, 0, 5590, 197.481
380.294171, 243, 23.160, 0, 4254, 197.481
381.294414, 243, 23.464, 0, 4254, 197.481
382.294648, 243, 23.176, 0, 4255, 197.481
383.294886, 243, 23.249, 0, 4254, 197.481
384.295127, 243, 23.381, 0, 4254, 197.481
385.295380, 243, 23.253, 0, 4785, 105.933
386.295630, 244, 23.518, 0, 4254, 105.933
387.295895, 243, 23.040, 0, 5317, 105.933
388.296151, 243, 23.287, 0, 4837, 105.933
389.296382, 243, 23.176, 0, 4851, 105.933
390.296600, 243, 23.401, 0, 4862, 105.933
391.296846, 243, 23.183, 0, 4870, 62.446
392.297076, 243, 23.201, 0, 0, 62.446
393.297320, 243, 23.188, 0, 0, 62.446
394.297529, 243, 23.186, 0, 0, 62.446
395.297745, 243, 23.259, 0, 4910, 62.446
396.297974, 243, 23.021, 0, 4921, 62.446
397.298278, 244, 23.151, 0, 7393, 54.788
398.298504, 243, 23.345, 0, 4941, 54.788
399.298749, 243, 23.166, 0, 4952, 54.788
400.298956, 243, 22.333, 0, 4964, 54.788
401.299166, 243, 23.292, 0, 4975, 54.788
402.299395, 243, 23.259, 0, 4987, 54.788
403.299655, 243, 23.455, 0, 0, 54.788
