#Timeval(sec), EMA_ReqSize(B), EMA_IAT(ms), SQ_Length(B), Bandwidth(B/s), EMA_RTT(ms)
0.2, 0, 0.000, 0, 0, 0.000
1.260, 0, 0.000, 0, 0, 0.000
2.509, 0, 0.000, 0, 0, 0.000
3.731, 0, 0.000, 0, 0, 0.000
4.978, 0, 0.000, 0, 0, 0.000
5.1181, 921, 0.000, 0, 6442, 0.000
6.1420, 921, 0.000, 0, 0, 55.805
7.1652, 921, 0.000, 0, 0, 55.805
8.1931, 243, 23.590, 0, 4322, 55.805
9.2159, 243, 23.447, 0, 4330, 55.805
10.2406, 243, 23.505, 0, 4338, 55.805
11.2618, 243, 23.398, 0, 4346, 55.805
12.2853, 243, 23.259, 0, 4355, 55.805
13.3106, 243, 23.207, 0, 6543, 54.884
14.3362, 243, 23.420, 0, 4371, 54.884
15.3595, 243, 23.476, 0, 4380, 54.884
16.3860, 243, 23.218, 0, 4387, 54.884
17.4094, 243, 21.791, 0, 4396, 54.884
18.4319, 243, 23.487, 0, 4406, 54.884
19.4583, 243, 23.656, 0, 4414, 54.884
20.4833, 243, 23.462, 0, 4422, 54.332
21.5064, 244, 25.379, 0, 4431, 54.332
22.5317, 243, 23.564, 0, 4439, 54.332
23.5527, 243, 23.520, 0, 4448, 54.332
24.5753, 243, 23.237, 0, 4458, 54.332
25.5999, 243, 23.425, 0, 4466, 54.332
26.6246, 243, 23.470, 0, 4476, 54.630
27.6488, 243, 23.402, 0, 4486, 54.630
28.6740, 243, 23.527, 0, 4495, 54.630
29.6954, 243, 23.358, 0, 4504, 54.630
30.7182, 243, 23.252, 0, 0, 54.630
31.7451, 243, 27.433, 0, 2260, 54.630
32.7703, 243, 23.558, 0, 6795, 54.048
33.7949, 243, 23.268, 0, 4539, 54.048
34.8200, 243, 23.277, 0, 4548, 54.048
35.8423, 243, 23.509, 0, 4557, 54.048
36.8653, 243, 23.401, 0, 4567, 54.048
37.8913, 1439, 0.294, 244720, 109831, 54.048
38.9177, 242, 7.093, 3356920, 110074, 707.897
39.9466, 862, 7.305, 3308508, 117187, 1925.450
40.9794, 587, 0.389, 5407780, 112780, 2542.719
41.10113, 243, 23.472, 6660640, 28718, 3181.322
42.10359, 1448, 0.172, 7231476, 43612, 4873.740
43.12079, 162, 3.952, 10065440, 25491, 5586.463
44.12402, 862, 21.558, 10058524, 12764, 5586.463
45.13578, 1448, 6.611, 12287072, 14347, 5586.463
46.13857, 243, 23.050, 13504288, 12764, 5586.463
47.14046, 1447, 0.227, 13904884, 27126, 5586.463
48.14311, 162, 2.562, 16936752, 14891, 10602.040
49.14580, 243, 23.267, 16928240, 12764, 10602.040
50.14819, 637, 0.389, 18638088, 236682, 12797.012
51.15068, 243, 23.158, 20010116, 161154, 13517.859
52.15308, 1448, 0.199, 20147904, 46272, 14579.527
53.15570, 162, 2.472, 23193604, 249971, 15757.616
54.15832, 243, 23.657, 22752044, 538953, 16641.586
55.16110, 1448, 0.217, 22502536, 4033610, 15635.587
56.16360, 243, 23.057, 20674052, 840854, 15587.144
57.16616, 479, 0.262, 16701608, 4704832, 12462.529
58.16858, 163, 3.769, 15093904, 4686561, 10666.317
59.17111, 243, 23.395, 11773160, 4760173, 9008.370
60.17379, 134, 3.770, 9074324, 1854741, 7371.923
61.17630, 242, 21.935, 8116192, 3727577, 5891.833
62.17897, 49, 33.905, 3541524, 4691078, 3990.204
63.18161, 1447, 0.166, 1835932, 5032619, 687.791
64.18410, 243, 23.465, 0, 0, 501.352
65.18662, 1448, 0.215, 0, 3154133, 10.827
66.18920, 242, 12.985, 0, 8827, 16.002
67.19178, 53, 46.603, 0, 22157, 16.002
68.19403, 1447, 0.499, 0, 2606357, 63.888
69.19696, 243, 22.634, 0, 0, 10.232
70.19918, 241, 1.321, 0, 0, 10.232
71.20151, 1185, 0.247, 0, 2946714, 12.746
72.20415, 243, 23.373, 0, 9109, 7.116
73.20649, 1361, 1.091, 0, 3067981, 9.547
74.20899, 587, 0.506, 0, 2426663, 8.860
75.21140, 243, 23.442, 0, 9236, 9.223
76.21357, 1434, 0.712, 0, 1990406, 19.442
77.21622, 1447, 0.395, 0, 2322838, 10.166
78.21886, 243, 23.466, 0, 0, 4.692
79.22132, 1447, 0.418, 0, 2473585, 11.153
80.22386, 587, 0.402, 0, 2895192, 7.092
81.22636, 243, 23.291, 0, 9526, 119.391
82.22872, 587, 0.630, 0, 3206985, 14.149
83.23134, 162, 4.864, 0, 0, 9.544
84.23367, 862, 13.628, 0, 14547, 9.544
85.23599, 587, 0.670, 0, 0, 15.486
86.23830, 587, 0.670, 0, 0, 15.486
87.24054, 1439, 0.605, 532, 2028917, 9.144
88.24300, 1361, 1.052, 0, 1662173, 6.221
89.24543, 243, 23.472, 0, 10045, 178.921
90.24780, 1448, 0.487, 0, 2186079, 10.485
91.25040, 587, 0.840, 0, 1437357, 8.182
92.25275, 243, 23.232, 0, 10225, 15.158
93.25506, 241, 8.537, 0, 15425, 15.158
94.25720, 881, 0.340, 0, 3719454, 15.429
95.25979, 243, 23.404, 0, 10411, 16.426
96.26207, 1447, 0.250, 0, 2475342, 10.824
97.26455, 1447, 0.262, 185668, 4672919, 131.262
98.26809, 243, 23.275, 0, 0, 118.510
99.27062, 731, 0.286, 0, 3024125, 8.322
100.27304, 242, 10.077, 0, 0, 18.670
101.27544, 67, 13.118, 0, 10960, 18.670
102.27778, 1361, 0.311, 670852, 2047397, 259.548
103.28042, 27, 84.781, 0, 5612, 222.241
104.28315, 243, 23.409, 0, 4785, 28.345
105.28575, 243, 21.539, 0, 4254, 28.345
106.28815, 243, 23.148, 0, 4254, 28.345
107.29067, 243, 23.078, 0, 4254, 28.345
108.29310, 243, 23.119, 0, 4254, 28.345
109.29579, 243, 23.220, 0, 4254, 28.345
110.29820, 243, 23.231, 0, 4254, 28.345
111.30090, 243, 23.325, 0, 5849, 76.725
112.30342, 243, 23.044, 0, 16410, 76.725
113.30559, 243, 23.291, 0, 16567, 76.725
114.30792, 243, 23.485, 0, 16703, 76.725
115.31048, 244, 23.781, 0, 16825, 76.725
116.31277, 243, 22.794, 0, 0, 76.725
117.31536, 243, 23.055, 0, 17124, 60.830
118.31751, 243, 23.649, 0, 0, 60.830
119.31968, 243, 23.165, 0, 0, 60.830
120.32206, 243, 23.434, 0, 0, 60.830
121.32483, 243, 23.196, 0, 0, 60.830
122.32719, 243, 23.253, 0, 0, 60.830
123.32984, 243, 23.318, 0, 0, 32.968
124.33202, 243, 23.426, 0, 0, 32.968
125.33418, 243, 23.352, 0, 0, 32.968
126.33653, 243, 23.347, 0, 0, 32.968
127.33930, 243, 23.319, 0, 0, 32.968
128.34156, 243, 23.384, 0, 0, 32.968
129.34419, 243, 23.366, 0, 9451, 52.279
130.34636, 243, 21.164, 0, 0, 52.279
131.34857, 243, 23.482, 0, 0, 52.279
132.35087, 243, 23.386, 0, 19423, 52.279
133.35359, 243, 23.416, 0, 19572, 52.279
134.35595, 243, 23.807, 0, 0, 52.279
135.35858, 243, 23.477, 0, 0, 52.279
136.36074, 243, 23.444, 0, 0, 54.135
137.36290, 243, 23.284, 0, 0, 54.135
138.36540, 243, 25.337, 0, 0, 54.135
139.36821, 243, 23.378, 0, 0, 54.135
140.37049, 241, 3.214, 0, 0, 54.135
141.37385, 1448, 0.324, 4980584, 253212, 716.966
142.37895, 587, 0.255, 9374904, 42006, 1324.562
143.38149, 1448, 0.188, 14263984, 40420, 2029.511
144.52334, 1361, 1.323, 19160512, 26751, 3026.671
145.52585, 1448, 0.193, 24017672, 42548, 4711.474
146.52837, 1361, 1.056, 28908348, 12764, 4711.474
147.53081, 1448, 0.198, 33526640, 13295, 6216.905
148.53327, 1448, 0.215, 37950220, 14359, 7012.330
149.65565, 587, 0.320, 42730772, 266988, 8789.553
150.65813, 1448, 0.177, 44946552, 332946, 9785.003
151.66057, 587, 0.395, 49792540, 270720, 10706.776
152.66319, 1448, 0.245, 54066096, 314328, 11699.471
153.66606, 587, 0.271, 56432964, 3611208, 12326.802
154.66853, 1448, 0.566, 56753760, 4448745, 12548.446
155.67107, 1448, 0.257, 56455840, 4651240, 12714.728
156.67373, 1439, 0.696, 56627144, 4390471, 12875.259
157.67673, 1361, 1.144, 53415992, 4489221, 12958.418
158.67925, 1361, 1.144, 49778176, 4021756, 13203.891
159.87671, 1448, 0.263, 46809616, 4130327, 13345.810
160.87925, 587, 0.285, 46532976, 4678299, 13491.612
161.88173, 587, 0.334, 47109132, 4654054, 13709.748
162.88428, 1447, 0.183, 49729232, 947989, 14104.960
163.88674, 998, 0.250, 52999968, 1133183, 14895.946
164.91974, 1447, 0.204, 56575008, 1121594, 15609.429
165.92220, 1448, 0.241, 60421900, 536985, 16598.434
166.92470, 1447, 0.582, 60906552, 4269921, 16911.568
167.92724, 1448, 0.284, 60524044, 4518664, 16571.420
168.92996, 1447, 0.189, 60555964, 4563733, 16787.100
169.99143, 241, 11.601, 59424400, 3848799, 16937.061
170.100016, 479, 0.347, 60800684, 4210878, 17183.424
171.100273, 1448, 0.191, 61400248, 3655110, 17230.029
172.100548, 587, 0.298, 61837552, 4055081, 17285.055
173.100789, 1448, 0.419, 63070196, 3407216, 17589.732
174.108639, 587, 0.525, 64394876, 3641910, 17808.604
175.108889, 1448, 0.203, 65075304, 4021714, 15501.156
176.109282, 1439, 0.312, 65112544, 3962999, 15607.958
177.109787, 1439, 0.384, 66007368, 3908407, 15727.741
178.110033, 587, 0.272, 67343752, 3632992, 15947.977
179.110283, 163, 3.681, 68178992, 3373648, 16136.892
180.110550, 1448, 0.209, 67734240, 4284349, 16296.370
181.110809, 1448, 0.223, 68532772, 3624342, 16417.727
182.111057, 220, 0.238, 69768076, 4181499, 16686.900
183.111326, 1448, 0.242, 70786856, 3750553, 16696.586
184.111572, 1448, 0.188, 72180164, 3684922, 16775.854
185.111860, 587, 0.307, 72660028, 3947638, 16827.346
186.112184, 1448, 0.297, 74198572, 4825778, 16576.596
187.112435, 1436, 0.484, 74593316, 3890531, 16841.469
188.112736, 587, 0.259, 75380144, 3043532, 17021.070
189.112965, 1447, 0.213, 75953108, 3154939, 17236.943
190.113234, 243, 23.551, 72808456, 4463989, 17282.359
191.118387, 243, 23.483, 68422648, 4708684, 17334.139
192.118658, 243, 23.292, 63899052, 4677999, 17289.285
193.119040, 243, 23.776, 59311616, 4846500, 17266.588
194.119300, 243, 23.429, 55497708, 3928022, 17399.996
195.119610, 243, 23.351, 51123072, 4105666, 17601.953
196.119929, 243, 23.330, 47311824, 3188094, 17898.986
197.120209, 243, 24.450, 44108652, 4048088, 18179.939
198.120467, 243, 23.747, 40568192, 4381251, 18121.367
199.120722, 243, 23.364, 36945272, 4299068, 18245.035
200.120984, 243, 23.406, 32993576, 4251280, 18438.332
201.121355, 243, 22.890, 28981232, 4257985, 18559.564
202.121890, 243, 23.591, 26064808, 3051971, 18913.859
203.122177, 243, 23.640, 22672244, 3730898, 19275.719
204.122432, 243, 23.734, 19357352, 3131718, 19623.867
205.122685, 243, 23.802, 16354212, 2882611, 19903.562
206.122939, 243, 23.896, 14007028, 967434, 20431.490
207.123194, 243, 23.668, 12350380, 1170229, 21036.279
208.130172, 243, 23.976, 10864504, 2616385, 21585.227
209.130423, 243, 23.428, 10000004, 1087379, 22423.918
210.130721, 243, 23.410, 9004100, 1025389, 23170.488
211.131197, 243, 23.576, 4913552, 4108054, 23293.900
212.131542, 243, 23.455, 1067192, 3626036, 23461.217
213.131806, 243, 24.777, 0, 4640, 4365.827
214.132055, 243, 23.365, 0, 4650, 4365.827
215.132306, 243, 23.130, 0, 5558, 4365.827
216.132572, 243, 24.059, 0, 4785, 816.555
217.132810, 243, 24.423, 0, 4254, 816.555
218.133059, 243, 23.642, 0, 4254, 816.555
219.133299, 243, 23.493, 0, 4254, 816.555
220.133544, 243, 23.199, 0, 4254, 816.555
221.133768, 243, 23.383, 0, 4255, 816.555
222.134008, 36, 26.855, 0, 5317, 108.455
223.134250, 244, 23.638, 0, 0, 108.455
224.134474, 243, 23.442, 0, 0, 108.455
225.134687, 243, 23.473, 0, 0, 108.455
226.134874, 243, 23.148, 0, 0, 108.455
227.135080, 243, 23.226, 0, 0, 108.455
228.135289, 243, 23.184, 0, 0, 108.455
229.135499, 243, 23.155, 0, 0, 60.172
230.135714, 243, 23.515, 0, 0, 60.172
231.135930, 243, 23.235, 0, 0, 60.172
232.136131, 243, 23.142, 0, 0, 60.172
233.136341, 243, 23.322, 0, 4257, 60.172
234.136580, 243, 23.300, 0, 4264, 60.172
235.136833, 243, 23.937, 0, 4273, 34.796
236.137230, 243, 23.596, 0, 4292, 34.796
237.137472, 243, 24.688, 0, 4327, 34.796
238.137672, 243, 23.175, 0, 4364, 34.796
239.137898, 243, 23.850, 0, 4398, 34.796
240.138144, 243, 23.814, 0, 4426, 34.796
241.138371, 243, 23.689, 0, 4458, 52.753
242.148166, 243, 23.300, 0, 4309, 52.753
243.148381, 243, 23.491, 0, 4342, 52.753
244.148598, 243, 20.764, 0, 4371, 52.753
245.148822, 243, 23.640, 0, 4399, 52.753
246.149086, 243, 23.292, 0, 4434, 52.753
247.161583, 243, 23.081, 0, 6384, 53.909
248.161826, 243, 23.266, 0, 4289, 53.909
249.162047, 243, 23.432, 0, 4321, 53.909
250.162264, 243, 23.209, 0, 4355, 53.909
251.162490, 243, 24.864, 0, 4379, 53.909
252.172163, 243, 23.280, 0, 0, 53.909
253.172377, 243, 25.179, 0, 0, 53.909
254.172593, 434, 2.975, 48944, 108446, 521.945
255.172820, 1446, 0.968, 149492, 0, 625.521
256.173042, 515, 13.089, 218652, 102554, 1426.604
257.263614, 761, 0.197, 286216, 144079, 1885.713
258.263844, 1446, 0.483, 358036, 144939, 2252.007
259.264068, 983, 2.670, 554876, 0, 2977.887
260.264291, 1366, 3.893, 675640, 146760, 3233.507
261.264511, 1267, 5.209, 879396, 0, 3946.331
262.274901, 1380, 22.307, 1185296, 16624, 4275.323
263.275145, 1387, 6.846, 1530032, 150502, 4907.199
264.275404, 521, 1.129, 1809864, 151376, 5556.858
265.275658, 213, 4.324, 2122680, 152938, 6260.589
266.275904, 724, 2.606, 2457308, 0, 6892.751
267.276149, 1137, 3.914, 2805768, 0, 7641.294
268.276390, 1353, 1.836, 3177104, 0, 8557.165
269.276635, 1448, 0.304, 3481408, 150378, 9346.472
270.276874, 1429, 13.290, 3762836, 154863, 9871.885
271.277118, 1448, 0.275, 4074588, 0, 10427.426
272.277360, 1401, 3.199, 4352292, 156966, 11183.009
273.277610, 1448, 43.979, 4612972, 0, 11823.929
274.277857, 858, 0.785, 4988564, 47384, 12273.850
275.278113, 1448, 0.620, 5354580, 29783, 13370.117
276.278425, 1447, 0.465, 5698252, 39887, 14673.257
277.278670, 1448, 0.230, 5955208, 42016, 14939.601
278.278908, 210, 3.624, 6378680, 26060, 15812.700
279.279155, 898, 20.541, 6766508, 0, 15812.700
280.279410, 1330, 7.263, 7101136, 27656, 18497.520
281.279689, 639, 5.898, 7482580, 12764, 18497.520
282.279928, 1448, 0.462, 7433636, 411669, 20010.809
283.280173, 1448, 0.448, 7495348, 302098, 20472.908
284.280421, 736, 9.128, 7789012, 88289, 21002.852
285.280848, 1041, 4.273, 7849660, 294601, 21664.598
286.281099, 600, 4.005, 7978404, 92544, 22209.898
287.281341, 243, 23.186, 7833700, 151582, 22807.154
288.281604, 243, 22.419, 7668248, 172323, 23480.047
289.281872, 243, 23.589, 7129864, 558981, 22531.971
290.282149, 243, 22.088, 5678568, 0, 19771.586
291.282373, 243, 23.192, 5307764, 0, 19491.152
292.282603, 243, 23.458, 4958772, 828877, 19858.719
293.282946, 243, 23.293, 4786404, 175922, 20293.605
294.283204, 243, 23.331, 4709796, 0, 20961.957
295.283440, 243, 23.362, 4168220, 319135, 20617.207
296.283732, 243, 23.269, 3202108, 905118, 19109.264
297.283998, 243, 23.279, 2466352, 608755, 18299.568
298.284245, 243, 23.760, 825132, 4375140, 14901.132
299.284531, 243, 23.291, 0, 10707, 3549.560
300.284782, 243, 23.313, 0, 0, 3549.560
301.285033, 241, 12.174, 0, 4579, 3549.560
302.285311, 243, 23.414, 0, 4785, 408.838
303.285566, 243, 22.323, 0, 4254, 408.838
304.285811, 243, 23.204, 0, 4254, 408.838
305.286068, 243, 23.169, 0, 4254, 408.838
306.286334, 243, 23.207, 0, 4254, 408.838
307.286589, 243, 23.155, 0, 4254, 408.838
308.286843, 243, 23.221, 0, 4254, 408.838
309.287109, 243, 23.276, 0, 5849, 152.580
310.287377, 243, 23.363, 0, 7240, 152.580
311.287664, 243, 23.253, 0, 7273, 152.580
312.287914, 243, 23.336, 0, 7299, 152.580
313.288126, 243, 23.257, 0, 7327, 152.580
314.288378, 243, 23.304, 0, 7352, 152.580
315.288591, 243, 22.765, 0, 7382, 63.946
316.288817, 243, 23.526, 0, 7409, 63.946
317.289038, 243, 23.634, 0, 7439, 63.946
318.289292, 243, 23.464, 0, 7463, 63.946
319.289525, 243, 23.525, 0, 7488, 63.946
320.289955, 243, 23.430, 0, 0, 63.946
321.290216, 243, 23.479, 0, 3768, 99.492
322.290475, 243, 23.465, 0, 0, 99.492
323.290697, 243, 23.865, 0, 0, 99.492
324.290953, 244, 23.288, 0, 0, 99.492
325.291180, 243, 23.639, 0, 0, 99.492
326.291464, 243, 23.619, 0, 0, 99.492
327.291915, 243, 25.114, 0, 7688, 99.492
328.292140, 243, 23.575, 0, 7717, 65.235
329.292374, 243, 23.279, 0, 7747, 65.235
330.292632, 243, 23.568, 0, 7772, 65.235
331.292865, 243, 23.435, 0, 7802, 65.235
332.293124, 243, 23.739, 0, 7831, 65.235
333.293351, 243, 23.318, 0, 7864, 65.235
334.293565, 244, 23.681, 0, 7892, 86.099
335.293803, 243, 23.381, 0, 0, 86.099
336.294018, 243, 23.112, 0, 0, 86.099
337.294239, 243, 23.234, 0, 0, 86.099
338.298018, 243, 23.409, 0, 0, 86.099
339.298225, 243, 26.460, 0, 0, 86.099
340.298435, 243, 23.372, 0, 0, 57.701
341.298610, 243, 23.364, 0, 0, 57.701
342.298821, 243, 23.440, 0, 0, 57.701
343.299051, 243, 23.331, 0, 0, 57.701
344.299291, 243, 23.319, 0, 0, 57.701
345.299520, 1068, 20.540, 215460, 108477, 642.234
346.299814, 649, 1.406, 521360, 0, 1323.242
347.300047, 255, 1.886, 808640, 97311, 1879.328
348.300301, 578, 5.341, 1079960, 99725, 2774.431
349.304896, 328, 3.188, 1376284, 98421, 3520.687
350.305141, 1277, 22.432, 1618876, 113211, 4439.906
351.305398, 1299, 11.015, 1913072, 102891, 5166.650
352.305684, 242, 2.214, 2195032, 104384, 5978.232
353.305936, 1186, 24.559, 2500932, 118005, 6804.662
354.310787, 1435, 0.393, 2846200, 110014, 7685.178
355.311018, 1448, 0.434, 3131884, 102063, 8270.179
356.311252, 1447, 0.218, 3450020, 102577, 9054.769
357.311445, 1446, 0.570, 3722936, 108480, 9519.769
358.311683, 1447, 0.238, 4025112, 104694, 10509.704
359.311948, 1448, 0.470, 4382616, 118279, 11528.644
360.312191, 1448, 0.397, 4661384, 118864, 12332.996
361.312435, 1328, 11.768, 4964092, 45815, 12946.124
362.312673, 1448, 0.200, 5025272, 43080, 13977.563
363.312922, 243, 23.310, 5161464, 28188, 14748.725
364.313161, 1327, 195.053, 5142844, 25529, 15642.000
365.313649, 1448, 0.250, 5694528, 25523, 15642.000
366.313951, 1447, 0.467, 6682452, 14358, 17226.658
367.314191, 1446, 0.702, 7017080, 27125, 17226.658
368.314420, 1448, 0.485, 7299572, 101588, 17226.658
369.314666, 688, 7.380, 7374052, 306354, 20773.676
370.314891, 1328, 53.664, 7434700, 247324, 20341.143
371.322609, 662, 13.718, 7524076, 379050, 20797.445
372.322958, 1340, 1.010, 7139440, 772717, 19182.568
373.323272, 338, 11.366, 3768156, 4899240, 8694.418
374.323562, 1447, 0.494, 0, 1250574, 479.720
375.323800, 1104, 4.081, 0, 303853, 9.208
376.324031, 1448, 0.336, 0, 357406, 7.809
377.324262, 1273, 10.977, 0, 374231, 7.851
378.324493, 244, 23.364, 0, 5284, 6.123
379.324749, 243, 23.298, 0, 5297, 6.123
380.324989, 241, 6.270, 0, 7965, 6.123
381.325229, 243, 23.762, 0, 4786, 17.791
382.325470, 243, 23.407, 0, 4254, 17.791
383.325715, 243, 23.151, 0, 4254, 17.791
384.325950, 243, 23.348, 0, 4254, 17.791
385.326189, 243, 23.182, 0, 4254, 17.791
386.326441, 243, 23.468, 0, 4254, 17.791
387.326695, 243, 23.596, 0, 4785, 8.857
388.326943, 243, 23.406, 0, 4254, 8.857
389.327190, 243, 23.199, 0, 4786, 8.857
390.327422, 243, 23.522, 0, 4255, 8.857
391.327674, 243, 23.395, 0, 40849, 8.857
392.327884, 243, 23.320, 0, 41947, 8.857
393.328106, 243, 23.397, 0, 0, 8.857
394.328314, 243, 23.272, 0, 0, 54.365
395.328525, 243, 23.278, 0, 0, 54.365
396.328733, 243, 23.265, 0, 0, 54.365
397.328944, 243, 23.228, 0, 0, 54.365
398.329163, 243, 23.061, 0, 0, 54.365
399.329383, 243, 23.291, 0, 0, 54.365
400.329597, 243, 23.701, 0, 0, 53.911
401.329813, 243, 23.315, 0, 0, 53.911
402.330022, 243, 23.862, 0, 0, 53.911
403.330239, 243, 23.429, 0, 0, 53.911
404.330464, 243, 23.393, 0, 0, 53.911
405.330686, 243, 23.279, 0, 0, 53.911
406.330899, 243, 23.489, 0, 0, 53.911
407.331116, 243, 23.489, 0, 0, 53.911
408.331344, 243, 23.489, 0, 0, 53.911
409.331558, 243, 23.489, 0, 0, 53.911
410.336195, 243, 23.489, 0, 0, 53.911
411.336407, 243, 23.489, 0, 0, 53.911
