#Timeval(sec), EMA_ReqSize(B), EMA_IAT(ms), SQ_Length(B), Bandwidth(B/s), EMA_RTT(ms), BT_State, WFD_State
0.2, 0, 0.000, 0, 0, 0.000, 2, 0
0.250241, 0, 0.000, 0, 0, 0.000, 2, 0
0.500426, 0, 0.000, 0, 0, 0.000, 2, 0
0.750600, 0, 0.000, 0, 0, 0.000, 2, 0
1.743, 0, 0.000, 0, 0, 0.000, 2, 0
1.250929, 0, 0.000, 0, 0, 0.000, 2, 0
1.501074, 0, 0.000, 0, 0, 0.000, 2, 0
1.751261, 0, 0.000, 0, 0, 0.000, 2, 0
2.1404, 0, 0.000, 0, 0, 0.000, 2, 0
2.251547, 0, 0.000, 0, 0, 0.000, 2, 0
2.501752, 0, 0.000, 0, 0, 0.000, 2, 0
2.751900, 0, 0.000, 0, 0, 0.000, 2, 0
3.2087, 0, 0.000, 0, 0, 0.000, 2, 0
3.252239, 0, 0.000, 0, 0, 0.000, 2, 0
3.502407, 0, 0.000, 0, 0, 0.000, 2, 0
3.752594, 0, 0.000, 0, 0, 0.000, 2, 0
4.2738, 0, 0.000, 0, 0, 0.000, 2, 0
4.252915, 0, 0.000, 0, 0, 0.000, 2, 0
4.503054, 0, 0.000, 0, 0, 0.000, 2, 0
4.753195, 0, 0.000, 0, 0, 0.000, 2, 0
5.3399, 921, 0.000, 0, 0, 0.000, 2, 0
5.253628, 921, 0.000, 0, 0, 58.007, 2, 0
5.503812, 921, 0.000, 0, 0, 58.007, 2, 0
5.753955, 921, 0.000, 0, 0, 58.007, 2, 0
6.4102, 921, 0.000, 0, 0, 58.007, 2, 0
6.254286, 921, 0.000, 0, 0, 58.007, 2, 0
6.504468, 921, 0.000, 0, 0, 58.007, 2, 0
6.754610, 921, 0.000, 0, 0, 58.007, 2, 0
7.4758, 921, 0.000, 0, 0, 58.007, 2, 0
7.254950, 921, 0.000, 0, 0, 58.007, 2, 0
7.505149, 243, 0.148, 0, 0, 58.007, 2, 0
7.755344, 243, 18.166, 0, 0, 58.007, 2, 0
8.5518, 243, 23.552, 0, 0, 58.007, 2, 0
8.255687, 243, 23.269, 0, 0, 58.007, 2, 0
8.505890, 243, 23.407, 0, 0, 58.007, 2, 0
8.756090, 243, 23.387, 0, 0, 58.007, 2, 0
9.6286, 243, 23.412, 0, 0, 58.007, 2, 0
9.256451, 243, 23.340, 0, 0, 58.007, 2, 0
9.506615, 243, 23.478, 0, 0, 58.007, 2, 0
9.756809, 243, 23.458, 0, 0, 58.007, 2, 0
10.6979, 243, 23.567, 0, 0, 58.007, 2, 0
10.257187, 243, 23.499, 0, 0, 58.007, 2, 0
10.507394, 243, 23.403, 0, 0, 58.007, 2, 0
10.757561, 243, 23.363, 0, 0, 58.007, 2, 0
11.7756, 243, 23.402, 0, 0, 58.007, 2, 0
11.257920, 243, 23.322, 0, 0, 58.007, 2, 0
11.508120, 243, 23.428, 0, 0, 58.007, 2, 0
11.758282, 243, 23.255, 0, 383114, 58.007, 2, 0
12.8448, 243, 23.311, 0, 381760, 58.007, 2, 0
12.258654, 243, 23.311, 0, 0, 58.007, 2, 0
12.508854, 243, 23.211, 0, 0, 58.007, 2, 0
12.759030, 243, 23.353, 0, 0, 58.007, 2, 0
13.9197, 243, 23.168, 0, 0, 62.423, 2, 0
13.259365, 243, 23.227, 0, 0, 62.423, 2, 0
13.509564, 243, 23.162, 0, 0, 62.423, 2, 0
13.759763, 243, 23.458, 0, 0, 62.423, 2, 0
14.9938, 243, 23.391, 0, 0, 62.423, 2, 0
14.260104, 243, 23.325, 0, 0, 62.423, 2, 0
14.510305, 243, 23.319, 0, 0, 62.423, 2, 0
14.760486, 243, 23.359, 0, 0, 62.423, 2, 0
15.10684, 243, 23.591, 0, 0, 62.423, 2, 0
15.260874, 243, 23.714, 0, 0, 62.423, 2, 0
15.511080, 243, 23.436, 0, 0, 62.423, 2, 0
15.761295, 243, 23.365, 0, 0, 62.423, 2, 0
16.11469, 243, 23.220, 0, 0, 62.423, 2, 0
16.261672, 243, 23.509, 0, 0, 62.423, 2, 0
16.511870, 243, 23.529, 0, 0, 62.423, 2, 0
16.762063, 243, 40.884, 0, 0, 62.423, 2, 0
17.12263, 243, 21.845, 0, 0, 62.423, 2, 0
17.262456, 243, 23.601, 0, 0, 62.423, 2, 0
17.512655, 243, 23.511, 0, 0, 62.423, 2, 0
17.762830, 243, 23.458, 0, 0, 62.423, 2, 0
18.13004, 243, 23.511, 0, 0, 62.423, 2, 0
18.263201, 243, 23.381, 0, 0, 62.423, 2, 0
18.513406, 243, 23.416, 0, 0, 62.423, 2, 0
18.763587, 243, 23.397, 0, 0, 62.423, 2, 0
19.13753, 243, 23.645, 0, 0, 62.423, 2, 0
19.263919, 243, 23.410, 0, 0, 62.423, 2, 0
19.514115, 243, 23.383, 0, 0, 167.828, 2, 0
19.764317, 243, 23.686, 0, 0, 167.828, 2, 0
20.14498, 243, 23.424, 0, 0, 167.828, 2, 0
20.264689, 243, 33.686, 0, 0, 167.828, 2, 0
20.514895, 243, 22.457, 0, 0, 167.828, 2, 0
20.765084, 243, 23.644, 0, 0, 167.828, 2, 0
21.15298, 244, 25.440, 0, 0, 167.828, 2, 0
21.265472, 243, 23.083, 0, 0, 167.828, 2, 0
21.515653, 243, 23.637, 0, 0, 167.828, 2, 0
21.765855, 243, 23.419, 0, 0, 167.828, 2, 0
22.16049, 243, 23.636, 0, 0, 167.828, 2, 0
22.266243, 243, 23.174, 0, 0, 167.828, 2, 0
22.516428, 243, 23.537, 0, 0, 167.828, 2, 0
22.766603, 243, 23.253, 0, 0, 167.828, 2, 0
23.16798, 243, 23.532, 0, 0, 167.828, 2, 0
23.266965, 243, 23.361, 0, 0, 167.828, 2, 0
23.517162, 243, 23.465, 0, 0, 167.828, 2, 0
23.767329, 243, 23.697, 0, 0, 167.828, 2, 0
24.17494, 243, 23.257, 0, 0, 167.828, 2, 0
24.267754, 243, 24.427, 0, 0, 167.828, 2, 0
24.517950, 243, 22.445, 0, 0, 167.828, 2, 0
24.768124, 243, 23.704, 0, 0, 167.828, 2, 0
25.18313, 243, 23.424, 0, 0, 167.828, 2, 0
25.268476, 243, 39.551, 0, 0, 167.828, 2, 0
25.518675, 243, 22.095, 0, 0, 66.089, 2, 0
25.768870, 243, 23.700, 0, 0, 66.089, 2, 0
26.19044, 243, 23.451, 0, 0, 66.089, 2, 0
26.269232, 243, 23.290, 0, 0, 66.089, 2, 0
26.519432, 244, 23.624, 0, 0, 66.089, 2, 0
26.769577, 243, 23.334, 0, 0, 66.089, 2, 0
27.19767, 243, 23.406, 0, 0, 66.089, 2, 0
27.269928, 243, 23.443, 0, 0, 66.089, 2, 0
27.520088, 243, 23.482, 0, 0, 66.089, 2, 0
27.770283, 243, 23.208, 0, 0, 66.089, 2, 0
28.20496, 243, 23.591, 0, 0, 66.089, 2, 0
28.270692, 243, 23.187, 0, 0, 66.089, 2, 0
28.520854, 243, 23.465, 0, 0, 66.089, 2, 0
28.771014, 243, 23.442, 0, 0, 66.089, 2, 0
29.21208, 243, 23.365, 0, 0, 66.089, 2, 0
29.271372, 243, 23.841, 0, 0, 66.089, 2, 0
29.521566, 243, 23.427, 0, 0, 66.089, 2, 0
29.771756, 243, 23.273, 0, 0, 66.089, 2, 0
30.21926, 243, 23.669, 0, 156069, 66.089, 2, 0
30.272124, 243, 23.669, 0, 0, 66.089, 2, 0
30.522329, 243, 23.493, 0, 0, 66.089, 2, 0
30.772502, 243, 23.250, 0, 0, 66.089, 2, 0
31.22671, 243, 27.390, 0, 0, 66.089, 2, 0
31.272857, 243, 23.008, 0, 0, 66.089, 2, 0
31.523069, 243, 29.364, 0, 0, 66.089, 2, 0
31.773268, 243, 23.077, 0, 0, 66.089, 2, 0
32.23443, 243, 23.527, 0, 0, 55.749, 2, 0
32.273611, 243, 23.519, 0, 0, 55.749, 2, 0
32.523807, 243, 25.558, 0, 0, 55.749, 2, 0
32.773970, 243, 23.153, 0, 0, 55.749, 2, 0
33.24164, 243, 23.379, 0, 0, 55.749, 2, 0
33.274325, 243, 23.316, 0, 0, 55.749, 2, 0
33.524482, 243, 23.276, 0, 0, 55.749, 2, 0
33.774674, 243, 23.521, 0, 0, 55.749, 2, 0
34.24843, 243, 23.298, 0, 0, 55.749, 2, 0
34.275034, 243, 23.736, 0, 0, 55.749, 2, 0
34.525205, 243, 23.391, 0, 0, 55.749, 2, 0
34.775361, 243, 23.355, 0, 0, 55.749, 2, 0
35.25580, 243, 23.581, 0, 0, 55.749, 2, 0
35.275749, 243, 23.732, 0, 0, 55.749, 2, 0
35.525938, 243, 23.485, 0, 0, 55.749, 2, 0
35.776098, 243, 23.386, 0, 0, 55.749, 2, 0
36.26262, 243, 23.389, 0, 0, 55.749, 2, 0
36.276461, 243, 23.352, 0, 0, 55.749, 2, 0
36.526681, 243, 23.973, 0, 0, 55.749, 2, 0
36.776889, 54, 21.843, 0, 156024, 55.749, 2, 0
37.27086, 1448, 0.207, 275400, 0, 42.933, 2, 0
37.277324, 1447, 0.191, 1008180, 0, 42.933, 2, 1
37.527605, 1448, 0.202, 1866780, 122981, 195.272, 2, 1
37.777873, 472, 0.438, 2785320, 51783, 716.042, 2, 1
38.28115, 242, 7.102, 3433320, 0, 716.042, 2, 1
38.278353, 242, 7.102, 3420360, 51790, 716.042, 2, 1
38.528596, 243, 23.291, 3407400, 58263, 1433.647, 2, 1
38.778825, 243, 23.291, 3408480, 0, 1433.647, 2, 1
39.29064, 243, 23.380, 3396600, 51791, 1433.647, 2, 1
39.279272, 54, 16.703, 3402000, 0, 1433.647, 2, 1
39.529502, 874, 0.282, 3844260, 0, 1433.647, 2, 1
39.779745, 1447, 0.174, 4664520, 60420, 2572.679, 2, 1
40.29973, 246, 0.489, 5590080, 0, 2572.679, 2, 1
40.280205, 1434, 0.599, 6556140, 51792, 2572.679, 2, 1
40.530447, 242, 4.272, 6892560, 0, 2572.679, 2, 1
40.780716, 244, 22.814, 6880680, 51791, 2572.679, 2, 1
41.30931, 243, 23.470, 6880680, 6474, 3768.634, 2, 1
41.281154, 243, 30.804, 6881760, 0, 3768.634, 2, 1
41.531382, 862, 9.091, 6871500, 51792, 3768.634, 2, 1
41.781617, 241, 3.331, 6875280, 0, 3768.634, 2, 1
42.31859, 1447, 0.197, 7495740, 58262, 4882.116, 2, 1
42.282100, 1372, 0.437, 8374320, 0, 4882.116, 2, 1
42.532367, 1447, 0.205, 9240480, 51785, 4882.116, 2, 1
42.782605, 587, 0.251, 10115820, 0, 4882.116, 2, 1
43.32842, 162, 3.953, 10365300, 0, 4882.116, 2, 1
43.283074, 242, 14.797, 10352880, 53949, 4882.116, 2, 1
43.533322, 243, 23.226, 10353960, 0, 4882.116, 2, 1
43.783573, 243, 23.229, 10193580, 643044, 4882.116, 0, 2
44.33807, 862, 21.506, 10079100, 474758, 6982.509, 0, 2
44.284045, 54, 15.192, 10004580, 323690, 7221.625, 0, 2
44.534271, 86, 3.169, 10609920, 51792, 7422.305, 0, 2
44.784504, 1306, 0.244, 11436120, 94950, 7529.287, 0, 2
45.34743, 587, 0.470, 12333600, 97106, 7926.109, 0, 2
45.284987, 385, 0.274, 13096620, 116525, 7926.109, 0, 2
45.535234, 242, 3.959, 13413600, 99259, 8391.970, 0, 2
45.785477, 241, 4.069, 13415220, 0, 8391.970, 3, 2
46.35779, 243, 22.921, 13368780, 194164, 8821.035, 3, 2
46.286025, 243, 23.249, 13301820, 278363, 9078.262, 3, 2
46.536275, 862, 9.965, 13153860, 614984, 9325.871, 3, 2
46.786545, 241, 2.808, 12532320, 2548187, 9383.827, 0, 2
47.51497, 874, 0.327, 11914560, 4035825, 9360.528, 0, 2
47.301737, 151, 2.504, 11524140, 5461755, 7862.320, 0, 2
47.551981, 1329, 0.210, 11078640, 5659038, 7789.415, 0, 2
47.802220, 1185, 0.285, 10605060, 4738170, 7759.023, 0, 2
48.52460, 162, 2.590, 10232460, 3934976, 7738.392, 0, 2
48.302706, 242, 8.495, 9266400, 3210360, 6250.269, 0, 2
48.552978, 244, 23.312, 8067060, 4479934, 6119.288, 0, 2
48.803267, 243, 23.411, 6827220, 5222916, 6034.676, 0, 2
49.53528, 243, 23.396, 5753700, 4076040, 4511.688, 0, 2
49.303772, 54, 16.956, 4764420, 3310476, 4461.584, 0, 2
49.554025, 1448, 0.225, 4251420, 2492139, 4484.980, 0, 2
49.804262, 1439, 0.371, 4123440, 5270630, 4477.892, 0, 2
50.54499, 1448, 0.191, 4030560, 4076211, 2914.285, 0, 2
50.304740, 1447, 0.222, 3815640, 5025435, 2845.788, 0, 2
50.554987, 119, 0.726, 4141800, 784297, 2792.814, 0, 2
50.805236, 242, 20.487, 3907980, 2059154, 2945.890, 0, 2
51.55478, 243, 23.541, 2915460, 4779531, 1451.735, 0, 2
51.305717, 243, 23.559, 1661040, 5702884, 1289.859, 0, 2
51.555959, 243, 23.559, 450900, 5210717, 1212.450, 0, 2
51.806207, 297, 16.922, 0, 21771, 1200.195, 0, 2
52.56428, 400, 0.280, 0, 348626, 1200.195, 0, 2
52.306646, 1439, 0.342, 1620, 3042160, 30.141, 0, 2
52.556877, 1041, 0.821, 0, 2484611, 12.815, 0, 2
52.807107, 1447, 0.219, 1080, 4378201, 23.716, 0, 2
53.57342, 1447, 0.207, 1620, 3057855, 10.703, 0, 2
53.307575, 162, 2.408, 0, 0, 13.571, 0, 2
53.557779, 242, 13.241, 0, 0, 13.571, 0, 2
53.807952, 243, 23.274, 0, 0, 13.571, 0, 2
54.58128, 243, 23.653, 0, 0, 13.571, 0, 2
54.308327, 862, 20.867, 0, 0, 13.571, 0, 2
54.558505, 54, 15.933, 0, 0, 13.571, 0, 2
54.808699, 184, 0.357, 0, 3477768, 39.071, 0, 2
55.58933, 1322, 3.877, 1620, 1921628, 8.766, 0, 2
55.309157, 153, 3.600, 0, 2018447, 13.067, 0, 2
55.559388, 115, 3.637, 199800, 2060197, 128.622, 0, 2
55.809621, 242, 4.451, 193860, 4822010, 210.610, 0, 2
56.59857, 243, 23.069, 0, 21678, 271.646, 0, 2
56.310071, 243, 23.342, 0, 21669, 271.646, 0, 2
56.560248, 243, 23.472, 0, 21668, 271.646, 0, 2
56.810448, 243, 23.481, 0, 21671, 271.646, 0, 2
57.60699, 54, 16.302, 0, 0, 37.876, 0, 2
57.310899, 1447, 0.462, 0, 2349190, 12.223, 0, 2
57.561147, 1447, 0.212, 0, 3298815, 16.221, 0, 2
57.811381, 1448, 0.235, 540, 3512457, 16.703, 0, 2
58.61611, 1448, 0.387, 0, 2689736, 7.498, 0, 2
58.311835, 1447, 0.343, 0, 2796584, 16.404, 0, 2
58.562073, 44, 4.258, 0, 2653615, 10.422, 0, 2
58.812298, 242, 13.489, 0, 0, 10.996, 0, 2
59.62511, 243, 23.384, 0, 0, 10.996, 0, 2
59.312731, 243, 23.405, 0, 0, 10.996, 0, 2
59.562934, 244, 23.409, 0, 0, 10.996, 0, 2
59.813109, 53, 41.172, 0, 10768, 10.996, 0, 2
60.63300, 88, 40.096, 0, 10762, 10.996, 0, 2
60.313503, 102, 2.399, 0, 3152670, 16.274, 0, 2
60.563714, 1447, 0.188, 0, 2592327, 48.150, 0, 2
60.813969, 587, 0.260, 197100, 2278298, 127.745, 0, 2
61.64213, 1448, 0.202, 118800, 4981841, 95.954, 0, 2
61.314491, 168, 3.628, 0, 32204, 55.929, 0, 2
61.564706, 242, 21.788, 0, 0, 55.929, 0, 2
61.814953, 243, 23.415, 0, 0, 55.929, 0, 2
62.65146, 243, 23.433, 0, 0, 55.929, 0, 2
62.315321, 243, 23.448, 0, 0, 55.929, 0, 2
62.565507, 49, 33.890, 0, 10698, 55.929, 0, 2
62.815735, 1447, 0.384, 540, 2972555, 44.928, 0, 2
63.65974, 1447, 0.183, 408240, 4946775, 212.899, 0, 2
63.316225, 189, 7.732, 827820, 3182878, 320.106, 0, 2
63.566456, 472, 0.276, 1419660, 4274603, 492.944, 0, 2
63.816704, 162, 3.602, 1808460, 2488332, 663.692, 0, 2
64.66945, 242, 12.352, 1624320, 2156029, 843.253, 0, 2
64.317191, 243, 23.286, 1531440, 0, 878.539, 0, 2
64.567400, 243, 23.487, 1294920, 756884, 1191.202, 0, 2
64.817626, 243, 23.722, 1152900, 2823598, 1442.805, 0, 2
65.67874, 54, 15.475, 1043820, 0, 1562.427, 0, 2
65.318086, 587, 0.228, 1056780, 3075257, 1772.362, 0, 2
65.568320, 1447, 0.377, 1803060, 510476, 1969.183, 0, 2
65.818565, 587, 0.252, 2690820, 0, 2027.335, 0, 2
66.68857, 1447, 0.360, 2961360, 3669932, 920.130, 0, 2
66.319249, 162, 2.641, 2223180, 5389328, 838.312, 0, 2
66.569487, 242, 13.019, 1107000, 4668741, 764.056, 0, 2
66.819802, 243, 23.182, 0, 2899597, 667.270, 0, 2
67.70114, 243, 23.343, 0, 0, 649.717, 0, 2
67.320307, 862, 22.396, 0, 31574, 649.717, 0, 2
67.570579, 54, 30.162, 0, 0, 649.717, 0, 2
67.820830, 163, 2.872, 0, 2319758, 35.157, 0, 2
68.71067, 247, 0.684, 0, 2737762, 10.284, 0, 2
68.321371, 1361, 1.152, 0, 3109223, 7.305, 0, 2
68.571665, 881, 0.360, 0, 2382306, 5.775, 0, 2
68.821888, 385, 0.279, 0, 2809671, 17.554, 0, 2
69.72120, 242, 4.862, 0, 0, 9.063, 0, 2
69.322330, 243, 22.617, 0, 0, 9.063, 0, 2
69.572510, 243, 23.251, 0, 0, 9.063, 0, 2
69.822748, 243, 23.211, 0, 0, 9.063, 0, 2
70.72937, 862, 9.261, 0, 31251, 9.063, 0, 2
70.323141, 241, 1.310, 0, 0, 9.063, 0, 2
70.573343, 587, 0.273, 0, 3040669, 76.450, 0, 2
70.823578, 587, 3.738, 13500, 3975102, 82.047, 0, 2
71.73810, 587, 0.610, 0, 2350584, 5.496, 0, 2
71.324023, 587, 0.522, 540, 2297561, 8.757, 0, 2
71.574257, 1448, 0.577, 0, 2076604, 12.163, 0, 2
71.824518, 1448, 0.594, 0, 2023793, 12.614, 0, 2
72.74742, 162, 3.976, 0, 0, 5.575, 0, 2
72.324939, 242, 10.408, 0, 0, 5.575, 0, 2
72.575110, 243, 23.368, 0, 0, 5.575, 0, 2
72.825301, 243, 23.535, 0, 0, 5.575, 0, 2
73.75480, 243, 23.605, 0, 0, 5.575, 0, 2
73.325666, 54, 15.737, 0, 0, 16.485, 0, 2
73.575867, 1448, 1.068, 0, 1835217, 6.738, 0, 2
73.826084, 1448, 0.456, 0, 2093303, 4.714, 0, 2
74.76296, 1447, 0.557, 0, 1564465, 11.270, 0, 2
74.326520, 1019, 0.487, 0, 2215787, 5.093, 0, 2
74.576738, 1448, 0.572, 540, 2193901, 7.301, 0, 2
74.826956, 1185, 0.383, 0, 2410436, 25.454, 0, 2
75.77198, 1324, 3.453, 0, 2294485, 13.052, 0, 2
75.327430, 242, 0.761, 0, 0, 6.648, 0, 2
75.577628, 243, 23.222, 0, 0, 6.648, 0, 2
75.827858, 243, 23.521, 0, 0, 6.648, 0, 2
76.78048, 243, 23.390, 0, 0, 6.648, 0, 2
76.328261, 73, 12.288, 0, 20621, 6.648, 0, 2
76.578444, 73, 3.659, 0, 41228, 6.648, 0, 2
76.828619, 211, 0.562, 540, 2194492, 4.771, 0, 2
77.78849, 1448, 0.889, 0, 3294251, 18.328, 0, 2
77.329086, 1447, 0.225, 0, 2151599, 17.708, 0, 2
77.579386, 1448, 0.362, 0, 3066421, 12.747, 0, 2
77.829697, 648, 0.274, 0, 2822801, 20.953, 0, 2
78.79932, 242, 17.328, 0, 0, 23.435, 0, 2
78.330146, 243, 23.235, 0, 0, 23.435, 0, 2
78.580352, 243, 23.389, 0, 20580, 23.435, 0, 2
78.830584, 243, 23.699, 0, 20567, 23.435, 0, 2
79.80766, 298, 15.917, 0, 41115, 23.435, 0, 2
79.330958, 1447, 0.257, 0, 2332235, 36.373, 0, 2
79.581271, 1447, 0.243, 0, 3700524, 12.339, 0, 2
79.831506, 1019, 0.311, 0, 3666849, 12.033, 0, 2
80.81746, 1439, 0.352, 0, 3611184, 6.499, 0, 2
80.331964, 1448, 0.217, 1620, 3344002, 14.991, 0, 2
80.582196, 242, 9.180, 0, 0, 12.131, 0, 2
80.832403, 243, 23.246, 0, 0, 12.131, 0, 2
81.82619, 243, 23.363, 0, 0, 12.131, 0, 2
81.332796, 243, 23.294, 0, 0, 12.131, 0, 2
81.582967, 67, 12.535, 0, 20452, 12.131, 0, 2
81.833195, 241, 7.219, 0, 0, 16.801, 0, 2
82.83386, 188, 2.775, 0, 3308624, 12.898, 0, 2
82.333613, 86, 3.716, 0, 2684838, 10.577, 0, 2
82.583837, 724, 0.388, 0, 3989343, 14.929, 0, 2
82.834066, 587, 0.258, 0, 3610331, 13.853, 0, 2
83.84308, 162, 4.784, 0, 0, 11.611, 0, 2
83.334511, 242, 20.827, 0, 0, 11.611, 0, 2
83.584717, 243, 23.290, 0, 0, 11.611, 0, 2
83.834909, 243, 23.558, 0, 0, 11.611, 0, 2
84.85086, 862, 13.471, 0, 30544, 11.611, 0, 2
84.335289, 49, 8.485, 0, 0, 11.611, 0, 2
84.585462, 1447, 0.186, 0, 2839692, 16.719, 0, 2
84.835747, 587, 0.441, 0, 0, 66.536, 0, 2
85.85949, 587, 0.441, 0, 0, 66.536, 0, 2
85.336099, 587, 0.441, 0, 0, 66.536, 0, 2
85.586298, 587, 0.441, 0, 0, 66.536, 0, 2
85.836514, 587, 0.441, 0, 0, 66.536, 0, 2
86.86689, 587, 0.441, 0, 0, 66.536, 0, 2
86.336834, 866, 149.767, 0, 0, 66.536, 0, 2
86.586999, 243, 0.187, 0, 0, 66.536, 0, 2
86.837202, 1447, 0.188, 0, 3662633, 65.050, 0, 2
87.87431, 199, 4.193, 0, 3457899, 19.959, 0, 2
87.337666, 587, 0.220, 0, 2857678, 10.650, 0, 2
87.587893, 587, 0.216, 3780, 4527430, 21.866, 0, 2
87.838155, 242, 2.759, 0, 0, 37.757, 0, 2
88.88363, 243, 23.211, 0, 0, 37.757, 0, 2
88.338555, 243, 23.331, 0, 0, 37.757, 0, 2
88.588809, 243, 23.278, 0, 0, 37.757, 0, 2
88.839002, 862, 9.046, 0, 30282, 37.757, 0, 2
89.89233, 241, 5.226, 0, 20165, 37.757, 0, 2
89.339420, 1448, 0.223, 0, 2883440, 12.459, 0, 2
89.589655, 1448, 0.225, 0, 3616926, 37.747, 0, 2
89.839938, 1448, 0.185, 0, 4024144, 15.210, 0, 2
90.90164, 587, 0.255, 0, 4132422, 20.386, 0, 2
90.340396, 119, 0.188, 0, 3134744, 37.179, 0, 2
90.590666, 242, 8.398, 0, 0, 85.949, 0, 2
90.840864, 243, 23.182, 0, 0, 85.949, 0, 2
91.91035, 243, 23.401, 0, 0, 85.949, 0, 2
91.341208, 243, 23.522, 0, 0, 85.949, 0, 2
91.591411, 53, 44.172, 0, 20065, 85.949, 0, 2
91.841592, 71, 13.094, 0, 20060, 85.949, 0, 2
92.91795, 247, 1.224, 0, 2246530, 16.275, 0, 2
92.342019, 816, 0.426, 0, 2365607, 6.207, 0, 2
92.592239, 587, 0.695, 0, 1943815, 8.237, 0, 2
92.842435, 1361, 1.097, 0, 2144049, 9.100, 0, 2
93.92651, 1447, 0.413, 0, 2463511, 24.817, 0, 2
93.342885, 1406, 0.530, 0, 2272103, 13.823, 0, 2
93.593112, 242, 13.013, 0, 20003, 15.248, 0, 2
93.843317, 243, 23.402, 0, 20002, 15.248, 0, 2
94.93533, 243, 23.574, 0, 20005, 15.248, 0, 2
94.343758, 243, 23.419, 0, 30012, 13.509, 0, 2
94.593969, 862, 21.680, 0, 0, 13.509, 0, 2
94.844164, 241, 12.997, 0, 19982, 13.509, 0, 2
95.94395, 155, 2.089, 0, 2096156, 6.070, 0, 2
95.344627, 1361, 0.968, 0, 1975463, 17.444, 0, 2
95.594852, 205, 2.249, 0, 2443122, 56.305, 0, 2
95.845078, 536, 0.263, 158760, 1734378, 97.845, 0, 2
96.95309, 1447, 0.222, 167400, 4743310, 107.995, 0, 2
96.345556, 162, 3.431, 0, 0, 50.255, 0, 2
96.595762, 242, 21.197, 0, 0, 50.255, 0, 2
96.845965, 243, 23.333, 0, 0, 50.255, 0, 2
97.96146, 243, 23.307, 0, 0, 50.255, 0, 2
97.346318, 862, 13.877, 0, 29851, 50.255, 0, 2
97.596521, 49, 32.667, 0, 0, 50.255, 0, 2
97.846712, 1446, 0.268, 0, 2994141, 75.416, 0, 2
98.96956, 1447, 0.212, 540, 3060839, 11.082, 0, 2
98.347196, 1447, 0.415, 0, 3438480, 21.192, 0, 2
98.597513, 1434, 1.166, 0, 2677784, 14.715, 0, 2
98.847741, 587, 0.262, 0, 2458329, 15.158, 0, 2
99.97973, 242, 10.086, 0, 0, 13.246, 0, 2
99.348191, 243, 23.211, 0, 0, 13.246, 0, 2
99.598445, 243, 23.363, 0, 0, 13.246, 0, 2
99.848634, 243, 23.443, 0, 0, 13.246, 0, 2
100.98845, 67, 13.183, 0, 19768, 13.246, 0, 2
100.349087, 400, 0.337, 0, 316124, 13.246, 0, 2
100.599332, 1361, 0.890, 52920, 2703750, 83.966, 0, 2
100.849611, 1041, 0.170, 233280, 1970766, 108.934, 0, 2
101.99885, 881, 0.220, 70740, 5777347, 82.828, 0, 2
101.350162, 163, 3.980, 0, 1974060, 6.809, 0, 2
101.600386, 162, 7.623, 0, 0, 13.484, 0, 2
101.850657, 242, 20.967, 0, 0, 13.484, 0, 2
102.100847, 243, 23.444, 0, 0, 13.484, 0, 2
102.351085, 243, 23.395, 0, 0, 13.484, 0, 2
102.601309, 243, 23.736, 0, 0, 13.484, 0, 2
102.851530, 243, 23.481, 0, 0, 7.280, 0, 2
103.101721, 243, 23.425, 0, 0, 7.280, 0, 2
103.351891, 243, 23.130, 0, 0, 7.280, 0, 2
103.602089, 243, 23.332, 0, 0, 7.280, 0, 2
103.852262, 243, 24.975, 0, 0, 7.280, 0, 2
104.102470, 27, 54.419, 0, 9879, 7.280, 1, 2
104.352721, 241, 18.351, 0, 4315, 7.280, 1, 2
104.602989, 243, 25.636, 0, 4315, 7.280, 1, 2
104.853211, 243, 24.143, 0, 4316, 7.280, 1, 2
105.103440, 243, 23.186, 0, 4316, 7.280, 1, 2
105.353647, 243, 23.082, 0, 4316, 7.280, 1, 2
105.603860, 243, 22.999, 0, 4316, 7.280, 1, 2
105.854021, 243, 23.030, 0, 4317, 7.280, 1, 2
106.104232, 243, 23.062, 0, 4316, 7.280, 1, 2
106.354446, 243, 23.114, 0, 4316, 7.280, 1, 2
106.604600, 243, 23.097, 0, 4317, 7.280, 1, 2
106.854755, 243, 23.127, 0, 4317, 7.280, 1, 2
107.104986, 243, 23.139, 0, 4315, 7.280, 1, 2
107.355220, 243, 23.188, 0, 4316, 7.280, 1, 2
107.605437, 243, 23.122, 0, 4316, 7.280, 1, 2
107.855596, 243, 23.091, 0, 4317, 7.280, 1, 2
108.105770, 243, 23.219, 0, 4316, 7.280, 1, 2
108.355996, 243, 23.112, 0, 4316, 7.280, 1, 2
108.606171, 243, 23.326, 0, 4316, 7.280, 1, 2
108.856393, 243, 23.289, 0, 4316, 7.280, 1, 2
109.106609, 243, 23.346, 0, 6474, 24.658, 1, 2
109.356798, 243, 23.330, 0, 4316, 24.658, 1, 2
109.607087, 243, 23.290, 0, 4315, 24.658, 1, 2
109.857289, 243, 22.998, 0, 4316, 24.658, 2, 0
110.107521, 243, 23.127, 0, 4316, 24.658, 2, 0
110.357697, 243, 23.622, 0, 4316, 24.658, 2, 0
110.607895, 243, 29.842, 0, 4316, 24.658, 2, 0
110.858176, 243, 22.613, 0, 4315, 24.658, 2, 0
111.108409, 243, 23.059, 0, 4316, 24.658, 2, 0
111.358625, 243, 23.219, 0, 4316, 24.658, 2, 0
111.608774, 243, 23.314, 0, 4317, 24.658, 2, 0
111.858924, 241, 21.371, 0, 6476, 24.658, 2, 3
112.109219, 243, 23.479, 0, 6471, 24.658, 2, 0
112.359458, 243, 23.399, 0, 142217, 24.658, 2, 0
112.609764, 243, 23.319, 0, 140789, 24.658, 2, 0
112.859940, 243, 23.171, 0, 140936, 24.658, 2, 0
113.110155, 243, 23.171, 0, 0, 24.658, 2, 0
113.360367, 243, 23.337, 0, 0, 24.658, 2, 0
113.610676, 243, 23.376, 0, 0, 24.658, 2, 0
113.860892, 243, 23.322, 0, 0, 24.658, 2, 0
114.111096, 243, 23.055, 0, 0, 24.658, 2, 0
114.361300, 244, 23.780, 0, 0, 24.658, 2, 0
114.611516, 243, 23.240, 0, 0, 24.658, 2, 0
114.861760, 243, 23.580, 0, 0, 24.658, 2, 0
115.111939, 243, 22.844, 0, 0, 24.658, 2, 0
115.362116, 243, 25.146, 0, 0, 24.658, 2, 0
115.612321, 243, 21.335, 0, 0, 51.474, 2, 0
115.862494, 243, 23.190, 0, 0, 51.474, 2, 0
116.112697, 243, 23.231, 0, 0, 51.474, 2, 0
116.362876, 243, 23.060, 0, 0, 51.474, 2, 0
116.613078, 243, 23.391, 0, 0, 51.474, 2, 0
116.863286, 243, 23.168, 0, 0, 51.474, 2, 0
117.113512, 243, 23.637, 0, 0, 51.474, 2, 0
117.363709, 244, 23.648, 0, 0, 51.474, 2, 0
117.613881, 243, 23.556, 0, 0, 51.474, 2, 0
117.864077, 243, 23.921, 0, 0, 51.474, 2, 0
118.114279, 243, 23.101, 0, 0, 51.474, 2, 0
118.364488, 243, 23.223, 0, 0, 51.474, 2, 0
118.614663, 243, 23.280, 0, 0, 51.474, 2, 0
118.864852, 243, 23.209, 0, 0, 51.474, 2, 0
119.115226, 243, 23.423, 0, 0, 51.474, 2, 0
119.365434, 243, 23.426, 0, 0, 51.474, 2, 0
119.615674, 243, 23.709, 0, 0, 51.474, 2, 0
119.865846, 243, 23.742, 0, 0, 51.474, 2, 0
120.116047, 243, 23.130, 0, 0, 51.474, 2, 0
120.366258, 243, 23.564, 0, 0, 51.474, 2, 0
120.616461, 243, 23.518, 0, 0, 51.474, 2, 0
120.866668, 243, 23.186, 0, 0, 51.474, 2, 0
121.116849, 243, 23.275, 0, 0, 51.474, 2, 0
121.367040, 243, 23.557, 0, 0, 51.474, 2, 0
121.617244, 243, 23.718, 0, 0, 51.474, 2, 0
121.867423, 243, 23.362, 0, 0, 32.138, 2, 0
122.117625, 243, 23.329, 0, 0, 32.138, 2, 0
122.367797, 243, 23.214, 0, 0, 32.138, 2, 0
122.617969, 244, 23.666, 0, 0, 32.138, 2, 0
122.868174, 243, 23.187, 0, 0, 32.138, 2, 0
123.118375, 243, 23.446, 0, 0, 32.138, 2, 0
123.368575, 243, 23.521, 0, 0, 32.138, 2, 0
123.618744, 243, 23.446, 0, 0, 32.138, 2, 0
123.868912, 243, 23.333, 0, 0, 32.138, 2, 0
124.119115, 243, 23.280, 0, 0, 32.138, 2, 0
124.369331, 243, 23.347, 0, 0, 32.138, 2, 0
124.619537, 243, 23.278, 0, 0, 32.138, 2, 0
124.869709, 243, 23.295, 0, 0, 32.138, 2, 0
125.119885, 243, 23.381, 0, 0, 32.138, 2, 0
125.370088, 243, 23.463, 0, 0, 32.138, 2, 0
125.620296, 243, 23.400, 0, 0, 32.138, 2, 0
125.870470, 243, 23.355, 0, 0, 32.138, 2, 0
126.120647, 243, 23.254, 0, 0, 32.138, 2, 0
126.370856, 243, 23.351, 0, 0, 32.138, 2, 0
126.621039, 243, 23.292, 0, 0, 32.138, 2, 0
126.871240, 243, 23.303, 0, 0, 32.138, 2, 0
127.121417, 243, 23.387, 0, 0, 32.138, 2, 0
127.371588, 243, 23.320, 0, 0, 32.138, 2, 0
127.621789, 243, 23.383, 0, 0, 32.138, 2, 0
127.871964, 243, 23.452, 0, 0, 32.138, 2, 0
128.122177, 243, 23.376, 0, 78454, 52.528, 2, 0
128.372349, 243, 23.382, 0, 0, 52.528, 2, 0
128.622521, 243, 23.335, 0, 0, 52.528, 2, 0
128.872723, 243, 25.433, 0, 0, 52.528, 2, 0
129.122900, 243, 21.227, 0, 0, 52.528, 2, 0
129.373099, 243, 23.249, 0, 0, 52.528, 2, 0
129.623320, 243, 23.351, 0, 0, 52.528, 2, 0
129.873513, 243, 23.391, 0, 0, 52.528, 2, 0
130.123717, 243, 23.466, 0, 0, 52.528, 2, 0
130.373918, 243, 23.410, 0, 0, 52.528, 2, 0
130.624111, 243, 23.423, 0, 0, 52.528, 2, 0
130.874282, 243, 23.375, 0, 0, 52.528, 2, 0
131.124458, 243, 23.440, 0, 0, 52.528, 2, 0
131.374659, 243, 23.467, 0, 153300, 52.528, 2, 0
131.624867, 243, 23.467, 0, 0, 52.528, 2, 0
131.875035, 243, 22.740, 0, 153017, 52.528, 2, 0
132.125225, 243, 22.740, 0, 0, 52.528, 2, 0
132.375431, 243, 23.412, 0, 0, 52.528, 2, 0
132.625634, 243, 24.123, 0, 0, 52.528, 2, 0
132.875843, 243, 24.012, 0, 0, 52.528, 2, 0
133.126022, 243, 23.818, 0, 0, 52.528, 2, 0
133.376193, 243, 24.019, 0, 0, 52.528, 2, 0
133.626402, 243, 23.471, 0, 0, 52.528, 2, 0
133.876629, 243, 23.423, 0, 0, 52.528, 2, 0
134.126832, 243, 23.543, 0, 0, 52.528, 2, 0
134.377010, 243, 23.572, 0, 0, 52.528, 2, 0
134.627216, 243, 23.062, 0, 0, 66.401, 2, 0
134.877440, 243, 23.470, 0, 0, 66.401, 2, 0
135.127637, 243, 23.438, 0, 0, 66.401, 2, 0
135.377836, 243, 23.393, 0, 0, 66.401, 2, 0
135.628038, 243, 24.231, 0, 0, 66.401, 2, 0
135.878212, 243, 23.308, 0, 0, 66.401, 2, 0
136.128409, 243, 23.232, 0, 0, 66.401, 2, 0
136.378612, 243, 23.292, 0, 0, 66.401, 2, 0
136.628784, 243, 23.453, 0, 0, 66.401, 2, 0
136.878949, 243, 25.150, 0, 0, 66.401, 2, 0
137.129123, 243, 25.334, 0, 0, 66.401, 2, 0
137.379353, 243, 23.825, 0, 0, 66.401, 2, 0
137.629554, 243, 23.481, 0, 0, 66.401, 2, 0
137.879747, 243, 23.328, 0, 0, 66.401, 2, 0
138.129937, 243, 23.333, 0, 0, 66.401, 2, 0
138.380141, 243, 33.461, 0, 0, 66.401, 2, 0
138.630334, 243, 22.653, 0, 0, 66.401, 2, 0
138.880563, 862, 11.444, 0, 0, 66.401, 2, 0
139.130778, 241, 3.216, 0, 0, 66.401, 2, 0
139.380959, 1448, 0.185, 894240, 0, 38.574, 2, 0
139.631179, 1448, 0.168, 2243160, 0, 38.574, 2, 0
139.881447, 1448, 0.283, 3687660, 0, 614.493, 2, 0
140.131678, 1361, 1.118, 4944780, 0, 614.493, 2, 1
140.381964, 1447, 0.214, 5988600, 110033, 1029.165, 2, 1
140.632220, 587, 0.208, 7152300, 0, 1029.165, 2, 1
140.882464, 1361, 1.552, 8402400, 0, 1029.165, 2, 1
141.132681, 1447, 0.200, 9515880, 51795, 1029.165, 2, 1
141.382912, 1448, 0.207, 10718460, 10790, 1029.165, 2, 1
141.633156, 1447, 0.187, 12009060, 53946, 2107.833, 2, 1
141.883403, 587, 0.270, 13253760, 58262, 2107.833, 2, 1
142.133636, 1439, 0.346, 14562720, 0, 2107.833, 2, 1
142.383876, 587, 0.488, 15831720, 53947, 2834.363, 2, 1
142.634111, 1361, 1.281, 17025660, 60422, 3186.999, 2, 1
142.884351, 587, 0.293, 18277920, 51790, 3186.999, 2, 1
143.134591, 1448, 0.173, 19494540, 0, 3186.999, 2, 1
143.384829, 1447, 0.200, 20697120, 51789, 3890.809, 2, 1
143.635064, 587, 0.225, 21920220, 51791, 3890.809, 2, 1
143.885303, 1448, 0.300, 23156280, 51790, 3890.809, 2, 1
144.135548, 1447, 0.206, 24485760, 49630, 4747.870, 2, 1
144.385772, 1448, 0.172, 25757460, 0, 4747.870, 2, 1
144.636016, 587, 0.270, 26950860, 0, 4747.870, 2, 1
144.886246, 1361, 1.048, 28224720, 51792, 4747.870, 2, 1
145.136484, 1439, 0.350, 29491560, 15104, 5654.881, 2, 1
145.386740, 1448, 0.228, 30738420, 0, 5654.881, 2, 1
145.636985, 998, 0.259, 31967460, 0, 5654.881, 2, 1
145.887226, 1448, 0.215, 33090660, 0, 5654.881, 2, 1
146.137462, 587, 0.254, 34165800, 51791, 5654.881, 2, 1
146.387698, 587, 0.267, 35322480, 0, 5654.881, 2, 1
146.637931, 587, 0.264, 36387900, 0, 5654.881, 2, 1
146.888167, 587, 0.196, 37435500, 0, 5654.881, 2, 1
147.138406, 587, 0.284, 38707740, 51790, 5654.881, 2, 1
147.388644, 587, 0.351, 40030740, 0, 5654.881, 2, 1
147.638887, 1448, 0.187, 41350500, 0, 5654.881, 2, 1
147.889162, 1447, 0.195, 42559020, 58254, 8246.552, 2, 1
148.139411, 1448, 0.177, 43603920, 701309, 8246.552, 0, 2
148.389643, 1448, 0.207, 44864820, 179112, 9026.660, 0, 2
148.639886, 862, 13.276, 45240660, 207157, 9295.696, 0, 2
148.890123, 55, 18.731, 45155880, 358220, 9516.432, 0, 2
149.140354, 1448, 0.441, 45895140, 256801, 9803.229, 0, 2
149.390630, 1448, 0.204, 46974600, 293432, 9935.553, 0, 2
149.640914, 1448, 0.181, 48173400, 284798, 10300.147, 0, 2
149.891147, 1448, 0.270, 49530420, 429438, 10509.297, 0, 2
150.141382, 1447, 0.184, 50664960, 166163, 10740.291, 0, 2
150.391624, 1361, 1.119, 51918300, 2157, 10902.944, 0, 2
150.641886, 1447, 0.197, 52986960, 228720, 11233.467, 0, 2
150.892143, 1447, 0.196, 54076140, 49627, 11360.008, 0, 2
151.142384, 1448, 0.230, 55219320, 217950, 11702.767, 3, 2
151.392625, 1448, 0.204, 56587140, 47473, 11837.575, 3, 2
151.642871, 587, 0.214, 57835080, 243838, 12201.189, 3, 2
151.893108, 587, 0.259, 59107860, 125161, 12417.936, 3, 2
152.143363, 1447, 0.184, 60185160, 79837, 12584.296, 3, 2
152.393614, 254, 1.258, 60792120, 1419860, 12904.053, 3, 2
152.643860, 1447, 0.345, 60799140, 2695198, 13043.578, 3, 2
152.894057, 1361, 1.582, 60645780, 3673454, 13136.992, 0, 2
153.144294, 1448, 0.487, 60706260, 3413083, 13230.401, 0, 2
153.394595, 1448, 0.227, 60839640, 4420988, 13263.948, 0, 2
153.644830, 1447, 0.212, 61155540, 3474740, 13353.375, 0, 2
153.895072, 587, 0.554, 61145280, 4527625, 13371.198, 0, 2
154.145313, 1448, 1.002, 61024320, 5044687, 13399.802, 0, 2
154.395553, 587, 0.464, 61010280, 2766991, 13451.336, 0, 2
154.645836, 1447, 0.201, 61160400, 4613473, 13490.564, 0, 2
154.896075, 1448, 0.197, 61442820, 3652368, 13530.444, 0, 2
155.146308, 1447, 0.213, 61425540, 4817778, 13584.222, 0, 2
155.396548, 1361, 1.145, 61787880, 1786798, 13698.073, 0, 2
155.646806, 1361, 1.145, 60936840, 2934960, 13790.416, 0, 2
155.897055, 1361, 1.145, 60195420, 3075293, 13911.732, 0, 2
156.147305, 1361, 1.145, 59114880, 4211057, 13964.972, 0, 2
156.397559, 1361, 1.145, 58124520, 4165809, 13990.217, 0, 2
156.647805, 1361, 1.145, 57119580, 4202990, 14053.626, 0, 2
156.898055, 1361, 1.145, 56155140, 2500226, 14080.714, 0, 2
157.148299, 1361, 1.145, 55425600, 3781543, 14207.672, 0, 2
157.398565, 1361, 1.145, 54419040, 4262572, 14250.467, 0, 2
157.648810, 1361, 1.145, 53586360, 3555632, 14299.506, 0, 2
157.899049, 1448, 0.233, 53233740, 4414079, 14417.133, 0, 2
158.149322, 1448, 1.155, 53469180, 3939927, 14459.276, 0, 2
158.399570, 587, 0.259, 53632800, 4093365, 14507.256, 0, 2
158.649856, 587, 0.307, 53468100, 3903177, 14577.996, 0, 2
158.900222, 1447, 0.287, 53393040, 3886035, 14632.073, 0, 2
159.150469, 1447, 0.377, 53501580, 3728090, 14664.352, 0, 2
159.400911, 1439, 0.324, 53592840, 3754747, 14709.867, 0, 2
159.651130, 1448, 0.183, 54098820, 3483977, 14792.887, 0, 2
159.901366, 587, 0.259, 54423900, 2597004, 14848.626, 0, 2
160.151611, 587, 0.258, 54739800, 3068875, 14998.091, 0, 2
160.401852, 587, 0.253, 55123200, 4403903, 15118.346, 0, 2
160.652094, 1361, 1.297, 55331100, 3888463, 15196.188, 0, 2
160.902332, 1293, 0.460, 55666440, 4157163, 15249.081, 0, 2
161.152568, 1448, 0.175, 55736100, 4934346, 15254.678, 0, 2
161.402824, 1448, 0.202, 55846260, 4498172, 15256.854, 0, 2
161.653061, 1448, 0.241, 55907820, 4105882, 15290.986, 0, 2
161.903302, 1361, 1.049, 55969920, 3431397, 15309.640, 0, 2
162.153550, 998, 0.218, 56098980, 3758936, 15343.698, 0, 2
162.403830, 1439, 0.484, 55984500, 4240314, 15346.622, 0, 2
162.654089, 587, 0.417, 56055780, 4371797, 15404.407, 0, 2
162.904327, 587, 0.445, 56143260, 3559617, 15455.409, 0, 2
163.154571, 1448, 0.210, 56442420, 3036385, 15548.808, 0, 2
163.404827, 1361, 1.209, 56522880, 4073134, 15610.263, 0, 2
163.655074, 1439, 0.386, 56563380, 4125787, 15663.571, 0, 2
163.905321, 1448, 0.204, 57127680, 277741, 15738.530, 0, 2
164.155578, 998, 0.214, 57721680, 1267004, 15903.325, 0, 2
164.405816, 1447, 0.256, 58606740, 1853992, 16086.109, 0, 2
164.656053, 587, 0.276, 59455620, 1412527, 16258.039, 0, 2
164.906291, 587, 0.266, 60354180, 1306982, 16446.342, 0, 2
165.156524, 587, 0.238, 61410960, 1031585, 16648.998, 0, 2
165.406766, 587, 0.252, 62594640, 742318, 16915.318, 0, 2
165.657010, 1448, 0.403, 63361980, 2219668, 16571.281, 0, 2
165.907250, 1448, 0.649, 64764360, 911874, 16793.854, 0, 2
166.157489, 1448, 0.253, 66123540, 0, 16909.084, 0, 2
166.407741, 587, 0.586, 67236480, 2094963, 17300.463, 0, 2
166.657977, 587, 0.264, 68493060, 6105, 17514.691, 0, 2
166.908221, 1448, 0.185, 69321960, 2429105, 17682.535, 0, 2
167.158469, 165, 3.738, 69980220, 2652977, 17894.602, 0, 2
167.408711, 54, 16.056, 69741000, 2445713, 18107.439, 0, 2
167.658965, 587, 0.452, 69385140, 3363206, 18163.465, 0, 2
167.909199, 1448, 0.179, 69344100, 4418643, 18238.443, 0, 2
168.159458, 1448, 0.237, 69382980, 4316349, 18307.652, 0, 2
168.409911, 1448, 0.193, 69538500, 4923369, 18348.492, 0, 2
168.660177, 1439, 0.298, 70309620, 1353117, 18463.355, 0, 2
168.910424, 1439, 0.299, 70475400, 3402892, 18536.256, 0, 2
169.160705, 587, 0.325, 70480800, 3863393, 18616.645, 0, 2
169.410942, 1448, 0.172, 70713540, 4131724, 18646.492, 0, 2
169.661177, 1448, 2.840, 71074260, 4434733, 18716.645, 0, 2
169.911415, 1448, 0.189, 71705520, 45243, 18799.705, 0, 2
170.161653, 1448, 0.242, 72308700, 4367343, 18988.213, 0, 2
170.411905, 1447, 0.176, 72783360, 2751955, 19119.061, 0, 2
170.662181, 587, 0.419, 73085220, 3444116, 19250.473, 0, 2
170.912422, 587, 0.287, 73751040, 427927, 19341.369, 0, 2
171.162658, 1447, 0.193, 73907100, 3741444, 19468.699, 0, 2
171.412897, 1448, 0.283, 74034540, 3818109, 19515.135, 0, 2
171.663157, 250, 0.456, 74668500, 3116256, 19601.527, 0, 2
171.913396, 587, 0.315, 74622600, 4364917, 19582.879, 0, 2
172.163642, 587, 0.251, 74734380, 4246463, 19470.348, 0, 2
172.413883, 587, 0.514, 74811060, 4254415, 19435.555, 0, 2
172.664117, 587, 0.563, 75317040, 4240193, 19464.967, 0, 2
172.914359, 1448, 0.229, 75661560, 2996152, 19576.859, 0, 2
173.164603, 1439, 0.363, 75536820, 4570846, 19594.539, 0, 2
173.414889, 1448, 0.288, 75537360, 3392771, 19562.502, 0, 2
173.665132, 587, 0.367, 75476340, 4496125, 19536.160, 0, 2
173.915386, 587, 0.252, 75335400, 3641755, 19495.152, 0, 2
174.165637, 1448, 0.322, 75237120, 4265995, 19508.732, 0, 2
174.415877, 1447, 0.198, 75804120, 3535144, 19678.576, 0, 2
174.666112, 1448, 0.233, 75930480, 4332274, 19702.580, 0, 2
174.916349, 1447, 0.226, 76111920, 3834219, 19727.400, 0, 2
175.166660, 1447, 0.233, 76217760, 5143042, 17301.293, 0, 2
175.416892, 587, 0.254, 76812840, 2118618, 17387.234, 0, 2
175.667125, 587, 0.278, 77100660, 3277623, 17443.844, 0, 2
175.917362, 1448, 0.226, 77339880, 1953948, 17505.855, 0, 2
176.167768, 1448, 0.251, 77912280, 3294305, 17505.641, 0, 2
176.418004, 1448, 0.189, 78086160, 3872535, 17481.045, 0, 2
176.668235, 587, 0.469, 78261660, 4299811, 17492.252, 0, 2
176.918470, 587, 0.321, 78418800, 4038600, 17525.805, 0, 2
177.168673, 1361, 1.027, 78701220, 2443826, 17587.674, 0, 2
177.418938, 1447, 0.393, 78683940, 4172657, 17655.303, 0, 2
177.669323, 163, 3.691, 78721200, 3790381, 17678.381, 0, 2
177.919569, 54, 19.362, 77846400, 3205121, 17731.467, 0, 2
178.169815, 1448, 0.260, 77368500, 4291715, 17786.305, 0, 2
178.420046, 1448, 0.290, 77632020, 2466661, 17790.732, 0, 2
178.670289, 1448, 0.306, 77760000, 3240975, 17873.762, 0, 2
178.920576, 587, 0.268, 77895000, 2781012, 17905.574, 0, 2
179.170826, 1447, 0.182, 78103980, 2794912, 18030.779, 0, 2
179.421088, 1448, 0.176, 77925780, 4413389, 18058.436, 0, 2
179.671369, 587, 0.635, 78227640, 932336, 18112.525, 0, 2
179.921603, 1448, 0.276, 78519240, 2517355, 18214.105, 0, 2
180.171844, 1448, 0.275, 78815160, 3121622, 18257.629, 0, 2
180.422089, 587, 0.222, 79438320, 2658155, 18349.672, 0, 2
180.672329, 1439, 0.330, 79903800, 3539668, 18423.723, 0, 2
180.922566, 1448, 0.215, 80133840, 3667463, 18422.143, 0, 2
181.172816, 587, 0.241, 80035560, 4666825, 18436.592, 0, 2
181.423050, 1448, 0.184, 80253180, 3089905, 18480.340, 0, 2
181.673294, 1448, 0.197, 80652780, 4364691, 18530.707, 0, 2
181.923712, 1361, 1.050, 80769420, 2233458, 18521.787, 0, 2
182.173980, 1448, 0.281, 81256500, 2674344, 18621.363, 0, 2
182.424212, 1447, 0.184, 81652320, 5095495, 18754.617, 0, 2
182.674405, 1361, 0.465, 82118880, 3579447, 18811.736, 0, 2
182.924647, 1447, 0.187, 82199340, 4154473, 18843.473, 0, 2
183.174888, 1361, 1.235, 82341360, 5018587, 18876.871, 0, 2
183.425134, 1447, 0.173, 82797120, 3105488, 18942.754, 0, 2
183.675455, 1448, 0.469, 82870020, 4150909, 18958.391, 0, 2
183.925693, 998, 0.272, 82706940, 5349386, 19009.248, 0, 2
184.176203, 1448, 0.219, 82744740, 4085724, 19085.363, 0, 2
184.426464, 1448, 0.270, 83163780, 4315403, 19144.305, 0, 2
184.676724, 1448, 0.238, 83341980, 4016505, 19177.990, 0, 2
184.926964, 1448, 0.402, 83813400, 3343396, 19255.172, 0, 2
185.177203, 1448, 0.329, 83865780, 3660267, 19327.688, 0, 2
185.427458, 1447, 0.210, 84393360, 1408083, 19397.195, 0, 2
185.677699, 587, 0.243, 84464100, 4049084, 19488.547, 0, 2
185.927954, 1448, 0.177, 84547260, 4149210, 19562.600, 0, 2
186.178196, 1361, 1.397, 84501360, 4375776, 19610.818, 0, 2
186.428439, 587, 0.265, 84501360, 3778304, 19658.297, 0, 2
186.678678, 1439, 0.382, 84392820, 5144699, 19711.328, 0, 2
186.929159, 587, 0.233, 84513780, 3803306, 19290.287, 0, 2
187.179570, 587, 0.297, 84506220, 3381710, 19336.045, 0, 2
187.429836, 587, 0.230, 84664440, 4429268, 19382.186, 0, 2
187.680084, 998, 0.332, 84958740, 2258857, 19452.109, 0, 2
187.930375, 1447, 0.189, 85164480, 4120055, 19538.738, 0, 2
188.180664, 1447, 0.321, 85206600, 2501583, 19639.473, 0, 2
188.430908, 242, 13.462, 84567780, 3938371, 19692.188, 0, 2
188.681149, 243, 22.978, 83702700, 4534447, 19755.594, 0, 2
188.931395, 243, 23.483, 83075760, 1865358, 19804.391, 0, 2
189.181652, 243, 23.577, 82439640, 2560691, 19867.014, 0, 2
189.431899, 243, 23.283, 81503820, 3654653, 19970.162, 0, 2
189.682153, 243, 23.143, 80689500, 2717340, 20021.129, 0, 2
189.932417, 243, 23.205, 79730460, 4988089, 20091.131, 0, 2
190.182662, 243, 23.437, 79127820, 3385939, 20196.066, 0, 2
190.432907, 243, 23.347, 78303780, 3290886, 20270.227, 0, 2
190.683152, 243, 23.275, 77579100, 2090181, 20351.383, 0, 2
190.933393, 243, 23.450, 76657860, 4508793, 20401.949, 0, 2
191.183724, 243, 23.379, 75830580, 2946626, 20444.520, 0, 2
191.433974, 243, 23.178, 74991960, 2565218, 20516.471, 0, 2
191.684225, 243, 23.398, 74137140, 1761779, 20605.430, 0, 2
191.934469, 243, 23.261, 73462140, 4546115, 20672.430, 0, 2
192.184710, 243, 23.453, 72594360, 3120766, 20740.236, 0, 2
192.434956, 243, 23.346, 71741700, 2633063, 20864.111, 0, 2
192.685202, 243, 23.248, 71052660, 3175544, 20954.172, 0, 2
192.935449, 243, 23.315, 70164900, 4446562, 21012.812, 0, 2
193.185747, 42, 228.707, 69501240, 3163448, 21101.941, 0, 2
193.436002, 243, 23.262, 68703660, 2312205, 21158.068, 0, 2
193.686260, 243, 23.483, 67792680, 3689782, 21222.654, 0, 2
193.936505, 243, 23.411, 66869820, 4266801, 21294.283, 0, 2
194.186747, 243, 23.300, 66055500, 3680845, 21365.219, 0, 2
194.436988, 243, 23.223, 65135880, 3693940, 21392.934, 0, 2
194.687229, 243, 23.765, 64418760, 4099009, 21445.266, 0, 2
194.937481, 243, 23.138, 63436500, 2807675, 21456.297, 0, 2
195.187742, 243, 23.270, 62464500, 4472521, 21532.277, 0, 2
195.437984, 243, 23.108, 62061660, 2257001, 21542.521, 0, 2
195.688222, 243, 23.257, 61043220, 4178100, 21595.697, 0, 2
195.938467, 243, 23.273, 60247260, 2867760, 21641.795, 0, 2
196.188737, 243, 25.661, 59780160, 3050606, 21730.744, 0, 2
196.438994, 243, 24.162, 58993380, 4292652, 21795.355, 0, 2
196.689242, 243, 23.701, 58030020, 3324733, 21886.027, 0, 2
196.939494, 243, 23.616, 57088260, 5119659, 21935.158, 0, 2
197.189762, 243, 23.745, 56094660, 4669242, 22014.869, 0, 2
197.440029, 243, 30.035, 55188000, 3495947, 22098.971, 0, 2
197.690280, 243, 17.442, 54359100, 3075990, 22174.977, 0, 2
197.940579, 243, 23.409, 53375760, 4460761, 22243.238, 0, 2
198.190824, 243, 24.011, 52552800, 3128136, 22325.945, 0, 2
198.441070, 243, 23.685, 51663420, 5099150, 22394.688, 0, 2
198.691321, 243, 23.278, 51008400, 4065450, 22519.533, 0, 2
198.941575, 244, 23.610, 50250240, 2200400, 22621.166, 0, 2
199.191822, 243, 23.421, 49587660, 3390917, 22730.674, 0, 2
199.442104, 243, 23.466, 48711240, 3664121, 22807.713, 0, 2
199.692352, 243, 23.439, 47782440, 4379250, 22857.336, 0, 2
199.942603, 244, 25.189, 47008620, 3887641, 22965.352, 0, 2
200.192858, 243, 23.005, 46398960, 2566919, 23051.322, 0, 2
200.443119, 244, 23.329, 45942660, 1301080, 23117.217, 0, 2
200.693380, 243, 23.224, 45451260, 3058689, 23173.801, 0, 2
200.943639, 243, 23.411, 44645580, 3758717, 22831.400, 0, 2
201.193893, 243, 23.640, 43970580, 2429373, 22920.227, 0, 2
201.444147, 243, 23.469, 43279380, 3535296, 23012.609, 0, 2
201.694402, 243, 24.039, 42702660, 1475307, 23135.117, 0, 2
201.944655, 243, 22.495, 41652900, 4902991, 23157.197, 0, 2
202.194913, 243, 23.430, 40653900, 4465672, 23162.395, 0, 2
202.445168, 243, 23.379, 39586860, 4986633, 23086.812, 0, 2
202.695435, 243, 23.743, 38518200, 4784884, 23074.316, 0, 2
202.945697, 243, 23.220, 37446300, 3810897, 23073.039, 0, 2
203.195956, 243, 23.833, 36639540, 2022031, 23121.184, 0, 2
203.446208, 243, 23.467, 35680500, 3145346, 23202.838, 0, 2
203.696458, 243, 25.463, 34579440, 4363191, 23236.088, 0, 2
203.946716, 243, 22.258, 33467040, 4508382, 23278.826, 0, 2
204.196975, 243, 23.996, 32456160, 3552100, 23302.627, 0, 2
204.447227, 243, 23.776, 31711500, 2193302, 23371.428, 0, 2
204.697476, 243, 23.575, 30831840, 3079722, 23397.213, 0, 2
204.947776, 243, 25.354, 30149280, 2981158, 23499.227, 0, 2
205.198030, 243, 23.814, 29507760, 2558756, 23622.574, 0, 2
205.448287, 243, 23.884, 29217780, 3040705, 23851.828, 0, 2
205.698584, 243, 23.855, 28390500, 3988183, 23933.543, 0, 2
205.948838, 243, 24.211, 27411480, 4468129, 23936.648, 0, 2
206.199084, 243, 23.885, 26687340, 3668417, 24047.416, 0, 2
206.449351, 243, 23.804, 25860060, 3680014, 24103.078, 0, 2
206.699602, 243, 23.877, 24808140, 3854415, 24148.432, 0, 2
206.949847, 243, 24.084, 23727600, 4652830, 24179.949, 0, 2
207.200091, 243, 24.377, 22991580, 2890406, 24239.418, 0, 2
207.450338, 243, 24.123, 22519620, 1759936, 24385.352, 0, 2
207.700609, 243, 23.943, 22083300, 776745, 24526.207, 0, 2
207.950847, 243, 23.995, 21515220, 1970642, 24694.057, 0, 2
208.201086, 243, 23.622, 20938500, 2870782, 24849.012, 0, 2
208.451341, 243, 23.508, 19947600, 4457607, 24890.559, 0, 2
208.701591, 244, 23.665, 18865440, 4624451, 24879.963, 0, 2
208.951833, 243, 23.842, 17777340, 4477138, 24868.115, 0, 2
209.202084, 243, 23.366, 16636320, 4672505, 24898.076, 0, 2
209.452331, 243, 23.363, 15712380, 4772940, 24974.898, 0, 2
209.702577, 243, 23.640, 14615640, 4311756, 24999.670, 0, 2
209.952821, 243, 23.188, 13572900, 3821135, 25065.066, 0, 2
210.203068, 243, 23.188, 12566340, 4440715, 25121.184, 0, 2
210.453307, 243, 22.128, 11989620, 2862436, 25198.756, 0, 2
210.703573, 243, 23.298, 11596500, 0, 25222.188, 0, 2
210.953819, 243, 23.161, 11432340, 175064, 25524.633, 0, 2
211.204047, 243, 23.161, 11043000, 1188897, 25724.871, 0, 2
211.454284, 243, 23.273, 10757340, 0, 25745.049, 0, 2
211.704494, 243, 23.303, 10434420, 21886, 26061.639, 0, 2
211.954715, 243, 23.302, 10113660, 14591, 26193.742, 0, 2
212.204940, 243, 23.300, 9863100, 7295, 26418.477, 0, 2
212.455158, 243, 23.283, 9556920, 14590, 26574.564, 0, 2
212.705370, 244, 23.316, 9381420, 0, 26672.846, 0, 2
212.955609, 243, 23.317, 9163800, 0, 26946.561, 0, 2
213.205823, 243, 23.348, 9153540, 0, 27054.324, 0, 2
213.456056, 243, 23.251, 8954820, 0, 27301.656, 0, 2
213.706270, 243, 23.084, 8735580, 554189, 27617.227, 0, 2
213.956492, 243, 23.342, 8526600, 0, 27745.426, 0, 2
214.206728, 243, 23.267, 8138340, 3382882, 28022.037, 0, 2
214.456975, 243, 23.280, 7463340, 3723785, 28100.342, 0, 2
214.707222, 243, 23.302, 6427620, 3758851, 28118.818, 0, 2
214.957474, 243, 23.344, 5423760, 4631255, 28135.678, 0, 2
215.207717, 243, 24.087, 4368060, 3909137, 28126.742, 0, 2
215.457963, 243, 22.422, 3607200, 3165170, 28231.377, 0, 2
215.708222, 243, 23.191, 2748600, 2479799, 28240.529, 0, 2
215.958496, 243, 24.042, 1773360, 4309476, 28289.932, 0, 2
216.208756, 243, 24.510, 771120, 3820463, 28293.150, 0, 2
216.458995, 243, 21.686, 0, 2040283, 28323.393, 0, 2
216.709246, 243, 26.003, 0, 0, 2821.712, 0, 2
216.959490, 243, 23.197, 0, 0, 2821.712, 0, 2
217.209686, 243, 23.672, 0, 0, 2821.712, 0, 2
217.459864, 243, 23.149, 0, 0, 2821.712, 0, 2
217.710040, 243, 23.469, 0, 0, 2821.712, 0, 2
217.960262, 243, 23.346, 0, 0, 2821.712, 0, 2
218.210510, 243, 23.519, 0, 0, 2821.712, 0, 2
218.460697, 243, 23.548, 0, 0, 2821.712, 0, 2
218.710881, 243, 23.202, 0, 0, 2821.712, 0, 2
218.961136, 27, 83.251, 0, 7233, 2821.712, 1, 2
219.211402, 241, 15.756, 0, 4315, 2821.712, 1, 2
219.461654, 243, 23.321, 0, 4315, 2821.712, 1, 2
219.711844, 243, 23.488, 0, 4316, 2821.712, 1, 2
219.962009, 243, 23.124, 0, 4316, 2821.712, 1, 2
220.212237, 243, 23.284, 0, 4316, 2821.712, 1, 2
220.462408, 243, 23.303, 0, 4317, 2821.712, 1, 2
220.712618, 243, 23.193, 0, 4316, 2821.712, 1, 2
220.962775, 243, 23.171, 0, 6475, 288.067, 1, 2
221.212944, 243, 23.443, 0, 4316, 288.067, 1, 2
221.463167, 243, 23.236, 0, 4316, 288.067, 1, 2
221.713329, 243, 23.384, 0, 4317, 288.067, 1, 2
221.963541, 243, 23.225, 0, 4316, 288.067, 1, 2
222.213771, 244, 23.635, 0, 4316, 288.067, 1, 2
222.463961, 243, 23.175, 0, 4316, 288.067, 1, 2
222.714190, 243, 23.160, 0, 4315, 288.067, 1, 2
222.964498, 243, 23.628, 0, 4314, 288.067, 1, 2
223.214728, 243, 23.436, 0, 4316, 288.067, 1, 2
223.464906, 243, 23.187, 0, 4316, 288.067, 1, 2
223.715185, 243, 23.224, 0, 4315, 288.067, 1, 2
223.965412, 243, 23.196, 0, 4315, 288.067, 1, 2
224.215651, 243, 23.482, 0, 4316, 288.067, 1, 2
224.465869, 243, 23.152, 0, 4316, 288.067, 1, 2
224.716053, 243, 23.248, 0, 4316, 288.067, 1, 2
224.966288, 243, 23.216, 0, 4316, 288.067, 1, 2
225.216490, 243, 23.140, 0, 4316, 288.067, 2, 0
225.466719, 243, 23.168, 0, 4316, 288.067, 2, 0
225.716941, 243, 23.143, 0, 4316, 288.067, 2, 0
225.967131, 244, 23.119, 0, 4316, 288.067, 2, 0
226.217371, 243, 23.194, 0, 4315, 288.067, 2, 0
226.467572, 243, 23.525, 0, 4316, 288.067, 2, 0
226.717796, 243, 23.047, 0, 4316, 288.067, 2, 0
226.967949, 243, 22.959, 0, 4317, 288.067, 2, 0
227.218107, 241, 14.528, 0, 6475, 288.067, 2, 3
227.468364, 243, 23.197, 0, 8630, 131.732, 2, 3
227.718620, 243, 23.203, 0, 4315, 131.732, 2, 3
227.968860, 243, 23.374, 0, 4315, 131.732, 2, 0
228.219102, 243, 23.157, 0, 7837, 131.732, 2, 0
228.469322, 243, 23.431, 0, 7837, 131.732, 2, 0
228.719583, 243, 23.134, 0, 7834, 131.732, 2, 0
228.969848, 243, 23.181, 0, 7833, 131.732, 2, 0
229.220055, 243, 23.392, 0, 7832, 131.732, 2, 0
229.470225, 243, 23.082, 0, 7831, 131.732, 2, 0
229.720396, 243, 23.150, 0, 7831, 131.732, 2, 0
229.970641, 243, 23.263, 0, 7828, 131.732, 2, 0
230.220875, 243, 23.166, 0, 7827, 131.732, 2, 0
230.471054, 243, 23.166, 0, 7828, 131.732, 2, 0
230.721258, 243, 23.439, 0, 7826, 131.732, 2, 0
230.971500, 243, 24.145, 0, 7821, 131.732, 2, 0
231.221692, 243, 23.107, 0, 7819, 131.732, 2, 0
231.471910, 243, 23.729, 0, 7816, 131.732, 2, 0
231.722112, 243, 23.157, 0, 7815, 131.732, 2, 0
231.972324, 243, 23.194, 0, 7814, 131.732, 2, 0
232.222555, 243, 23.098, 0, 7811, 131.732, 2, 0
232.472732, 243, 23.197, 0, 7811, 131.732, 2, 0
232.722945, 243, 23.256, 0, 7811, 131.732, 2, 0
232.973114, 243, 23.121, 0, 7810, 131.732, 2, 0
233.223317, 243, 23.239, 0, 7806, 131.732, 2, 0
233.473544, 243, 23.107, 0, 7802, 131.732, 2, 0
233.723733, 243, 23.095, 0, 7801, 62.938, 2, 0
233.973954, 243, 23.836, 0, 7800, 62.938, 2, 0
234.224124, 244, 23.101, 0, 7799, 62.938, 2, 0
234.474286, 243, 23.189, 0, 7798, 62.938, 2, 0
234.724499, 243, 23.003, 0, 7798, 62.938, 2, 0
234.974712, 243, 23.532, 0, 7795, 62.938, 2, 0
235.224917, 243, 22.961, 0, 7794, 62.938, 2, 0
235.475086, 243, 23.865, 0, 7794, 62.938, 2, 0
235.725288, 243, 23.338, 0, 7792, 62.938, 2, 0
235.975505, 243, 23.338, 0, 0, 62.938, 2, 0
236.225741, 243, 24.593, 0, 0, 62.938, 2, 0
236.475923, 243, 23.171, 0, 0, 62.938, 2, 0
236.726087, 243, 23.293, 0, 0, 62.938, 2, 0
236.976252, 243, 23.143, 0, 0, 62.938, 2, 0
237.226451, 243, 23.017, 0, 0, 62.938, 2, 0
237.476689, 243, 23.172, 0, 0, 62.938, 2, 0
237.726871, 243, 23.829, 0, 0, 62.938, 2, 0
237.977040, 243, 23.207, 0, 0, 62.938, 2, 0
238.227279, 243, 23.786, 0, 0, 62.938, 2, 0
238.477461, 243, 23.071, 0, 0, 62.938, 2, 0
238.727670, 243, 23.314, 0, 0, 62.938, 2, 0
238.977859, 243, 23.164, 0, 0, 62.938, 2, 0
239.228060, 243, 23.646, 0, 0, 62.938, 2, 0
239.478296, 243, 23.092, 0, 0, 62.938, 2, 0
239.728476, 243, 23.514, 0, 0, 62.938, 2, 0
239.978680, 243, 23.228, 0, 0, 55.517, 2, 0
240.228851, 243, 23.593, 0, 0, 55.517, 2, 0
240.479013, 243, 23.203, 0, 0, 55.517, 2, 0
240.729237, 243, 23.540, 0, 0, 55.517, 2, 0
240.979429, 243, 23.114, 0, 0, 55.517, 2, 0
241.229629, 243, 23.217, 0, 0, 55.517, 2, 0
241.479797, 243, 23.314, 0, 0, 55.517, 2, 0
241.729961, 243, 23.069, 0, 0, 55.517, 2, 0
241.980168, 243, 23.166, 0, 0, 55.517, 2, 0
242.230404, 243, 23.445, 0, 0, 55.517, 2, 0
242.480626, 243, 23.322, 0, 0, 55.517, 2, 0
242.730787, 243, 23.123, 0, 0, 55.517, 2, 0
242.980955, 243, 26.658, 0, 0, 55.517, 2, 0
243.231161, 243, 20.606, 0, 0, 55.517, 2, 0
243.481397, 243, 23.535, 0, 0, 55.517, 2, 0
243.731582, 243, 23.128, 0, 0, 55.517, 2, 0
243.981751, 243, 23.900, 0, 0, 55.517, 2, 0
244.232000, 243, 23.524, 0, 0, 55.517, 2, 0
244.482211, 243, 23.552, 0, 0, 55.517, 2, 0
244.732443, 243, 23.153, 0, 0, 55.517, 2, 0
244.982622, 243, 23.711, 0, 0, 55.517, 2, 0
245.232800, 243, 23.142, 0, 0, 55.517, 2, 0
245.483037, 243, 23.715, 0, 0, 55.517, 2, 0
245.733241, 243, 23.148, 0, 0, 55.517, 2, 0
245.983510, 243, 23.693, 0, 0, 55.517, 2, 0
246.233705, 243, 22.983, 0, 3858, 54.998, 2, 0
246.483882, 243, 23.905, 0, 0, 54.998, 2, 0
246.734112, 243, 23.066, 0, 0, 54.998, 2, 0
246.984286, 243, 24.127, 0, 3855, 54.998, 2, 0
247.234483, 243, 23.164, 0, 7710, 54.998, 2, 0
247.484653, 244, 23.869, 0, 7708, 54.998, 2, 0
247.734817, 243, 23.173, 0, 7708, 54.998, 2, 0
247.985027, 244, 23.726, 0, 7707, 54.998, 2, 0
248.235263, 243, 23.355, 0, 7702, 54.998, 2, 0
248.485454, 243, 23.567, 0, 7701, 54.998, 2, 0
248.735618, 243, 23.164, 0, 7701, 54.998, 2, 0
248.985785, 243, 23.683, 0, 7700, 54.998, 2, 0
249.235996, 243, 23.076, 0, 7699, 54.998, 2, 0
249.486246, 243, 23.279, 0, 7694, 54.998, 2, 0
249.736446, 243, 23.105, 0, 7692, 54.998, 2, 0
249.986616, 244, 23.590, 0, 7691, 54.998, 2, 0
250.236846, 243, 24.747, 0, 7687, 54.998, 2, 0
250.487037, 243, 22.579, 0, 7685, 54.998, 2, 0
250.737266, 243, 23.052, 0, 7683, 54.998, 2, 0
250.987440, 243, 23.214, 0, 7682, 54.998, 2, 0
251.237612, 243, 23.149, 0, 7680, 54.998, 2, 0
251.487848, 244, 23.032, 0, 7676, 54.998, 2, 0
251.738034, 243, 23.350, 0, 7675, 54.998, 2, 0
251.988241, 243, 23.334, 0, 7675, 54.998, 2, 0
252.238410, 243, 25.045, 0, 7674, 54.998, 2, 0
252.488579, 1320, 0.226, 8100, 210997, 39.836, 2, 0
252.738799, 1435, 0.529, 18360, 99694, 263.453, 2, 0
252.989003, 1435, 0.817, 42660, 92006, 263.453, 2, 0
253.239212, 1446, 0.780, 54540, 103492, 531.050, 2, 0
253.489422, 396, 5.459, 66420, 91964, 551.165, 2, 0
253.739627, 712, 2.393, 91260, 103438, 654.745, 2, 0
253.989843, 1446, 0.563, 102060, 103418, 783.063, 2, 0
254.240079, 248, 1.291, 126900, 0, 783.063, 2, 0
254.490285, 1447, 0.574, 167940, 0, 783.063, 2, 0
254.740504, 1436, 1.068, 178200, 107147, 1357.349, 2, 0
254.990728, 1388, 4.269, 217620, 99462, 1408.540, 2, 0
255.240941, 1447, 0.796, 225720, 103272, 1503.260, 2, 0
255.491167, 1446, 0.646, 233820, 91764, 1503.260, 2, 0
255.741389, 808, 14.002, 257040, 91746, 1642.428, 2, 0
255.991609, 790, 6.137, 265680, 91722, 1786.538, 2, 0
256.241856, 1447, 0.519, 282420, 91693, 1885.425, 2, 0
256.492075, 1435, 0.485, 308880, 103130, 2018.352, 2, 0
256.742321, 1435, 0.573, 321300, 103079, 2139.595, 2, 0
256.992537, 1083, 8.568, 335880, 91628, 2139.595, 2, 0
257.242749, 1093, 2.854, 369360, 91632, 2260.113, 2, 0
257.492982, 387, 22.632, 410940, 91622, 2428.439, 2, 0
257.743210, 1078, 9.170, 444420, 103068, 2614.375, 2, 0
257.993434, 757, 8.905, 501660, 110679, 2762.361, 2, 0
258.243650, 1447, 0.242, 541620, 95390, 2762.361, 2, 0
258.493869, 1039, 4.502, 578880, 91547, 2762.361, 2, 0
258.744102, 1318, 0.794, 599400, 91510, 3019.814, 2, 0
258.994320, 1211, 1.666, 626400, 91489, 3019.814, 2, 0
259.244567, 1446, 0.499, 665820, 95266, 3364.775, 2, 1
259.503042, 1367, 4.403, 698760, 0, 3364.775, 2, 1
259.753357, 1446, 0.490, 769500, 0, 3364.775, 2, 1
260.3601, 1422, 8.935, 825660, 58261, 3828.968, 2, 1
260.253854, 1446, 0.510, 908280, 51788, 3828.968, 2, 1
260.504081, 252, 0.559, 1004400, 0, 3828.968, 2, 1
260.754861, 253, 3.621, 1092420, 47371, 3828.968, 2, 1
261.5146, 818, 3.642, 1180440, 53937, 4778.007, 2, 1
261.255374, 344, 20.312, 1273320, 23738, 4838.829, 2, 1
261.505598, 1280, 3.097, 1354860, 51793, 4838.829, 2, 1
261.755816, 1289, 3.151, 1457460, 0, 4838.829, 2, 1
262.6041, 469, 0.272, 1557900, 51792, 4838.829, 2, 1
262.256277, 161, 0.570, 1655640, 53948, 5666.257, 2, 1
262.506512, 193, 1.604, 1772280, 58264, 5894.275, 2, 1
262.756742, 1151, 19.944, 1873260, 0, 5894.275, 2, 1
263.6959, 1195, 2.740, 1953180, 51794, 5894.275, 2, 1
263.257185, 395, 11.781, 2026080, 62583, 6351.429, 2, 1
263.507421, 1166, 17.179, 2115720, 0, 6351.429, 2, 1
263.757642, 586, 15.790, 2197800, 51794, 6351.429, 2, 1
264.7871, 1448, 0.268, 2282580, 0, 6351.429, 2, 1
264.258096, 1448, 0.208, 2365200, 51793, 6351.429, 2, 1
264.508317, 891, 3.138, 2460240, 0, 6351.429, 2, 1
264.758544, 249, 1.424, 2552580, 0, 6351.429, 2, 1
265.8772, 253, 0.955, 2679480, 0, 6351.429, 2, 1
265.259003, 403, 6.090, 2769660, 53948, 7914.177, 2, 1
265.509233, 606, 5.695, 2854440, 51792, 7914.177, 2, 1
265.759457, 1284, 20.512, 2948400, 10790, 8457.725, 2, 1
266.9743, 1070, 6.557, 3043980, 0, 8457.725, 2, 1
266.259992, 482, 3.592, 3139020, 0, 8457.725, 2, 1
266.510208, 932, 18.315, 3215160, 51795, 8457.725, 2, 1
266.760410, 1062, 5.004, 3311280, 0, 8457.725, 2, 1
267.10662, 371, 5.206, 3395520, 51788, 8457.725, 2, 1
267.260894, 820, 16.838, 3484080, 0, 8457.725, 2, 1
267.511131, 1287, 1.408, 3616380, 0, 8457.725, 2, 1
267.761377, 679, 10.563, 3561300, 614994, 10453.398, 0, 2
268.11609, 1448, 0.224, 3556980, 386271, 10281.841, 0, 2
268.261852, 459, 12.566, 3536460, 438063, 10284.331, 0, 2
268.512137, 977, 14.943, 3489480, 567432, 10305.321, 0, 2
268.762369, 875, 14.806, 3518640, 278378, 10192.212, 0, 2
269.12598, 1447, 0.241, 3440340, 729417, 9205.495, 0, 2
269.262835, 178, 0.789, 3503520, 120844, 9037.572, 0, 2
269.513071, 157, 15.230, 3575340, 112213, 9204.457, 3, 2
269.763293, 1362, 7.423, 3667140, 0, 9204.457, 3, 2
270.13530, 1340, 3.361, 3708720, 317218, 9456.954, 3, 2
270.263786, 751, 20.822, 3789720, 28050, 9657.166, 3, 2
270.514046, 1106, 3.352, 3775140, 442346, 9745.540, 3, 2
270.764603, 1070, 0.737, 3163320, 2861988, 8433.903, 3, 2
271.26059, 1447, 1.527, 2509920, 2893608, 6674.648, 3, 2
271.276394, 806, 13.553, 1514160, 4402731, 4335.189, 0, 2
271.526651, 670, 2.409, 694440, 3838301, 2295.030, 0, 2
271.776923, 627, 2.377, 0, 2942140, 15.147, 0, 2
272.27244, 1448, 0.422, 0, 384857, 31.042, 0, 2
272.277498, 1448, 0.419, 0, 404794, 30.172, 0, 2
272.527780, 247, 0.809, 0, 520243, 11.499, 0, 2
272.778006, 255, 2.358, 0, 349251, 14.581, 0, 2
273.28209, 1209, 3.231, 0, 376851, 15.652, 0, 2
273.278430, 646, 11.709, 0, 361731, 20.224, 0, 2
273.528664, 1448, 0.357, 0, 359128, 11.591, 0, 2
273.778883, 1448, 37.259, 0, 130560, 14.267, 0, 2
274.29115, 611, 9.043, 0, 476936, 16.585, 0, 2
274.279371, 1447, 0.221, 0, 369605, 11.031, 0, 2
274.529607, 503, 2.400, 0, 352794, 11.115, 0, 2
274.779842, 1084, 10.089, 0, 353657, 11.693, 0, 2
275.30071, 1447, 0.305, 0, 416709, 15.715, 0, 2
275.280311, 1448, 0.565, 0, 421624, 7.942, 0, 2
275.530591, 1448, 0.563, 0, 391358, 11.031, 0, 2
275.780827, 255, 5.267, 0, 20192, 13.495, 0, 2
276.31062, 254, 7.007, 0, 12617, 13.495, 0, 2
276.281256, 1448, 1.051, 1080, 587844, 12.107, 0, 2
276.531554, 1448, 0.447, 0, 660645, 10.674, 0, 2
276.781809, 1448, 0.414, 0, 574729, 14.885, 0, 2
277.32046, 314, 3.680, 0, 393105, 11.904, 0, 2
277.282288, 1447, 0.417, 540, 400527, 9.672, 0, 2
277.532527, 1448, 3.055, 0, 506159, 33.016, 0, 2
277.782821, 1447, 0.376, 0, 390103, 11.112, 0, 2
278.33081, 395, 5.859, 0, 372409, 7.150, 0, 2
278.283322, 1029, 7.622, 0, 364765, 12.751, 0, 2
278.533550, 1448, 0.444, 0, 359651, 19.491, 0, 2
278.783776, 693, 6.578, 0, 362083, 10.426, 0, 2
279.34004, 903, 4.360, 0, 398056, 12.884, 0, 2
279.284241, 1447, 0.381, 0, 342526, 11.735, 0, 2
279.534483, 593, 14.780, 0, 349986, 17.783, 0, 2
279.784712, 1204, 6.887, 0, 365752, 12.485, 0, 2
280.34969, 255, 1.136, 0, 500254, 8.104, 0, 2
280.285221, 929, 3.548, 0, 379702, 11.507, 0, 2
280.535465, 1447, 0.430, 0, 384665, 55.624, 0, 2
280.785703, 455, 9.940, 0, 356725, 71.597, 0, 2
281.35929, 1448, 0.443, 0, 381932, 20.631, 0, 2
281.286163, 1447, 0.277, 0, 371712, 11.720, 0, 2
281.536403, 1195, 0.451, 0, 369066, 8.525, 0, 2
281.786640, 1448, 0.500, 0, 333587, 8.151, 0, 2
282.36883, 484, 1.951, 0, 381505, 73.763, 0, 2
282.287113, 1448, 0.532, 0, 373825, 24.210, 0, 2
282.537343, 1448, 0.500, 0, 393919, 12.415, 0, 2
282.787600, 1448, 0.527, 540, 437491, 252.166, 0, 2
283.37884, 1447, 0.532, 0, 410351, 294.392, 0, 2
283.288125, 1447, 0.712, 0, 362140, 37.748, 0, 2
283.538357, 736, 9.202, 0, 372170, 19.752, 0, 2
283.788591, 1448, 0.641, 0, 351812, 166.517, 0, 2
284.38830, 1448, 0.668, 0, 347331, 12.673, 0, 2
284.289059, 438, 15.818, 0, 332066, 8.066, 0, 2
284.539290, 1217, 3.829, 0, 337089, 18.040, 0, 2
284.789510, 1340, 10.223, 0, 352228, 9.516, 0, 2
285.39734, 1448, 0.446, 0, 352153, 9.998, 0, 2
285.289961, 256, 3.843, 0, 202628, 12.780, 0, 2
285.540202, 600, 4.081, 0, 10129, 12.780, 0, 2
285.790426, 247, 23.027, 0, 5063, 12.780, 0, 2
286.40682, 243, 23.836, 0, 5061, 12.780, 0, 2
286.290929, 243, 23.352, 0, 5060, 12.780, 0, 2
286.541154, 243, 23.291, 0, 5059, 12.780, 0, 2
286.791426, 243, 24.061, 0, 5057, 12.780, 0, 2
287.41656, 243, 23.134, 0, 5056, 12.780, 0, 2
287.291865, 243, 29.901, 0, 5055, 12.780, 0, 2
287.542103, 243, 22.546, 0, 5053, 12.780, 0, 2
287.792300, 243, 23.512, 0, 5053, 12.780, 0, 2
288.42530, 243, 23.493, 0, 5051, 12.780, 0, 2
288.292708, 243, 23.400, 0, 5051, 12.780, 0, 2
288.542903, 243, 23.592, 0, 5051, 12.780, 0, 2
288.793136, 243, 23.435, 0, 7573, 17.514, 0, 2
289.43339, 244, 23.546, 0, 5049, 17.514, 0, 2
289.293571, 243, 24.568, 0, 5047, 17.514, 0, 2
289.543751, 243, 22.076, 0, 5047, 17.514, 0, 2
289.793949, 243, 23.614, 0, 5046, 17.514, 0, 2
290.44180, 243, 23.402, 0, 5045, 17.514, 0, 2
290.294368, 243, 23.523, 0, 5045, 17.514, 0, 2
290.544607, 243, 23.271, 0, 5044, 17.514, 0, 2
290.794823, 243, 23.530, 0, 5044, 17.514, 0, 2
291.45017, 243, 23.573, 0, 5043, 17.514, 0, 2
291.295272, 243, 23.413, 0, 5041, 17.514, 0, 2
291.545517, 243, 23.538, 0, 5040, 17.514, 0, 2
291.795699, 243, 23.441, 0, 5040, 17.514, 0, 2
292.45911, 243, 23.801, 0, 5039, 17.514, 0, 2
292.310542, 243, 24.106, 0, 4720, 17.514, 0, 2
292.560764, 243, 23.452, 0, 4720, 17.514, 0, 2
292.811026, 243, 23.294, 0, 4718, 17.514, 0, 2
293.61209, 243, 24.042, 0, 4718, 17.514, 0, 2
293.311410, 243, 22.795, 0, 4717, 17.514, 0, 2
293.561644, 243, 23.414, 0, 4715, 17.514, 0, 2
293.811842, 243, 23.604, 0, 4715, 17.514, 0, 2
294.62071, 243, 23.661, 0, 4714, 17.514, 0, 2
294.312257, 243, 23.215, 0, 4713, 17.514, 0, 2
294.562473, 243, 23.486, 0, 4712, 17.514, 0, 2
294.812706, 243, 23.486, 0, 0, 17.514, 0, 2
295.62898, 243, 23.441, 0, 0, 17.514, 0, 2
295.313142, 243, 23.314, 0, 2354, 202.801, 0, 2
295.563338, 243, 23.358, 0, 0, 202.801, 0, 2
295.813543, 243, 23.391, 0, 0, 202.801, 0, 2
296.63792, 243, 23.502, 0, 0, 202.801, 0, 2
296.313993, 243, 23.433, 0, 0, 202.801, 0, 2
296.564206, 243, 23.364, 0, 0, 202.801, 0, 2
296.814417, 243, 23.381, 0, 4705, 202.801, 0, 2
297.64611, 243, 23.466, 0, 4704, 202.801, 0, 2
297.319341, 243, 23.481, 0, 4613, 202.801, 0, 2
297.569586, 243, 23.563, 0, 4612, 202.801, 0, 2
297.819771, 243, 23.373, 0, 4611, 202.801, 0, 2
298.69956, 243, 23.516, 0, 4611, 202.801, 0, 2
298.320138, 243, 23.348, 0, 4610, 202.801, 0, 2
298.570355, 243, 23.646, 0, 4610, 202.801, 0, 2
298.820678, 243, 23.405, 0, 4607, 202.801, 0, 2
299.70871, 243, 23.601, 0, 4607, 202.801, 0, 2
299.321055, 243, 23.371, 0, 4606, 202.801, 0, 2
299.571291, 243, 23.405, 0, 4605, 202.801, 0, 2
299.821482, 243, 23.307, 0, 4604, 202.801, 0, 2
300.71724, 243, 23.438, 0, 4603, 202.801, 0, 2
300.321943, 243, 23.772, 0, 4602, 202.801, 0, 2
300.572135, 243, 23.457, 0, 4601, 202.801, 0, 2
300.822381, 243, 23.483, 0, 4600, 202.801, 0, 2
301.72583, 243, 23.717, 0, 4600, 202.801, 0, 2
301.322814, 243, 23.334, 0, 4598, 202.801, 0, 2
301.573073, 243, 23.614, 0, 4596, 202.801, 0, 2
301.823318, 243, 23.215, 0, 6892, 219.916, 0, 2
302.73564, 243, 23.449, 0, 4594, 219.916, 0, 2
302.323784, 243, 23.958, 0, 4593, 219.916, 0, 2
302.574050, 243, 22.416, 0, 4592, 219.916, 0, 2
302.824237, 243, 23.198, 0, 4592, 219.916, 0, 2
303.74424, 243, 23.364, 0, 4591, 219.916, 0, 2
303.324658, 243, 23.057, 0, 4590, 219.916, 0, 2
303.574899, 243, 23.262, 0, 4588, 219.916, 0, 2
303.825092, 243, 23.435, 0, 4588, 219.916, 0, 2
304.75276, 243, 23.225, 0, 4588, 219.916, 0, 2
304.325464, 243, 23.284, 0, 4587, 219.916, 0, 2
304.575695, 243, 23.241, 0, 4587, 219.916, 0, 2
304.825939, 243, 23.160, 0, 4585, 219.916, 0, 2
305.76138, 243, 23.037, 0, 4585, 219.916, 0, 2
305.326316, 243, 23.201, 0, 4585, 219.916, 0, 2
305.576559, 243, 23.299, 0, 4583, 219.916, 0, 2
305.826773, 243, 23.532, 0, 4583, 219.916, 0, 2
306.77008, 243, 23.238, 0, 4581, 219.916, 0, 2
306.327187, 243, 23.249, 0, 4581, 219.916, 0, 2
306.577380, 243, 23.255, 0, 4581, 219.916, 0, 2
306.827623, 243, 23.076, 0, 4579, 219.916, 0, 2
307.77820, 243, 23.334, 0, 4578, 219.916, 0, 2
307.328049, 243, 23.246, 0, 4577, 219.916, 0, 2
307.582671, 243, 23.336, 0, 4492, 219.916, 0, 2
307.832873, 243, 23.331, 0, 6738, 40.129, 0, 2
308.83161, 243, 23.246, 0, 4489, 40.129, 0, 2
308.333348, 243, 23.505, 0, 4489, 40.129, 0, 2
308.583576, 243, 23.245, 0, 4488, 40.129, 0, 2
308.833754, 243, 23.220, 0, 4487, 40.129, 0, 2
309.83953, 243, 23.390, 0, 4487, 40.129, 0, 2
309.334183, 243, 23.259, 0, 4485, 40.129, 0, 2
309.584422, 243, 23.295, 0, 4484, 40.129, 0, 2
309.834611, 243, 23.206, 0, 4484, 40.129, 0, 2
310.84803, 243, 23.477, 0, 4483, 40.129, 0, 2
310.334984, 243, 23.132, 0, 4483, 40.129, 0, 2
310.585215, 243, 23.333, 0, 4481, 40.129, 0, 2
310.835447, 243, 23.263, 0, 4481, 40.129, 0, 2
311.85636, 243, 23.197, 0, 4481, 40.129, 0, 2
311.335825, 243, 23.213, 0, 4480, 40.129, 0, 2
311.586060, 243, 23.265, 0, 4479, 40.129, 0, 2
311.836256, 243, 23.693, 0, 4478, 40.129, 0, 2
312.86485, 243, 23.121, 0, 4478, 40.129, 0, 2
312.336670, 243, 23.197, 0, 4477, 40.129, 0, 2
312.590011, 243, 23.329, 0, 4419, 40.129, 0, 2
312.840243, 244, 23.237, 0, 4418, 40.129, 0, 2
313.90426, 243, 23.448, 0, 4418, 40.129, 0, 2
313.340737, 243, 23.360, 0, 4415, 40.129, 0, 2
313.590910, 243, 23.285, 0, 4415, 40.129, 0, 2
313.841088, 243, 23.326, 0, 4414, 40.129, 0, 2
314.91320, 243, 23.215, 0, 6619, 18.934, 0, 2
314.341544, 243, 24.493, 0, 4412, 18.934, 0, 2
314.591773, 243, 22.724, 0, 4411, 18.934, 0, 2
314.841955, 243, 23.782, 0, 4411, 18.934, 0, 2
315.92140, 243, 23.269, 0, 4410, 18.934, 0, 2
315.342376, 243, 23.534, 0, 4409, 18.934, 0, 2
315.592625, 243, 23.503, 0, 4408, 18.934, 0, 2
315.842827, 243, 23.511, 0, 4407, 18.934, 0, 2
316.93047, 243, 23.677, 0, 4406, 18.934, 0, 2
316.343238, 243, 23.769, 0, 4406, 18.934, 0, 2
316.593468, 243, 23.730, 0, 4404, 18.934, 0, 2
316.843696, 243, 23.499, 0, 4403, 18.934, 0, 2
317.93889, 243, 23.499, 0, 0, 18.934, 0, 2
317.344103, 243, 23.596, 0, 0, 18.934, 0, 2
317.600671, 243, 23.489, 0, 0, 18.934, 0, 2
317.850865, 243, 23.448, 0, 0, 18.934, 0, 2
318.101068, 243, 23.484, 0, 0, 18.934, 0, 2
318.351261, 243, 23.675, 0, 0, 18.934, 0, 2
318.601439, 243, 23.414, 0, 0, 18.934, 0, 2
318.851641, 243, 23.563, 0, 0, 18.934, 0, 2
319.101831, 243, 23.443, 0, 0, 18.934, 0, 2
319.352034, 244, 23.698, 0, 0, 18.934, 0, 2
319.602207, 243, 23.464, 0, 0, 18.934, 0, 2
319.852392, 243, 23.444, 0, 0, 18.934, 0, 2
320.102596, 243, 23.530, 0, 0, 18.934, 0, 2
320.352777, 244, 23.776, 0, 0, 18.934, 0, 2
320.602977, 243, 23.521, 0, 0, 22.928, 0, 2
320.853157, 243, 23.656, 0, 0, 22.928, 0, 2
321.103345, 243, 23.333, 0, 0, 22.928, 0, 2
321.353549, 243, 23.563, 0, 0, 22.928, 0, 2
321.603752, 243, 23.470, 0, 0, 22.928, 0, 2
321.853929, 243, 23.460, 0, 0, 22.928, 0, 2
322.104125, 243, 23.366, 0, 0, 22.928, 0, 2
322.354323, 243, 23.742, 0, 0, 22.928, 0, 2
322.607665, 243, 23.897, 0, 0, 22.928, 0, 2
322.857877, 243, 23.291, 0, 0, 22.928, 0, 2
323.108082, 243, 23.495, 0, 0, 22.928, 0, 2
323.358267, 243, 23.278, 0, 0, 22.928, 0, 2
323.608472, 244, 23.358, 0, 0, 22.928, 0, 2
323.858667, 243, 23.875, 0, 0, 22.928, 0, 2
324.108873, 243, 23.335, 0, 0, 22.928, 0, 2
324.359049, 243, 23.664, 0, 0, 22.928, 0, 2
324.609235, 243, 23.715, 0, 0, 22.928, 0, 2
324.859439, 243, 23.679, 0, 0, 22.928, 0, 2
325.109623, 243, 23.364, 0, 0, 22.928, 0, 2
325.359832, 243, 23.574, 0, 0, 22.928, 0, 2
325.610030, 243, 23.752, 0, 0, 22.928, 0, 2
325.860215, 243, 23.588, 0, 0, 22.928, 0, 2
326.110421, 243, 23.757, 0, 0, 22.928, 0, 2
326.360657, 243, 23.649, 0, 0, 22.928, 0, 2
326.610863, 243, 25.217, 0, 0, 22.928, 0, 2
326.861067, 243, 21.706, 0, 0, 18.100, 0, 2
327.111274, 243, 23.494, 0, 0, 18.100, 0, 2
327.361480, 243, 23.617, 0, 0, 18.100, 0, 2
327.614060, 243, 23.622, 0, 0, 18.100, 0, 2
327.864265, 243, 23.516, 0, 0, 18.100, 0, 2
328.114465, 243, 23.332, 0, 0, 18.100, 0, 2
328.364643, 243, 23.519, 0, 0, 18.100, 0, 2
328.614944, 243, 23.319, 0, 0, 18.100, 0, 2
328.865151, 243, 23.538, 0, 0, 18.100, 0, 2
329.115400, 243, 23.455, 0, 0, 18.100, 0, 2
329.365606, 243, 23.598, 0, 0, 18.100, 0, 2
329.615811, 243, 23.577, 0, 0, 18.100, 0, 2
329.866002, 243, 23.856, 0, 0, 18.100, 0, 2
330.116204, 243, 23.425, 0, 0, 18.100, 0, 2
330.366393, 243, 23.444, 0, 0, 18.100, 0, 2
330.616596, 243, 23.560, 0, 0, 18.100, 0, 2
330.866853, 243, 23.569, 0, 0, 18.100, 0, 2
331.117029, 243, 23.858, 0, 0, 18.100, 0, 2
331.367239, 243, 23.726, 0, 0, 18.100, 0, 2
331.617412, 243, 23.670, 0, 0, 18.100, 0, 2
331.867586, 243, 23.655, 0, 0, 18.100, 0, 2
332.117783, 243, 23.444, 0, 0, 18.100, 0, 2
332.367964, 243, 23.770, 0, 0, 18.100, 0, 2
332.626922, 243, 23.418, 0, 65514, 18.100, 0, 2
332.877141, 243, 23.492, 0, 65367, 18.100, 0, 2
333.127348, 243, 23.734, 0, 65233, 18.100, 0, 2
333.377560, 243, 23.677, 0, 65229, 14.732, 0, 2
333.627773, 243, 23.677, 0, 0, 14.732, 0, 2
333.877955, 244, 23.670, 0, 0, 14.732, 0, 2
334.128137, 243, 23.881, 0, 0, 14.732, 0, 2
334.378312, 243, 23.266, 0, 0, 14.732, 0, 2
334.628511, 243, 23.388, 0, 0, 14.732, 0, 2
334.878715, 243, 23.428, 0, 0, 14.732, 0, 2
335.128894, 243, 23.408, 0, 0, 14.732, 0, 2
335.379070, 243, 23.539, 0, 0, 14.732, 0, 2
335.629276, 243, 23.273, 0, 0, 14.732, 0, 2
335.879465, 243, 23.574, 0, 0, 14.732, 0, 2
336.129668, 243, 23.481, 0, 0, 14.732, 0, 2
336.379847, 243, 23.498, 0, 0, 14.732, 0, 2
336.630021, 243, 23.279, 0, 0, 14.732, 0, 2
336.880223, 243, 23.473, 0, 0, 14.732, 0, 2
337.130415, 243, 23.083, 0, 0, 14.732, 0, 2
337.380713, 244, 23.315, 0, 0, 14.732, 0, 2
337.636363, 243, 23.416, 0, 0, 14.732, 0, 2
337.886548, 243, 23.453, 0, 0, 14.732, 0, 2
338.136752, 243, 23.823, 0, 0, 14.732, 0, 2
338.386931, 243, 23.709, 0, 0, 14.732, 0, 2
338.637132, 243, 26.449, 0, 0, 14.732, 0, 2
338.887325, 243, 23.134, 0, 0, 14.732, 0, 2
339.137500, 243, 23.419, 0, 0, 14.732, 0, 2
339.387701, 243, 23.515, 0, 0, 14.732, 0, 2
339.637930, 243, 23.509, 0, 0, 16.695, 0, 2
339.888115, 243, 23.428, 0, 0, 16.695, 0, 2
340.138295, 243, 23.385, 0, 0, 16.695, 0, 2
340.388488, 243, 23.623, 0, 0, 16.695, 0, 2
340.638694, 243, 23.410, 0, 0, 16.695, 0, 2
340.888903, 243, 23.458, 0, 0, 16.695, 0, 2
341.139089, 243, 23.370, 0, 0, 16.695, 0, 2
341.389299, 244, 23.427, 0, 0, 16.695, 0, 2
341.639559, 243, 23.507, 0, 0, 16.695, 0, 2
341.889773, 243, 23.237, 0, 0, 16.695, 0, 2
342.140006, 243, 23.405, 0, 0, 16.695, 0, 2
342.390183, 243, 23.312, 0, 0, 16.695, 0, 2
342.643586, 243, 23.377, 0, 0, 16.695, 0, 2
342.893798, 243, 23.503, 0, 0, 16.695, 0, 2
343.143984, 243, 23.420, 0, 0, 16.695, 0, 2
343.394183, 243, 23.126, 0, 0, 16.695, 0, 2
343.644350, 243, 23.327, 0, 0, 16.695, 0, 2
343.894528, 203, 3.980, 0, 22398, 16.558, 0, 2
344.144735, 1447, 0.553, 0, 560514, 13.644, 0, 2
344.394949, 1447, 0.540, 0, 559840, 8.666, 0, 2
344.645176, 437, 0.465, 0, 313056, 7.500, 0, 2
344.895381, 1447, 0.585, 0, 22341, 13.049, 0, 2
345.145590, 1105, 2.793, 0, 736607, 18.469, 0, 2
345.395806, 255, 0.959, 0, 401453, 13.214, 0, 2
345.646038, 1385, 10.033, 0, 89093, 22.606, 0, 2
345.896252, 911, 11.386, 0, 690252, 12.707, 0, 2
346.146477, 1448, 0.436, 0, 533794, 7.466, 0, 2
346.396691, 1448, 0.538, 0, 222202, 9.302, 0, 2
346.646904, 1447, 0.876, 0, 489473, 10.707, 0, 2
346.897121, 1088, 1.835, 0, 89118, 13.152, 0, 2
347.147353, 1447, 0.898, 0, 557022, 24.917, 0, 2
347.397561, 1448, 0.526, 0, 624612, 11.159, 0, 2
347.659128, 444, 4.835, 0, 15199, 9.890, 0, 2
347.909334, 249, 2.855, 0, 30425, 12.821, 0, 2
348.159544, 149, 3.804, 0, 60834, 15.670, 0, 2
348.409760, 255, 12.160, 0, 15200, 12.121, 0, 2
348.659975, 856, 8.192, 0, 364628, 19.063, 0, 2
348.910199, 1259, 2.231, 0, 425843, 17.320, 0, 2
349.160422, 1448, 0.329, 0, 319139, 6.335, 0, 2
349.410678, 375, 4.803, 0, 394437, 9.222, 0, 2
349.660888, 1195, 3.076, 0, 348680, 12.022, 0, 2
349.911114, 1288, 1.721, 0, 439147, 15.484, 0, 2
350.161334, 1252, 3.554, 0, 378384, 21.435, 0, 2
350.411558, 620, 3.165, 0, 423576, 14.551, 0, 2
350.661777, 425, 1.374, 0, 498880, 10.087, 0, 2
350.911992, 1292, 17.836, 0, 377802, 16.269, 0, 2
351.162209, 1448, 0.236, 0, 438004, 15.651, 0, 2
351.412427, 345, 13.138, 0, 422569, 10.296, 0, 2
351.662664, 743, 2.333, 0, 497390, 9.892, 0, 2
351.912876, 465, 3.008, 0, 497112, 10.243, 0, 2
352.163092, 485, 0.954, 0, 526844, 12.135, 0, 2
352.413314, 384, 0.903, 0, 406037, 15.952, 0, 2
352.663543, 1447, 0.586, 0, 390705, 30.751, 0, 2
352.913779, 1186, 24.795, 0, 360340, 29.461, 0, 2
353.164056, 310, 3.577, 0, 569177, 9.473, 0, 2
353.414260, 1447, 0.633, 540, 359281, 11.126, 0, 2
353.664501, 1160, 3.895, 0, 568089, 13.024, 0, 2
353.914716, 1447, 0.608, 0, 418315, 18.893, 0, 2
354.164927, 1447, 0.568, 0, 373392, 24.942, 0, 2
354.415154, 392, 3.629, 0, 447574, 12.205, 0, 2
354.665369, 384, 2.904, 0, 447303, 15.176, 0, 2
354.915594, 1216, 7.341, 0, 476663, 15.255, 0, 2
355.165819, 908, 0.434, 0, 1027492, 18.340, 0, 2
355.416042, 1448, 0.565, 0, 431654, 15.744, 0, 2
355.666257, 1447, 0.613, 0, 416838, 11.812, 0, 2
355.916467, 1437, 2.506, 0, 74390, 16.900, 0, 2
356.166679, 1417, 1.712, 0, 371828, 7.788, 0, 2
356.416891, 921, 1.782, 0, 119376, 18.331, 0, 2
356.667106, 1080, 15.593, 0, 432596, 8.331, 0, 2
356.917324, 642, 12.585, 0, 402440, 9.650, 0, 2
357.167536, 1447, 0.677, 0, 387266, 15.593, 0, 2
357.417762, 1448, 0.356, 0, 0, 17.836, 0, 2
357.668040, 255, 0.655, 0, 0, 18.029, 0, 2
357.921415, 1448, 0.399, 0, 1460935, 10.355, 0, 2
358.171649, 1436, 1.818, 0, 122766, 15.272, 0, 2
358.421866, 1328, 4.086, 0, 68174, 44.831, 0, 2
358.672170, 254, 22.611, 0, 27215, 44.831, 0, 2
358.922503, 1448, 0.468, 0, 881842, 9.934, 0, 2
359.172716, 1448, 0.541, 0, 203405, 12.890, 0, 2
359.422938, 1447, 0.226, 0, 0, 16.104, 0, 2
359.673178, 1447, 0.720, 0, 0, 12.796, 0, 2
359.923372, 1448, 0.246, 0, 1406777, 14.046, 0, 2
360.173679, 732, 7.209, 0, 323862, 25.845, 0, 2
360.423892, 1448, 0.355, 0, 445277, 14.958, 0, 2
360.674132, 256, 6.423, 0, 0, 19.443, 0, 2
360.924336, 1448, 0.710, 0, 1537424, 13.988, 0, 2
361.174559, 1328, 11.801, 0, 0, 18.751, 0, 2
361.424772, 255, 0.797, 0, 0, 14.886, 0, 2
361.674973, 256, 6.474, 0, 0, 18.994, 0, 2
361.925175, 243, 23.027, 0, 0, 18.994, 0, 2
362.175381, 1448, 0.330, 0, 781222, 21.270, 0, 2
362.425596, 1328, 1.743, 0, 67311, 8.012, 0, 2
362.675806, 255, 5.701, 0, 26916, 11.741, 0, 2
362.931245, 255, 7.248, 0, 23803, 14.644, 0, 2
363.181446, 243, 23.306, 0, 23802, 14.644, 0, 2
363.431678, 254, 15.774, 0, 23777, 14.644, 0, 2
363.682198, 243, 23.470, 0, 23609, 14.644, 0, 2
363.932387, 243, 23.610, 0, 23605, 14.644, 0, 2
364.182576, 254, 5.798, 0, 58975, 14.644, 0, 2
364.432764, 1448, 0.555, 0, 1014038, 14.552, 0, 2
364.682996, 1448, 0.350, 0, 1541377, 10.057, 0, 2
364.933465, 1448, 61.464, 0, 35153, 22.235, 0, 2
365.183677, 1448, 5.034, 0, 70330, 16.480, 0, 2
365.433886, 1448, 2.924, 0, 1276899, 62.069, 0, 2
365.684366, 1328, 10.025, 0, 69879, 61.737, 0, 2
365.934586, 1422, 0.319, 0, 826665, 12.211, 0, 2
366.184805, 375, 11.268, 0, 302651, 20.367, 0, 2
366.435024, 1447, 0.429, 0, 302514, 17.844, 0, 2
366.685235, 435, 16.098, 0, 337347, 21.217, 0, 2
366.935456, 1399, 7.425, 0, 430324, 15.986, 0, 2
367.185671, 1036, 21.843, 0, 337143, 17.516, 0, 2
367.435889, 1448, 0.245, 0, 11621, 17.061, 0, 2
367.686096, 984, 2.978, 0, 325314, 21.117, 0, 2
367.942645, 1447, 0.544, 0, 306666, 15.907, 0, 2
368.192870, 836, 6.462, 0, 337423, 11.073, 0, 2
368.443400, 1447, 0.364, 0, 609652, 15.777, 0, 2
368.693705, 1378, 5.824, 0, 284087, 12.098, 0, 2
368.943922, 1447, 0.310, 0, 314336, 12.296, 0, 2
369.194140, 246, 0.479, 0, 314230, 13.078, 0, 2
369.444365, 245, 2.301, 0, 324196, 9.725, 0, 2
369.694592, 1220, 5.949, 0, 303700, 10.129, 0, 2
369.944808, 1448, 0.462, 0, 253003, 11.628, 0, 2
370.195021, 1448, 0.834, 0, 91043, 10.871, 0, 2
370.445229, 1328, 53.671, 0, 0, 10.871, 0, 2
370.695440, 1448, 0.313, 0, 1977549, 17.180, 0, 2
370.945667, 211, 3.786, 0, 354569, 17.126, 0, 2
371.195887, 1448, 0.500, 0, 311406, 6.433, 0, 2
371.446102, 1185, 9.446, 0, 354112, 8.128, 0, 2
371.696328, 1448, 0.493, 0, 343122, 8.671, 0, 2
371.946539, 1447, 0.459, 0, 321638, 12.062, 0, 2
372.196756, 1448, 0.517, 0, 375185, 9.798, 0, 2
372.446984, 1447, 0.847, 0, 556987, 15.528, 0, 2
372.697247, 1448, 1.008, 0, 318088, 12.310, 0, 2
372.947476, 1447, 0.721, 0, 306592, 14.824, 0, 2
373.197744, 1328, 0.666, 0, 487600, 12.452, 0, 2
373.447977, 1027, 5.974, 0, 351399, 14.101, 0, 2
373.698186, 1448, 0.676, 0, 305910, 9.155, 0, 2
373.948395, 1447, 0.696, 0, 487027, 25.716, 0, 2
374.198619, 1374, 1.881, 0, 317007, 13.184, 0, 2
374.448882, 758, 9.074, 0, 316543, 29.202, 0, 2
374.699098, 1447, 0.595, 0, 316437, 36.957, 0, 2
374.949310, 829, 5.005, 0, 304995, 19.133, 0, 2
375.199528, 1447, 0.263, 0, 316066, 9.902, 0, 2
375.449745, 1448, 0.557, 0, 598056, 9.447, 0, 2
375.699975, 1448, 0.445, 0, 484850, 15.951, 0, 2
375.950197, 1448, 0.221, 0, 383146, 12.879, 0, 2
376.200422, 255, 1.482, 0, 923693, 29.306, 0, 2
376.450689, 1447, 0.868, 0, 506186, 7.955, 0, 2
376.700903, 1448, 4.519, 0, 404806, 20.704, 0, 2
376.951199, 1437, 3.173, 0, 381442, 13.228, 0, 2
377.201459, 870, 32.532, 0, 324950, 14.536, 0, 2
377.451711, 1447, 0.475, 540, 358082, 37.912, 0, 2
377.701937, 1447, 0.383, 0, 0, 11.378, 0, 2
377.952141, 255, 127.349, 0, 0, 11.378, 0, 2
378.202363, 243, 11.732, 0, 0, 11.378, 0, 2
378.452568, 244, 23.374, 0, 0, 11.378, 0, 2
378.702755, 243, 23.215, 0, 0, 11.378, 0, 2
378.952998, 243, 24.662, 0, 0, 11.378, 0, 2
379.203203, 243, 22.100, 0, 0, 11.378, 0, 2
379.453406, 243, 23.329, 0, 0, 11.378, 0, 2
379.703605, 244, 23.615, 0, 0, 11.378, 0, 2
379.953806, 243, 23.166, 0, 0, 11.378, 0, 2
380.204029, 243, 23.520, 0, 0, 11.378, 0, 2
380.454231, 243, 23.027, 0, 0, 11.378, 0, 2
380.704434, 243, 23.823, 0, 0, 11.378, 0, 2
380.954632, 243, 23.321, 0, 0, 11.378, 0, 2
381.204825, 243, 23.953, 0, 0, 59.074, 0, 2
381.455026, 243, 23.739, 0, 0, 59.074, 0, 2
381.705216, 243, 23.199, 0, 0, 59.074, 0, 2
381.955482, 27, 73.725, 0, 11118, 59.074, 1, 2
382.205762, 241, 15.849, 0, 4315, 59.074, 1, 2
382.456007, 243, 23.226, 0, 4315, 59.074, 1, 2
382.706246, 243, 23.007, 0, 4315, 59.074, 1, 2
382.956487, 243, 23.436, 0, 4315, 59.074, 1, 2
383.206701, 243, 23.136, 0, 4316, 59.074, 1, 2
383.456871, 243, 22.967, 0, 4317, 59.074, 1, 2
383.707040, 243, 23.260, 0, 4316, 59.074, 1, 2
383.957264, 243, 23.208, 0, 4316, 59.074, 1, 2
384.207505, 243, 23.483, 0, 4315, 59.074, 1, 2
384.457713, 243, 23.162, 0, 4316, 59.074, 1, 2
384.707920, 243, 23.178, 0, 4316, 59.074, 1, 2
384.958181, 243, 23.305, 0, 4315, 59.074, 1, 2
385.208422, 243, 23.241, 0, 4315, 59.074, 1, 2
385.458655, 243, 23.126, 0, 4315, 59.074, 1, 2
385.708877, 243, 23.218, 0, 4316, 59.074, 1, 2
385.959083, 243, 23.395, 0, 4316, 59.074, 1, 2
386.209329, 243, 23.207, 0, 4315, 59.074, 1, 2
386.459546, 243, 23.434, 0, 4316, 59.074, 1, 2
386.709789, 243, 23.095, 0, 4315, 59.074, 1, 2
386.960015, 243, 23.397, 0, 4316, 59.074, 1, 2
387.210216, 243, 23.364, 0, 4316, 59.074, 1, 2
387.460487, 243, 23.451, 0, 4315, 59.074, 1, 2
387.710666, 243, 23.177, 0, 6474, 139.168, 1, 2
387.960896, 243, 23.204, 0, 4316, 139.168, 1, 2
388.211102, 243, 23.178, 0, 4316, 139.168, 1, 2
388.461317, 243, 23.302, 0, 4316, 139.168, 2, 0
388.711536, 243, 23.286, 0, 4316, 139.168, 2, 0
388.961774, 243, 23.091, 0, 4315, 139.168, 2, 0
389.211953, 244, 23.422, 0, 4316, 139.168, 2, 0
389.462445, 243, 23.126, 0, 4311, 139.168, 2, 0
389.712657, 243, 23.410, 0, 4316, 139.168, 2, 0
389.962890, 243, 23.325, 0, 4315, 139.168, 2, 0
390.213121, 243, 23.148, 0, 4316, 139.168, 2, 0
390.463278, 241, 9.058, 0, 6475, 139.168, 2, 3
390.713518, 243, 23.518, 0, 6472, 139.168, 2, 0
390.963767, 243, 23.469, 0, 19021, 139.168, 2, 0
391.213983, 243, 23.355, 0, 19020, 139.168, 2, 0
391.464198, 243, 23.403, 0, 19016, 139.168, 2, 0
391.714419, 243, 23.579, 0, 19013, 139.168, 2, 0
391.964649, 243, 23.469, 0, 18996, 139.168, 2, 0
392.214907, 243, 23.196, 0, 18987, 139.168, 2, 0
392.465127, 243, 23.347, 0, 18984, 139.168, 2, 0
392.715352, 243, 23.962, 0, 18982, 139.168, 2, 0
392.965534, 243, 22.923, 0, 18972, 139.168, 2, 0
393.215715, 243, 23.430, 0, 18964, 139.168, 2, 0
393.465923, 243, 23.620, 0, 18958, 139.168, 2, 0
393.716099, 243, 23.773, 0, 18951, 139.168, 2, 0
393.966312, 243, 23.279, 0, 18947, 68.351, 2, 0
394.216503, 243, 23.214, 0, 18946, 68.351, 2, 0
394.466673, 243, 23.309, 0, 18944, 68.351, 2, 0
394.716883, 243, 23.332, 0, 18935, 68.351, 2, 0
394.967116, 243, 23.344, 0, 18910, 68.351, 2, 0
395.217333, 243, 23.228, 0, 18903, 68.351, 2, 0
395.467506, 243, 23.319, 0, 18897, 68.351, 2, 0
395.717707, 243, 23.291, 0, 18902, 68.351, 2, 0
395.967915, 243, 23.319, 0, 18900, 68.351, 2, 0
396.218181, 243, 23.319, 0, 0, 68.351, 2, 0
396.468344, 243, 23.256, 0, 0, 68.351, 2, 0
396.718518, 243, 23.233, 0, 0, 68.351, 2, 0
396.968759, 243, 23.329, 0, 0, 68.351, 2, 0
397.218952, 243, 23.247, 0, 0, 68.351, 2, 0
397.469162, 243, 23.306, 0, 0, 68.351, 2, 0
397.723030, 243, 23.098, 0, 0, 68.351, 2, 0
397.973223, 243, 23.226, 0, 0, 68.351, 2, 0
398.223429, 243, 23.329, 0, 0, 68.351, 2, 0
398.473605, 243, 23.054, 0, 0, 68.351, 2, 0
398.723807, 243, 23.304, 0, 0, 68.351, 2, 0
398.973979, 243, 23.228, 0, 0, 68.351, 2, 0
399.224153, 243, 23.094, 0, 0, 68.351, 2, 0
399.474354, 243, 23.298, 0, 0, 68.351, 2, 0
399.724527, 243, 23.218, 0, 0, 68.351, 2, 0
399.974727, 243, 25.665, 0, 0, 68.351, 2, 0
400.224903, 244, 23.125, 0, 0, 56.143, 2, 0
400.475074, 243, 23.662, 0, 0, 56.143, 2, 0
400.725275, 243, 23.270, 0, 0, 56.143, 2, 0
400.975517, 243, 23.401, 0, 0, 56.143, 2, 0
401.225702, 243, 23.391, 0, 0, 56.143, 2, 0
401.475874, 243, 23.276, 0, 0, 56.143, 2, 0
401.726042, 243, 23.468, 0, 0, 56.143, 2, 0
401.976238, 243, 23.238, 0, 0, 56.143, 2, 0
402.226455, 243, 23.284, 0, 0, 56.143, 2, 0
402.476646, 243, 23.863, 0, 0, 56.143, 2, 0
402.726829, 243, 22.999, 0, 0, 56.143, 2, 0
402.977085, 243, 33.517, 0, 0, 56.143, 2, 0
403.227273, 243, 22.377, 0, 0, 56.143, 2, 0
403.477474, 243, 23.502, 0, 0, 56.143, 2, 0
403.727642, 243, 23.231, 0, 0, 56.143, 2, 0
403.977815, 243, 23.379, 0, 0, 56.143, 2, 0
404.228052, 243, 23.343, 0, 0, 56.143, 2, 0
404.478236, 243, 23.377, 0, 0, 56.143, 2, 0
404.728435, 243, 23.568, 0, 0, 56.143, 2, 0
404.978606, 243, 23.388, 0, 0, 56.143, 2, 0
405.228792, 243, 23.326, 0, 0, 56.143, 2, 0
405.479010, 243, 23.299, 0, 0, 56.143, 2, 0
405.729203, 243, 23.588, 0, 0, 56.143, 2, 0
405.979399, 243, 23.588, 0, 0, 56.143, 2, 0
406.229567, 243, 23.588, 0, 0, 56.143, 2, 0
406.479741, 243, 23.588, 0, 0, 56.143, 2, 0
406.729952, 243, 23.588, 0, 0, 56.143, 2, 0
406.980189, 243, 23.588, 0, 0, 56.143, 2, 0
407.230360, 243, 23.588, 0, 0, 56.143, 2, 0
407.480515, 243, 23.588, 0, 0, 56.143, 2, 0
407.730669, 243, 23.588, 0, 0, 56.143, 2, 0
407.981116, 243, 23.588, 0, 0, 56.143, 2, 0
408.231377, 243, 23.588, 0, 0, 56.143, 2, 0
408.481544, 243, 23.588, 0, 0, 56.143, 2, 0
408.731716, 243, 23.588, 0, 0, 56.143, 2, 0
408.981980, 243, 23.588, 0, 0, 56.143, 2, 0
409.232161, 243, 23.588, 0, 0, 56.143, 2, 0
409.482361, 243, 23.588, 0, 0, 56.143, 2, 0
409.732521, 243, 23.588, 0, 0, 56.143, 2, 0
409.982679, 243, 23.588, 0, 0, 56.143, 2, 0
410.232916, 243, 23.588, 0, 0, 56.143, 2, 0
410.483092, 243, 23.588, 0, 0, 56.143, 2, 0
410.733290, 243, 23.588, 0, 0, 56.143, 2, 0
410.983442, 243, 23.588, 0, 0, 56.143, 2, 0
411.233601, 243, 23.588, 0, 0, 56.143, 2, 0
411.483799, 243, 23.588, 0, 0, 56.143, 2, 0
411.733958, 243, 23.588, 0, 0, 56.143, 2, 0
411.984157, 243, 23.588, 0, 0, 56.143, 2, 0
412.234310, 243, 23.588, 0, 0, 56.143, 2, 0
412.484467, 243, 23.588, 0, 0, 56.143, 2, 0
412.734669, 243, 23.588, 0, 0, 56.143, 2, 0
412.984826, 243, 23.588, 0, 0, 56.143, 2, 0
413.237385, 243, 23.588, 0, 0, 56.143, 2, 0
413.487551, 243, 23.588, 0, 0, 56.143, 2, 0
413.737709, 243, 23.588, 0, 0, 56.143, 2, 0
413.987916, 243, 23.588, 0, 0, 56.143, 2, 0
414.238154, 243, 23.588, 0, 0, 56.143, 2, 0
414.488323, 243, 23.588, 0, 0, 56.143, 2, 0
414.738476, 243, 23.588, 0, 0, 56.143, 2, 0
414.988633, 243, 23.588, 0, 0, 56.143, 2, 0
415.238836, 243, 23.588, 0, 0, 56.143, 2, 0
415.489038, 243, 23.588, 0, 0, 56.143, 2, 0
415.739227, 243, 23.588, 0, 0, 56.143, 2, 0
415.989397, 243, 23.588, 0, 0, 56.143, 2, 0
416.239642, 243, 23.588, 0, 0, 56.143, 2, 0
416.489819, 243, 23.588, 0, 0, 56.143, 2, 0
416.740022, 243, 23.588, 0, 0, 56.143, 2, 0
416.990177, 243, 23.588, 0, 0, 56.143, 2, 0
417.240335, 243, 23.588, 0, 0, 56.143, 2, 0
417.490575, 243, 23.588, 0, 0, 56.143, 2, 0
417.740733, 243, 23.588, 0, 0, 56.143, 2, 0
417.990972, 243, 23.588, 0, 0, 56.143, 2, 0
418.249877, 243, 23.588, 0, 0, 56.143, 2, 0
418.500045, 243, 23.588, 0, 0, 56.143, 2, 0
418.750244, 243, 23.588, 0, 0, 56.143, 2, 0
419.404, 243, 23.588, 0, 0, 56.143, 2, 0
419.250692, 243, 23.588, 0, 0, 56.143, 2, 0
419.500901, 243, 23.588, 0, 0, 56.143, 2, 0
419.751053, 243, 23.588, 0, 0, 56.143, 2, 0
420.1258, 243, 23.588, 0, 0, 56.143, 2, 0
420.251492, 243, 23.588, 0, 0, 56.143, 2, 0
420.501659, 243, 23.588, 0, 0, 56.143, 2, 0
420.751844, 243, 23.588, 0, 0, 56.143, 2, 0
421.2003, 243, 23.588, 0, 0, 56.143, 2, 0
