#Timeval(sec), EMA_ReqSize(B), EMA_IAT(ms), SQ_Length(B), Bandwidth(B/s), EMA_RTT(ms), BT_State, WFD_State
0.2, 0, 0.000, 0, 0, 0.000, 2, 0
0.250281, 0, 0.000, 0, 0, 0.000, 2, 0
0.500499, 0, 0.000, 0, 0, 0.000, 2, 0
0.750667, 0, 0.000, 0, 0, 0.000, 2, 0
1.837, 0, 0.000, 0, 0, 0.000, 2, 0
1.251135, 0, 0.000, 0, 0, 0.000, 2, 0
1.501301, 0, 0.000, 0, 0, 0.000, 2, 0
1.751504, 0, 0.000, 0, 0, 0.000, 2, 0
2.1671, 0, 0.000, 0, 0, 0.000, 2, 0
2.251836, 0, 0.000, 0, 0, 0.000, 2, 0
2.502038, 0, 0.000, 0, 0, 0.000, 2, 0
2.752204, 0, 0.000, 0, 0, 0.000, 2, 0
3.2416, 0, 0.000, 0, 0, 0.000, 2, 0
3.252643, 0, 0.000, 0, 0, 0.000, 2, 0
3.502813, 0, 0.000, 0, 0, 0.000, 2, 0
3.753021, 0, 0.000, 0, 0, 0.000, 2, 0
4.3208, 0, 0.000, 0, 0, 0.000, 2, 0
4.253419, 0, 0.000, 0, 0, 0.000, 2, 0
4.503590, 0, 0.000, 0, 0, 0.000, 2, 0
4.753790, 0, 0.000, 0, 0, 0.000, 2, 0
5.4003, 921, 0.000, 0, 6474, 0.000, 2, 0
5.254231, 921, 0.000, 0, 2158, 54.882, 2, 0
5.504451, 921, 0.000, 0, 0, 54.882, 2, 0
5.754626, 921, 0.000, 0, 0, 54.882, 2, 0
6.4797, 921, 0.000, 0, 0, 54.882, 2, 0
6.255010, 921, 0.000, 0, 0, 54.882, 2, 0
6.505221, 921, 0.000, 0, 0, 54.882, 2, 0
6.755400, 921, 0.000, 0, 0, 54.882, 2, 0
7.5574, 921, 0.000, 0, 0, 54.882, 2, 0
7.255808, 921, 0.000, 0, 0, 54.882, 2, 0
7.506071, 243, 0.162, 0, 12946, 54.882, 2, 0
7.756302, 243, 18.177, 0, 4316, 54.882, 2, 0
8.6503, 243, 23.565, 0, 4316, 54.882, 2, 0
8.256692, 243, 23.348, 0, 4316, 54.882, 2, 0
8.506919, 243, 23.375, 0, 4316, 54.882, 2, 0
8.757116, 243, 23.397, 0, 4316, 54.882, 2, 0
9.7331, 243, 23.508, 0, 4316, 54.882, 2, 0
9.257543, 243, 23.416, 0, 4316, 54.882, 2, 0
9.507750, 243, 23.496, 0, 4316, 54.882, 2, 0
9.757975, 243, 23.532, 0, 4316, 54.882, 2, 0
10.8178, 243, 23.584, 0, 4316, 54.882, 2, 0
10.258407, 243, 23.538, 0, 4316, 54.882, 2, 0
10.508636, 243, 23.447, 0, 4316, 54.882, 2, 0
10.758860, 243, 23.374, 0, 4316, 54.882, 2, 0
11.9087, 243, 23.524, 0, 4316, 54.882, 2, 0
11.259313, 243, 23.292, 0, 4316, 54.882, 2, 0
11.509502, 243, 23.443, 0, 4316, 54.882, 2, 0
11.759694, 243, 23.267, 0, 4316, 54.882, 2, 0
12.9889, 42, 228.713, 0, 2158, 54.882, 2, 0
12.260118, 243, 23.544, 0, 2158, 54.882, 2, 0
12.510350, 243, 23.265, 0, 4316, 54.882, 2, 0
12.760552, 243, 23.401, 0, 4316, 54.882, 2, 0
13.10747, 243, 23.177, 0, 6474, 36.542, 2, 0
13.261049, 243, 23.267, 0, 4314, 36.542, 2, 0
13.511283, 243, 23.234, 0, 4315, 36.542, 2, 0
13.761525, 243, 23.463, 0, 4315, 36.542, 2, 0
14.11751, 243, 23.488, 0, 4316, 36.542, 2, 0
14.261981, 243, 23.418, 0, 4316, 36.542, 2, 0
14.512219, 243, 23.358, 0, 4315, 36.542, 2, 0
14.762450, 243, 23.461, 0, 4316, 36.542, 2, 0
15.12692, 243, 23.586, 0, 4315, 36.542, 2, 0
15.262908, 243, 23.698, 0, 4316, 36.542, 2, 0
15.513108, 243, 23.405, 0, 4316, 36.542, 2, 0
15.763353, 243, 23.363, 0, 4315, 36.542, 2, 0
16.13569, 243, 23.283, 0, 4316, 36.542, 2, 0
16.263790, 243, 23.467, 0, 4316, 36.542, 2, 0
16.514018, 243, 23.546, 0, 4316, 36.542, 2, 0
16.764240, 243, 40.922, 0, 4316, 36.542, 2, 0
17.14472, 243, 21.956, 0, 4315, 36.542, 2, 0
17.264714, 243, 23.691, 0, 4315, 36.542, 2, 0
17.514920, 243, 23.596, 0, 4316, 36.542, 2, 0
17.765121, 243, 23.582, 0, 4316, 36.542, 2, 0
18.15314, 243, 23.660, 0, 4316, 36.542, 2, 0
18.265536, 243, 23.485, 0, 4316, 36.542, 2, 0
18.515775, 243, 23.559, 0, 4315, 36.542, 2, 0
18.765999, 243, 23.562, 0, 4316, 36.542, 2, 0
19.16221, 243, 23.808, 0, 4316, 36.542, 2, 0
19.266461, 243, 23.556, 0, 6472, 75.584, 2, 0
19.516668, 243, 23.568, 0, 4316, 75.584, 2, 0
19.766900, 243, 23.824, 0, 4316, 75.584, 2, 0
20.17099, 243, 23.548, 0, 4316, 75.584, 2, 0
20.267302, 243, 33.777, 0, 4316, 75.584, 2, 0
20.517532, 243, 22.588, 0, 4316, 75.584, 2, 0
20.767734, 243, 23.795, 0, 4316, 75.584, 2, 0
21.18140, 244, 25.557, 0, 4312, 75.584, 2, 0
21.268358, 243, 23.196, 0, 4316, 75.584, 2, 0
21.518553, 243, 23.838, 0, 4316, 75.584, 2, 0
21.768777, 243, 23.597, 0, 4316, 75.584, 2, 0
22.18969, 243, 23.780, 0, 4316, 75.584, 2, 0
22.269188, 243, 23.304, 0, 4316, 75.584, 2, 0
22.519385, 243, 23.637, 0, 4316, 75.584, 2, 0
22.769582, 243, 23.401, 0, 4316, 75.584, 2, 0
23.19804, 243, 23.647, 0, 4316, 75.584, 2, 0
23.270094, 243, 23.458, 0, 4315, 75.584, 2, 0
23.520291, 243, 23.531, 0, 4316, 75.584, 2, 0
23.770486, 243, 23.822, 0, 4316, 75.584, 2, 0
24.20680, 243, 23.411, 0, 4316, 75.584, 2, 0
24.270905, 243, 24.549, 0, 4316, 75.584, 2, 0
24.521139, 243, 22.592, 0, 4316, 75.584, 2, 0
24.771361, 243, 23.864, 0, 4316, 75.584, 2, 0
25.21561, 243, 23.538, 0, 4316, 75.584, 2, 0
25.271793, 243, 39.661, 0, 4316, 75.584, 2, 0
25.522011, 243, 22.241, 0, 4316, 59.114, 2, 0
25.772237, 243, 23.839, 0, 6474, 59.114, 2, 0
26.22430, 243, 23.544, 0, 4316, 59.114, 2, 0
26.276499, 243, 23.518, 0, 4250, 59.114, 2, 0
26.526722, 244, 23.695, 0, 4316, 59.114, 2, 0
26.776917, 243, 23.492, 0, 4316, 59.114, 2, 0
27.27139, 243, 23.537, 0, 4316, 59.114, 2, 0
27.277331, 243, 23.561, 0, 4316, 59.114, 2, 0
27.527525, 243, 23.621, 0, 4316, 59.114, 2, 0
27.777770, 243, 23.330, 0, 4315, 59.114, 2, 0
28.27967, 243, 23.739, 0, 4316, 59.114, 2, 0
28.278186, 243, 23.309, 0, 4316, 59.114, 2, 0
28.528376, 243, 23.590, 0, 4316, 59.114, 2, 0
28.778574, 243, 23.551, 0, 4316, 59.114, 2, 0
29.28801, 243, 23.543, 0, 4315, 59.114, 2, 0
29.279047, 243, 24.031, 0, 4315, 59.114, 2, 0
29.529259, 243, 23.605, 0, 4316, 59.114, 2, 0
29.779475, 243, 23.388, 0, 4316, 59.114, 2, 0
30.29673, 243, 23.388, 0, 0, 59.114, 2, 0
30.279895, 243, 23.805, 0, 4316, 59.114, 2, 0
30.530129, 243, 23.625, 0, 4316, 59.114, 2, 0
30.780333, 243, 23.381, 0, 4316, 59.114, 2, 0
31.30548, 243, 27.510, 0, 4316, 59.114, 2, 0
31.280832, 243, 23.201, 0, 4315, 59.114, 2, 0
31.531098, 243, 29.452, 0, 4315, 59.114, 2, 0
31.781325, 243, 23.201, 0, 4316, 59.114, 2, 0
32.31527, 243, 23.636, 0, 6474, 54.377, 2, 0
32.281728, 243, 23.629, 0, 4316, 54.377, 2, 0
32.531965, 243, 25.734, 0, 4316, 54.377, 2, 0
32.782172, 243, 23.279, 0, 4316, 54.377, 2, 0
33.32406, 243, 23.458, 0, 4316, 54.377, 2, 0
33.282613, 243, 23.434, 0, 4316, 54.377, 2, 0
33.532809, 243, 23.393, 0, 4316, 54.377, 2, 0
33.783038, 243, 23.551, 0, 4316, 54.377, 2, 0
34.33234, 243, 23.502, 0, 4316, 54.377, 2, 0
34.283478, 243, 23.744, 0, 4315, 54.377, 2, 0
34.533679, 243, 23.509, 0, 4316, 54.377, 2, 0
34.783905, 243, 23.535, 0, 4316, 54.377, 2, 0
35.34137, 243, 23.657, 0, 4316, 54.377, 2, 0
35.284348, 243, 23.897, 0, 4316, 54.377, 2, 0
35.534575, 243, 23.560, 0, 4316, 54.377, 2, 0
35.784778, 243, 23.513, 0, 4316, 54.377, 2, 0
36.34976, 243, 23.569, 0, 4316, 54.377, 2, 0
36.285201, 243, 23.424, 0, 4316, 54.377, 2, 0
36.535650, 243, 24.105, 0, 4312, 54.377, 2, 0
36.785882, 296, 17.196, 0, 19421, 54.377, 2, 0
37.36099, 1448, 0.348, 207900, 105748, 54.377, 2, 0
37.286339, 113, 3.156, 983340, 0, 54.377, 2, 0
37.536584, 1447, 0.202, 1879200, 21578, 54.377, 2, 0
37.786832, 1447, 0.201, 2770200, 105734, 536.228, 2, 0
38.37079, 162, 2.880, 3432240, 112208, 980.498, 2, 0
38.287316, 242, 7.119, 3407400, 103580, 980.498, 2, 0
38.537557, 243, 23.283, 3394440, 58263, 1385.352, 2, 0
38.787784, 243, 23.288, 3368520, 110058, 1692.922, 2, 0
39.38024, 243, 23.379, 3356640, 51791, 1692.922, 2, 0
39.288247, 54, 16.709, 3333960, 116535, 2167.865, 2, 0
39.538475, 1448, 0.190, 3695220, 110059, 2448.312, 2, 0
39.788723, 213, 0.278, 4469580, 103577, 2448.312, 2, 0
40.38986, 148, 4.674, 5296320, 58255, 2742.330, 2, 1
40.289271, 1361, 0.753, 6110100, 56097, 2742.330, 2, 1
40.539552, 242, 4.223, 6772140, 0, 2742.330, 2, 1
40.789815, 244, 22.834, 6773220, 0, 2742.330, 2, 1
41.40070, 243, 23.488, 6758640, 62576, 2742.330, 2, 1
41.290329, 243, 23.488, 6746220, 49625, 2742.330, 2, 1
41.540611, 243, 30.803, 6734340, 58254, 4188.063, 2, 1
41.808798, 241, 3.330, 6727860, 48327, 4188.063, 2, 1
42.59050, 1447, 0.206, 7100460, 8631, 4188.063, 2, 1
42.309319, 1447, 0.235, 7803000, 53941, 4939.259, 2, 1
42.559591, 1300, 0.322, 8729640, 56098, 5340.301, 2, 1
42.809859, 1448, 0.259, 9534780, 51784, 5340.301, 2, 1
43.60137, 162, 3.962, 10203300, 0, 5340.301, 2, 1
43.310422, 242, 14.800, 10190880, 56097, 5998.841, 2, 1
43.560687, 243, 23.479, 10191960, 0, 5998.841, 2, 1
43.811023, 243, 23.251, 10180080, 51770, 5998.841, 2, 1
44.61295, 243, 23.310, 10181160, 0, 5998.841, 2, 1
44.311629, 54, 15.201, 10173600, 51774, 5998.841, 2, 1
44.561893, 587, 0.285, 10352340, 8630, 7180.849, 2, 1
44.812160, 1336, 0.453, 11194740, 0, 7180.849, 2, 1
45.62425, 587, 0.220, 11970180, 0, 7180.849, 2, 1
45.312692, 1448, 0.260, 12820680, 51783, 7180.849, 2, 1
45.562958, 1447, 0.196, 13592880, 0, 7180.849, 2, 1
45.813231, 242, 3.950, 13678200, 0, 7180.849, 2, 1
46.63474, 243, 22.384, 13679280, 0, 7180.849, 2, 1
46.313752, 243, 23.105, 13667400, 51784, 7180.849, 2, 1
46.563997, 243, 23.261, 13667940, 4314, 9037.293, 2, 1
46.814268, 54, 41.875, 13672260, 0, 9037.293, 2, 1
47.64556, 108, 2.571, 13692240, 0, 9037.293, 2, 1
47.314838, 102, 2.634, 14128560, 694762, 10073.372, 0, 2
47.565102, 199, 3.184, 14898600, 278345, 10415.886, 0, 2
47.815361, 587, 0.271, 15515280, 321507, 10649.034, 0, 2
48.65616, 587, 0.266, 16292340, 250304, 10819.887, 0, 2
48.315870, 162, 2.566, 16768620, 172614, 11077.821, 0, 2
48.566135, 242, 8.856, 16698420, 291292, 11336.097, 0, 2
48.816402, 244, 23.176, 16670340, 120829, 11452.463, 0, 2
49.66664, 243, 23.275, 16651440, 81992, 11586.367, 0, 2
49.316932, 34, 29.619, 16600680, 213604, 11995.248, 3, 2
49.567470, 54, 17.006, 16514820, 372866, 12212.768, 3, 2
49.817795, 1448, 0.207, 16639020, 843560, 12446.146, 0, 2
50.68080, 1447, 0.385, 16620120, 2787519, 12532.237, 0, 2
50.318357, 587, 0.272, 17150400, 1402479, 12622.010, 0, 2
50.568611, 1447, 0.216, 17877780, 284829, 12823.129, 0, 2
50.818858, 1447, 0.214, 18545760, 686184, 13090.950, 0, 2
51.69139, 242, 20.534, 17844840, 2914905, 13194.450, 0, 2
51.319422, 242, 20.534, 16954380, 3626768, 11728.366, 0, 2
51.569693, 243, 23.397, 16053120, 3676595, 11700.388, 0, 2
51.819979, 243, 23.363, 14932080, 4571864, 11628.486, 0, 2
52.70255, 54, 36.741, 14070240, 3529931, 11595.816, 0, 2
52.320540, 69, 20.502, 12941640, 4612712, 10045.122, 0, 2
52.570834, 1198, 0.272, 12585780, 4263323, 10019.653, 1, 2
52.821151, 587, 0.228, 12634920, 3378271, 10015.177, 1, 2
53.71432, 587, 0.269, 12731580, 2636555, 10032.106, 1, 2
53.321699, 1313, 5.908, 12623040, 3976600, 8521.890, 1, 2
53.571969, 242, 13.283, 12613860, 1408968, 8700.109, 1, 2
53.822234, 242, 13.283, 11691540, 3765012, 8648.250, 1, 2
54.72537, 243, 23.348, 10656900, 4224126, 8563.884, 1, 2
54.322829, 243, 23.809, 9834480, 3354894, 7034.571, 1, 2
54.573111, 862, 21.875, 9569340, 1089623, 7013.312, 1, 2
54.823379, 54, 15.943, 9442440, 528609, 7404.602, 1, 2
55.73661, 98, 2.675, 10099080, 56099, 7550.348, 1, 2
55.323918, 1447, 0.206, 10727100, 265406, 7814.916, 1, 2
55.574186, 122, 3.778, 11511720, 222242, 8092.743, 1, 2
55.824412, 1447, 0.322, 12382740, 168327, 8254.804, 1, 2
56.74683, 242, 4.400, 12771000, 64729, 8373.855, 1, 2
56.324951, 243, 23.002, 12738600, 138082, 8809.454, 1, 2
56.575239, 243, 23.376, 12677580, 252447, 8972.713, 1, 2
56.825494, 243, 23.485, 12678660, 0, 8972.713, 1, 2
57.75758, 862, 7.428, 12627900, 217931, 9525.136, 1, 2
57.326008, 241, 6.331, 12631680, 0, 9525.136, 1, 2
57.576249, 587, 0.247, 13022640, 112210, 9799.653, 1, 2
57.826520, 1439, 0.261, 13753800, 101409, 10244.918, 1, 2
58.76787, 753, 0.229, 14563800, 116513, 10422.117, 1, 2
58.327072, 1446, 0.242, 15425100, 0, 10422.117, 1, 2
58.577327, 162, 2.368, 16067700, 0, 10422.117, 1, 2
58.827587, 242, 13.471, 16068780, 0, 10422.117, 1, 2
59.77872, 243, 23.363, 16045020, 101411, 11231.372, 1, 2
59.328114, 243, 23.386, 16046100, 0, 11231.372, 1, 2
59.578384, 244, 23.478, 16047180, 0, 11231.372, 1, 2
59.828625, 54, 15.674, 16052580, 0, 11231.372, 1, 2
60.78913, 587, 0.271, 16141140, 241658, 12456.181, 1, 2
60.329194, 1447, 0.209, 16838820, 153187, 12720.592, 1, 2
60.579450, 1447, 0.204, 17513280, 483344, 12933.670, 1, 2
60.829722, 118, 4.102, 18334080, 241657, 13113.876, 1, 2
61.79984, 1447, 0.202, 19189440, 101412, 13310.789, 1, 2
61.330324, 168, 3.623, 19249920, 90591, 13310.789, 2, 0
61.580607, 242, 21.805, 19251000, 4314, 13763.725, 2, 0
61.830937, 243, 23.399, 19238580, 58244, 14117.902, 2, 0
62.81208, 243, 23.446, 19227780, 56097, 14316.524, 2, 0
62.331470, 73, 12.173, 19231560, 2157, 14536.999, 2, 0
62.581753, 69, 19.155, 19235340, 0, 14536.999, 2, 0
62.832030, 1448, 0.188, 20003220, 51782, 14536.999, 2, 0
63.82293, 1448, 0.223, 20819160, 0, 14536.999, 2, 0
63.332559, 724, 0.228, 21663180, 58257, 15323.848, 2, 3
63.582827, 109, 3.809, 22543920, 51784, 15323.848, 2, 3
63.833082, 242, 12.315, 22713480, 0, 15323.848, 2, 3
64.83341, 243, 23.245, 22701060, 56101, 16117.923, 2, 3
64.333612, 243, 23.538, 22693500, 36676, 16117.923, 2, 0
64.583907, 241, 12.211, 22663800, 127298, 16610.182, 2, 1
64.834158, 67, 5.897, 22653540, 58260, 16923.578, 2, 1
65.84407, 1030, 0.387, 22703220, 103576, 16923.578, 2, 1
65.334681, 1361, 1.254, 23568840, 60413, 17439.107, 2, 1
65.584955, 1447, 0.213, 24436620, 0, 17439.107, 2, 1
65.835231, 1448, 0.219, 25294140, 51782, 17439.107, 2, 1
66.85563, 1447, 0.202, 26044740, 110013, 17994.498, 2, 1
66.335832, 242, 12.943, 26064720, 114351, 18313.662, 2, 1
66.586116, 243, 23.107, 26052840, 51780, 18313.662, 2, 1
66.836374, 243, 23.217, 26026920, 110052, 18753.867, 2, 1
67.86595, 243, 23.318, 26000460, 114379, 19112.359, 2, 1
67.336807, 296, 17.830, 25991820, 56111, 19391.533, 2, 1
67.587067, 1439, 0.323, 26097660, 110044, 19668.965, 2, 1
67.837334, 1448, 0.218, 26845560, 110042, 19957.414, 2, 1
68.87593, 1448, 0.209, 27648000, 51785, 19957.414, 2, 1
68.337872, 1448, 0.215, 28409400, 110036, 20247.855, 2, 1
68.588140, 1439, 0.365, 29197260, 110043, 20540.777, 2, 1
68.838410, 242, 4.867, 29375460, 58253, 20846.506, 2, 1
69.88689, 243, 22.667, 29349000, 112199, 21161.758, 2, 1
69.338954, 243, 23.270, 29337120, 51780, 21161.758, 2, 1
69.589244, 243, 23.231, 29311740, 107876, 21445.486, 2, 1
69.839536, 862, 9.274, 29287440, 110039, 21744.703, 2, 1
70.89768, 241, 1.320, 29277180, 58264, 22044.824, 2, 1
70.340047, 73, 2.418, 29880900, 51782, 22044.824, 2, 1
70.590331, 156, 4.983, 30692520, 62568, 22603.992, 2, 1
70.840602, 587, 0.214, 31397760, 51783, 22603.992, 2, 1
71.90923, 587, 0.293, 32154300, 107861, 22973.670, 2, 1
71.341191, 162, 3.256, 32713740, 56098, 23276.463, 2, 1
71.591461, 242, 10.156, 32687820, 110042, 23574.883, 2, 1
71.841694, 243, 23.077, 32662980, 103583, 23574.883, 2, 1
72.91915, 243, 23.326, 32649480, 60422, 23880.381, 2, 1
72.342192, 243, 23.441, 32624100, 107877, 24161.756, 2, 1
72.592472, 54, 15.502, 32602500, 110041, 24449.146, 2, 1
72.842730, 1448, 0.190, 33049620, 58260, 24744.662, 2, 1
73.92997, 141, 4.920, 33847200, 112199, 25041.312, 2, 1
73.343253, 198, 3.566, 34565940, 107887, 25328.158, 2, 1
73.593519, 1446, 0.327, 35325180, 51785, 25328.158, 2, 1
73.843789, 242, 0.763, 36013140, 110040, 25635.330, 2, 1
74.94058, 243, 23.179, 36000180, 58257, 25966.893, 2, 1
74.344279, 243, 23.318, 35974260, 110061, 26265.598, 2, 1
74.594560, 243, 23.471, 35948340, 107873, 26265.598, 2, 1
74.844894, 24, 35.976, 35948880, 0, 26265.598, 2, 1
75.95173, 54, 15.526, 35941320, 53941, 26769.924, 2, 1
75.345434, 1435, 0.495, 36298800, 0, 26769.924, 2, 1
75.595734, 1361, 1.260, 36992700, 51778, 26769.924, 2, 1
75.846019, 637, 0.426, 37898820, 0, 26769.924, 2, 1
76.96301, 1447, 0.219, 38725560, 60411, 27805.256, 2, 1
76.346573, 168, 2.496, 39419460, 51784, 27805.256, 2, 1
76.596830, 242, 17.254, 39418920, 8630, 28299.885, 2, 1
76.847079, 243, 23.248, 39407040, 51787, 28299.885, 2, 1
77.97339, 243, 23.376, 39408120, 0, 28299.885, 2, 1
77.347590, 243, 23.733, 39396240, 51789, 28299.885, 2, 1
77.597849, 55, 17.419, 39401640, 0, 28299.885, 2, 1
77.848115, 1447, 0.359, 39645180, 60415, 29496.768, 2, 1
78.98379, 587, 0.231, 40449240, 0, 29496.768, 2, 1
78.348640, 637, 0.241, 41341860, 58258, 30152.391, 2, 1
78.598906, 587, 0.274, 42127020, 0, 30152.391, 2, 1
78.849166, 162, 3.883, 42877080, 51785, 30152.391, 2, 1
79.99425, 242, 9.174, 42878160, 0, 30152.391, 2, 1
79.349612, 243, 23.277, 42879240, 0, 30152.391, 2, 1
79.599872, 243, 23.360, 42867360, 51784, 30152.391, 2, 1
79.850153, 243, 23.322, 42868440, 0, 30152.391, 2, 1
80.100380, 296, 18.280, 42861420, 49633, 31833.055, 2, 1
80.350653, 1448, 0.223, 43008840, 0, 31833.055, 2, 1
80.600929, 202, 2.575, 43885800, 0, 31833.055, 2, 1
80.851204, 637, 0.368, 44832420, 0, 31833.055, 2, 1
81.101542, 1448, 0.215, 45564660, 56084, 31833.055, 2, 1
81.351799, 1448, 0.197, 46340640, 8630, 32935.266, 2, 1
81.602065, 162, 4.782, 46353060, 51781, 32935.266, 2, 1
81.852336, 242, 20.812, 46341180, 51786, 32935.266, 2, 1
82.102575, 243, 23.274, 46207800, 537298, 33717.270, 0, 2
82.352854, 243, 23.584, 46079820, 519985, 34184.895, 0, 2
82.603126, 54, 38.800, 45941040, 578285, 34401.207, 0, 2
82.853371, 1439, 0.315, 45995040, 530827, 34563.129, 0, 2
83.103638, 587, 0.416, 46589040, 263232, 34803.875, 0, 2
83.353934, 587, 0.416, 46565820, 97082, 35089.043, 0, 2
83.604199, 587, 0.416, 46498860, 271873, 35322.734, 0, 2
83.854455, 587, 0.416, 46378980, 509235, 34054.055, 0, 2
84.104722, 69, 853.428, 46367640, 49626, 34053.965, 3, 2
84.354986, 69, 853.428, 46347660, 81990, 34418.781, 3, 2
84.605265, 69, 853.428, 46313100, 140240, 34610.605, 3, 2
84.855574, 241, 2.569, 46247760, 304204, 34867.055, 3, 2
85.105854, 1361, 1.534, 46200240, 662375, 35082.262, 0, 2
85.356144, 1361, 0.964, 46982160, 163970, 35233.211, 0, 2
85.606416, 587, 0.223, 47771640, 0, 35233.211, 0, 2
85.856664, 724, 0.224, 48375900, 515725, 35875.746, 0, 2
86.106922, 587, 0.217, 49175640, 127308, 36122.941, 0, 2
86.357203, 242, 2.782, 49003920, 1643973, 36182.723, 0, 2
86.607486, 243, 23.227, 48819780, 750862, 36399.074, 0, 2
86.857734, 243, 23.371, 48466080, 1452251, 36561.215, 0, 2
87.107968, 243, 23.329, 48238200, 930092, 36754.535, 0, 2
87.358206, 338, 61.795, 48045960, 794135, 36944.613, 0, 2
87.608437, 71, 14.523, 47771100, 1139427, 37058.566, 0, 2
87.858720, 1447, 0.281, 48331080, 248112, 37363.008, 1, 2
88.109024, 1447, 0.196, 48785760, 737822, 37542.805, 1, 2
88.359312, 1300, 0.465, 49245840, 1279425, 37628.359, 1, 2
88.609572, 1447, 0.206, 49782060, 990401, 37807.922, 1, 2
88.859836, 162, 2.885, 50220000, 1093972, 37993.516, 1, 2
89.110086, 242, 8.389, 49617360, 2461969, 36614.129, 1, 2
89.360350, 243, 23.264, 48630780, 3989626, 36685.742, 1, 2
89.610616, 243, 23.509, 47848860, 3184795, 36721.984, 1, 2
89.860893, 243, 23.489, 47023740, 3376632, 36688.859, 1, 2
90.111179, 296, 17.399, 46668420, 1499568, 36623.383, 1, 2
90.361424, 400, 0.257, 46687320, 0, 36623.383, 1, 2
90.611644, 1448, 0.199, 47217600, 787690, 35680.965, 1, 2
90.861913, 205, 3.954, 47975220, 60415, 35796.555, 1, 2
91.112175, 1447, 0.192, 48703680, 176931, 35963.102, 1, 2
91.362441, 1447, 0.219, 49584960, 142408, 36231.660, 1, 2
91.612692, 162, 3.545, 49881960, 75518, 36510.090, 1, 2
91.862961, 242, 12.939, 49842540, 163982, 36876.117, 1, 2
92.113253, 243, 23.260, 49814460, 120824, 37110.527, 1, 2
92.363503, 243, 23.409, 49815540, 0, 37110.527, 1, 2
92.613770, 862, 21.586, 49779360, 157517, 37575.488, 1, 2
92.864023, 55, 15.983, 49707540, 306402, 37855.039, 1, 2
93.114282, 1448, 0.256, 50215140, 43156, 37939.828, 1, 2
93.364533, 213, 0.287, 50851260, 142413, 38338.477, 2, 0
93.614793, 198, 2.537, 51693660, 0, 38338.477, 2, 0
93.865047, 587, 0.284, 52551720, 6473, 38795.645, 2, 0
94.115309, 162, 3.413, 53167320, 56101, 38846.738, 2, 0
94.365555, 242, 21.076, 53168400, 0, 38846.738, 2, 0
94.615751, 243, 23.336, 53169480, 0, 38846.738, 2, 0
94.865984, 243, 23.334, 53157600, 51788, 38846.738, 2, 0
95.116249, 243, 23.249, 53151660, 30209, 39806.023, 2, 0
95.366493, 49, 32.632, 53144640, 51788, 39806.023, 2, 3
95.616743, 587, 0.278, 53366580, 51788, 39806.023, 2, 3
95.867001, 1439, 0.622, 54087480, 0, 39806.023, 2, 3
96.117279, 1448, 0.208, 54851040, 88461, 40732.512, 2, 0
96.367636, 1448, 0.207, 55672920, 32352, 41191.395, 2, 1
96.617946, 465, 0.258, 56532060, 51776, 41191.395, 2, 1
96.868218, 242, 10.077, 56595780, 51780, 41191.395, 2, 1
97.118478, 243, 23.230, 56570940, 105734, 41811.934, 2, 1
97.368730, 243, 23.390, 56556900, 62572, 42028.230, 2, 1
97.618993, 243, 23.450, 56531520, 107885, 42441.484, 2, 1
97.869310, 67, 13.112, 56508300, 110029, 42615.336, 2, 1
98.119541, 71, 9.836, 56499120, 51792, 42615.336, 2, 1
98.369750, 587, 0.283, 57208140, 0, 42615.336, 2, 1
98.620012, 1041, 0.188, 58063500, 58257, 43327.129, 2, 1
98.870267, 724, 0.269, 58911840, 110047, 43650.383, 2, 1
99.120582, 1447, 0.332, 59738580, 110021, 43944.121, 2, 1
99.370837, 162, 7.626, 59934060, 53943, 43944.121, 2, 1
99.621147, 242, 20.762, 59907600, 110020, 43944.121, 2, 1
99.871425, 243, 23.461, 59882760, 103570, 43944.121, 2, 1
100.121659, 243, 23.361, 59868720, 66894, 44875.500, 2, 1
100.371924, 243, 23.731, 59843880, 105728, 45130.551, 2, 1
100.622200, 243, 23.523, 59832000, 51781, 45130.551, 2, 1
100.872460, 243, 23.455, 59806080, 110043, 45425.453, 2, 1
101.122740, 243, 23.112, 59780160, 110043, 45716.094, 2, 1
101.372983, 243, 23.365, 59754240, 110051, 46000.141, 2, 1
101.623243, 243, 24.946, 59741280, 58257, 46166.398, 2, 1
101.873491, 243, 21.578, 59715360, 110052, 46437.660, 2, 1
102.123717, 243, 23.147, 59703480, 51790, 46437.660, 2, 1
102.373989, 243, 25.654, 59704560, 0, 46437.660, 2, 1
102.624186, 243, 24.191, 59705640, 0, 46437.660, 2, 1
102.874436, 243, 23.152, 59706720, 0, 46437.660, 2, 1
103.124616, 243, 22.993, 59707800, 0, 46437.660, 2, 1
103.374789, 243, 23.052, 59708880, 0, 46437.660, 2, 1
103.625029, 243, 22.971, 59709960, 0, 46437.660, 2, 1
103.875289, 243, 23.048, 59711040, 0, 46437.660, 2, 1
104.125502, 243, 23.112, 59712120, 0, 46437.660, 2, 1
104.375682, 243, 23.097, 59713200, 0, 46437.660, 2, 1
104.625865, 243, 23.183, 59714280, 0, 46437.660, 2, 1
104.876100, 243, 23.094, 59715360, 0, 46437.660, 2, 1
105.126359, 243, 23.166, 59716440, 0, 46437.660, 2, 1
105.376538, 243, 23.116, 59717520, 0, 46437.660, 2, 1
105.626714, 243, 23.098, 59718600, 0, 46437.660, 2, 1
105.876997, 243, 23.192, 59719680, 0, 46437.660, 2, 1
106.127188, 243, 23.147, 59720760, 0, 46437.660, 2, 1
106.377435, 243, 23.109, 59721840, 0, 46437.660, 2, 1
106.627632, 243, 23.211, 59722920, 0, 46437.660, 2, 1
106.877957, 241, 6.558, 59724540, 0, 46437.660, 2, 1
107.128246, 243, 22.987, 59725620, 0, 46437.660, 2, 1
107.378491, 243, 23.187, 59726700, 0, 46437.660, 2, 1
107.628727, 243, 22.964, 59727780, 0, 46437.660, 2, 1
107.879364, 243, 23.129, 59728860, 0, 46437.660, 2, 1
108.129636, 243, 23.632, 59729940, 0, 46437.660, 2, 1
108.379893, 243, 29.847, 59731020, 0, 46437.660, 2, 1
108.630135, 243, 22.656, 59732100, 0, 46437.660, 2, 1
108.880387, 243, 23.033, 59733180, 0, 46437.660, 2, 1
109.130650, 243, 23.268, 59734260, 0, 46437.660, 2, 1
109.380925, 243, 23.392, 59735340, 0, 46437.660, 2, 1
109.631214, 243, 23.265, 59736420, 0, 46437.660, 2, 1
109.881503, 243, 23.171, 59737500, 0, 46437.660, 2, 1
110.131757, 243, 23.397, 59738580, 0, 46437.660, 2, 1
110.382016, 243, 23.351, 59739660, 0, 46437.660, 2, 1
110.632276, 243, 23.175, 59740740, 0, 46437.660, 2, 1
110.882546, 243, 23.364, 59741820, 0, 46437.660, 2, 1
111.132834, 243, 23.303, 59742900, 0, 46437.660, 2, 1
111.383014, 243, 23.271, 59743980, 0, 46437.660, 2, 1
111.633224, 243, 23.034, 59745060, 0, 46437.660, 2, 1
111.883512, 244, 23.764, 59746140, 0, 46437.660, 2, 1
112.133728, 243, 23.289, 59747220, 0, 46437.660, 2, 1
112.383995, 243, 23.563, 59748300, 0, 46437.660, 2, 1
112.634240, 243, 22.784, 59749380, 0, 46437.660, 2, 1
112.884429, 243, 25.233, 59251500, 1994284, 56518.902, 0, 2
113.134714, 243, 21.358, 59195880, 233015, 57797.070, 0, 2
113.384994, 243, 23.229, 59078700, 481138, 57990.688, 0, 2
113.635264, 243, 23.224, 58988520, 368967, 58259.355, 0, 2
113.885509, 243, 23.105, 58925880, 258944, 58426.902, 0, 2
114.135764, 243, 23.404, 58848660, 319350, 58707.457, 0, 2
114.386032, 243, 23.123, 58800600, 200668, 58892.609, 0, 2
114.636273, 243, 23.640, 58739040, 254627, 59138.484, 0, 2
114.886543, 244, 23.674, 58671000, 280498, 59451.090, 0, 2
115.136795, 244, 23.674, 58647780, 94941, 59590.520, 0, 2
115.387032, 243, 23.583, 58600800, 196360, 59853.773, 0, 2
115.637335, 243, 23.896, 58532760, 280459, 60123.496, 0, 2
115.887637, 243, 23.144, 58484160, 202805, 60410.812, 0, 2
116.137896, 243, 23.209, 58460940, 99258, 60570.516, 0, 2
116.388126, 243, 23.288, 58412880, 198530, 60736.895, 0, 2
116.638382, 243, 23.234, 58359960, 220089, 61058.680, 0, 2
116.888677, 243, 23.401, 58336740, 99238, 61281.406, 0, 2
117.138980, 243, 23.482, 58312980, 101399, 61514.523, 0, 2
117.389263, 243, 23.712, 58264920, 198497, 61775.434, 0, 2
117.639597, 243, 23.749, 58266000, 0, 61775.434, 0, 2
117.889892, 243, 23.166, 58215240, 211438, 62265.770, 0, 2
118.140179, 243, 23.544, 58182840, 135921, 62507.090, 0, 2
118.390473, 243, 23.498, 58183920, 0, 62507.090, 0, 2
118.640732, 243, 23.135, 58185000, 0, 62507.090, 0, 2
118.891013, 243, 23.276, 58158540, 114350, 63172.504, 0, 2
119.141296, 243, 23.601, 58125060, 140248, 63440.836, 0, 2
119.391548, 243, 23.683, 58126140, 0, 63440.836, 0, 2
119.641833, 243, 23.350, 58115340, 49625, 63828.449, 0, 2
119.892095, 243, 23.315, 58116420, 4315, 64227.039, 0, 2
120.142328, 243, 23.223, 58117500, 0, 64227.039, 0, 2
120.392613, 244, 23.646, 58099680, 81986, 64726.742, 0, 2
120.642891, 243, 23.227, 58100760, 0, 64726.742, 0, 2
120.893157, 243, 23.432, 58013820, 353868, 64978.617, 0, 2
121.143406, 243, 23.518, 57963600, 209295, 65397.523, 0, 2
121.393725, 243, 23.488, 57898800, 265342, 65598.422, 0, 2
121.644020, 243, 23.338, 57802680, 390497, 65769.148, 0, 2
121.894310, 243, 23.310, 57803760, 2157, 66083.289, 0, 2
122.144580, 243, 23.327, 57752460, 211446, 66318.398, 0, 2
122.394850, 243, 23.308, 57724920, 116516, 66589.648, 0, 2
122.645116, 243, 23.339, 57699540, 107882, 66895.477, 0, 2
122.895399, 243, 23.365, 57673080, 112189, 67137.891, 0, 2
123.145687, 243, 23.473, 57648240, 105721, 67383.680, 0, 2
123.395942, 243, 23.391, 57649320, 0, 67383.680, 0, 2
123.646219, 243, 23.366, 57622860, 112188, 67713.516, 0, 2
123.896525, 243, 23.321, 57593700, 122976, 68036.133, 0, 2
124.146783, 243, 23.326, 57565620, 118671, 68322.320, 0, 2
124.397047, 243, 23.274, 57566700, 0, 68322.320, 0, 2
124.647247, 243, 23.329, 57539160, 116543, 68678.984, 0, 2
124.897515, 243, 23.410, 57512700, 112192, 68967.703, 0, 2
125.147794, 243, 23.301, 57484620, 118672, 69247.641, 0, 2
125.398050, 243, 23.419, 57459780, 105732, 69553.664, 0, 2
125.648309, 243, 23.430, 57460860, 0, 69553.664, 0, 2
125.898547, 243, 23.394, 57436020, 105739, 69903.250, 0, 2
126.148776, 243, 23.385, 57386340, 204996, 70157.906, 0, 2
126.399045, 243, 23.311, 57362580, 101415, 70505.805, 0, 2
126.649291, 243, 25.454, 57336120, 112206, 70800.383, 0, 2
126.899552, 243, 21.196, 57337200, 0, 70800.383, 0, 2
127.149797, 243, 23.286, 57308040, 123001, 71104.492, 0, 2
127.400039, 243, 23.377, 57279960, 118680, 71418.242, 0, 2
127.650310, 243, 23.366, 57253500, 112202, 71765.539, 0, 2
127.900534, 243, 23.463, 57254580, 0, 71765.539, 0, 2
128.150786, 243, 23.385, 57227040, 116522, 72096.117, 0, 2
128.401079, 243, 23.439, 57196260, 129448, 72439.195, 0, 2
128.651303, 243, 23.426, 57169800, 112219, 72758.008, 0, 2
128.901564, 243, 23.429, 57170880, 0, 72758.008, 0, 2
129.151857, 243, 23.441, 57144420, 112196, 73073.398, 0, 2
129.402090, 243, 23.742, 57117960, 112214, 73398.570, 0, 2
129.652307, 243, 22.764, 57119040, 0, 73398.570, 0, 2
129.902541, 243, 23.407, 57092580, 112213, 73810.219, 0, 2
130.152790, 243, 24.167, 57064500, 118680, 74112.844, 0, 2
130.403036, 243, 23.979, 57036960, 116525, 74446.055, 0, 2
130.653252, 243, 23.859, 57038040, 0, 74446.055, 0, 2
130.903488, 243, 24.069, 57039120, 0, 74446.055, 0, 2
131.153743, 243, 23.461, 57011040, 118679, 75078.406, 0, 2
131.403972, 243, 23.472, 57012120, 0, 75078.406, 0, 2
131.654215, 243, 23.397, 57013200, 0, 75078.406, 0, 2
131.904401, 243, 23.397, 56978640, 140291, 75758.844, 0, 2
