#Timeval(sec), EMA_ReqSize(B), EMA_IAT(ms), SQ_Length(B), Bandwidth(B/s), EMA_RTT(ms), BT_ON, WFD_ON
0.3, 0, 0.000, 0, 0, 0.000, 2, 0
1.253, 0, 0.000, 0, 0, 0.000, 2, 0
2.483, 0, 0.000, 0, 0, 0.000, 2, 0
3.707, 0, 0.000, 0, 0, 0.000, 2, 0
4.959, 0, 0.000, 0, 0, 0.000, 2, 0
5.1203, 921, 0.000, 0, 6514, 0.000, 2, 0
6.110678, 921, 0.000, 0, 0, 58.251, 2, 0
7.110921, 921, 0.000, 0, 0, 58.251, 2, 0
8.111202, 243, 23.568, 0, 0, 58.251, 2, 0
9.111462, 243, 23.463, 0, 0, 58.251, 2, 0
10.111689, 243, 23.605, 0, 0, 58.251, 2, 0
11.111922, 243, 23.457, 0, 0, 58.251, 2, 0
12.112153, 243, 23.312, 0, 10341, 58.251, 2, 0
13.112383, 243, 23.165, 0, 10395, 55.301, 2, 0
14.112598, 243, 23.317, 0, 10448, 55.301, 2, 0
15.112816, 243, 23.665, 0, 10497, 55.301, 2, 0
16.113037, 243, 23.503, 0, 10546, 55.301, 2, 0
17.113272, 243, 23.525, 0, 10591, 55.301, 2, 0
18.113504, 243, 23.407, 0, 10648, 55.301, 2, 0
19.113731, 243, 23.642, 0, 0, 55.301, 2, 0
20.113943, 243, 23.421, 0, 0, 54.244, 2, 0
21.114157, 244, 25.436, 0, 0, 54.244, 2, 0
22.114377, 243, 23.567, 0, 0, 54.244, 2, 0
23.114614, 243, 23.580, 0, 0, 54.244, 2, 0
24.114845, 243, 23.209, 0, 0, 54.244, 2, 0
25.115069, 243, 23.413, 0, 0, 54.244, 2, 0
26.115278, 243, 23.431, 0, 0, 54.078, 2, 0
27.115489, 243, 23.461, 0, 0, 54.078, 2, 0
28.115712, 243, 23.531, 0, 0, 54.078, 2, 0
29.115959, 243, 23.407, 0, 0, 54.078, 2, 0
30.116187, 243, 23.654, 0, 0, 54.078, 2, 0
31.116425, 243, 22.988, 0, 11348, 54.078, 2, 0
32.116641, 243, 23.508, 0, 11415, 54.361, 2, 0
33.116869, 243, 23.358, 0, 11469, 54.361, 2, 0
34.117098, 243, 23.645, 0, 11525, 54.361, 2, 0
35.117348, 243, 23.669, 0, 11573, 54.361, 2, 0
36.117582, 243, 23.351, 0, 11634, 54.361, 2, 0
37.117780, 1313, 2.378, 597780, 52638, 134.131, 2, 0
38.118043, 242, 7.112, 3432240, 53205, 904.952, 2, 1
39.118293, 862, 7.291, 3410100, 28611, 1916.231, 2, 1
40.118535, 1448, 0.180, 5870880, 38329, 2552.537, 2, 1
41.118812, 243, 23.474, 6882300, 12956, 2552.537, 2, 1
42.119104, 1448, 0.288, 7714980, 28610, 4121.516, 2, 1
43.119357, 242, 15.015, 10366920, 13495, 5451.136, 2, 1
44.119601, 67, 6.830, 10303740, 69642, 5451.136, 0, 2
45.119845, 1447, 0.221, 12675420, 232141, 7993.985, 0, 2
46.120109, 241, 13.853, 13332060, 274786, 8892.693, 0, 2
47.120389, 342, 0.211, 11076480, 4650465, 9149.008, 0, 2
48.120687, 1447, 0.191, 9285300, 5094115, 5941.318, 0, 2
49.120936, 243, 23.364, 4646160, 4920670, 4187.975, 0, 2
50.121195, 897, 0.228, 2184840, 4603386, 2232.548, 0, 2
51.121519, 242, 20.975, 0, 4310191, 581.493, 0, 2
52.121780, 49, 20.398, 0, 9636, 560.765, 0, 2
53.122053, 587, 0.273, 0, 3035990, 19.439, 0, 2
54.122315, 243, 23.643, 0, 4848, 10.779, 0, 2
55.122568, 1447, 0.238, 0, 3204336, 25.328, 0, 2
56.122831, 242, 4.416, 0, 789112, 9.374, 0, 2
57.123065, 862, 7.374, 0, 12243, 9.374, 0, 2
58.123308, 1448, 0.476, 81000, 2584294, 85.820, 0, 2
59.123589, 243, 23.384, 0, 4920, 157.844, 0, 2
60.123821, 241, 1.972, 0, 12329, 157.844, 0, 2
61.124079, 587, 0.385, 0, 3319017, 9.520, 0, 2
62.124315, 243, 23.428, 0, 4962, 14.463, 0, 2
63.124585, 1447, 0.244, 1080, 3346947, 9.545, 0, 2
64.124842, 242, 12.318, 0, 329049, 16.712, 0, 2
65.125115, 67, 5.897, 0, 19979, 18.518, 0, 2
66.125363, 1315, 4.036, 0, 3252182, 32.754, 0, 2
67.125613, 243, 23.168, 0, 5020, 57.550, 0, 2
68.125845, 1434, 0.503, 0, 2568457, 14.211, 0, 2
69.126090, 168, 3.206, 0, 2262389, 7.605, 0, 2
70.126342, 243, 23.226, 0, 0, 7.605, 0, 2
71.126604, 1448, 0.171, 203040, 2487404, 184.599, 0, 2
72.126860, 242, 10.156, 1351080, 469803, 848.557, 0, 2
73.127122, 54, 15.489, 736020, 0, 1442.556, 0, 2
74.127348, 1447, 0.191, 2955960, 852740, 2277.565, 0, 2
75.127603, 243, 23.490, 0, 286738, 777.373, 0, 2
76.127862, 587, 0.594, 0, 1699105, 8.542, 0, 2
77.128140, 168, 2.495, 0, 370466, 50.884, 0, 2
78.128407, 73, 12.162, 0, 12891, 50.884, 0, 2
79.128634, 1448, 0.298, 0, 2919701, 6.130, 0, 2
80.128885, 243, 23.363, 0, 5191, 16.504, 0, 2
81.129109, 1447, 0.196, 540, 1007948, 24.758, 0, 2
82.129469, 1447, 0.225, 2700, 3090476, 9.268, 0, 2
83.129752, 243, 23.605, 0, 5244, 21.374, 0, 2
84.130014, 587, 0.463, 0, 99879, 11.883, 0, 2
85.130312, 587, 0.463, 0, 0, 11.883, 0, 2
86.130517, 1434, 0.488, 0, 3230274, 124.916, 0, 2
87.130762, 242, 2.762, 0, 2098455, 9.520, 0, 2
88.131013, 243, 23.344, 0, 0, 9.520, 0, 2
89.131247, 1372, 0.828, 540, 2758501, 11.487, 0, 2
90.131530, 1406, 0.310, 0, 1889381, 7.972, 0, 2
91.131760, 243, 23.393, 0, 5358, 11.003, 0, 2
92.131974, 1447, 0.250, 540, 2006086, 9.067, 0, 2
93.132229, 162, 3.568, 0, 1411010, 8.532, 0, 2
94.132475, 243, 23.348, 0, 8097, 10.915, 0, 2
95.132717, 1019, 0.309, 0, 3301908, 12.090, 0, 2
96.132965, 242, 21.095, 0, 5426, 13.361, 0, 2
97.133188, 49, 32.635, 0, 10884, 13.361, 0, 2
98.133404, 1447, 0.375, 3780, 3429168, 9.980, 0, 2
99.133648, 243, 23.354, 0, 5470, 14.318, 0, 2
100.133917, 1361, 0.644, 0, 3048029, 11.517, 0, 2
101.134175, 162, 7.628, 0, 401261, 14.609, 0, 2
102.134428, 243, 23.688, 0, 5510, 14.609, 0, 2
103.134643, 243, 23.353, 0, 5527, 12.005, 0, 2
104.134886, 243, 25.512, 0, 6066, 12.005, 1, 2
105.135143, 243, 23.048, 0, 4318, 12.005, 1, 2
106.135395, 243, 23.149, 0, 4318, 12.005, 1, 2
107.135644, 243, 23.176, 0, 4318, 12.005, 1, 2
108.135898, 243, 23.126, 0, 4318, 12.005, 1, 2
109.136151, 243, 23.125, 0, 4318, 12.005, 2, 0
110.136399, 243, 29.791, 0, 4318, 12.005, 2, 0
111.136666, 243, 23.382, 0, 24065, 1680.053, 2, 0
112.136914, 243, 23.369, 0, 24388, 1680.053, 2, 0
113.137184, 243, 23.324, 0, 24699, 1680.053, 2, 0
114.137400, 243, 23.534, 0, 25034, 1680.053, 2, 0
115.137620, 243, 23.257, 0, 25358, 198.741, 2, 0
116.137840, 243, 23.397, 0, 0, 198.741, 2, 0
117.138054, 243, 23.553, 0, 0, 198.741, 2, 0
118.138279, 243, 23.313, 0, 0, 198.741, 2, 0
119.138502, 243, 23.661, 0, 0, 198.741, 2, 0
120.138731, 243, 23.470, 0, 0, 198.741, 2, 0
121.138955, 243, 23.683, 0, 0, 198.741, 2, 0
122.139165, 244, 23.665, 0, 0, 71.423, 2, 0
123.139351, 243, 23.447, 0, 0, 71.423, 2, 0
124.139569, 243, 23.321, 0, 0, 71.423, 2, 0
125.139803, 243, 23.349, 0, 0, 71.423, 2, 0
126.140020, 243, 23.237, 0, 0, 71.423, 2, 0
127.140231, 243, 23.370, 0, 0, 71.423, 2, 0
128.140442, 243, 23.319, 0, 0, 58.079, 2, 0
129.140655, 243, 23.384, 0, 0, 58.079, 2, 0
130.140889, 243, 23.461, 0, 0, 58.079, 2, 0
131.141101, 243, 23.812, 0, 31533, 58.079, 2, 0
132.141324, 243, 24.114, 0, 0, 58.079, 2, 0
133.141568, 243, 23.464, 0, 0, 58.079, 2, 0
134.141779, 243, 23.149, 0, 0, 83.442, 2, 0
135.142002, 243, 24.189, 0, 0, 83.442, 2, 0
136.142232, 243, 23.498, 0, 0, 83.442, 2, 0
137.142443, 243, 23.439, 0, 0, 83.442, 2, 0
138.142658, 243, 22.619, 0, 0, 83.442, 2, 0
139.142866, 1448, 0.176, 2374380, 0, 45.863, 2, 0
140.143111, 1447, 0.199, 7315920, 50942, 1075.409, 2, 1
141.143382, 1448, 0.192, 12140280, 43727, 2158.937, 2, 1
142.143630, 1361, 1.262, 17150940, 40489, 2833.357, 2, 1
143.143889, 587, 0.243, 22079520, 42108, 4232.580, 2, 1
144.144130, 1447, 0.218, 27133380, 26453, 4232.580, 2, 1
145.144378, 998, 0.343, 32201820, 13495, 5983.234, 2, 1
146.144639, 1439, 0.410, 36607140, 12956, 5983.234, 2, 1
147.144911, 1448, 0.173, 41549220, 27531, 7522.174, 2, 1
148.145184, 73, 12.059, 45215280, 313113, 9306.710, 0, 2
149.145436, 1448, 0.752, 48564360, 203526, 10150.098, 0, 2
150.145683, 587, 0.239, 53350380, 161959, 11107.755, 0, 2
151.145985, 1447, 0.206, 57701160, 376804, 12199.597, 0, 2
152.146274, 587, 0.319, 59007420, 3024296, 12758.024, 0, 2
153.146548, 587, 0.315, 60321780, 3074945, 13096.762, 0, 2
154.146806, 1448, 0.252, 62043840, 3218170, 13471.906, 0, 2
155.147059, 1361, 1.144, 61184160, 3382178, 13852.086, 0, 2
156.147322, 1361, 1.144, 57904200, 3920001, 14232.376, 0, 2
157.147578, 1361, 1.144, 54743040, 3391006, 14557.056, 0, 2
158.147844, 1448, 0.172, 55739340, 3138548, 14912.364, 0, 2
159.148098, 1448, 0.218, 57493260, 3410189, 15293.934, 0, 2
160.148359, 1293, 0.455, 59056020, 2776263, 15705.539, 0, 2
161.148620, 1448, 0.166, 62411040, 750999, 16456.213, 0, 2
162.148878, 1447, 0.204, 66234780, 407646, 17182.193, 0, 2
163.149145, 998, 0.249, 70338780, 184874, 18153.703, 0, 2
164.149415, 587, 0.294, 73395180, 3284245, 18896.830, 0, 2
165.149668, 1448, 0.293, 75428820, 3552718, 19185.607, 0, 2
166.149909, 1448, 0.193, 77247540, 3186645, 19543.654, 0, 2
167.150229, 1448, 0.211, 76892760, 2655841, 19943.467, 0, 2
168.150485, 1448, 0.209, 78654240, 3023748, 20360.742, 0, 2
169.150744, 1448, 0.238, 80969220, 2500769, 20357.057, 0, 2
170.151003, 587, 0.572, 82431540, 2724655, 20830.977, 0, 2
171.154933, 1448, 0.306, 83993760, 3410260, 21220.645, 0, 2
172.155197, 1448, 0.207, 84834000, 3763577, 21430.887, 0, 2
173.155654, 1448, 0.174, 85850820, 3330908, 21753.570, 0, 2
174.155922, 1435, 4.397, 87773760, 2404949, 22153.580, 0, 2
175.156200, 1448, 0.190, 89272800, 3092628, 22453.689, 0, 2
176.156474, 1439, 0.383, 91277820, 2550908, 22788.834, 0, 2
177.156718, 54, 19.361, 92034900, 3248539, 23282.096, 0, 2
178.156971, 1361, 1.236, 93037680, 2849201, 23536.361, 0, 2
179.157252, 1448, 0.210, 94974660, 3091645, 21547.107, 0, 2
180.157594, 1447, 0.188, 96690780, 2667079, 21847.143, 0, 2
181.157868, 1448, 0.192, 98505180, 2604033, 22242.732, 0, 2
182.158162, 1448, 0.175, 100533420, 2907588, 22654.881, 0, 2
183.158423, 1448, 0.178, 102454200, 2611370, 23049.570, 0, 2
184.158684, 1448, 0.253, 104979240, 2758239, 23508.992, 0, 2
185.158965, 1448, 0.255, 106413480, 2268799, 23923.176, 0, 2
186.159297, 1448, 0.173, 108954180, 2012755, 24506.865, 0, 2
187.159566, 165, 4.477, 111377700, 1898378, 25109.672, 0, 2
188.159934, 243, 23.597, 109033020, 1958027, 25598.100, 0, 2
189.160251, 243, 23.355, 105801120, 3683778, 25902.324, 0, 2
190.160619, 243, 23.356, 102624300, 2785421, 26217.430, 0, 2
191.160904, 243, 23.276, 99723960, 2874970, 26654.727, 0, 2
192.161212, 243, 23.194, 96520140, 3336825, 27035.604, 0, 2
193.161583, 243, 23.192, 93447000, 3217332, 27389.658, 0, 2
194.161856, 243, 23.103, 90152460, 3627431, 27259.850, 0, 2
195.162202, 243, 23.681, 87239160, 2838854, 27679.275, 0, 2
196.162469, 243, 23.583, 83967300, 2815848, 27950.684, 0, 2
197.162736, 243, 23.541, 81225720, 3213899, 28367.381, 0, 2
198.163096, 243, 23.263, 78305400, 2142176, 28742.328, 0, 2
199.172785, 243, 22.839, 75936420, 2314366, 29170.229, 0, 2
200.173047, 243, 23.263, 73198080, 2785764, 29575.045, 0, 2
201.173309, 243, 23.183, 70086600, 2962557, 29924.955, 0, 2
202.173596, 243, 23.504, 67716000, 2478401, 30420.818, 0, 2
203.173958, 243, 23.688, 65972340, 1905919, 31007.523, 0, 2
204.174230, 243, 23.521, 63196740, 961815, 31399.217, 0, 2
205.174536, 243, 23.413, 59957280, 3914135, 31603.594, 0, 2
206.174803, 243, 23.886, 56450520, 3597352, 31805.516, 0, 2
207.175112, 243, 23.473, 53421120, 2057740, 32111.305, 0, 2
208.175391, 243, 23.246, 50483520, 3422449, 32524.186, 0, 2
209.175766, 243, 24.787, 47424960, 3485495, 32859.312, 0, 2
210.176044, 243, 23.298, 44150940, 3316433, 32679.119, 0, 2
211.176326, 243, 23.302, 40804560, 3188114, 32990.094, 0, 2
212.176594, 243, 23.256, 39324960, 108321, 33502.039, 0, 2
213.176880, 243, 23.275, 38283840, 1494188, 34386.430, 0, 2
214.177141, 243, 22.380, 37761120, 75712, 35248.211, 0, 2
215.177405, 243, 21.654, 36938700, 1649824, 36108.684, 0, 2
216.177770, 243, 23.160, 33667380, 3312901, 36444.375, 0, 2
217.178048, 243, 23.520, 31350780, 2076757, 36930.680, 0, 2
218.178389, 243, 23.189, 29630880, 2036659, 37597.594, 0, 2
219.178676, 243, 24.047, 26938980, 3634238, 38073.805, 0, 2
220.179019, 243, 23.889, 24270300, 3374228, 38511.430, 0, 2
221.179328, 244, 23.675, 21129660, 3725098, 38849.805, 0, 2
222.179692, 243, 23.430, 18079740, 2866475, 39187.871, 0, 2
223.179969, 243, 23.487, 15385140, 2386320, 39641.703, 0, 2
224.180321, 243, 23.146, 12150000, 3515705, 39983.070, 0, 2
225.180588, 243, 23.248, 8970480, 3157967, 40210.430, 0, 2
226.180882, 243, 23.184, 5871960, 3844737, 40504.586, 0, 2
227.181238, 243, 23.153, 2851200, 3347940, 40798.059, 0, 2
228.181705, 243, 23.438, 298080, 2574892, 41234.523, 0, 2
229.181984, 243, 23.557, 0, 6350, 3128.024, 0, 2
230.182233, 243, 23.082, 0, 6369, 3128.024, 0, 2
231.182504, 243, 23.038, 0, 6439, 3128.024, 1, 2
232.182762, 243, 23.224, 0, 4318, 3128.024, 1, 2
233.183020, 244, 23.098, 0, 4857, 322.005, 1, 2
234.183274, 243, 22.961, 0, 4318, 322.005, 1, 2
235.183529, 243, 23.215, 0, 4318, 322.005, 1, 2
236.183839, 243, 23.180, 0, 4318, 322.005, 1, 2
237.184101, 243, 23.076, 0, 4318, 322.005, 2, 0
238.184329, 243, 23.152, 0, 4318, 322.005, 2, 0
239.184597, 36, 215.923, 0, 4318, 474.038, 2, 0
240.184842, 243, 23.351, 0, 4426, 474.038, 2, 0
241.185089, 243, 23.621, 0, 4436, 474.038, 2, 0
242.185358, 243, 20.675, 0, 4445, 474.038, 2, 0
243.185597, 243, 23.602, 0, 4453, 474.038, 2, 0
244.185835, 243, 23.274, 0, 4463, 474.038, 2, 0
245.186097, 243, 23.040, 0, 6708, 72.297, 2, 0
246.186320, 243, 23.266, 0, 4482, 72.297, 2, 0
247.186545, 243, 23.550, 0, 4491, 72.297, 2, 0
248.186790, 243, 23.191, 0, 4500, 72.297, 2, 0
249.187089, 243, 24.882, 0, 4508, 72.297, 2, 0
250.187331, 243, 23.250, 0, 4518, 72.297, 2, 0
251.187596, 243, 25.132, 0, 4527, 72.297, 2, 0
252.187815, 608, 18.961, 68580, 6804, 413.934, 2, 0
253.188088, 1434, 0.902, 145260, 118193, 1108.230, 2, 0
254.188357, 255, 2.936, 226800, 61497, 1498.007, 2, 0
255.188636, 734, 3.510, 283500, 114217, 1980.087, 2, 0
256.188895, 1093, 2.841, 356400, 109937, 2225.981, 2, 0
257.189156, 696, 1.720, 566460, 0, 2715.879, 2, 0
258.189412, 497, 3.855, 698220, 56828, 3183.814, 2, 1
259.189660, 1368, 3.578, 925560, 43188, 4109.945, 2, 1
260.189938, 344, 20.317, 1288440, 40488, 5086.697, 2, 1
261.190217, 161, 0.564, 1682640, 27531, 5717.718, 2, 1
262.190478, 395, 11.870, 2067660, 28071, 6374.487, 2, 1
263.190726, 1448, 0.203, 2419740, 12956, 6374.487, 2, 1
264.190984, 403, 6.080, 2823660, 14035, 8231.890, 2, 1
265.191246, 482, 3.560, 3194100, 14575, 9273.333, 2, 1
266.191538, 820, 16.860, 3234060, 332542, 9772.626, 0, 2
267.191790, 459, 12.584, 3469500, 179773, 9762.183, 0, 2
268.192054, 178, 2.849, 3749220, 101491, 10252.399, 0, 2
269.192327, 1447, 0.249, 3884220, 265070, 10446.626, 0, 2
270.192648, 806, 13.701, 3751920, 506346, 9910.712, 0, 2
271.206093, 1448, 0.312, 495180, 3484537, 1794.111, 0, 2
272.206385, 646, 11.743, 0, 0, 19.432, 0, 2
273.206604, 1447, 0.257, 0, 0, 32.383, 0, 2
274.206842, 1448, 0.637, 0, 1128021, 8.079, 0, 2
275.207168, 1448, 0.342, 0, 1499645, 20.109, 0, 2
276.207429, 386, 17.980, 0, 0, 6.544, 0, 2
277.207655, 1435, 0.547, 0, 366816, 13.948, 0, 2
278.207890, 247, 1.291, 0, 0, 8.179, 0, 2
279.208123, 1068, 3.620, 0, 0, 163.319, 0, 2
280.208371, 1447, 0.432, 0, 1732768, 159.508, 0, 2
281.208688, 1115, 1.835, 0, 0, 11.529, 0, 2
282.208916, 1448, 0.765, 0, 0, 8.373, 0, 2
283.209147, 326, 5.875, 0, 86719, 34.889, 0, 2
284.209402, 1448, 0.659, 0, 0, 9.263, 0, 2
285.209620, 243, 23.882, 0, 0, 17.744, 0, 2
286.209838, 243, 23.144, 0, 0, 17.744, 0, 2
287.210046, 243, 23.479, 0, 0, 17.744, 0, 2
288.210269, 244, 23.490, 0, 0, 23.050, 0, 2
289.210497, 243, 23.525, 0, 0, 23.050, 0, 2
290.210707, 243, 23.485, 0, 0, 23.050, 0, 2
291.210943, 243, 23.953, 0, 0, 23.050, 0, 2
292.211160, 243, 23.327, 0, 0, 23.050, 0, 2
293.211374, 243, 23.475, 0, 0, 23.050, 0, 2
294.211600, 243, 23.500, 0, 0, 23.050, 0, 2
295.211827, 243, 23.444, 0, 0, 86.955, 0, 2
296.212088, 243, 23.491, 0, 4327, 86.955, 0, 2
297.212324, 243, 23.469, 0, 4335, 86.955, 0, 2
298.212584, 243, 23.554, 0, 4343, 86.955, 0, 2
299.212813, 243, 23.460, 0, 4352, 86.955, 0, 2
300.223886, 243, 23.694, 0, 0, 86.955, 0, 2
301.224096, 243, 23.508, 0, 0, 28.456, 0, 2
302.224314, 243, 23.405, 0, 0, 28.456, 0, 2
303.224526, 243, 23.347, 0, 0, 28.456, 0, 2
304.224741, 243, 23.031, 0, 0, 28.456, 0, 2
305.224965, 243, 23.290, 0, 0, 28.456, 0, 2
306.225193, 243, 23.246, 0, 0, 28.456, 0, 2
307.225409, 243, 23.361, 0, 0, 118.601, 0, 2
308.225632, 243, 23.246, 0, 0, 118.601, 0, 2
309.225848, 243, 23.516, 0, 0, 118.601, 0, 2
310.226066, 243, 23.210, 0, 0, 118.601, 0, 2
311.234597, 243, 23.131, 0, 0, 118.601, 0, 2
312.234846, 243, 23.384, 0, 0, 118.601, 0, 2
313.235064, 243, 23.278, 0, 60328, 24.774, 0, 2
314.235281, 243, 23.216, 0, 128205, 24.774, 0, 2
315.235498, 243, 23.396, 0, 0, 24.774, 0, 2
316.242108, 243, 23.480, 0, 0, 24.774, 0, 2
317.242321, 243, 23.433, 0, 0, 24.774, 0, 2
318.242531, 243, 23.506, 0, 0, 24.774, 0, 2
319.242770, 243, 23.441, 0, 0, 24.774, 0, 2
320.242984, 243, 23.430, 0, 0, 51.289, 0, 2
321.247383, 243, 23.287, 0, 0, 51.289, 0, 2
322.247672, 243, 23.426, 0, 0, 51.289, 0, 2
323.247880, 243, 23.230, 0, 0, 51.289, 0, 2
324.248088, 243, 23.299, 0, 0, 51.289, 0, 2
325.248295, 243, 23.734, 0, 0, 51.289, 0, 2
326.248524, 243, 23.337, 0, 0, 18.389, 0, 2
327.248745, 243, 23.441, 0, 0, 18.389, 0, 2
328.248953, 243, 23.456, 0, 0, 18.389, 0, 2
329.249162, 243, 23.511, 0, 0, 18.389, 0, 2
330.249360, 243, 23.620, 0, 0, 18.389, 0, 2
331.249570, 243, 23.574, 0, 0, 18.389, 0, 2
332.249800, 243, 23.502, 0, 0, 18.389, 0, 2
333.250025, 243, 23.824, 0, 0, 119.051, 0, 2
334.250240, 243, 23.357, 0, 0, 119.051, 0, 2
335.250452, 243, 23.357, 0, 0, 119.051, 0, 2
336.250715, 243, 23.146, 0, 0, 119.051, 0, 2
337.250928, 243, 23.732, 0, 0, 119.051, 0, 2
338.251158, 243, 23.416, 0, 0, 119.051, 0, 2
339.251390, 243, 23.256, 0, 0, 26.326, 0, 2
340.251606, 243, 23.361, 0, 0, 26.326, 0, 2
341.251826, 243, 23.345, 0, 0, 26.326, 0, 2
342.252043, 243, 23.339, 0, 0, 26.326, 0, 2
343.252256, 387, 4.363, 0, 0, 13.590, 0, 2
344.252485, 751, 18.207, 0, 390173, 17.927, 0, 2
345.252729, 790, 4.204, 0, 544354, 7.473, 0, 2
346.252941, 555, 2.160, 0, 0, 8.176, 0, 2
347.253150, 621, 4.383, 0, 0, 7.291, 0, 2
348.253361, 1448, 0.297, 0, 321742, 7.911, 0, 2
349.253604, 1252, 3.772, 0, 344094, 9.837, 0, 2
350.259712, 494, 4.286, 0, 0, 13.191, 0, 2
351.259934, 1448, 0.247, 0, 0, 10.093, 0, 2
352.260155, 310, 3.578, 0, 0, 4.295, 0, 2
353.260373, 1365, 3.344, 0, 0, 16.480, 0, 2
354.260588, 817, 11.888, 0, 0, 10.005, 0, 2
355.268355, 1447, 0.610, 0, 59497, 13.916, 0, 2
356.268574, 1448, 0.532, 0, 0, 8.974, 0, 2
357.268788, 1448, 43.050, 0, 203007, 13.354, 0, 2
358.269011, 1328, 6.235, 0, 0, 15.738, 0, 2
359.269224, 1448, 54.730, 0, 0, 12.147, 0, 2
360.269448, 1448, 2.424, 0, 0, 13.037, 0, 2
361.269714, 1448, 0.265, 0, 290791, 12.182, 0, 2
362.269948, 1327, 85.220, 0, 0, 12.912, 0, 2
363.270166, 1448, 0.440, 0, 0, 12.912, 0, 2
364.270382, 1448, 0.462, 0, 136536, 23.352, 0, 2
365.270602, 989, 7.266, 0, 0, 10.973, 0, 2
366.270857, 1448, 0.746, 0, 0, 13.272, 0, 2
367.271088, 836, 7.035, 0, 0, 11.769, 0, 2
368.271310, 741, 2.545, 0, 658536, 24.425, 0, 2
369.271641, 1220, 0.555, 0, 0, 15.114, 0, 2
370.271890, 1448, 0.813, 0, 0, 8.112, 0, 2
371.272203, 1447, 0.793, 0, 0, 7.327, 0, 2
372.276683, 578, 2.341, 0, 0, 10.408, 0, 2
373.276895, 1055, 3.199, 0, 0, 12.929, 0, 2
374.277115, 247, 3.561, 0, 0, 18.907, 0, 2
375.277334, 178, 11.312, 0, 0, 13.355, 0, 2
376.277517, 1448, 0.508, 0, 382013, 12.033, 0, 2
377.277770, 1447, 0.496, 0, 93072, 17.160, 0, 2
378.278030, 243, 23.260, 0, 4338, 17.160, 0, 2
379.278274, 244, 23.637, 0, 4347, 17.160, 0, 2
380.278533, 243, 23.834, 0, 4355, 17.160, 0, 2
381.278785, 243, 23.182, 0, 4365, 52.955, 0, 2
382.279066, 243, 22.981, 0, 5057, 52.955, 1, 2
383.279326, 243, 23.209, 0, 4318, 52.955, 1, 2
384.279578, 243, 23.216, 0, 4318, 52.955, 1, 2
385.279830, 243, 23.171, 0, 4318, 52.955, 1, 2
386.280087, 243, 23.134, 0, 4318, 52.955, 1, 2
387.280339, 243, 23.137, 0, 4857, 74.942, 1, 2
388.280622, 243, 23.232, 0, 4318, 74.942, 1, 2
389.280881, 243, 23.253, 0, 4318, 74.942, 1, 2
390.281127, 243, 23.409, 0, 4318, 74.942, 1, 2
391.281388, 243, 23.635, 0, 4318, 74.942, 1, 2
392.281681, 243, 23.950, 0, 5396, 74.942, 2, 0
393.281903, 243, 23.619, 0, 23845, 56.657, 2, 0
394.282176, 243, 23.135, 0, 16048, 56.657, 2, 0
395.282410, 243, 23.174, 0, 16188, 56.657, 2, 0
396.282638, 243, 23.203, 0, 16327, 56.657, 2, 0
397.282887, 243, 23.120, 0, 16467, 56.657, 2, 0
398.283142, 243, 23.273, 0, 16582, 56.657, 2, 0
399.283364, 243, 25.644, 0, 16741, 56.657, 2, 0
400.283627, 243, 23.168, 0, 0, 64.705, 2, 0
401.283845, 243, 23.422, 0, 0, 64.705, 2, 0
402.286595, 243, 22.943, 0, 0, 64.705, 2, 0
403.286830, 243, 23.282, 0, 0, 64.705, 2, 0
404.287096, 243, 23.496, 0, 0, 64.705, 2, 0
405.289404, 243, 23.487, 0, 0, 64.705, 2, 0
406.289671, 243, 23.487, 0, 0, 64.705, 2, 0
407.289911, 243, 23.487, 0, 0, 64.705, 2, 0
408.290151, 243, 23.487, 0, 0, 64.705, 2, 0
409.290379, 243, 23.487, 0, 0, 64.705, 2, 0
410.290603, 243, 23.487, 0, 0, 64.705, 2, 0
411.290835, 243, 23.487, 0, 0, 64.705, 2, 0
412.291113, 243, 23.487, 0, 0, 64.705, 2, 0
413.291397, 243, 23.487, 0, 0, 64.705, 2, 0
414.291631, 243, 23.487, 0, 0, 64.705, 2, 0
415.291858, 243, 23.487, 0, 0, 64.705, 2, 0
416.292080, 243, 23.487, 0, 0, 64.705, 2, 0
417.292304, 243, 23.487, 0, 0, 64.705, 2, 0
