#Timeval(sec), EMA_ReqSize(B), EMA_IAT(ms), SQ_Length(B), Bandwidth(B/s), EMA_RTT(ms), BT_State, WFD_State
0.2, 0, 0.000, 0, 0, 0.000, 2, 0
0.250281, 0, 0.000, 0, 0, 0.000, 2, 0
0.500508, 0, 0.000, 0, 0, 0.000, 2, 0
0.750693, 0, 0.000, 0, 0, 0.000, 2, 0
1.915, 0, 0.000, 0, 0, 0.000, 2, 0
1.251093, 0, 0.000, 0, 0, 0.000, 2, 0
1.501268, 0, 0.000, 0, 0, 0.000, 2, 0
1.751492, 0, 0.000, 0, 0, 0.000, 2, 0
2.1673, 0, 0.000, 0, 0, 0.000, 2, 0
2.251895, 0, 0.000, 0, 0, 0.000, 2, 0
2.502072, 0, 0.000, 0, 0, 0.000, 2, 0
2.752250, 0, 0.000, 0, 0, 0.000, 2, 0
3.2476, 0, 0.000, 0, 0, 0.000, 2, 0
3.252703, 0, 0.000, 0, 0, 0.000, 2, 0
3.502879, 0, 0.000, 0, 0, 0.000, 2, 0
3.753053, 0, 0.000, 0, 0, 0.000, 2, 0
4.3232, 0, 0.000, 0, 0, 0.000, 2, 0
4.253457, 0, 0.000, 0, 0, 0.000, 2, 0
4.503681, 0, 0.000, 0, 0, 0.000, 2, 0
4.753859, 0, 0.000, 0, 0, 0.000, 2, 0
5.4042, 921, 0.000, 0, 6475, 0.000, 2, 0
5.254328, 921, 0.000, 0, 2157, 26.548, 2, 0
5.504568, 921, 0.000, 0, 0, 26.548, 2, 0
5.754797, 921, 0.000, 0, 0, 26.548, 2, 0
6.4977, 921, 0.000, 0, 0, 26.548, 2, 0
6.255155, 921, 0.000, 0, 0, 26.548, 2, 0
6.505382, 921, 0.000, 0, 0, 26.548, 2, 0
6.755565, 921, 0.000, 0, 0, 26.548, 2, 0
7.5795, 921, 0.000, 0, 0, 26.548, 2, 0
7.256011, 921, 0.000, 0, 0, 26.548, 2, 0
7.506242, 243, 0.158, 0, 12948, 26.548, 2, 0
7.756480, 243, 18.176, 0, 4315, 26.548, 2, 0
8.6698, 243, 23.631, 0, 4316, 26.548, 2, 0
8.256931, 243, 23.288, 0, 4315, 26.548, 2, 0
8.507136, 243, 23.363, 0, 4316, 26.548, 2, 0
8.757336, 243, 23.403, 0, 4316, 26.548, 2, 0
9.7571, 243, 23.423, 0, 4315, 26.548, 2, 0
9.257815, 243, 23.416, 0, 4315, 26.548, 2, 0
9.508020, 243, 23.431, 0, 4316, 26.548, 2, 0
9.758221, 243, 23.482, 0, 4316, 26.548, 2, 0
10.8430, 243, 23.589, 0, 4316, 26.548, 2, 0
10.258660, 243, 23.533, 0, 4316, 26.548, 2, 0
10.508906, 243, 23.439, 0, 4315, 26.548, 2, 0
10.759131, 243, 23.329, 0, 4316, 26.548, 2, 0
11.9338, 243, 23.474, 0, 4316, 26.548, 2, 0
11.259572, 243, 23.295, 0, 4315, 26.548, 2, 0
11.509772, 243, 23.510, 0, 4316, 26.548, 2, 0
11.760022, 243, 23.283, 0, 4315, 26.548, 2, 0
12.10246, 243, 23.273, 0, 4316, 26.548, 2, 0
12.260449, 243, 23.223, 0, 4316, 26.548, 2, 0
12.510696, 243, 23.223, 0, 0, 26.548, 2, 0
12.760891, 243, 23.362, 0, 4316, 26.548, 2, 0
13.11133, 243, 23.224, 0, 6472, 29.805, 2, 0
13.261339, 243, 23.187, 0, 4316, 29.805, 2, 0
13.511540, 243, 23.145, 0, 4316, 29.805, 2, 0
13.761781, 243, 23.401, 0, 4315, 29.805, 2, 0
14.12006, 243, 23.414, 0, 4316, 29.805, 2, 0
14.262242, 243, 23.373, 0, 4316, 29.805, 2, 0
14.512443, 243, 23.265, 0, 4316, 29.805, 2, 0
14.762641, 243, 23.370, 0, 4316, 29.805, 2, 0
15.12875, 243, 23.538, 0, 4315, 29.805, 2, 0
15.263118, 243, 23.720, 0, 4315, 29.805, 2, 0
15.513344, 243, 23.445, 0, 4316, 29.805, 2, 0
15.763586, 243, 23.334, 0, 4315, 29.805, 2, 0
16.13810, 243, 23.310, 0, 4316, 29.805, 2, 0
16.264041, 243, 23.469, 0, 4315, 29.805, 2, 0
16.514285, 243, 23.562, 0, 4315, 29.805, 2, 0
16.764486, 243, 40.896, 0, 4316, 29.805, 2, 0
17.14691, 243, 21.808, 0, 4316, 29.805, 2, 0
17.264934, 243, 23.584, 0, 4315, 29.805, 2, 0
17.515142, 243, 23.504, 0, 4316, 29.805, 2, 0
17.765380, 243, 23.505, 0, 4315, 29.805, 2, 0
18.15588, 243, 23.471, 0, 4316, 29.805, 2, 0
18.265795, 243, 23.372, 0, 4316, 29.805, 2, 0
18.516034, 243, 23.409, 0, 4315, 29.805, 2, 0
18.766263, 243, 23.463, 0, 4316, 29.805, 2, 0
19.16502, 243, 23.684, 0, 4315, 29.805, 2, 0
19.266707, 243, 23.363, 0, 6474, 52.493, 2, 0
19.516905, 243, 23.389, 0, 4316, 52.493, 2, 0
19.767141, 243, 23.686, 0, 4315, 52.493, 2, 0
20.17349, 243, 23.501, 0, 4316, 52.493, 2, 0
20.267570, 243, 33.695, 0, 4316, 52.493, 2, 0
20.517802, 243, 22.453, 0, 4316, 52.493, 2, 0
20.768007, 243, 23.657, 0, 4316, 52.493, 2, 0
21.18256, 244, 25.427, 0, 4315, 52.493, 2, 0
21.268515, 243, 23.129, 0, 4315, 52.493, 2, 0
21.518736, 243, 23.635, 0, 4316, 52.493, 2, 0
21.768934, 243, 23.384, 0, 4316, 52.493, 2, 0
22.19137, 243, 23.644, 0, 4316, 52.493, 2, 0
22.269370, 243, 23.194, 0, 4315, 52.493, 2, 0
22.519608, 243, 23.592, 0, 4315, 52.493, 2, 0
22.769830, 243, 23.230, 0, 4316, 52.493, 2, 0
23.20051, 243, 23.555, 0, 4316, 52.493, 2, 0
23.270351, 243, 23.331, 0, 4314, 52.493, 2, 0
23.520579, 243, 23.478, 0, 4316, 52.493, 2, 0
23.770811, 243, 23.725, 0, 4316, 52.493, 2, 0
24.21016, 243, 23.216, 0, 4316, 52.493, 2, 0
24.271219, 243, 24.452, 0, 4316, 52.493, 2, 0
24.521456, 243, 22.448, 0, 4315, 52.493, 2, 0
24.771663, 243, 23.788, 0, 4316, 52.493, 2, 0
25.21894, 243, 23.441, 0, 4315, 52.493, 2, 0
25.272135, 243, 39.543, 0, 4315, 52.493, 2, 0
25.522369, 243, 22.106, 0, 6472, 55.055, 2, 0
25.772604, 243, 23.730, 0, 4315, 55.055, 2, 0
26.22816, 243, 23.515, 0, 4316, 55.055, 2, 0
26.273057, 243, 23.335, 0, 4315, 55.055, 2, 0
26.523283, 244, 23.584, 0, 4316, 55.055, 2, 0
26.773490, 243, 23.379, 0, 4316, 55.055, 2, 0
27.23736, 243, 23.424, 0, 4315, 55.055, 2, 0
27.274055, 243, 23.508, 0, 4315, 55.055, 2, 0
27.524275, 243, 23.448, 0, 4316, 55.055, 2, 0
27.774498, 243, 23.232, 0, 4316, 55.055, 2, 0
28.24714, 243, 23.614, 0, 4316, 55.055, 2, 0
28.274940, 243, 23.270, 0, 4316, 55.055, 2, 0
28.525169, 243, 23.496, 0, 4316, 55.055, 2, 0
28.775371, 243, 23.398, 0, 4316, 55.055, 2, 0
29.25590, 243, 23.372, 0, 4315, 55.055, 2, 0
29.275867, 243, 23.838, 0, 4315, 55.055, 2, 0
29.526092, 243, 23.502, 0, 4316, 55.055, 2, 0
29.776324, 243, 23.284, 0, 4316, 55.055, 2, 0
30.26579, 243, 23.634, 0, 4315, 55.055, 2, 0
30.276790, 243, 23.525, 0, 4316, 55.055, 2, 0
30.527057, 243, 23.277, 0, 4315, 55.055, 2, 0
30.777276, 243, 23.277, 0, 0, 55.055, 2, 0
31.27512, 243, 27.449, 0, 4315, 55.055, 2, 0
31.277718, 243, 23.012, 0, 4316, 55.055, 2, 0
31.527935, 243, 29.344, 0, 4316, 55.055, 2, 0
31.778197, 243, 23.082, 0, 4315, 55.055, 2, 0
32.28408, 243, 23.533, 0, 6474, 54.937, 2, 0
32.278652, 243, 23.562, 0, 4315, 54.937, 2, 0
32.528853, 243, 25.471, 0, 4316, 54.937, 2, 0
32.779064, 243, 23.166, 0, 4316, 54.937, 2, 0
33.29300, 243, 23.333, 0, 4316, 54.937, 2, 0
33.279509, 243, 23.388, 0, 4316, 54.937, 2, 0
33.529738, 243, 23.300, 0, 4316, 54.937, 2, 0
33.779937, 243, 23.391, 0, 4316, 54.937, 2, 0
34.30143, 243, 23.303, 0, 4316, 54.937, 2, 0
34.280381, 243, 23.642, 0, 4315, 54.937, 2, 0
34.530620, 243, 23.448, 0, 4315, 54.937, 2, 0
34.780826, 243, 23.375, 0, 4316, 54.937, 2, 0
35.31038, 243, 23.499, 0, 4316, 54.937, 2, 0
35.281246, 243, 23.738, 0, 4316, 54.937, 2, 0
35.531480, 243, 23.490, 0, 4315, 54.937, 2, 0
35.781721, 243, 23.445, 0, 4315, 54.937, 2, 0
36.31936, 243, 23.406, 0, 4316, 54.937, 2, 0
36.282151, 243, 23.315, 0, 4316, 54.937, 2, 0
36.532388, 243, 23.975, 0, 4315, 54.937, 2, 0
36.782606, 54, 21.822, 0, 21581, 54.937, 2, 0
37.32856, 587, 0.282, 300240, 103575, 54.937, 2, 0
37.283151, 76, 2.251, 1018980, 0, 54.937, 2, 1
37.533502, 1361, 1.722, 1773360, 73339, 369.003, 2, 1
37.783796, 724, 0.262, 2607120, 45306, 369.003, 2, 1
38.34085, 162, 2.898, 3450060, 49622, 369.003, 2, 1
38.284360, 242, 7.153, 3451140, 0, 369.003, 2, 1
38.534654, 243, 23.292, 3433860, 73359, 369.003, 2, 1
38.784928, 243, 23.316, 3421980, 51781, 369.003, 2, 1
39.35215, 243, 23.382, 3409020, 64725, 2032.012, 2, 1
39.285480, 54, 16.717, 3414420, 0, 2032.012, 2, 1
39.535755, 587, 0.381, 3618000, 51783, 2032.012, 2, 1
39.786045, 1448, 0.871, 4396140, 56094, 2680.360, 2, 1
40.36300, 1207, 0.335, 5315220, 0, 2680.360, 2, 1
40.286690, 1185, 0.322, 6174360, 51759, 2680.360, 2, 1
40.536950, 168, 3.446, 6879060, 51785, 2680.360, 2, 1
40.787207, 242, 4.210, 6877980, 10787, 3615.419, 2, 1
41.37517, 244, 22.822, 6879060, 0, 3615.419, 2, 1
41.287794, 243, 23.487, 6880140, 0, 3615.419, 2, 1
41.538107, 243, 30.802, 6868260, 51774, 3615.419, 2, 1
41.788392, 54, 15.459, 6873660, 0, 3615.419, 2, 1
42.38634, 1447, 0.215, 7131780, 0, 3615.419, 2, 1
42.288922, 1336, 0.243, 7896420, 0, 3615.419, 2, 1
42.539231, 637, 0.351, 8830080, 56089, 5239.017, 2, 1
42.789470, 587, 0.246, 9614160, 0, 5239.017, 2, 1
43.39752, 1448, 0.241, 10324800, 51780, 5239.017, 2, 1
43.290046, 242, 14.944, 10366380, 0, 5239.017, 2, 1
43.540313, 243, 23.254, 10353420, 58257, 6256.873, 2, 1
43.790577, 243, 23.239, 10354500, 0, 6256.873, 2, 1
44.40825, 243, 23.328, 10244880, 440179, 6256.873, 0, 2
44.291111, 53, 37.666, 10191420, 235183, 7178.272, 0, 2
44.541452, 1448, 0.199, 10290780, 127266, 7330.162, 0, 2
44.791844, 1446, 0.474, 10980900, 312667, 7674.890, 0, 2
45.42209, 1439, 1.181, 11641320, 474552, 7917.967, 0, 2
45.292503, 1447, 0.216, 12365460, 589006, 8123.841, 0, 2
45.542770, 1447, 0.197, 13069620, 399176, 8400.870, 0, 2
45.793033, 242, 3.951, 13207320, 159665, 8501.536, 0, 2
46.43304, 33, 79.446, 13131180, 317175, 8744.626, 3, 2
46.293575, 241, 15.952, 13060980, 289116, 9027.712, 3, 2
46.543892, 243, 23.266, 13014540, 196310, 9131.837, 3, 2
46.797185, 73, 12.330, 12695400, 1300418, 9403.249, 0, 2
47.47512, 241, 2.734, 11823300, 3561657, 9398.484, 0, 2
47.297841, 1447, 0.246, 11342160, 4286518, 9372.626, 0, 2
47.548138, 1434, 0.619, 10902060, 4714037, 7811.299, 0, 2
47.798401, 158, 2.651, 10460340, 4408048, 7766.205, 0, 2
48.48671, 587, 0.269, 10173600, 4233516, 7716.614, 0, 2
48.298949, 1406, 0.255, 9711900, 4690305, 6183.518, 0, 2
48.549258, 242, 8.617, 8789580, 4362232, 6099.058, 0, 2
48.799591, 244, 23.379, 7595100, 4869975, 6008.412, 0, 2
49.50034, 243, 23.363, 6407100, 4843204, 4386.375, 0, 2
49.300378, 243, 23.403, 5210460, 4875223, 4288.454, 0, 2
49.550661, 73, 12.735, 4042440, 4776765, 4195.761, 0, 2
49.801119, 71, 10.036, 2798820, 5071355, 2625.438, 0, 2
50.51428, 211, 0.602, 2107620, 5259062, 2329.960, 0, 2
50.301774, 1448, 0.370, 1643760, 4585848, 2236.152, 0, 2
50.552130, 1447, 0.416, 1411560, 4383036, 716.644, 0, 2
50.802436, 587, 0.323, 1424520, 3445302, 489.571, 0, 2
51.52811, 162, 7.484, 714960, 5135318, 426.963, 0, 2
51.303139, 242, 20.755, 0, 2957609, 304.243, 0, 2
51.553389, 243, 23.318, 0, 4315, 304.243, 0, 2
51.803619, 243, 23.269, 0, 4316, 304.243, 0, 2
52.53831, 243, 23.447, 0, 4316, 304.243, 0, 2
52.304072, 49, 20.395, 0, 21578, 304.243, 0, 2
52.554314, 587, 0.449, 0, 945175, 45.624, 0, 2
52.804598, 202, 2.768, 0, 3219088, 13.919, 0, 2
53.54869, 587, 0.273, 0, 3232176, 15.371, 0, 2
53.305146, 1447, 0.334, 1620, 3177916, 7.077, 0, 2
53.555477, 1448, 0.200, 1620, 3115077, 15.610, 0, 2
53.805736, 242, 13.220, 0, 651662, 31.044, 0, 2
54.55972, 243, 23.284, 0, 4315, 31.044, 0, 2
54.306184, 243, 23.657, 0, 4316, 31.044, 0, 2
54.556425, 243, 23.653, 0, 4313, 31.044, 0, 2
54.806779, 67, 6.566, 0, 15107, 31.044, 0, 2
55.57013, 71, 6.092, 0, 15105, 31.044, 0, 2
55.307243, 587, 0.425, 0, 2956149, 23.205, 0, 2
55.557659, 1447, 0.303, 0, 2163113, 4.737, 0, 2
55.807900, 1329, 0.328, 0, 2962812, 10.712, 0, 2
56.58144, 1447, 0.366, 540, 2354101, 9.714, 0, 2
56.308410, 1447, 0.219, 46440, 2859174, 14.112, 0, 2
56.558658, 242, 4.477, 0, 1033593, 159.309, 0, 2
56.808907, 243, 23.034, 0, 4315, 159.309, 0, 2
57.59143, 243, 23.390, 0, 4315, 159.309, 0, 2
57.309375, 243, 23.507, 0, 4315, 159.309, 0, 2
57.559617, 73, 12.027, 0, 15105, 159.309, 0, 2
57.809841, 71, 12.600, 0, 17264, 124.564, 0, 2
58.60068, 1448, 0.361, 0, 2192382, 10.897, 0, 2
58.310429, 1447, 0.308, 540, 2827642, 17.398, 0, 2
58.560752, 201, 3.630, 540, 3065661, 17.671, 0, 2
58.811013, 119, 4.259, 0, 3238765, 11.578, 0, 2
59.61259, 1361, 1.092, 1080, 2768577, 9.508, 0, 2
59.311503, 242, 13.558, 0, 239524, 12.786, 0, 2
59.561739, 243, 23.359, 0, 4315, 12.786, 0, 2
59.811977, 243, 23.409, 0, 4315, 12.786, 0, 2
60.62187, 244, 23.425, 0, 4316, 12.786, 0, 2
60.312403, 67, 8.535, 0, 15106, 12.786, 0, 2
60.608300, 587, 0.356, 0, 197086, 14.190, 0, 2
60.858637, 587, 0.362, 0, 2966218, 9.117, 0, 2
61.108908, 882, 0.320, 0, 2686288, 13.987, 0, 2
61.359245, 1448, 0.235, 1620, 3078068, 8.771, 0, 2
61.609598, 1448, 0.230, 540, 3472670, 13.063, 0, 2
61.859941, 168, 3.632, 0, 1915535, 8.722, 0, 2
62.110179, 242, 21.850, 0, 4315, 8.722, 0, 2
62.360417, 243, 23.396, 0, 4315, 8.722, 0, 2
62.610641, 243, 23.467, 0, 4316, 8.722, 0, 2
62.860871, 243, 23.516, 0, 4316, 8.722, 0, 2
63.111115, 49, 33.890, 0, 21577, 8.722, 0, 2
63.361393, 1448, 0.335, 1620, 1223437, 47.162, 0, 2
63.611663, 1439, 0.447, 0, 2670896, 9.575, 0, 2
63.861943, 93, 1.133, 0, 2552696, 15.496, 0, 2
64.112219, 587, 0.277, 540, 3188615, 24.314, 0, 2
64.362618, 163, 4.037, 0, 3519910, 8.455, 0, 2
64.612876, 242, 12.341, 0, 1182459, 13.666, 0, 2
64.863184, 243, 23.228, 0, 4314, 13.666, 0, 2
65.113401, 243, 23.652, 0, 4315, 13.666, 0, 2
65.363715, 243, 23.652, 0, 0, 13.666, 0, 2
65.613944, 862, 21.221, 0, 10790, 13.666, 0, 2
65.864187, 69, 16.860, 0, 21578, 10.629, 0, 2
66.114461, 1439, 0.411, 0, 2975209, 6.912, 0, 2
66.364773, 172, 4.154, 0, 3460019, 6.591, 0, 2
66.615111, 140, 3.516, 0, 3563968, 9.543, 0, 2
66.865450, 456, 0.367, 0, 3231287, 8.698, 0, 2
67.115706, 242, 12.974, 0, 1100481, 67.873, 0, 2
67.365955, 243, 23.091, 0, 4315, 67.873, 0, 2
67.616176, 243, 23.216, 0, 4316, 67.873, 0, 2
67.866425, 243, 23.321, 0, 4315, 67.873, 0, 2
68.116691, 249, 6.090, 0, 10789, 67.873, 0, 2
68.366927, 54, 30.163, 0, 10789, 67.873, 0, 2
68.617193, 1448, 0.229, 0, 2591360, 117.594, 0, 2
68.867467, 1318, 3.074, 0, 2498551, 6.656, 0, 2
69.117715, 1448, 0.425, 0, 2436125, 4.802, 0, 2
69.368052, 1447, 0.556, 0, 2297165, 9.020, 0, 2
69.618342, 1447, 0.439, 0, 2276386, 33.973, 0, 2
69.868599, 648, 0.642, 0, 2228996, 9.358, 0, 2
70.118906, 242, 5.028, 0, 10786, 45.891, 0, 2
70.369150, 243, 22.755, 0, 4315, 45.891, 0, 2
70.619450, 243, 23.430, 0, 4315, 45.891, 0, 2
70.869674, 243, 23.332, 0, 4316, 45.891, 0, 2
71.119896, 73, 15.622, 0, 15105, 45.891, 0, 2
71.370272, 1447, 0.457, 540, 116463, 45.891, 0, 2
71.620836, 1448, 0.479, 0, 2299700, 18.586, 0, 2
71.871120, 1448, 0.473, 540, 2135793, 12.714, 0, 2
72.121461, 1448, 0.423, 0, 2476391, 6.981, 0, 2
72.371813, 1447, 0.534, 0, 1656617, 10.692, 0, 2
72.622134, 1448, 0.511, 0, 1921932, 32.984, 0, 2
72.872436, 1448, 0.639, 0, 1756076, 99.379, 0, 2
73.122804, 44, 2.910, 0, 1960756, 61.613, 0, 2
73.373079, 242, 10.191, 0, 21575, 107.300, 0, 2
73.623319, 243, 23.113, 0, 4315, 107.300, 0, 2
73.873561, 243, 23.376, 0, 4315, 107.300, 0, 2
74.123775, 243, 23.481, 0, 4316, 107.300, 0, 2
74.374011, 54, 15.567, 0, 23736, 18.878, 0, 2
74.624247, 1365, 0.261, 0, 651703, 15.067, 0, 2
74.874501, 120, 3.018, 0, 2969154, 15.209, 0, 2
75.124769, 587, 0.306, 0, 2701272, 6.519, 0, 2
75.375227, 587, 0.331, 0, 3018421, 35.850, 0, 2
75.625597, 1361, 1.410, 0, 2808163, 15.244, 0, 2
75.875892, 242, 0.772, 0, 2187798, 7.901, 0, 2
76.126142, 243, 23.232, 0, 4315, 7.901, 0, 2
76.376389, 243, 23.356, 0, 4315, 7.901, 0, 2
76.626686, 243, 23.400, 0, 4315, 7.901, 0, 2
76.876903, 243, 23.295, 0, 4316, 7.901, 0, 2
77.127121, 241, 3.568, 0, 21578, 7.901, 0, 2
77.377407, 1439, 0.292, 540, 1695969, 62.853, 0, 2
77.627742, 587, 0.331, 0, 2698521, 21.698, 0, 2
77.878019, 1446, 0.218, 0, 3406850, 21.701, 0, 2
78.128316, 1447, 0.259, 0, 3067703, 21.451, 0, 2
78.378667, 1447, 0.369, 540, 3034774, 9.035, 0, 2
78.629015, 242, 17.252, 0, 435749, 48.863, 0, 2
78.879266, 243, 23.257, 0, 4315, 48.863, 0, 2
79.129510, 243, 23.365, 0, 4315, 48.863, 0, 2
79.379720, 243, 23.699, 0, 4316, 48.863, 0, 2
79.629945, 241, 3.744, 0, 15106, 48.863, 0, 2
79.880182, 1447, 0.462, 0, 168319, 48.863, 0, 2
80.130475, 1448, 0.392, 540, 2427135, 80.301, 0, 2
80.380829, 1447, 0.222, 222480, 2387507, 177.325, 0, 2
80.631147, 587, 0.312, 701460, 1182291, 316.704, 0, 2
80.881415, 1361, 1.292, 1447740, 448798, 450.849, 0, 2
81.131684, 242, 9.192, 1585980, 1244994, 594.770, 0, 2
81.381922, 243, 23.281, 1319220, 1085446, 818.736, 0, 2
81.632182, 243, 23.281, 1265760, 224364, 1051.785, 0, 2
81.882525, 243, 23.406, 1048140, 886695, 1085.809, 0, 2
82.132783, 862, 25.206, 669600, 1555704, 1398.024, 0, 2
82.383111, 54, 31.776, 403380, 1100029, 1550.401, 0, 2
82.633453, 155, 3.599, 522180, 1324626, 1698.217, 0, 2
82.883853, 213, 0.518, 339660, 3780391, 210.904, 0, 2
83.134141, 1447, 0.523, 0, 3904647, 82.444, 0, 2
83.385084, 881, 0.405, 0, 2747635, 28.664, 0, 2
83.635396, 896, 0.300, 123120, 2213414, 125.253, 0, 2
83.885809, 162, 4.936, 0, 2029231, 6.104, 0, 2
84.136048, 242, 20.833, 0, 4315, 6.104, 0, 2
84.386316, 243, 23.304, 0, 4315, 6.104, 0, 2
84.636641, 243, 23.606, 0, 4314, 6.104, 0, 2
84.886885, 243, 23.442, 0, 4315, 6.104, 0, 2
85.137128, 49, 8.529, 0, 21578, 6.104, 0, 2
85.387370, 191, 3.667, 0, 1430683, 35.619, 0, 2
85.637636, 587, 0.497, 0, 1998001, 57.224, 0, 2
85.887903, 587, 0.497, 0, 0, 57.224, 0, 2
86.138182, 587, 0.497, 0, 0, 57.224, 0, 2
86.388421, 587, 0.497, 0, 0, 57.224, 0, 2
86.638608, 587, 0.497, 0, 0, 57.224, 0, 2
86.888798, 587, 0.497, 0, 0, 57.224, 0, 2
87.139035, 587, 0.497, 0, 0, 57.224, 0, 2
87.389254, 241, 2.574, 0, 34530, 57.224, 0, 2
87.639481, 1448, 0.257, 0, 848089, 57.224, 0, 2
87.889780, 587, 0.319, 253800, 2513424, 150.815, 0, 2
88.140064, 1361, 1.320, 0, 3962751, 92.791, 0, 2
88.390360, 1361, 0.375, 0, 2776874, 18.359, 0, 2
88.640647, 947, 0.282, 0, 3059613, 29.343, 0, 2
88.890918, 242, 2.768, 0, 1188870, 42.961, 0, 2
89.141175, 243, 23.204, 0, 4315, 42.961, 0, 2
89.391433, 243, 23.398, 0, 4315, 42.961, 0, 2
89.641669, 243, 23.311, 0, 4315, 42.961, 0, 2
89.891927, 862, 9.031, 0, 10789, 42.961, 0, 2
90.142160, 241, 5.252, 0, 15105, 42.961, 0, 2
90.392384, 587, 0.429, 0, 2054462, 23.298, 0, 2
90.642651, 1447, 0.277, 0, 2082073, 16.879, 0, 2
90.893014, 1446, 0.330, 0, 2974074, 42.340, 0, 2
91.143359, 587, 0.358, 0, 2756829, 16.015, 0, 2
91.393644, 158, 4.331, 0, 2973304, 10.483, 0, 2
91.643903, 162, 2.900, 0, 1493143, 18.478, 0, 2
91.894155, 242, 8.407, 0, 4315, 18.478, 0, 2
92.144367, 243, 23.196, 0, 4316, 18.478, 0, 2
92.394609, 243, 23.446, 0, 4315, 18.478, 0, 2
92.644822, 243, 23.415, 0, 4316, 18.478, 0, 2
92.895033, 54, 16.228, 0, 21581, 18.478, 0, 2
93.145275, 1448, 0.288, 0, 1020687, 42.527, 0, 2
93.395530, 128, 2.819, 0, 2252757, 18.582, 0, 2
93.645815, 1447, 0.235, 0, 2886613, 24.666, 0, 2
93.896130, 1439, 0.301, 0, 2437867, 8.391, 0, 2
94.146523, 1361, 1.061, 0, 3174544, 16.864, 0, 2
94.396778, 162, 3.624, 0, 2563352, 18.223, 0, 2
94.647049, 242, 12.955, 0, 4315, 18.223, 0, 2
94.897280, 243, 23.258, 0, 4316, 18.223, 0, 2
95.147491, 243, 23.417, 0, 4316, 18.223, 0, 2
95.397702, 243, 23.375, 0, 6474, 11.423, 0, 2
95.647942, 298, 17.204, 0, 19421, 11.423, 0, 2
95.898163, 1448, 0.278, 0, 429458, 11.423, 0, 2
96.148483, 1448, 0.283, 0, 2672732, 7.814, 0, 2
96.398748, 882, 0.341, 0, 2778922, 7.864, 0, 2
96.649132, 1447, 0.256, 0, 2889806, 20.277, 0, 2
96.899487, 1448, 0.266, 0, 3071728, 14.758, 0, 2
97.149814, 162, 3.437, 0, 2493896, 10.013, 0, 2
97.400067, 242, 21.111, 0, 4315, 10.013, 0, 2
97.650381, 243, 23.392, 0, 4314, 10.013, 0, 2
97.900630, 243, 23.335, 0, 4315, 10.013, 0, 2
98.150853, 243, 23.269, 0, 4316, 10.013, 0, 2
98.401097, 49, 32.648, 0, 21579, 10.013, 0, 2
98.651320, 479, 0.275, 0, 645240, 9.421, 0, 2
98.901552, 1447, 0.306, 0, 2498937, 9.319, 0, 2
99.151932, 1448, 0.371, 0, 2965493, 23.005, 0, 2
99.402207, 1447, 0.250, 0, 3128258, 16.787, 0, 2
99.652542, 1448, 0.320, 0, 3363388, 19.743, 0, 2
99.902851, 162, 3.410, 0, 1732339, 59.820, 0, 2
100.153094, 242, 10.114, 0, 4315, 59.820, 0, 2
100.403340, 243, 23.242, 0, 4315, 59.820, 0, 2
100.653627, 243, 23.417, 0, 4315, 59.820, 0, 2
100.903857, 243, 23.418, 0, 4316, 59.820, 0, 2
101.154071, 54, 15.787, 0, 21581, 59.820, 0, 2
101.404288, 587, 0.661, 0, 1174029, 27.560, 0, 2
101.654538, 1448, 0.238, 0, 2781436, 8.464, 0, 2
101.904825, 1019, 0.226, 0, 3138931, 14.739, 0, 2
102.155166, 1447, 0.250, 0, 3035234, 7.887, 0, 2
102.405476, 1447, 0.296, 540, 3043705, 15.983, 0, 2
102.655760, 162, 7.640, 0, 1165178, 23.068, 0, 2
102.906004, 242, 20.825, 0, 4315, 23.068, 0, 2
103.156265, 243, 23.473, 0, 4315, 23.068, 0, 2
103.406486, 243, 23.376, 0, 4316, 23.068, 0, 2
103.656701, 243, 23.746, 0, 4315, 23.068, 0, 2
103.906990, 243, 23.537, 0, 6472, 13.765, 0, 2
104.157240, 243, 23.547, 0, 4315, 13.765, 0, 2
104.407493, 243, 23.134, 0, 4315, 13.765, 0, 2
104.657731, 243, 23.370, 0, 4315, 13.765, 0, 2
104.907965, 243, 25.012, 0, 4315, 13.765, 0, 2
105.158237, 27, 27.416, 0, 6472, 13.765, 1, 2
105.408529, 241, 20.808, 0, 4315, 13.765, 1, 2
105.658795, 243, 25.614, 0, 4315, 13.765, 1, 2
105.909001, 243, 24.198, 0, 4316, 13.765, 1, 2
106.159244, 243, 23.228, 0, 4315, 13.765, 1, 2
106.409510, 243, 23.018, 0, 4315, 13.765, 1, 2
106.659794, 243, 23.066, 0, 4315, 13.765, 1, 2
106.910040, 243, 23.010, 0, 4315, 13.765, 1, 2
107.160253, 243, 23.030, 0, 4316, 13.765, 1, 2
107.410467, 243, 23.192, 0, 4316, 13.765, 1, 2
107.660732, 243, 23.183, 0, 4315, 13.765, 1, 2
107.911052, 243, 23.188, 0, 4314, 13.765, 1, 2
108.161273, 243, 23.321, 0, 4316, 13.765, 1, 2
108.411544, 243, 23.167, 0, 4315, 13.765, 1, 2
108.661824, 243, 23.195, 0, 4315, 13.765, 1, 2
108.912069, 243, 23.172, 0, 4315, 13.765, 1, 2
109.162330, 243, 23.209, 0, 4315, 13.765, 1, 2
109.412567, 243, 23.185, 0, 4315, 13.765, 1, 2
109.662829, 243, 23.193, 0, 4315, 13.765, 1, 2
109.913099, 243, 23.164, 0, 4315, 13.765, 1, 2
110.163353, 243, 23.313, 0, 4315, 13.765, 1, 2
110.413609, 243, 23.204, 0, 6472, 174.855, 1, 2
110.663901, 243, 23.165, 0, 4314, 174.855, 1, 2
110.914185, 243, 23.010, 0, 4315, 174.855, 1, 2
111.164451, 243, 23.185, 0, 4315, 174.855, 2, 0
111.414707, 243, 23.185, 0, 0, 174.855, 2, 0
111.664983, 243, 23.672, 0, 4315, 174.855, 2, 0
111.915193, 243, 29.805, 0, 4316, 174.855, 2, 0
112.165384, 243, 22.601, 0, 4316, 174.855, 2, 0
112.415688, 243, 23.067, 0, 4314, 174.855, 2, 0
112.666014, 243, 23.303, 0, 4315, 174.855, 2, 0
112.916262, 243, 23.342, 0, 4315, 174.855, 2, 0
113.166449, 36, 39.007, 0, 6475, 174.855, 2, 3
113.416686, 241, 19.639, 0, 6472, 174.855, 2, 3
113.666993, 243, 23.446, 0, 4314, 174.855, 2, 0
113.917287, 243, 23.403, 0, 4315, 174.855, 2, 0
114.167516, 243, 23.145, 0, 4315, 174.855, 2, 0
114.417827, 243, 23.364, 0, 4314, 174.855, 2, 0
114.668110, 243, 23.400, 0, 4314, 174.855, 2, 0
114.918445, 243, 23.360, 0, 4314, 174.855, 2, 0
115.168750, 243, 23.093, 0, 4315, 174.855, 2, 0
115.418982, 244, 23.778, 0, 4315, 174.855, 2, 0
115.669243, 243, 23.300, 0, 4315, 174.855, 2, 0
115.919529, 243, 23.594, 0, 4315, 174.855, 2, 0
116.169795, 243, 22.812, 0, 4315, 174.855, 2, 0
116.420097, 243, 25.187, 0, 4315, 174.855, 2, 0
116.670321, 243, 21.310, 0, 6474, 67.224, 2, 0
116.920552, 243, 23.221, 0, 4315, 67.224, 2, 0
117.170842, 243, 23.243, 0, 4315, 67.224, 2, 0
117.421080, 243, 23.074, 0, 4315, 67.224, 2, 0
117.671366, 243, 23.409, 0, 4315, 67.224, 2, 0
117.921681, 243, 23.172, 0, 4314, 67.224, 2, 0
118.171904, 243, 23.611, 0, 4315, 67.224, 2, 0
118.422192, 244, 23.695, 0, 4315, 67.224, 2, 0
118.672413, 243, 23.615, 0, 4316, 67.224, 2, 0
118.922664, 243, 23.886, 0, 4315, 67.224, 2, 0
119.172883, 243, 23.125, 0, 4316, 67.224, 2, 0
119.423090, 243, 23.255, 0, 4316, 67.224, 2, 0
119.673356, 243, 23.302, 0, 4315, 67.224, 2, 0
119.923643, 243, 23.270, 0, 4315, 67.224, 2, 0
120.173879, 243, 23.409, 0, 4315, 67.224, 2, 0
120.424114, 243, 23.482, 0, 4315, 67.224, 2, 0
120.674361, 243, 23.721, 0, 4315, 67.224, 2, 0
120.924608, 243, 23.741, 0, 4315, 67.224, 2, 0
121.174892, 243, 23.182, 0, 4315, 67.224, 2, 0
121.425119, 243, 23.564, 0, 4316, 67.224, 2, 0
121.675364, 243, 23.493, 0, 4315, 67.224, 2, 0
121.925653, 243, 23.175, 0, 4315, 67.224, 2, 0
122.175876, 243, 23.318, 0, 4316, 67.224, 2, 0
122.426139, 243, 23.581, 0, 4315, 67.224, 2, 0
122.676349, 243, 23.696, 0, 4316, 67.224, 2, 0
122.926609, 243, 23.332, 0, 6472, 32.750, 2, 0
123.176897, 243, 23.368, 0, 4315, 32.750, 2, 0
123.427151, 243, 23.287, 0, 4315, 32.750, 2, 0
123.677418, 244, 23.665, 0, 4315, 32.750, 2, 0
123.927658, 243, 23.191, 0, 4315, 32.750, 2, 0
124.177909, 243, 23.469, 0, 4315, 32.750, 2, 0
124.428172, 243, 23.548, 0, 4315, 32.750, 2, 0
124.678394, 243, 23.519, 0, 4316, 32.750, 2, 0
124.928642, 243, 23.307, 0, 4315, 32.750, 2, 0
125.178853, 243, 23.318, 0, 4316, 32.750, 2, 0
125.429099, 243, 23.388, 0, 4315, 32.750, 2, 0
125.679386, 243, 23.298, 0, 4314, 32.750, 2, 0
125.929690, 243, 23.329, 0, 4315, 32.750, 2, 0
126.179914, 243, 23.375, 0, 4316, 32.750, 2, 0
126.430162, 243, 23.446, 0, 4315, 32.750, 2, 0
126.680378, 243, 23.423, 0, 4316, 32.750, 2, 0
126.930651, 243, 23.412, 0, 4315, 32.750, 2, 0
127.180912, 243, 23.276, 0, 4315, 32.750, 2, 0
127.431142, 243, 23.344, 0, 4316, 32.750, 2, 0
127.681354, 243, 23.260, 0, 4315, 32.750, 2, 0
127.931640, 243, 23.349, 0, 4315, 32.750, 2, 0
128.181863, 243, 23.461, 0, 4316, 32.750, 2, 0
128.432124, 243, 23.310, 0, 4315, 32.750, 2, 0
128.682352, 243, 23.398, 0, 4315, 32.750, 2, 0
128.932584, 243, 23.481, 0, 4315, 32.750, 2, 0
129.182849, 243, 23.413, 0, 4315, 32.750, 2, 0
129.433122, 243, 23.443, 0, 6472, 52.321, 2, 0
129.683378, 243, 23.304, 0, 4315, 52.321, 2, 0
129.933596, 243, 23.304, 0, 0, 52.321, 2, 0
130.183824, 243, 21.249, 0, 8631, 52.321, 2, 0
130.434084, 243, 23.339, 0, 4315, 52.321, 2, 0
130.684334, 243, 23.411, 0, 4315, 52.321, 2, 0
130.934607, 243, 23.362, 0, 4315, 52.321, 2, 0
131.184820, 243, 23.423, 0, 4316, 52.321, 2, 0
131.435028, 243, 23.445, 0, 4316, 52.321, 2, 0
131.685308, 243, 23.445, 0, 0, 52.321, 2, 0
131.935595, 243, 23.480, 0, 4315, 52.321, 2, 0
132.185861, 243, 23.424, 0, 4315, 52.321, 2, 0
132.436072, 243, 23.407, 0, 4316, 52.321, 2, 0
132.686282, 243, 23.458, 0, 4316, 52.321, 2, 0
132.936612, 243, 23.817, 0, 4314, 52.321, 2, 0
133.186901, 243, 22.772, 0, 4315, 52.321, 2, 0
133.437122, 243, 23.382, 0, 4316, 52.321, 2, 0
133.687332, 243, 24.142, 0, 4315, 52.321, 2, 0
133.937632, 243, 24.017, 0, 4315, 52.321, 2, 0
134.187865, 243, 23.829, 0, 4315, 52.321, 2, 0
134.438149, 243, 24.068, 0, 4315, 52.321, 2, 0
134.688369, 243, 23.453, 0, 4316, 52.321, 2, 0
134.938589, 243, 23.433, 0, 4315, 52.321, 2, 0
135.188875, 243, 23.457, 0, 4315, 52.321, 2, 0
135.439107, 243, 23.638, 0, 4315, 52.321, 2, 0
135.689393, 243, 23.123, 0, 6472, 81.047, 2, 0
135.939627, 243, 23.456, 0, 4315, 81.047, 2, 0
136.189891, 243, 23.436, 0, 4315, 81.047, 2, 0
136.440180, 243, 23.416, 0, 4315, 81.047, 2, 0
136.690417, 243, 24.303, 0, 4315, 81.047, 2, 0
136.940679, 243, 23.276, 0, 4315, 81.047, 2, 0
137.190888, 243, 23.260, 0, 4316, 81.047, 2, 0
137.441122, 243, 23.324, 0, 4315, 81.047, 2, 0
137.691390, 243, 23.481, 0, 4315, 81.047, 2, 0
137.941672, 243, 25.187, 0, 4315, 81.047, 2, 0
138.191895, 243, 25.307, 0, 4316, 81.047, 2, 0
138.442101, 243, 23.812, 0, 4316, 81.047, 2, 0
138.692310, 243, 23.513, 0, 4316, 81.047, 2, 0
138.942571, 243, 23.336, 0, 4315, 81.047, 2, 0
139.192853, 243, 23.369, 0, 4315, 81.047, 2, 0
139.443070, 243, 33.423, 0, 4316, 81.047, 2, 0
139.693278, 243, 22.633, 0, 4316, 81.047, 2, 0
139.943563, 243, 23.505, 0, 4315, 81.047, 2, 0
140.193800, 241, 3.225, 0, 21579, 81.047, 2, 0
140.444060, 1448, 0.229, 721980, 125149, 39.688, 2, 0
140.694319, 1448, 0.277, 2000160, 0, 39.688, 2, 0
140.944594, 1448, 0.298, 3349620, 51782, 39.688, 2, 0
141.194852, 1448, 0.265, 4577040, 110045, 610.280, 2, 0
141.445171, 1448, 0.193, 5603580, 110014, 929.876, 2, 1
141.695487, 637, 0.263, 6687900, 51774, 929.876, 2, 1
141.945809, 1448, 0.193, 7841880, 6472, 929.876, 2, 1
142.196101, 1447, 0.231, 8938620, 51777, 929.876, 2, 1
142.446391, 1448, 0.194, 10056960, 51781, 929.876, 2, 1
142.696816, 1448, 0.194, 11222280, 53907, 2313.843, 2, 1
142.947097, 587, 0.243, 12377880, 51782, 2313.843, 2, 1
143.197411, 1448, 0.215, 13570200, 21572, 2663.840, 2, 1
143.447697, 1447, 0.229, 14759280, 51780, 2663.840, 2, 1
143.697976, 587, 0.233, 15946740, 51782, 2663.840, 2, 1
143.948355, 1439, 0.339, 17101800, 0, 2663.840, 2, 1
144.198673, 587, 0.429, 18297360, 53931, 3568.702, 2, 1
144.448966, 587, 0.291, 19446480, 51779, 3568.702, 2, 1
144.699251, 587, 0.268, 20568600, 58253, 4249.623, 2, 1
144.949528, 1448, 0.778, 21700440, 51782, 4249.623, 2, 1
145.199786, 1447, 0.205, 22857660, 0, 4249.623, 2, 1
145.450075, 1448, 0.206, 24120720, 58253, 4824.866, 2, 1
145.700313, 1448, 0.220, 25314120, 0, 4824.866, 2, 1
145.950585, 587, 0.266, 26452440, 0, 4824.866, 2, 1
146.200868, 1439, 0.333, 27648000, 0, 4824.866, 2, 1
146.451154, 1447, 0.189, 28870020, 51780, 4824.866, 2, 1
146.701432, 1448, 0.286, 29909520, 0, 4824.866, 2, 1
146.951697, 1448, 0.253, 31297860, 0, 4824.866, 2, 1
147.201975, 998, 0.270, 32320620, 60411, 6439.356, 2, 1
147.452257, 1447, 0.225, 33363900, 0, 6439.356, 2, 1
147.702538, 587, 0.235, 34390440, 51782, 6439.356, 2, 1
147.952812, 1448, 0.195, 35472600, 0, 6439.356, 2, 1
148.203095, 1447, 0.225, 36494280, 0, 6439.356, 2, 1
148.453367, 1448, 0.197, 37476540, 58255, 7851.860, 2, 1
148.703646, 587, 0.406, 38710980, 0, 7851.860, 2, 1
148.953932, 587, 0.502, 39942180, 0, 7851.860, 2, 1
149.204166, 1448, 0.342, 41089680, 233064, 7851.860, 0, 2
149.454429, 587, 0.231, 42251220, 0, 7851.860, 0, 2
149.704695, 587, 0.338, 43239960, 457428, 9181.673, 0, 2
149.955039, 1448, 0.199, 44334000, 394738, 9556.808, 0, 2
150.205311, 165, 3.164, 45155340, 338749, 9787.158, 0, 2
150.455586, 55, 18.735, 45098640, 250270, 9946.752, 0, 2
150.705826, 1361, 0.973, 45290880, 144589, 10266.500, 0, 2
150.956108, 1447, 0.267, 46403820, 194180, 10486.243, 0, 2
151.206367, 998, 0.504, 47392020, 591227, 10732.537, 0, 2
151.456701, 1448, 0.292, 48629160, 368864, 10975.952, 0, 2
151.707000, 1448, 0.201, 49773420, 565170, 11221.642, 0, 2
151.957479, 1448, 0.188, 50761080, 700771, 11355.968, 0, 2
152.207757, 1448, 0.205, 51769800, 817733, 11591.132, 3, 2
152.458011, 1361, 1.287, 52702920, 172624, 11782.584, 3, 2
152.708301, 1447, 0.212, 53640900, 321463, 11984.468, 3, 2
152.961342, 1448, 0.243, 54414720, 659402, 12301.940, 3, 2
153.211616, 1448, 0.195, 54693900, 3580514, 12402.690, 0, 2
153.462021, 1448, 0.353, 54709020, 4761045, 12447.471, 0, 2
153.712359, 1448, 0.216, 54724680, 4760664, 12447.852, 0, 2
153.962670, 587, 0.350, 54515700, 5427590, 12387.668, 0, 2
154.212974, 1448, 0.229, 54227880, 5264083, 12389.203, 0, 2
154.463245, 1448, 0.233, 53895780, 4770760, 12414.052, 0, 2
154.713511, 587, 0.252, 53686260, 4602345, 12404.674, 0, 2
154.963804, 1448, 0.207, 53720280, 4269668, 12362.472, 0, 2
155.214080, 1447, 0.230, 53807760, 4847528, 12367.908, 0, 2
155.464462, 1448, 0.221, 53429220, 5023526, 12366.341, 0, 2
155.714741, 587, 0.222, 53285580, 4932294, 12362.539, 0, 2
155.965034, 1448, 0.396, 53033400, 5300228, 12341.648, 0, 2
156.215413, 587, 0.233, 52816320, 5250195, 12319.692, 0, 2
156.465765, 1448, 0.284, 52799040, 4801073, 12358.303, 0, 2
156.716048, 1448, 0.251, 52692660, 4876468, 12375.421, 0, 2
156.966326, 587, 0.377, 52337340, 5309771, 12392.680, 0, 2
157.216627, 1447, 0.223, 52489620, 3687000, 12438.445, 0, 2
157.466920, 1361, 1.161, 51742260, 3238170, 12517.117, 0, 2
157.717228, 1361, 1.161, 51025140, 2929295, 12614.660, 0, 2
157.967580, 1361, 1.161, 50137380, 3609039, 12674.532, 0, 2
158.218442, 1361, 1.161, 49291740, 3441053, 12759.447, 0, 2
158.468961, 1361, 1.161, 48337560, 3892016, 12804.875, 0, 2
158.719257, 1361, 1.161, 47265120, 4371002, 12830.396, 0, 2
158.969574, 1361, 1.161, 46222380, 4245460, 12851.136, 0, 2
159.220290, 1361, 1.161, 45017640, 4905103, 12839.875, 0, 2
159.470783, 1361, 1.161, 43948980, 4351515, 12868.067, 0, 2
159.721065, 1448, 0.230, 42986700, 4565647, 12892.197, 0, 2
159.971335, 1448, 0.283, 43243200, 4237696, 12952.062, 0, 2
160.221634, 587, 0.242, 43218900, 4336395, 12939.380, 0, 2
160.471901, 587, 0.245, 42942960, 4727506, 12886.265, 0, 2
160.722390, 1448, 0.255, 42988860, 3802819, 12944.968, 0, 2
160.972653, 587, 0.345, 43176240, 4201083, 12930.132, 0, 2
161.222930, 587, 0.297, 43253460, 4401452, 12928.142, 0, 2
161.473199, 1448, 0.286, 43382520, 4347773, 12930.541, 0, 2
161.723521, 1448, 0.228, 43711920, 3399627, 13019.373, 0, 2
161.974046, 1448, 0.860, 43997040, 2441959, 13089.482, 0, 2
162.226040, 1447, 0.309, 44546220, 1718666, 13206.694, 0, 2
162.476343, 587, 0.259, 45235800, 1339863, 13368.707, 0, 2
162.726648, 1448, 0.195, 46007460, 1108882, 13480.461, 0, 2
162.976934, 1361, 1.323, 46874160, 1018350, 13808.864, 0, 2
163.227208, 1448, 0.254, 47595060, 1931083, 13830.986, 0, 2
163.477487, 1361, 1.495, 48362940, 1162946, 14056.512, 0, 2
163.727782, 1448, 0.230, 49102740, 1201706, 14220.086, 0, 2
163.978071, 587, 0.271, 49826340, 1089535, 14416.351, 0, 2
164.228343, 998, 0.237, 50726520, 601989, 14733.559, 0, 2
164.478640, 1447, 0.244, 51631020, 506997, 14850.742, 0, 2
164.728904, 587, 0.290, 52277400, 1221274, 15119.714, 0, 2
164.979175, 587, 0.257, 53019900, 1165108, 15259.348, 0, 2
165.229449, 587, 0.303, 53741340, 1182398, 15499.198, 0, 2
165.479706, 1448, 0.248, 54326160, 1696029, 15660.840, 0, 2
165.729995, 587, 0.267, 54259200, 4254176, 15700.055, 0, 2
165.980291, 1448, 0.331, 54052920, 4744621, 15190.607, 0, 2
166.230577, 1448, 0.247, 53857440, 5003356, 15191.792, 0, 2
166.480881, 998, 0.464, 53639280, 5132419, 15149.868, 0, 2
166.731157, 1448, 0.240, 53514000, 4912321, 15180.760, 0, 2
166.981491, 1448, 0.230, 53211600, 5337310, 15250.234, 0, 2
167.231813, 1448, 0.216, 53393040, 3703948, 15316.484, 0, 2
167.482072, 1448, 0.192, 53777520, 3269025, 15398.195, 0, 2
167.732386, 1448, 0.196, 54110160, 3724285, 15449.270, 0, 2
167.982759, 1448, 0.192, 54329400, 3449934, 15489.664, 0, 2
168.233032, 1448, 0.236, 54591300, 4270011, 15460.713, 0, 2
168.483298, 1448, 0.377, 54826200, 4259273, 15443.134, 0, 2
168.733571, 1448, 0.237, 55042200, 3944172, 15478.870, 0, 2
168.988708, 1448, 0.224, 54660960, 5308207, 15452.309, 0, 2
169.238986, 1447, 0.217, 54736560, 4440395, 15490.315, 0, 2
169.489240, 1447, 0.251, 55105380, 3376968, 15551.150, 0, 2
169.739507, 165, 3.437, 54920160, 4394996, 15539.130, 0, 2
169.989837, 54, 16.063, 53818560, 4506847, 15473.729, 0, 2
170.240242, 587, 0.231, 53202420, 4018822, 15472.488, 0, 2
170.490551, 1448, 0.272, 53319600, 3950394, 15473.418, 0, 2
170.740826, 1448, 0.271, 53584200, 4246259, 15541.852, 0, 2
170.991138, 1448, 0.196, 54054000, 3611303, 15541.578, 0, 2
171.241412, 1448, 0.240, 54467100, 2884735, 15631.262, 0, 2
171.491680, 587, 0.305, 54528660, 3448052, 15687.885, 0, 2
171.741950, 1447, 0.320, 54312120, 4032667, 15702.247, 0, 2
171.992220, 1448, 0.321, 54408240, 4164286, 15702.262, 0, 2
172.242504, 1448, 0.185, 54547560, 4252545, 15749.338, 0, 2
172.492774, 587, 0.279, 54638820, 4136232, 15750.899, 0, 2
172.743063, 1448, 0.267, 54678240, 3874884, 15741.645, 0, 2
172.993349, 1448, 0.219, 54499500, 4494156, 15767.001, 0, 2
173.243618, 1448, 0.224, 54717660, 3221413, 13400.366, 0, 2
173.493916, 1448, 0.244, 54899640, 3375147, 13445.956, 0, 2
173.744291, 1448, 0.204, 55014120, 4034600, 13478.619, 0, 2
174.4897, 1293, 0.282, 55082160, 3887232, 13456.892, 0, 2
174.255163, 1448, 0.494, 55288440, 3812678, 13488.855, 0, 2
174.505434, 587, 0.269, 55528740, 3747483, 13520.946, 0, 2
174.755863, 587, 0.273, 55415340, 5018201, 13523.331, 0, 2
175.6135, 242, 0.420, 55378620, 4207421, 13600.367, 0, 2
175.256405, 1448, 0.261, 55518480, 4066686, 13618.408, 0, 2
175.506712, 1361, 1.028, 55590300, 4250523, 13583.563, 0, 2
175.756991, 587, 0.248, 55469880, 4751037, 13545.170, 0, 2
176.7262, 587, 0.327, 55683180, 3253726, 13563.842, 0, 2
176.257546, 587, 0.310, 55555200, 4563252, 13559.606, 0, 2
176.507817, 1448, 0.211, 55801980, 3301221, 13627.584, 0, 2
176.758219, 1447, 0.238, 55572480, 4364786, 13638.565, 0, 2
177.8499, 1447, 0.922, 55489320, 4231020, 13667.975, 0, 2
177.258777, 1447, 0.207, 55549260, 3995796, 13704.337, 0, 2
177.509074, 587, 0.299, 55860300, 3580601, 13710.227, 0, 2
177.759434, 1448, 0.206, 55885140, 4227766, 13700.094, 0, 2
178.9877, 1448, 0.223, 55851660, 4407951, 13717.318, 0, 2
178.260264, 587, 0.350, 55719360, 4311183, 13709.332, 0, 2
178.510535, 1448, 0.199, 55941300, 3715476, 13712.977, 0, 2
178.760810, 587, 0.366, 55948320, 4395120, 13735.543, 0, 2
179.20294, 587, 0.286, 56260980, 3398359, 13768.027, 0, 2
179.270568, 1448, 0.330, 56852820, 2895546, 13821.076, 0, 2
179.521007, 1447, 0.192, 57239460, 3416560, 13876.954, 0, 2
179.771525, 1447, 0.259, 57693600, 3083313, 13914.546, 0, 2
180.21898, 587, 0.230, 57771360, 4201438, 13928.397, 0, 2
180.272169, 1447, 0.199, 58138560, 3411275, 13945.410, 0, 2
180.522570, 1448, 0.181, 58377780, 3469472, 13977.767, 0, 2
180.772879, 163, 3.801, 58069980, 4791609, 13963.481, 0, 2
181.23220, 54, 19.363, 57101220, 3966591, 13974.053, 0, 2
181.273535, 1448, 0.203, 56696760, 4231020, 13992.901, 0, 2
181.523919, 1448, 0.244, 57160620, 3547736, 14064.089, 0, 2
181.774194, 587, 0.360, 57466260, 4002410, 14117.974, 0, 2
182.24475, 1439, 0.366, 57690900, 3661391, 14155.447, 0, 2
182.274844, 1448, 0.230, 57756780, 3387127, 14225.132, 0, 2
182.525243, 587, 0.357, 57784860, 4326643, 14300.877, 0, 2
182.775587, 1448, 0.287, 58090500, 3392196, 14363.594, 0, 2
183.25995, 1448, 0.213, 58290840, 4485419, 14392.143, 0, 2
183.276269, 1447, 0.201, 58310820, 4658315, 14392.626, 0, 2
183.526577, 1448, 0.200, 58520340, 4111910, 14436.477, 0, 2
183.776877, 1448, 0.434, 58930740, 3224453, 14458.902, 0, 2
184.27249, 587, 0.238, 58746060, 4745697, 14468.778, 0, 2
184.277791, 1448, 0.395, 58897260, 3677384, 14056.269, 0, 2
184.528068, 1448, 0.382, 59383260, 3540692, 14095.660, 0, 2
184.778341, 1447, 0.218, 59516100, 4246158, 14134.128, 0, 2
185.28627, 1448, 0.292, 59886540, 3590189, 14226.442, 0, 2
185.278888, 1448, 0.342, 59976720, 4531251, 14270.624, 0, 2
185.529173, 1447, 0.233, 59901660, 4287015, 14310.903, 0, 2
185.779445, 1448, 0.264, 59888700, 4563471, 14224.885, 0, 2
186.29712, 1448, 0.530, 60021540, 3739256, 14180.328, 0, 2
186.280005, 1448, 0.293, 60052320, 4071841, 14223.876, 0, 2
186.530367, 1448, 0.271, 60269400, 3504027, 14306.926, 0, 2
186.780637, 998, 0.325, 60407100, 3978743, 14350.444, 0, 2
187.30911, 1447, 0.456, 60455700, 3933383, 14399.649, 0, 2
187.281192, 1448, 0.508, 61071840, 2360387, 14424.846, 0, 2
187.531457, 1448, 0.278, 61517880, 3788942, 14451.908, 0, 2
187.781787, 1448, 0.263, 61899660, 3887204, 14468.182, 0, 2
188.32054, 1448, 0.307, 62074080, 4692949, 14399.972, 0, 2
188.282420, 1447, 0.289, 61777080, 4949952, 14420.739, 0, 2
188.532701, 587, 0.492, 61668540, 4307575, 14389.436, 0, 2
188.783043, 1447, 0.268, 61602120, 4351915, 14463.520, 0, 2
189.33318, 1447, 0.222, 61611300, 3995907, 14477.449, 0, 2
189.373062, 1448, 0.234, 61717140, 4032400, 14501.910, 0, 2
189.623366, 1361, 1.184, 61912620, 3307218, 14538.151, 0, 2
189.873785, 1447, 0.320, 61981200, 4009980, 14584.686, 0, 2
190.124109, 1448, 0.245, 62145360, 3691846, 14644.360, 0, 2
190.374379, 587, 0.286, 62363520, 3324004, 14705.268, 0, 2
190.624754, 1448, 0.788, 62358660, 3643788, 14714.942, 0, 2
190.875025, 998, 0.473, 61959600, 5256125, 14664.434, 0, 2
191.125290, 587, 0.315, 61903440, 3663766, 14719.253, 0, 2
191.375560, 587, 0.400, 61984980, 3331188, 14785.841, 0, 2
191.625868, 242, 13.673, 61583760, 2927723, 14791.290, 0, 2
191.876143, 243, 23.023, 60779700, 3292537, 14791.652, 0, 2
192.126416, 243, 23.023, 59779080, 4079398, 14817.837, 0, 2
192.376761, 243, 23.516, 58736340, 4247725, 14857.626, 0, 2
192.627056, 243, 23.506, 57828060, 3712976, 14879.606, 0, 2
192.877403, 243, 23.348, 56871180, 3923610, 14831.458, 0, 2
193.127696, 243, 23.111, 55669680, 4906425, 14746.291, 0, 2
193.378084, 243, 23.247, 54383400, 5214524, 14806.616, 0, 2
193.628365, 243, 23.535, 53391420, 4038980, 14842.474, 0, 2
193.878654, 243, 23.071, 52344360, 4280559, 14856.342, 0, 2
194.128943, 243, 23.495, 51354540, 4038801, 14898.252, 0, 2
194.556095, 243, 23.549, 49555800, 4299519, 14973.315, 0, 2
194.806408, 243, 23.416, 48622680, 3797789, 15049.147, 0, 2
195.56827, 243, 23.547, 47763540, 3513285, 15073.360, 0, 2
195.307157, 243, 23.498, 46664100, 4472527, 15135.262, 0, 2
195.557481, 243, 23.584, 45818460, 3457970, 15181.142, 0, 2
195.807769, 243, 23.669, 44843220, 3967716, 15228.703, 0, 2
196.58073, 243, 23.365, 44113140, 2994091, 14842.379, 0, 2
196.308408, 243, 23.469, 43122240, 4038543, 14920.509, 0, 2
196.558716, 243, 23.215, 42463440, 2698835, 15014.745, 0, 2
196.809000, 243, 23.267, 41683140, 3199632, 15098.332, 0, 2
197.59292, 243, 23.383, 40497300, 4809022, 15162.732, 0, 2
197.309641, 243, 23.335, 39502620, 4054150, 15200.492, 0, 2
197.560029, 243, 23.788, 38789820, 2911911, 15194.402, 0, 2
197.810379, 243, 24.031, 37690380, 4466606, 15270.327, 0, 2
198.60742, 243, 23.440, 36829620, 3525055, 15294.088, 0, 2
198.311097, 243, 23.604, 35823060, 4097295, 15364.343, 0, 2
198.561448, 243, 23.400, 34884540, 3842364, 15396.466, 0, 2
198.811742, 243, 23.509, 33842880, 4248094, 15419.162, 0, 2
199.62182, 243, 23.424, 32853600, 4031653, 15466.406, 0, 2
199.312499, 243, 24.582, 31945320, 3695821, 15559.781, 0, 2
199.562797, 243, 23.893, 30953340, 4038652, 15582.216, 0, 2
199.813268, 243, 24.152, 30069360, 3608498, 15620.863, 0, 2
200.63585, 243, 23.807, 29336580, 2998849, 15687.804, 0, 2
200.313878, 243, 23.843, 28342440, 4060393, 15741.234, 0, 2
200.564192, 243, 29.990, 27476280, 3537546, 15798.015, 0, 2
200.814516, 243, 17.485, 26433540, 4252324, 15840.392, 0, 2
201.64812, 243, 23.522, 25326540, 4500413, 15901.736, 0, 2
201.315137, 243, 23.534, 24655860, 2746131, 15980.210, 0, 2
201.565426, 243, 23.688, 23729760, 3782090, 15989.984, 0, 2
201.815781, 243, 23.405, 23039100, 2827756, 16003.676, 0, 2
202.66070, 244, 23.712, 22565520, 1984999, 16029.991, 0, 2
202.316333, 243, 23.456, 22091400, 1928986, 16168.449, 0, 2
202.566649, 243, 23.473, 21705840, 1576972, 16339.960, 0, 2
202.816927, 243, 23.498, 21292740, 1691518, 16485.668, 0, 2
203.67209, 244, 25.141, 21025440, 1087399, 16706.098, 0, 2
203.317505, 243, 22.992, 20728980, 1221186, 16708.867, 0, 2
203.567769, 244, 23.355, 20392560, 1374429, 17016.496, 0, 2
203.818046, 243, 23.338, 19987020, 1657076, 17117.697, 0, 2
204.68312, 243, 23.481, 19692720, 1193210, 17301.613, 0, 2
204.318583, 243, 23.401, 19564200, 537235, 17583.336, 0, 2
204.568873, 243, 23.225, 19374660, 776733, 17716.580, 0, 2
204.828044, 243, 23.997, 19119240, 1010521, 17950.152, 0, 2
205.78321, 243, 22.591, 18631080, 1991361, 18142.363, 0, 2
205.328617, 243, 23.400, 18313560, 1296629, 18313.180, 0, 2
205.578907, 243, 23.541, 17298360, 4146708, 18327.021, 0, 2
205.829192, 243, 24.036, 16162740, 4625785, 18377.389, 0, 2
206.79476, 243, 23.590, 14997960, 4737845, 18453.691, 0, 2
206.329775, 243, 23.872, 13808880, 4852095, 18474.312, 0, 2
206.580068, 243, 23.593, 12739680, 4366756, 18500.645, 0, 2
206.830357, 243, 25.490, 11497140, 5035839, 18519.422, 0, 2
207.80648, 243, 22.468, 10559700, 3813876, 18560.045, 0, 2
207.330984, 243, 24.058, 9714060, 3446757, 18596.760, 0, 2
207.581321, 243, 23.987, 8653500, 4330235, 18575.416, 0, 2
207.831605, 243, 23.728, 7678800, 3974316, 18601.344, 0, 2
208.81874, 243, 23.728, 6582600, 4455373, 18616.896, 0, 2
208.332511, 243, 23.826, 5871420, 2907892, 18662.840, 0, 2
208.582867, 243, 23.762, 4942620, 3792789, 18686.418, 0, 2
208.833157, 243, 24.010, 3973320, 3946149, 18729.000, 0, 2
209.83727, 243, 23.886, 3060180, 3725833, 18743.189, 0, 2
209.334145, 243, 23.563, 2204820, 3486905, 18791.918, 0, 2
209.584432, 243, 23.634, 1447200, 3098128, 18801.666, 0, 2
209.834740, 243, 23.457, 542160, 3689112, 18786.383, 0, 2
210.85162, 243, 23.588, 0, 2249082, 18780.463, 0, 2
210.335445, 243, 24.051, 0, 51780, 5937.183, 0, 2
210.585722, 243, 23.920, 0, 4315, 5937.183, 0, 2
210.835978, 243, 23.910, 0, 4315, 5937.183, 0, 2
211.86268, 243, 23.729, 0, 4314, 5937.183, 0, 2
211.336591, 243, 23.797, 0, 4314, 5937.183, 0, 2
211.586815, 243, 23.418, 0, 6474, 607.760, 0, 2
211.837041, 243, 23.102, 0, 4316, 607.760, 0, 2
212.87267, 244, 23.303, 0, 4316, 607.760, 0, 2
212.337547, 243, 23.324, 0, 4314, 607.760, 0, 2
212.587862, 241, 8.840, 0, 6471, 607.760, 1, 2
212.838151, 243, 23.134, 0, 4315, 607.760, 1, 2
213.88379, 243, 23.262, 0, 4315, 607.760, 1, 2
213.338668, 243, 23.091, 0, 4315, 607.760, 1, 2
213.588882, 243, 24.764, 0, 4315, 607.760, 1, 2
213.839175, 243, 22.086, 0, 4315, 607.760, 1, 2
214.89378, 243, 23.223, 0, 4316, 607.760, 1, 2
214.339574, 243, 23.108, 0, 4316, 607.760, 1, 2
214.589862, 243, 23.288, 0, 4315, 607.760, 1, 2
214.840075, 243, 23.336, 0, 4316, 607.760, 1, 2
215.90346, 243, 23.268, 0, 4315, 607.760, 1, 2
215.340562, 243, 23.262, 0, 4315, 607.760, 1, 2
215.590833, 243, 23.311, 0, 4315, 607.760, 1, 2
215.841124, 244, 23.338, 0, 4315, 607.760, 1, 2
216.91366, 243, 23.340, 0, 4315, 607.760, 1, 2
216.341638, 243, 23.327, 0, 4315, 607.760, 1, 2
216.591922, 243, 23.283, 0, 4315, 607.760, 1, 2
216.842168, 243, 23.128, 0, 4315, 607.760, 1, 2
217.92461, 243, 23.333, 0, 4314, 607.760, 1, 2
217.342746, 243, 23.296, 0, 4315, 607.760, 1, 2
217.593000, 243, 23.276, 0, 4315, 607.760, 1, 2
217.843220, 243, 23.273, 0, 6474, 93.042, 2, 0
218.93471, 243, 23.331, 0, 4315, 93.042, 2, 0
218.343744, 243, 24.089, 0, 4315, 93.042, 2, 0
218.594031, 243, 22.471, 0, 4315, 93.042, 2, 0
218.844239, 243, 23.173, 0, 4316, 93.042, 2, 0
219.94442, 243, 24.033, 0, 4316, 93.042, 2, 0
219.344733, 243, 24.565, 0, 4315, 93.042, 2, 0
219.595011, 243, 21.747, 0, 4315, 93.042, 2, 0
219.845281, 36, 85.392, 0, 6472, 93.042, 2, 3
220.95518, 241, 15.507, 0, 4316, 93.042, 2, 3
220.345736, 243, 23.714, 0, 6472, 93.042, 2, 3
220.596031, 243, 23.188, 0, 4315, 93.042, 2, 3
220.846249, 243, 23.497, 0, 4315, 93.042, 2, 0
221.96597, 243, 23.397, 0, 4314, 93.042, 2, 0
221.346906, 243, 23.524, 0, 4314, 93.042, 2, 0
221.597133, 243, 23.654, 0, 4315, 93.042, 2, 0
221.847418, 243, 23.250, 0, 4315, 93.042, 2, 0
222.97680, 243, 23.137, 0, 4315, 93.042, 2, 0
222.347969, 243, 23.171, 0, 4315, 93.042, 2, 0
222.598175, 243, 23.345, 0, 4316, 93.042, 2, 0
222.848380, 243, 23.543, 0, 4316, 93.042, 2, 0
223.98635, 243, 23.112, 0, 4315, 93.042, 2, 0
223.348918, 243, 23.276, 0, 4315, 93.042, 2, 0
223.599140, 243, 23.246, 0, 4316, 93.042, 2, 0
223.849339, 243, 23.204, 0, 4316, 93.042, 2, 0
224.99545, 243, 23.211, 0, 4316, 93.042, 2, 0
224.349789, 243, 23.505, 0, 6472, 124.734, 2, 0
224.600056, 243, 23.231, 0, 4315, 124.734, 2, 0
224.850300, 243, 23.342, 0, 4315, 124.734, 2, 0
225.100520, 243, 23.227, 0, 4315, 124.734, 2, 0
225.350808, 244, 23.645, 0, 4315, 124.734, 2, 0
225.601053, 243, 23.166, 0, 4315, 124.734, 2, 0
225.851299, 243, 23.166, 0, 4315, 124.734, 2, 0
226.101508, 243, 23.619, 0, 4316, 124.734, 2, 0
226.351715, 243, 23.440, 0, 4316, 124.734, 2, 0
226.601975, 243, 23.195, 0, 4315, 124.734, 2, 0
226.852186, 243, 23.209, 0, 4316, 124.734, 2, 0
227.102433, 243, 23.209, 0, 4315, 124.734, 2, 0
227.352671, 243, 23.496, 0, 4315, 124.734, 2, 0
227.602917, 243, 23.176, 0, 4315, 124.734, 2, 0
227.853154, 243, 23.275, 0, 4315, 124.734, 2, 0
228.103380, 243, 23.215, 0, 4316, 124.734, 2, 0
228.353630, 243, 23.106, 0, 4315, 124.734, 2, 0
228.603839, 243, 23.155, 0, 4316, 124.734, 2, 0
228.854046, 243, 23.149, 0, 4316, 124.734, 2, 0
229.104290, 244, 23.177, 0, 4315, 124.734, 2, 0
229.354556, 243, 23.182, 0, 4315, 124.734, 2, 0
229.604772, 243, 23.182, 0, 0, 124.734, 2, 0
229.854966, 243, 23.490, 0, 4316, 124.734, 2, 0
230.105169, 243, 23.062, 0, 4316, 124.734, 2, 0
230.355426, 243, 23.011, 0, 4315, 124.734, 2, 0
230.605709, 243, 23.169, 0, 6472, 62.269, 2, 0
230.855959, 243, 23.176, 0, 4315, 62.269, 2, 0
231.106197, 243, 23.163, 0, 4315, 62.269, 2, 0
231.356492, 243, 23.415, 0, 4315, 62.269, 2, 0
231.606716, 243, 23.093, 0, 4315, 62.269, 2, 0
231.856971, 243, 23.413, 0, 4315, 62.269, 2, 0
232.107185, 243, 23.019, 0, 4316, 62.269, 2, 0
232.357409, 243, 23.160, 0, 4315, 62.269, 2, 0
232.607719, 243, 23.445, 0, 4314, 62.269, 2, 0
232.857964, 243, 23.135, 0, 4315, 62.269, 2, 0
233.108205, 243, 23.150, 0, 4315, 62.269, 2, 0
233.358417, 243, 23.212, 0, 4316, 62.269, 2, 0
233.608627, 243, 23.147, 0, 4316, 62.269, 2, 0
233.858881, 243, 23.167, 0, 4315, 62.269, 2, 0
234.109096, 243, 23.505, 0, 4316, 62.269, 2, 0
234.359334, 243, 24.114, 0, 4315, 62.269, 2, 0
234.609542, 243, 23.034, 0, 4316, 62.269, 2, 0
234.859747, 243, 23.721, 0, 4316, 62.269, 2, 0
235.110006, 243, 23.145, 0, 4315, 62.269, 2, 0
235.360290, 243, 23.185, 0, 4315, 62.269, 2, 0
235.610524, 243, 23.134, 0, 4316, 62.269, 2, 0
235.860728, 243, 23.151, 0, 4316, 62.269, 2, 0
236.110935, 243, 23.315, 0, 4316, 62.269, 2, 0
236.361183, 243, 23.132, 0, 4315, 62.269, 2, 0
236.611493, 243, 23.233, 0, 4314, 62.269, 2, 0
236.861718, 243, 23.116, 0, 6474, 56.066, 2, 0
237.111934, 243, 23.035, 0, 4315, 56.066, 2, 0
237.362216, 243, 23.884, 0, 4315, 56.066, 2, 0
237.612436, 244, 23.115, 0, 4316, 56.066, 2, 0
237.862697, 243, 23.188, 0, 4315, 56.066, 2, 0
238.112926, 243, 23.029, 0, 4316, 56.066, 2, 0
238.363134, 243, 23.504, 0, 4316, 56.066, 2, 0
238.613427, 243, 23.011, 0, 4315, 56.066, 2, 0
238.863654, 243, 23.842, 0, 4315, 56.066, 2, 0
239.113903, 243, 23.340, 0, 4315, 56.066, 2, 0
239.364114, 243, 24.552, 0, 4316, 56.066, 2, 0
239.614317, 243, 23.179, 0, 4316, 56.066, 2, 0
239.864574, 243, 23.340, 0, 4315, 56.066, 2, 0
240.114789, 243, 23.161, 0, 4316, 56.066, 2, 0
240.365028, 243, 23.014, 0, 4315, 56.066, 2, 0
240.615271, 243, 23.169, 0, 4315, 56.066, 2, 0
240.865490, 243, 23.890, 0, 4316, 56.066, 2, 0
241.115735, 243, 23.221, 0, 4315, 56.066, 2, 0
241.366026, 243, 23.786, 0, 4315, 56.066, 2, 0
241.616245, 243, 23.080, 0, 4316, 56.066, 2, 0
241.866455, 243, 23.288, 0, 4316, 56.066, 2, 0
242.116663, 243, 23.205, 0, 4316, 56.066, 2, 0
242.366914, 243, 23.653, 0, 4315, 56.066, 2, 0
242.617197, 243, 23.077, 0, 4315, 56.066, 2, 0
242.867423, 243, 23.527, 0, 4316, 56.066, 2, 0
243.117722, 243, 23.210, 0, 6471, 54.676, 2, 0
243.368013, 243, 23.651, 0, 4315, 54.676, 2, 0
243.618276, 243, 23.251, 0, 4315, 54.676, 2, 0
243.868527, 243, 23.551, 0, 4315, 54.676, 2, 0
244.118737, 243, 23.082, 0, 4316, 54.676, 2, 0
244.368950, 243, 23.211, 0, 4315, 54.676, 2, 0
244.619234, 243, 23.360, 0, 4315, 54.676, 2, 0
244.869484, 243, 23.159, 0, 4315, 54.676, 2, 0
245.119723, 243, 23.146, 0, 4315, 54.676, 2, 0
245.369929, 243, 23.436, 0, 4316, 54.676, 2, 0
245.620164, 243, 23.332, 0, 4315, 54.676, 2, 0
245.870419, 243, 23.170, 0, 4315, 54.676, 2, 0
246.120627, 243, 26.662, 0, 4316, 54.676, 2, 0
246.370880, 243, 20.596, 0, 4315, 54.676, 2, 0
246.621113, 243, 23.507, 0, 4315, 54.676, 2, 0
246.871319, 243, 23.195, 0, 4316, 54.676, 2, 0
247.121561, 243, 23.939, 0, 4315, 54.676, 2, 0
247.371770, 243, 23.608, 0, 4316, 54.676, 2, 0
247.622017, 243, 23.562, 0, 4315, 54.676, 2, 0
247.872227, 243, 23.123, 0, 4316, 54.676, 2, 0
248.122444, 243, 23.762, 0, 4316, 54.676, 2, 0
248.372712, 243, 23.146, 0, 4315, 54.676, 2, 0
248.622997, 243, 23.714, 0, 4315, 54.676, 2, 0
248.873212, 243, 23.108, 0, 4316, 54.676, 2, 0
249.123415, 243, 23.674, 0, 4316, 54.676, 2, 0
249.373619, 243, 23.016, 0, 6474, 54.910, 2, 0
249.623863, 243, 23.947, 0, 4315, 54.910, 2, 0
249.874114, 243, 23.045, 0, 4315, 54.910, 2, 0
250.124314, 243, 24.082, 0, 4316, 54.910, 2, 0
250.374527, 243, 23.194, 0, 4316, 54.910, 2, 0
250.624811, 244, 23.912, 0, 4315, 54.910, 2, 0
250.875044, 243, 23.185, 0, 4315, 54.910, 2, 0
251.125288, 244, 23.743, 0, 4315, 54.910, 2, 0
251.375509, 243, 23.325, 0, 4316, 54.910, 2, 0
251.625723, 243, 23.607, 0, 4316, 54.910, 2, 0
251.875974, 243, 23.173, 0, 4315, 54.910, 2, 0
252.126183, 243, 23.687, 0, 4316, 54.910, 2, 0
252.376427, 243, 23.074, 0, 4315, 54.910, 2, 0
252.626668, 243, 23.246, 0, 4316, 54.910, 2, 0
252.876875, 243, 23.183, 0, 4316, 54.910, 2, 0
253.127123, 244, 23.595, 0, 4315, 54.910, 2, 0
253.377338, 243, 24.738, 0, 4316, 54.910, 2, 0
253.627592, 243, 22.561, 0, 4315, 54.910, 2, 0
253.877818, 243, 23.054, 0, 4316, 54.910, 2, 0
254.128019, 243, 23.263, 0, 4316, 54.910, 2, 0
254.378269, 243, 23.208, 0, 4315, 54.910, 2, 0
254.628531, 244, 23.009, 0, 4315, 54.910, 2, 0
254.878743, 243, 23.313, 0, 4316, 54.910, 2, 0
255.128946, 243, 23.338, 0, 4316, 54.910, 2, 0
255.379165, 243, 23.338, 0, 0, 54.910, 2, 0
255.629414, 243, 25.268, 0, 4315, 54.910, 2, 0
255.879701, 446, 8.993, 12420, 172612, 51.645, 2, 0
256.129948, 1447, 0.731, 29700, 103577, 51.645, 2, 0
256.380194, 688, 2.558, 55080, 62577, 436.715, 2, 0
256.630464, 686, 4.223, 66420, 107883, 532.335, 2, 0
256.880721, 1447, 0.788, 77220, 103572, 532.335, 2, 0
257.130986, 1032, 7.751, 103680, 58258, 658.993, 2, 0
257.381217, 531, 4.722, 113400, 112214, 796.196, 2, 0
257.631456, 1447, 1.017, 123120, 107893, 929.466, 2, 0
257.881728, 804, 10.308, 146880, 56100, 929.466, 2, 0
258.131972, 1447, 0.699, 179280, 112208, 1182.174, 2, 0
258.382231, 1320, 0.402, 188460, 103572, 1182.174, 2, 0
258.632481, 1447, 0.832, 207900, 58261, 1305.235, 2, 0
258.882744, 1447, 0.807, 230040, 58257, 1453.014, 2, 0
259.132991, 1448, 0.872, 252720, 51789, 1453.014, 2, 0
259.383221, 636, 5.320, 278100, 60421, 1826.295, 2, 0
259.633487, 1237, 17.652, 289980, 107887, 1964.714, 2, 0
259.883733, 867, 4.036, 302940, 110049, 2088.452, 2, 0
260.133978, 1397, 32.377, 329400, 51789, 2088.452, 2, 0
260.384237, 1446, 0.591, 351540, 110043, 2203.042, 2, 0
260.634514, 605, 2.767, 392040, 110038, 2371.630, 2, 0
260.884766, 1447, 0.525, 433620, 60419, 2371.630, 2, 0
261.135021, 1333, 6.816, 480060, 105731, 2692.406, 2, 0
261.385271, 901, 4.268, 523260, 105733, 2965.920, 2, 0
261.635535, 1446, 0.372, 566460, 58257, 2952.720, 2, 0
261.885808, 255, 0.549, 582120, 112197, 2934.324, 2, 0
262.136054, 243, 1.010, 602100, 107893, 3039.843, 2, 0
262.388255, 1447, 0.567, 637200, 55665, 3039.843, 2, 1
262.638567, 571, 2.488, 655020, 114339, 3300.138, 2, 1
262.888974, 573, 16.190, 707940, 0, 3300.138, 2, 1
263.139224, 1447, 0.501, 770040, 51788, 3300.138, 2, 1
263.389474, 892, 3.334, 839700, 51788, 3300.138, 2, 1
263.639782, 819, 1.396, 940680, 10786, 3897.610, 2, 1
263.890070, 1448, 0.455, 1021140, 51780, 3897.610, 2, 1
264.140339, 1447, 0.426, 1130760, 0, 3897.610, 2, 1
264.390604, 562, 5.157, 1216080, 51789, 3897.610, 2, 1
264.640847, 1447, 0.414, 1311120, 2157, 3897.610, 2, 1
264.891091, 494, 6.205, 1394820, 51789, 3897.610, 2, 1
265.141338, 569, 4.065, 1492020, 53946, 5310.398, 2, 1
265.391587, 1448, 0.463, 1603800, 10788, 5354.907, 2, 1
265.641875, 1447, 0.525, 1712340, 51780, 5354.907, 2, 1
265.892127, 251, 1.350, 1814400, 0, 5354.907, 2, 1
266.142378, 244, 2.873, 1890540, 51788, 5354.907, 2, 1
266.392622, 521, 22.242, 1965600, 53946, 6121.726, 2, 1
266.642888, 530, 2.798, 2044440, 51785, 6121.726, 2, 1
266.893144, 869, 2.657, 2140560, 0, 6121.726, 2, 1
267.143395, 1447, 0.320, 2225880, 0, 6121.726, 2, 1
267.393655, 978, 8.286, 2302560, 58260, 7059.714, 2, 1
267.643907, 719, 19.135, 2400840, 0, 7059.714, 2, 1
267.894162, 1042, 20.619, 2497500, 0, 7059.714, 2, 1
268.144422, 211, 5.305, 2601180, 60416, 7659.482, 2, 1
268.394686, 190, 3.091, 2703240, 0, 7659.482, 2, 1
268.644972, 433, 19.514, 2793420, 51783, 7659.482, 2, 1
268.895238, 185, 2.498, 2889000, 0, 7659.482, 2, 1
269.145519, 151, 7.505, 2984040, 0, 7659.482, 2, 1
269.395787, 215, 18.323, 3078000, 0, 7659.482, 2, 1
269.646038, 818, 6.755, 3173580, 0, 7659.482, 2, 1
269.896365, 911, 9.094, 3250800, 56086, 9051.829, 2, 1
270.146657, 1448, 0.360, 3346380, 0, 9051.829, 2, 1
270.396930, 242, 1.074, 3424680, 51783, 9051.829, 2, 1
270.647187, 1041, 5.315, 3329100, 891156, 9051.829, 0, 2
270.897462, 1448, 0.288, 3164940, 1057253, 10072.729, 0, 2
271.147731, 919, 1.988, 3128220, 537260, 9947.012, 0, 2
271.397997, 540, 7.682, 3201120, 64729, 10000.326, 0, 2
271.648262, 1448, 0.439, 3218940, 295608, 9920.509, 0, 2
271.898538, 1447, 0.376, 3208680, 433679, 9786.979, 0, 2
272.148804, 1448, 0.334, 3223800, 362493, 8506.996, 0, 2
272.399109, 1448, 0.366, 3268620, 207100, 8585.773, 0, 2
272.649389, 1447, 0.445, 3261060, 409953, 8675.151, 3, 2
272.899652, 1447, 0.356, 3326400, 131621, 8767.341, 3, 2
273.149918, 1447, 0.653, 3385800, 241660, 8920.646, 3, 2
273.400184, 971, 8.320, 3459780, 77676, 9028.092, 3, 2
273.650450, 1448, 0.333, 3548340, 0, 9028.092, 3, 2
273.900731, 1448, 0.241, 3564540, 295588, 9372.226, 3, 2
274.151052, 1448, 0.837, 3646620, 60386, 9587.482, 3, 2
274.411872, 1252, 5.347, 3613680, 505209, 9578.362, 0, 2
274.662207, 1447, 0.278, 2820960, 3609479, 7724.671, 0, 2
274.912502, 1447, 0.287, 2034180, 3555100, 5794.591, 0, 2
275.162817, 1402, 5.911, 1008720, 4532774, 3158.216, 0, 2
275.413240, 684, 3.710, 0, 4509092, 276.494, 0, 2
275.663507, 1448, 44.110, 0, 261069, 9.998, 0, 2
275.913776, 1447, 0.991, 0, 625758, 19.911, 0, 2
276.164067, 1447, 0.367, 0, 342967, 12.609, 0, 2
276.414376, 683, 27.263, 0, 360352, 9.336, 0, 2
276.664634, 858, 0.822, 0, 381921, 12.386, 0, 2
276.914898, 1448, 0.437, 0, 345239, 10.288, 0, 2
277.165161, 1448, 0.433, 0, 476855, 33.571, 0, 2
277.415426, 1062, 11.378, 0, 427224, 20.469, 0, 2
277.665693, 1447, 0.596, 540, 358181, 14.623, 0, 2
277.915953, 1448, 0.540, 0, 366819, 11.558, 0, 2
278.166203, 1446, 0.577, 0, 371145, 26.026, 0, 2
278.416496, 1447, 0.545, 0, 457383, 20.977, 0, 2
278.666753, 1435, 0.610, 540, 375455, 11.708, 0, 2
278.917023, 1448, 35.645, 0, 235184, 8.732, 0, 2
279.167271, 255, 5.277, 0, 10789, 8.732, 0, 2
279.417493, 1448, 0.383, 0, 353925, 13.892, 0, 2
279.667772, 1448, 2.076, 540, 550179, 47.829, 0, 2
279.918055, 1448, 0.275, 0, 787514, 25.894, 0, 2
280.168321, 1447, 0.501, 0, 362493, 9.563, 0, 2
280.418578, 1447, 0.411, 0, 384086, 12.545, 0, 2
280.668846, 1447, 0.441, 0, 384068, 13.610, 0, 2
280.919103, 248, 0.740, 0, 420763, 11.031, 0, 2
281.169366, 245, 2.062, 0, 362502, 17.572, 0, 2
281.419618, 1279, 4.723, 0, 362512, 21.327, 0, 2
281.669871, 156, 4.310, 0, 386247, 12.726, 0, 2
281.920132, 1249, 4.049, 0, 386238, 12.415, 0, 2
282.170393, 906, 3.825, 0, 379758, 10.625, 0, 2
282.420658, 685, 7.434, 0, 392706, 10.419, 0, 2
282.670909, 1448, 0.405, 0, 323674, 11.749, 0, 2
282.921212, 428, 4.247, 0, 392643, 11.923, 0, 2
283.171532, 1446, 1.005, 0, 377516, 9.766, 0, 2
283.421777, 1439, 33.206, 0, 440206, 21.496, 0, 2
283.672040, 411, 6.341, 0, 386220, 14.081, 0, 2
283.922313, 1447, 0.485, 0, 366813, 32.730, 0, 2
284.172567, 1448, 0.529, 0, 353875, 10.075, 0, 2
284.422830, 903, 5.137, 0, 386208, 24.031, 0, 2
284.673115, 1448, 0.553, 0, 375438, 13.273, 0, 2
284.923381, 1447, 0.645, 0, 338758, 9.484, 0, 2
285.173645, 1447, 0.542, 0, 356023, 10.760, 0, 2
285.423929, 1115, 1.695, 0, 358154, 14.489, 0, 2
285.674191, 1448, 0.646, 0, 371129, 20.211, 0, 2
285.924453, 1448, 0.533, 0, 366816, 13.379, 0, 2
286.174707, 1050, 3.968, 0, 453141, 9.380, 0, 2
286.424955, 1448, 0.633, 0, 377620, 6.725, 0, 2
286.675209, 1447, 0.600, 0, 327989, 11.695, 0, 2
286.925467, 645, 3.710, 0, 349556, 14.183, 0, 2
287.175731, 1448, 0.573, 0, 371131, 9.659, 0, 2
287.425978, 1448, 0.570, 0, 353889, 9.360, 0, 2
287.676225, 255, 0.724, 0, 362519, 14.696, 0, 2
287.926490, 248, 1.608, 0, 368970, 14.469, 0, 2
288.176744, 1448, 0.539, 0, 356033, 18.159, 0, 2
288.427006, 1448, 0.652, 0, 466071, 12.144, 0, 2
288.677267, 256, 3.781, 0, 6472, 15.871, 0, 2
288.927512, 600, 4.015, 0, 8631, 15.871, 0, 2
289.177804, 247, 22.896, 0, 4315, 15.871, 0, 2
289.428052, 243, 23.744, 0, 4315, 15.871, 0, 2
289.678308, 243, 23.218, 0, 4315, 15.871, 0, 2
289.928540, 243, 23.207, 0, 4315, 15.871, 0, 2
290.178792, 243, 23.945, 0, 4315, 15.871, 0, 2
290.429092, 243, 23.076, 0, 4314, 15.871, 0, 2
290.679376, 243, 29.839, 0, 4315, 15.871, 0, 2
290.929627, 243, 22.407, 0, 4315, 15.871, 0, 2
291.179888, 243, 23.379, 0, 4315, 15.871, 0, 2
291.430136, 243, 23.453, 0, 4315, 15.871, 0, 2
291.680404, 243, 23.302, 0, 4315, 15.871, 0, 2
291.930685, 243, 23.437, 0, 4315, 15.871, 0, 2
292.180943, 243, 23.339, 0, 6472, 21.177, 0, 2
292.431217, 244, 23.396, 0, 4315, 21.177, 0, 2
292.681506, 243, 24.520, 0, 4315, 21.177, 0, 2
292.931748, 243, 21.987, 0, 4315, 21.177, 0, 2
293.182025, 243, 23.462, 0, 4315, 21.177, 0, 2
293.432263, 243, 23.318, 0, 4315, 21.177, 0, 2
293.682504, 243, 23.397, 0, 4315, 21.177, 0, 2
293.932785, 243, 23.174, 0, 4315, 21.177, 0, 2
294.183023, 243, 23.483, 0, 4315, 21.177, 0, 2
294.433301, 243, 23.400, 0, 4315, 21.177, 0, 2
294.683523, 243, 23.338, 0, 4316, 21.177, 0, 2
294.933745, 243, 23.425, 0, 4315, 21.177, 0, 2
295.184030, 243, 23.327, 0, 4315, 21.177, 0, 2
295.441644, 243, 23.761, 0, 4192, 21.177, 0, 2
295.691870, 243, 23.983, 0, 4316, 21.177, 0, 2
295.942079, 243, 23.275, 0, 4316, 21.177, 0, 2
296.192275, 243, 23.289, 0, 4316, 21.177, 0, 2
296.442505, 243, 23.951, 0, 4315, 21.177, 0, 2
296.692743, 243, 22.718, 0, 4315, 21.177, 0, 2
296.942969, 243, 23.337, 0, 4316, 21.177, 0, 2
297.193172, 243, 23.424, 0, 4316, 21.177, 0, 2
297.443383, 243, 23.649, 0, 4316, 21.177, 0, 2
297.693608, 243, 23.150, 0, 4315, 21.177, 0, 2
297.943848, 243, 23.383, 0, 4315, 21.177, 0, 2
298.194049, 243, 23.359, 0, 4316, 21.177, 0, 2
298.444267, 243, 23.150, 0, 4316, 21.177, 0, 2
298.694513, 243, 23.310, 0, 6472, 113.420, 0, 2
298.944743, 243, 23.342, 0, 4316, 113.420, 0, 2
299.194970, 243, 23.278, 0, 4316, 113.420, 0, 2
299.445168, 243, 23.243, 0, 4316, 113.420, 0, 2
299.695403, 243, 23.266, 0, 4315, 113.420, 0, 2
299.945639, 243, 23.284, 0, 4315, 113.420, 0, 2
300.195854, 243, 23.415, 0, 4316, 113.420, 0, 2
300.446090, 243, 23.349, 0, 4315, 113.420, 0, 2
300.696328, 243, 23.365, 0, 4315, 113.420, 0, 2
300.946565, 243, 23.418, 0, 4315, 113.420, 0, 2
301.196795, 243, 23.393, 0, 4316, 113.420, 0, 2
301.446997, 243, 23.199, 0, 4316, 113.420, 0, 2
301.697227, 243, 23.516, 0, 4316, 113.420, 0, 2
301.947432, 243, 23.253, 0, 4316, 113.420, 0, 2
302.197655, 243, 23.524, 0, 4316, 113.420, 0, 2
302.447883, 243, 23.249, 0, 4316, 113.420, 0, 2
302.698095, 243, 23.276, 0, 4316, 113.420, 0, 2
302.948322, 243, 23.236, 0, 4316, 113.420, 0, 2
303.198537, 243, 23.313, 0, 4316, 113.420, 0, 2
303.448740, 243, 23.724, 0, 4316, 113.420, 0, 2
303.698977, 243, 23.355, 0, 4315, 113.420, 0, 2
303.949198, 243, 23.363, 0, 4316, 113.420, 0, 2
304.199412, 243, 23.537, 0, 4316, 113.420, 0, 2
304.449613, 243, 23.303, 0, 4316, 113.420, 0, 2
304.699922, 243, 23.636, 0, 4314, 113.420, 0, 2
304.950143, 42, 229.146, 0, 4316, 127.149, 0, 2
305.200381, 243, 23.423, 0, 2157, 127.149, 0, 2
305.450588, 243, 23.405, 0, 4316, 127.149, 0, 2
305.700835, 243, 23.961, 0, 4315, 127.149, 0, 2
305.951090, 243, 22.540, 0, 4315, 127.149, 0, 2
306.201300, 243, 23.215, 0, 4316, 127.149, 0, 2
306.451534, 243, 23.461, 0, 4316, 127.149, 0, 2
306.701737, 243, 23.094, 0, 4316, 127.149, 0, 2
306.951944, 243, 23.280, 0, 4316, 127.149, 0, 2
307.202177, 243, 23.558, 0, 4316, 127.149, 0, 2
307.452387, 243, 23.283, 0, 4316, 127.149, 0, 2
307.702621, 243, 23.331, 0, 4316, 127.149, 0, 2
307.952829, 243, 23.296, 0, 4316, 127.149, 0, 2
308.203037, 243, 23.169, 0, 4316, 127.149, 0, 2
308.453267, 243, 23.140, 0, 4316, 127.149, 0, 2
308.703471, 243, 23.388, 0, 4316, 127.149, 0, 2
308.953707, 243, 23.324, 0, 4315, 127.149, 0, 2
309.203918, 243, 23.490, 0, 4316, 127.149, 0, 2
309.454139, 243, 23.282, 0, 4316, 127.149, 0, 2
309.704398, 243, 23.287, 0, 4315, 127.149, 0, 2
309.954672, 243, 23.265, 0, 4315, 127.149, 0, 2
310.204888, 243, 23.018, 0, 4316, 127.149, 0, 2
310.455104, 243, 23.247, 0, 4316, 127.149, 0, 2
310.705372, 243, 23.423, 0, 4315, 127.149, 0, 2
310.966325, 243, 23.326, 0, 4138, 127.149, 0, 2
311.216600, 243, 23.310, 0, 6472, 160.710, 0, 2
311.466817, 243, 23.253, 0, 4316, 160.710, 0, 2
311.717027, 243, 23.433, 0, 4316, 160.710, 0, 2
311.967273, 243, 23.236, 0, 4315, 160.710, 0, 2
312.217488, 243, 23.233, 0, 4316, 160.710, 0, 2
312.467730, 243, 23.301, 0, 4315, 160.710, 0, 2
312.717943, 243, 23.273, 0, 4316, 160.710, 0, 2
312.968156, 243, 23.256, 0, 4316, 160.710, 0, 2
313.218399, 243, 23.290, 0, 4315, 160.710, 0, 2
313.468615, 243, 23.522, 0, 4316, 160.710, 0, 2
313.718852, 243, 23.065, 0, 4315, 160.710, 0, 2
313.969064, 243, 23.254, 0, 4316, 160.710, 0, 2
314.219273, 243, 23.237, 0, 4316, 160.710, 0, 2
314.469515, 243, 23.258, 0, 4315, 160.710, 0, 2
314.719730, 243, 23.352, 0, 4316, 160.710, 0, 2
314.969964, 243, 23.269, 0, 4315, 160.710, 0, 2
315.220199, 243, 23.625, 0, 4315, 160.710, 0, 2
315.470404, 243, 23.256, 0, 4316, 160.710, 0, 2
315.720637, 243, 23.236, 0, 4315, 160.710, 0, 2
315.971094, 243, 23.331, 0, 4312, 160.710, 0, 2
316.221328, 244, 23.246, 0, 4315, 160.710, 0, 2
316.471540, 243, 23.379, 0, 4316, 160.710, 0, 2
316.721745, 243, 23.450, 0, 4316, 160.710, 0, 2
316.971981, 243, 23.318, 0, 4315, 160.710, 0, 2
317.222221, 243, 23.314, 0, 4315, 160.710, 0, 2
317.472434, 243, 23.204, 0, 4316, 160.710, 0, 2
317.722634, 243, 24.416, 0, 6474, 208.600, 0, 2
317.972882, 243, 22.803, 0, 4315, 208.600, 0, 2
318.223124, 243, 23.908, 0, 4315, 208.600, 0, 2
318.473357, 243, 23.252, 0, 4315, 208.600, 0, 2
318.723560, 243, 23.529, 0, 4316, 208.600, 0, 2
318.973777, 243, 23.476, 0, 4316, 208.600, 0, 2
319.224016, 243, 23.472, 0, 4315, 208.600, 0, 2
319.474225, 243, 23.800, 0, 4316, 208.600, 0, 2
319.724459, 243, 23.752, 0, 4315, 208.600, 0, 2
319.974701, 243, 23.652, 0, 4315, 208.600, 0, 2
320.224919, 243, 23.618, 0, 4316, 208.600, 0, 2
320.475156, 243, 23.647, 0, 4315, 208.600, 0, 2
320.725383, 243, 23.459, 0, 4316, 208.600, 0, 2
320.975624, 243, 23.477, 0, 4315, 208.600, 0, 2
321.230517, 243, 23.551, 0, 4237, 208.600, 0, 2
321.480752, 243, 23.749, 0, 4315, 208.600, 0, 2
321.731000, 243, 23.437, 0, 4315, 208.600, 0, 2
321.981257, 243, 23.525, 0, 4315, 208.600, 0, 2
322.231460, 243, 23.455, 0, 4316, 208.600, 0, 2
322.481668, 244, 23.650, 0, 4316, 208.600, 0, 2
322.731870, 243, 23.518, 0, 4316, 208.600, 0, 2
322.982121, 243, 23.531, 0, 4315, 208.600, 0, 2
323.232367, 243, 23.476, 0, 4315, 208.600, 0, 2
323.482581, 244, 23.689, 0, 4316, 208.600, 0, 2
323.732805, 243, 23.441, 0, 4315, 208.600, 0, 2
323.983065, 243, 23.662, 0, 6472, 183.968, 0, 2
324.233283, 243, 23.467, 0, 4316, 183.968, 0, 2
324.483526, 243, 23.478, 0, 4315, 183.968, 0, 2
324.733734, 243, 23.381, 0, 4316, 183.968, 0, 2
324.983946, 243, 23.522, 0, 4316, 183.968, 0, 2
325.234209, 243, 23.266, 0, 4315, 183.968, 0, 2
325.484436, 243, 23.668, 0, 4316, 183.968, 0, 2
325.734688, 243, 23.849, 0, 4315, 183.968, 0, 2
325.984959, 243, 23.204, 0, 4315, 183.968, 0, 2
326.235184, 243, 23.470, 0, 4316, 183.968, 0, 2
326.485436, 243, 23.470, 0, 0, 183.968, 0, 2
326.735641, 243, 23.248, 0, 4316, 183.968, 0, 2
326.985884, 244, 23.306, 0, 4315, 183.968, 0, 2
327.236094, 243, 23.878, 0, 4316, 183.968, 0, 2
327.486302, 243, 23.248, 0, 4316, 183.968, 0, 2
327.736593, 243, 23.721, 0, 4314, 183.968, 0, 2
327.986844, 243, 23.749, 0, 4315, 183.968, 0, 2
328.237058, 243, 23.653, 0, 4316, 183.968, 0, 2
328.487258, 243, 23.233, 0, 4316, 183.968, 0, 2
328.737466, 243, 23.695, 0, 4316, 183.968, 0, 2
328.987716, 243, 23.688, 0, 4315, 183.968, 0, 2
329.237973, 243, 23.539, 0, 4315, 183.968, 0, 2
329.488177, 243, 23.628, 0, 4316, 183.968, 0, 2
329.738384, 243, 23.590, 0, 4316, 183.968, 0, 2
329.988633, 243, 25.176, 0, 4315, 183.968, 0, 2
330.238847, 243, 21.697, 0, 6474, 31.106, 0, 2
330.489094, 243, 23.428, 0, 4315, 31.106, 0, 2
330.739326, 243, 23.642, 0, 4316, 31.106, 0, 2
330.989538, 243, 23.551, 0, 4316, 31.106, 0, 2
331.239784, 243, 23.591, 0, 4315, 31.106, 0, 2
331.490004, 243, 23.369, 0, 4316, 31.106, 0, 2
331.740260, 243, 23.503, 0, 4315, 31.106, 0, 2
331.990465, 243, 23.332, 0, 4316, 31.106, 0, 2
332.240675, 243, 23.498, 0, 4316, 31.106, 0, 2
332.490923, 243, 23.476, 0, 4315, 31.106, 0, 2
332.741134, 243, 23.710, 0, 4316, 31.106, 0, 2
332.991373, 243, 23.567, 0, 4315, 31.106, 0, 2
333.241574, 243, 23.788, 0, 4316, 31.106, 0, 2
333.491782, 243, 23.539, 0, 4316, 31.106, 0, 2
333.742026, 243, 23.474, 0, 4315, 31.106, 0, 2
333.992308, 243, 23.564, 0, 4315, 31.106, 0, 2
334.242509, 243, 23.569, 0, 4316, 31.106, 0, 2
334.492699, 243, 23.784, 0, 4316, 31.106, 0, 2
334.742899, 243, 23.843, 0, 4316, 31.106, 0, 2
334.993149, 243, 23.712, 0, 4315, 31.106, 0, 2
335.243395, 243, 23.637, 0, 4315, 31.106, 0, 2
335.493596, 243, 23.474, 0, 4316, 31.106, 0, 2
335.743836, 243, 23.699, 0, 4315, 31.106, 0, 2
335.994122, 243, 23.417, 0, 4315, 31.106, 0, 2
336.244337, 243, 23.549, 0, 4316, 31.106, 0, 2
336.494574, 243, 23.662, 0, 6472, 12.686, 0, 2
336.744790, 243, 23.614, 0, 4316, 12.686, 0, 2
336.995022, 244, 23.665, 0, 4315, 12.686, 0, 2
337.245264, 243, 23.903, 0, 4315, 12.686, 0, 2
337.495468, 243, 23.294, 0, 4316, 12.686, 0, 2
337.745708, 243, 23.348, 0, 4315, 12.686, 0, 2
337.995904, 243, 23.401, 0, 4316, 12.686, 0, 2
338.246112, 243, 23.473, 0, 4316, 12.686, 0, 2
338.496349, 243, 23.518, 0, 4315, 12.686, 0, 2
338.746596, 243, 23.218, 0, 4315, 12.686, 0, 2
338.996833, 243, 23.582, 0, 4315, 12.686, 0, 2
339.247027, 243, 23.388, 0, 4316, 12.686, 0, 2
339.497238, 243, 23.600, 0, 4316, 12.686, 0, 2
339.747489, 243, 23.303, 0, 4315, 12.686, 0, 2
339.997772, 243, 23.515, 0, 4315, 12.686, 0, 2
340.247977, 243, 23.077, 0, 4316, 12.686, 0, 2
340.498182, 244, 23.356, 0, 4316, 12.686, 0, 2
340.748421, 243, 23.473, 0, 4315, 12.686, 0, 2
340.998669, 243, 23.534, 0, 4315, 12.686, 0, 2
341.248909, 243, 23.758, 0, 4315, 12.686, 0, 2
341.499107, 243, 23.558, 0, 4316, 12.686, 0, 2
341.749312, 243, 26.386, 0, 4316, 12.686, 0, 2
341.999608, 243, 23.189, 0, 4315, 12.686, 0, 2
342.249838, 243, 23.470, 0, 4315, 12.686, 0, 2
342.500077, 243, 23.415, 0, 4315, 12.686, 0, 2
342.750272, 243, 23.374, 0, 4316, 12.686, 0, 2
343.480, 243, 23.442, 0, 6474, 195.109, 0, 2
343.250726, 243, 23.271, 0, 4315, 195.109, 0, 2
343.500941, 243, 23.557, 0, 4316, 195.109, 0, 2
343.751217, 243, 23.341, 0, 4315, 195.109, 0, 2
344.1427, 243, 23.412, 0, 4316, 195.109, 0, 2
344.251637, 243, 23.464, 0, 4316, 195.109, 0, 2
344.501885, 244, 23.398, 0, 4315, 195.109, 0, 2
344.752093, 244, 23.398, 0, 0, 195.109, 0, 2
345.2339, 243, 23.430, 0, 4315, 195.109, 0, 2
345.252536, 243, 23.211, 0, 4316, 195.109, 0, 2
345.502739, 243, 23.360, 0, 4316, 195.109, 0, 2
345.752996, 243, 23.378, 0, 4315, 195.109, 0, 2
346.3285, 243, 23.452, 0, 4315, 195.109, 0, 2
346.253520, 243, 23.423, 0, 4316, 195.109, 0, 2
346.503717, 243, 23.272, 0, 4316, 195.109, 0, 2
346.753916, 243, 23.074, 0, 4316, 195.109, 0, 2
347.4171, 243, 23.394, 0, 4315, 195.109, 0, 2
347.254436, 1281, 3.247, 0, 306403, 108.994, 0, 2
347.504688, 1447, 0.453, 0, 358200, 13.504, 0, 2
347.755458, 1448, 2.547, 0, 318673, 8.241, 0, 2
348.5728, 670, 20.131, 0, 388406, 9.635, 0, 2
348.255979, 1007, 4.014, 0, 381931, 9.986, 0, 2
348.506217, 821, 19.035, 0, 390595, 12.608, 0, 2
348.756479, 743, 13.049, 0, 468226, 11.004, 0, 2
349.6722, 151, 3.771, 0, 366836, 12.570, 0, 2
349.256973, 1206, 5.556, 0, 394889, 10.352, 0, 2
349.507207, 1448, 0.242, 0, 390585, 16.278, 0, 2
349.757460, 1448, 0.556, 0, 392731, 9.207, 0, 2
350.7683, 1447, 0.542, 0, 369031, 9.792, 0, 2
350.257913, 247, 2.528, 0, 369013, 55.404, 0, 2
350.508148, 876, 9.863, 0, 377644, 16.260, 0, 2
350.758384, 1447, 0.573, 0, 375480, 55.240, 0, 2
351.8631, 578, 5.556, 0, 349568, 28.391, 0, 2
351.258890, 1447, 0.649, 0, 446669, 28.138, 0, 2
351.509151, 804, 11.279, 0, 280506, 16.644, 0, 2
351.759396, 1057, 10.522, 0, 315053, 15.676, 0, 2
352.9635, 1435, 0.714, 0, 310735, 15.392, 0, 2
352.259884, 922, 11.403, 0, 319368, 17.075, 0, 2
352.510127, 1023, 3.310, 0, 336630, 109.383, 0, 2
352.760388, 1176, 2.669, 0, 291293, 119.557, 0, 2
353.10636, 705, 6.827, 0, 351726, 61.699, 0, 2
353.260878, 1377, 2.568, 0, 353902, 12.506, 0, 2
353.511110, 1448, 0.525, 0, 366862, 18.481, 0, 2
353.761336, 1347, 23.742, 0, 334498, 11.381, 0, 2
354.11565, 1448, 0.565, 0, 483384, 4.008, 0, 2
354.261822, 1432, 20.001, 0, 306405, 6.830, 0, 2
354.512070, 1448, 0.635, 0, 368997, 14.678, 0, 2
354.762300, 1446, 1.265, 0, 353917, 10.410, 0, 2
355.12539, 992, 3.603, 0, 369000, 15.018, 0, 2
355.262785, 167, 4.770, 0, 390576, 14.516, 0, 2
355.513030, 575, 4.824, 0, 362525, 12.724, 0, 2
355.763253, 1448, 0.687, 0, 420827, 14.362, 0, 2
356.13481, 973, 3.954, 0, 321545, 19.398, 0, 2
356.263707, 890, 7.122, 0, 371185, 19.296, 0, 2
356.513931, 960, 5.028, 0, 321550, 12.126, 0, 2
356.764146, 1447, 0.461, 0, 489901, 8.486, 0, 2
357.14371, 1155, 3.576, 0, 399237, 15.082, 0, 2
357.264599, 1447, 0.491, 0, 386289, 9.567, 0, 2
357.514825, 1435, 0.353, 0, 358236, 10.633, 0, 2
357.765063, 653, 24.394, 0, 356060, 11.102, 0, 2
358.15299, 162, 12.666, 0, 364694, 11.746, 0, 2
358.265521, 1429, 3.739, 0, 397085, 19.752, 0, 2
358.515751, 1448, 0.668, 0, 284859, 14.914, 0, 2
358.766002, 608, 12.472, 0, 418619, 8.150, 0, 2
359.16227, 527, 10.350, 0, 394925, 11.308, 0, 2
359.266466, 1447, 0.524, 0, 483373, 13.079, 0, 2
359.516701, 1447, 0.284, 0, 343116, 19.743, 0, 2
359.766925, 1237, 4.633, 0, 371188, 8.304, 0, 2
360.17144, 1309, 2.513, 0, 379828, 13.672, 0, 2
360.267374, 255, 0.385, 0, 377652, 7.746, 0, 2
360.517596, 1448, 0.900, 0, 397084, 10.985, 0, 2
360.767824, 1448, 40.242, 0, 250333, 11.795, 0, 2
361.18036, 1448, 3.451, 0, 161856, 20.331, 0, 2
361.268261, 1448, 0.262, 0, 220127, 12.706, 0, 2
361.518490, 576, 3.788, 0, 919321, 9.729, 0, 2
361.768714, 1448, 0.314, 0, 325869, 12.079, 0, 2
362.18933, 1328, 4.089, 0, 12948, 18.817, 0, 2
362.269134, 1448, 0.463, 540, 328053, 24.416, 0, 2
362.519369, 1448, 0.272, 0, 999140, 9.594, 0, 2
362.769600, 1328, 6.243, 0, 187747, 16.415, 0, 2
363.20016, 1447, 0.765, 0, 135853, 20.758, 0, 2
363.270250, 1448, 0.278, 0, 340957, 14.822, 0, 2
363.520483, 1333, 5.024, 0, 841611, 10.282, 0, 2
363.770713, 255, 2.747, 0, 256807, 11.391, 0, 2
364.20934, 256, 6.443, 0, 129485, 22.994, 0, 2
364.271154, 1448, 1.080, 0, 522259, 8.489, 0, 2
364.521377, 1447, 0.466, 0, 675471, 8.918, 0, 2
364.771589, 1448, 2.419, 0, 135964, 11.671, 0, 2
365.21807, 1448, 0.239, 0, 142435, 10.144, 0, 2
365.272039, 256, 6.468, 0, 6474, 26.070, 0, 2
365.522243, 1448, 0.257, 0, 82011, 26.070, 0, 2
365.772461, 1448, 0.318, 0, 533056, 25.369, 0, 2
366.22681, 1448, 0.345, 0, 170491, 12.774, 0, 2
366.272909, 1436, 26.246, 0, 82004, 12.774, 0, 2
366.523128, 255, 7.246, 0, 19423, 14.074, 0, 2
366.773331, 1327, 85.217, 0, 10791, 14.074, 0, 2
367.23534, 254, 15.797, 0, 4316, 14.074, 0, 2
367.273758, 243, 23.481, 0, 4316, 14.074, 0, 2
367.523948, 243, 23.615, 0, 4316, 14.074, 0, 2
367.774161, 1448, 0.553, 0, 90642, 10.461, 0, 2
368.24373, 1448, 0.374, 0, 757517, 12.077, 0, 2
368.279087, 1448, 0.538, 0, 1123532, 6.025, 0, 2
368.529347, 255, 2.899, 0, 224421, 60.912, 0, 2
368.779582, 1448, 0.396, 1620, 433712, 13.536, 0, 2
369.29933, 1448, 0.298, 540, 1626472, 61.918, 0, 2
369.280242, 1448, 0.307, 0, 1339718, 39.585, 0, 2
369.530564, 531, 4.050, 0, 588922, 11.368, 0, 2
369.780808, 710, 3.664, 0, 364682, 16.603, 0, 2
370.31054, 245, 0.508, 0, 368975, 15.347, 0, 2
370.281315, 1447, 0.720, 0, 362522, 10.743, 0, 2
370.531615, 1448, 0.808, 0, 360290, 12.771, 0, 2
370.781927, 1448, 0.694, 0, 342986, 13.246, 0, 2
371.32259, 1448, 0.701, 0, 381812, 27.061, 0, 2
371.282543, 1447, 0.796, 540, 327972, 13.138, 0, 2
371.532822, 889, 5.787, 0, 355997, 11.227, 0, 2
371.783065, 1386, 29.449, 540, 325823, 10.942, 0, 2
372.33327, 973, 14.302, 0, 371154, 20.160, 0, 2
372.283577, 1378, 6.129, 0, 401358, 25.664, 0, 2
372.533819, 1447, 0.489, 0, 386262, 21.345, 0, 2
372.784062, 741, 2.515, 0, 310738, 15.169, 0, 2
373.34302, 665, 5.894, 0, 379776, 18.521, 0, 2
373.284576, 1447, 0.458, 0, 373288, 18.164, 0, 2
373.534989, 1448, 0.893, 0, 342874, 12.704, 0, 2
373.785317, 1447, 1.186, 540, 332202, 20.782, 0, 2
374.35552, 1328, 53.727, 0, 142424, 16.361, 0, 2
374.285782, 1448, 0.483, 0, 69057, 16.361, 0, 2
374.536033, 1327, 6.420, 0, 837238, 4.802, 0, 2
374.786274, 1448, 0.821, 0, 444495, 13.589, 0, 2
375.36627, 394, 5.778, 0, 388280, 9.827, 0, 2
375.286889, 1258, 2.180, 0, 373290, 11.096, 0, 2
375.537144, 1447, 0.785, 0, 366826, 7.565, 0, 2
375.787380, 820, 18.326, 0, 349587, 11.716, 0, 2
376.37623, 1448, 0.818, 0, 392737, 17.371, 0, 2
376.287869, 154, 5.813, 0, 295627, 16.233, 0, 2
376.538105, 1448, 0.954, 0, 373326, 24.532, 0, 2
376.788343, 1070, 1.960, 0, 328008, 13.494, 0, 2
377.38587, 1187, 12.527, 0, 353878, 14.141, 0, 2
377.288857, 1027, 6.048, 0, 379766, 11.402, 0, 2
377.539099, 1448, 0.792, 0, 435894, 9.649, 0, 2
377.789333, 1023, 11.950, 0, 381967, 15.639, 0, 2
378.39577, 1448, 0.738, 0, 360367, 8.508, 0, 2
378.289813, 1228, 2.232, 0, 353899, 11.448, 0, 2
378.540085, 326, 3.187, 0, 364612, 19.201, 0, 2
378.790361, 1447, 0.699, 0, 323672, 19.687, 0, 2
379.40600, 1448, 0.797, 0, 371162, 13.145, 0, 2
379.290872, 1104, 9.283, 0, 321491, 16.183, 0, 2
379.541112, 804, 3.547, 0, 362531, 12.904, 0, 2
379.791355, 178, 11.387, 0, 321528, 15.893, 0, 2
380.41594, 1448, 0.496, 0, 366845, 13.247, 0, 2
380.291839, 1125, 22.151, 0, 431578, 22.901, 0, 2
380.542098, 214, 1.441, 0, 353871, 13.594, 0, 2
380.792345, 1448, 0.571, 0, 381942, 10.350, 0, 2
381.42591, 245, 0.552, 0, 299946, 12.370, 0, 2
381.292825, 1448, 0.699, 0, 343116, 15.336, 0, 2
381.543107, 1448, 0.578, 0, 353840, 9.120, 0, 2
381.793350, 1447, 0.660, 0, 151051, 13.182, 0, 2
382.43580, 255, 127.437, 0, 6474, 13.182, 0, 2
382.293816, 243, 11.834, 0, 4315, 13.182, 0, 2
382.544027, 244, 23.504, 0, 4316, 13.182, 0, 2
382.794244, 243, 23.349, 0, 4316, 13.182, 0, 2
383.44490, 243, 24.754, 0, 4315, 13.182, 0, 2
383.294773, 243, 22.305, 0, 4315, 13.182, 0, 2
383.544996, 243, 23.440, 0, 4316, 13.182, 0, 2
383.795503, 244, 23.847, 0, 4311, 13.182, 0, 2
384.45743, 243, 23.398, 0, 4315, 13.182, 0, 2
384.295976, 243, 23.620, 0, 4315, 13.182, 0, 2
384.546222, 243, 23.173, 0, 4315, 13.182, 0, 2
384.796463, 243, 23.933, 0, 4315, 13.182, 0, 2
385.46689, 243, 23.436, 0, 4315, 13.182, 0, 2
385.296967, 243, 24.167, 0, 6472, 54.749, 0, 2
385.547191, 243, 23.944, 0, 4316, 54.749, 0, 2
385.797426, 243, 23.334, 0, 4315, 54.749, 0, 2
386.53872, 27, 95.440, 0, 6315, 54.749, 1, 2
386.304305, 241, 14.137, 0, 4313, 54.749, 1, 2
386.554607, 243, 23.378, 0, 4315, 54.749, 1, 2
386.804835, 243, 23.245, 0, 4316, 54.749, 1, 2
387.55093, 243, 23.518, 0, 4315, 54.749, 1, 2
387.305300, 243, 23.231, 0, 4316, 54.749, 1, 2
387.555526, 243, 23.110, 0, 4315, 54.749, 1, 2
387.805817, 243, 23.402, 0, 4315, 54.749, 1, 2
388.56083, 243, 23.449, 0, 4315, 54.749, 1, 2
388.306345, 243, 23.556, 0, 4315, 54.749, 1, 2
388.556698, 243, 23.279, 0, 4313, 54.749, 1, 2
388.806900, 243, 23.425, 0, 4316, 54.749, 1, 2
389.57195, 243, 23.331, 0, 4314, 54.749, 1, 2
389.307480, 243, 23.353, 0, 4315, 54.749, 1, 2
389.557733, 243, 23.258, 0, 4315, 54.749, 1, 2
389.807937, 243, 23.294, 0, 4316, 54.749, 1, 2
390.58168, 243, 23.533, 0, 4315, 54.749, 1, 2
390.308512, 243, 23.447, 0, 4314, 54.749, 1, 2
390.558810, 243, 23.665, 0, 4315, 54.749, 1, 2
390.809067, 243, 23.190, 0, 4315, 54.749, 1, 2
391.59320, 243, 23.612, 0, 4315, 54.749, 1, 2
391.309604, 243, 23.596, 0, 4315, 54.749, 1, 2
391.559839, 243, 23.716, 0, 4315, 54.749, 1, 2
391.810102, 243, 23.227, 0, 4315, 54.749, 1, 2
392.60317, 243, 23.223, 0, 6474, 502.293, 2, 0
392.310570, 243, 23.215, 0, 4315, 502.293, 2, 0
392.560852, 243, 23.236, 0, 4315, 502.293, 2, 0
392.811066, 243, 23.281, 0, 4316, 502.293, 2, 0
393.61318, 243, 22.999, 0, 4315, 502.293, 2, 0
393.311514, 244, 23.600, 0, 4316, 502.293, 2, 0
393.561764, 243, 23.375, 0, 4315, 502.293, 2, 0
393.812021, 243, 23.367, 0, 4315, 502.293, 2, 0
394.62219, 241, 17.676, 0, 6474, 502.293, 2, 3
394.312495, 243, 23.411, 0, 6471, 502.293, 2, 0
394.562827, 243, 23.558, 0, 4314, 502.293, 2, 0
394.813066, 243, 23.422, 0, 4315, 502.293, 2, 0
395.63315, 243, 23.439, 0, 4315, 502.293, 2, 0
395.313594, 243, 23.445, 0, 4315, 502.293, 2, 0
395.563859, 243, 23.450, 0, 4315, 502.293, 2, 0
395.814156, 243, 23.628, 0, 4315, 502.293, 2, 0
396.64411, 243, 23.878, 0, 4315, 502.293, 2, 0
396.314662, 243, 23.441, 0, 4315, 502.293, 2, 0
396.564916, 243, 23.421, 0, 4315, 502.293, 2, 0
396.815157, 243, 24.074, 0, 4315, 502.293, 2, 0
397.65392, 243, 23.009, 0, 4315, 502.293, 2, 0
397.315619, 243, 23.535, 0, 4316, 502.293, 2, 0
397.565862, 243, 23.782, 0, 4315, 502.293, 2, 0
397.816103, 243, 23.808, 0, 4315, 502.293, 2, 0
398.66329, 243, 23.280, 0, 6474, 98.966, 2, 0
398.316584, 243, 23.411, 0, 4315, 98.966, 2, 0
398.566845, 243, 23.388, 0, 4315, 98.966, 2, 0
398.817090, 243, 23.392, 0, 4315, 98.966, 2, 0
399.67334, 243, 23.396, 0, 4315, 98.966, 2, 0
399.317557, 243, 23.295, 0, 4316, 98.966, 2, 0
399.567781, 243, 23.410, 0, 4316, 98.966, 2, 0
399.818034, 243, 23.283, 0, 4315, 98.966, 2, 0
400.68261, 243, 23.388, 0, 4316, 98.966, 2, 0
400.318520, 243, 23.388, 0, 0, 98.966, 2, 0
400.568715, 243, 23.307, 0, 4316, 98.966, 2, 0
400.823103, 243, 23.394, 0, 4245, 98.966, 2, 0
401.73362, 243, 23.471, 0, 4315, 98.966, 2, 0
401.323597, 243, 23.436, 0, 4315, 98.966, 2, 0
401.573845, 243, 23.379, 0, 4315, 98.966, 2, 0
401.824074, 243, 23.168, 0, 4316, 98.966, 2, 0
402.74292, 243, 23.288, 0, 4316, 98.966, 2, 0
402.324549, 243, 23.395, 0, 4315, 98.966, 2, 0
402.574837, 243, 23.220, 0, 4315, 98.966, 2, 0
402.825083, 243, 23.347, 0, 4315, 98.966, 2, 0
403.75298, 243, 23.401, 0, 4316, 98.966, 2, 0
403.325525, 243, 23.271, 0, 4316, 98.966, 2, 0
403.575768, 243, 23.337, 0, 4315, 98.966, 2, 0
403.826038, 243, 23.371, 0, 4315, 98.966, 2, 0
404.76252, 243, 25.675, 0, 4316, 98.966, 2, 0
404.326470, 244, 23.145, 0, 6472, 73.859, 2, 0
404.576759, 243, 23.833, 0, 4315, 73.859, 2, 0
404.827007, 243, 23.277, 0, 4315, 73.859, 2, 0
405.77258, 243, 23.457, 0, 4315, 73.859, 2, 0
405.327478, 243, 23.430, 0, 4316, 73.859, 2, 0
405.577688, 243, 23.419, 0, 4316, 73.859, 2, 0
405.838560, 243, 23.483, 0, 4139, 73.859, 2, 0
406.88811, 243, 23.335, 0, 4315, 73.859, 2, 0
406.339057, 243, 23.302, 0, 4315, 73.859, 2, 0
406.589271, 243, 23.918, 0, 4316, 73.859, 2, 0
406.839478, 243, 22.996, 0, 4316, 73.859, 2, 0
407.89738, 243, 33.571, 0, 4315, 73.859, 2, 0
407.340034, 243, 22.531, 0, 4315, 73.859, 2, 0
407.590272, 243, 23.493, 0, 4315, 73.859, 2, 0
407.840481, 243, 23.288, 0, 4316, 73.859, 2, 0
408.90694, 243, 23.548, 0, 4316, 73.859, 2, 0
408.340938, 243, 23.326, 0, 4315, 73.859, 2, 0
408.591227, 243, 23.530, 0, 4315, 73.859, 2, 0
408.841452, 243, 23.538, 0, 4316, 73.859, 2, 0
409.91657, 243, 23.407, 0, 4316, 73.859, 2, 0
409.341866, 243, 23.439, 0, 4316, 73.859, 2, 0
409.592103, 243, 23.278, 0, 4315, 73.859, 2, 0
409.842361, 243, 23.579, 0, 4315, 73.859, 2, 0
410.92593, 243, 23.579, 0, 0, 73.859, 2, 0
410.342792, 243, 23.579, 0, 0, 73.859, 2, 0
410.593096, 243, 23.579, 0, 0, 73.859, 2, 0
410.850555, 243, 23.579, 0, 0, 73.859, 2, 0
411.100801, 243, 23.579, 0, 0, 73.859, 2, 0
411.351013, 243, 23.579, 0, 0, 73.859, 2, 0
411.601240, 243, 23.579, 0, 0, 73.859, 2, 0
411.851480, 243, 23.579, 0, 0, 73.859, 2, 0
412.101688, 243, 23.579, 0, 0, 73.859, 2, 0
412.351982, 243, 23.579, 0, 0, 73.859, 2, 0
412.602167, 243, 23.579, 0, 0, 73.859, 2, 0
412.852352, 243, 23.579, 0, 0, 73.859, 2, 0
413.102587, 243, 23.579, 0, 0, 73.859, 2, 0
413.352793, 243, 23.579, 0, 0, 73.859, 2, 0
413.603026, 243, 23.579, 0, 0, 73.859, 2, 0
413.853209, 243, 23.579, 0, 0, 73.859, 2, 0
414.103390, 243, 23.579, 0, 0, 73.859, 2, 0
414.353630, 243, 23.579, 0, 0, 73.859, 2, 0
414.603907, 243, 23.579, 0, 0, 73.859, 2, 0
414.854117, 243, 23.579, 0, 0, 73.859, 2, 0
415.104343, 243, 23.579, 0, 0, 73.859, 2, 0
415.354571, 243, 23.579, 0, 0, 73.859, 2, 0
415.604841, 243, 23.579, 0, 0, 73.859, 2, 0
415.863181, 243, 23.579, 0, 0, 73.859, 2, 0
416.113437, 243, 23.579, 0, 0, 73.859, 2, 0
416.363657, 243, 23.579, 0, 0, 73.859, 2, 0
416.613934, 243, 23.579, 0, 0, 73.859, 2, 0
416.864174, 243, 23.579, 0, 0, 73.859, 2, 0
417.114412, 243, 23.579, 0, 0, 73.859, 2, 0
417.364608, 243, 23.579, 0, 0, 73.859, 2, 0
417.614798, 243, 23.579, 0, 0, 73.859, 2, 0
417.865050, 243, 23.579, 0, 0, 73.859, 2, 0
418.115271, 243, 23.579, 0, 0, 73.859, 2, 0
418.365519, 243, 23.579, 0, 0, 73.859, 2, 0
418.615716, 243, 23.579, 0, 0, 73.859, 2, 0
418.865920, 243, 23.579, 0, 0, 73.859, 2, 0
419.116167, 243, 23.579, 0, 0, 73.859, 2, 0
419.366392, 243, 23.579, 0, 0, 73.859, 2, 0
419.616655, 243, 23.579, 0, 0, 73.859, 2, 0
419.866849, 243, 23.579, 0, 0, 73.859, 2, 0
420.117056, 243, 23.579, 0, 0, 73.859, 2, 0
420.367307, 243, 23.579, 0, 0, 73.859, 2, 0
420.617579, 243, 23.579, 0, 0, 73.859, 2, 0
420.867839, 243, 23.579, 0, 0, 73.859, 2, 0
421.118062, 243, 23.579, 0, 0, 73.859, 2, 0
421.368258, 243, 23.579, 0, 0, 73.859, 2, 0
421.618491, 243, 23.579, 0, 0, 73.859, 2, 0
421.868738, 243, 23.579, 0, 0, 73.859, 2, 0
422.118944, 243, 23.579, 0, 0, 73.859, 2, 0
422.369182, 243, 23.579, 0, 0, 73.859, 2, 0
422.619466, 243, 23.579, 0, 0, 73.859, 2, 0
422.869679, 243, 23.579, 0, 0, 73.859, 2, 0
423.119920, 243, 23.579, 0, 0, 73.859, 2, 0
423.370109, 243, 23.579, 0, 0, 73.859, 2, 0
423.620293, 243, 23.579, 0, 0, 73.859, 2, 0
423.870535, 243, 23.579, 0, 0, 73.859, 2, 0
424.120745, 243, 23.579, 0, 0, 73.859, 2, 0
424.370980, 243, 23.579, 0, 0, 73.859, 2, 0
424.621171, 243, 23.579, 0, 0, 73.859, 2, 0
424.871364, 243, 23.579, 0, 0, 73.859, 2, 0
425.121599, 243, 23.579, 0, 0, 73.859, 2, 0
425.371795, 243, 23.579, 0, 0, 73.859, 2, 0
425.622050, 243, 23.579, 0, 0, 73.859, 2, 0
425.872249, 243, 23.579, 0, 0, 73.859, 2, 0
426.122452, 243, 23.579, 0, 0, 73.859, 2, 0
426.372706, 243, 23.579, 0, 0, 73.859, 2, 0
426.622993, 243, 23.579, 0, 0, 73.859, 2, 0
426.873201, 243, 23.579, 0, 0, 73.859, 2, 0
427.123393, 243, 23.579, 0, 0, 73.859, 2, 0
427.373588, 243, 23.579, 0, 0, 73.859, 2, 0
427.623819, 243, 23.579, 0, 0, 73.859, 2, 0
427.874060, 243, 23.579, 0, 0, 73.859, 2, 0
428.124248, 243, 23.579, 0, 0, 73.859, 2, 0
428.374440, 243, 23.579, 0, 0, 73.859, 2, 0
428.624720, 243, 23.579, 0, 0, 73.859, 2, 0
428.874925, 243, 23.579, 0, 0, 73.859, 2, 0
429.125159, 243, 23.579, 0, 0, 73.859, 2, 0
429.375343, 243, 23.579, 0, 0, 73.859, 2, 0
429.625526, 243, 23.579, 0, 0, 73.859, 2, 0
429.875762, 243, 23.579, 0, 0, 73.859, 2, 0
430.125948, 243, 23.579, 0, 0, 73.859, 2, 0
430.376219, 243, 23.579, 0, 0, 73.859, 2, 0
430.626455, 243, 23.579, 0, 0, 73.859, 2, 0
430.876650, 243, 23.579, 0, 0, 73.859, 2, 0
431.126883, 243, 23.579, 0, 0, 73.859, 2, 0
431.377122, 243, 23.579, 0, 0, 73.859, 2, 0
431.627353, 243, 23.579, 0, 0, 73.859, 2, 0
431.877541, 243, 23.579, 0, 0, 73.859, 2, 0
432.127727, 243, 23.579, 0, 0, 73.859, 2, 0
432.377967, 243, 23.579, 0, 0, 73.859, 2, 0
432.628241, 243, 23.579, 0, 0, 73.859, 2, 0
432.878442, 243, 23.579, 0, 0, 73.859, 2, 0
433.128624, 243, 23.579, 0, 0, 73.859, 2, 0
433.378838, 243, 23.579, 0, 0, 73.859, 2, 0
