Reset branch 'boost-1.57.0'
Entering 'libs/accumulators'
Reset branch 'boost-1.57.0'
Entering 'libs/algorithm'
Reset branch 'boost-1.57.0'
Entering 'libs/align'
Reset branch 'boost-1.57.0'
Entering 'libs/any'
Reset branch 'boost-1.57.0'
Entering 'libs/array'
Reset branch 'boost-1.57.0'
Entering 'libs/asio'
Reset branch 'boost-1.57.0'
Entering 'libs/assert'
Reset branch 'boost-1.57.0'
Entering 'libs/assign'
Reset branch 'boost-1.57.0'
Entering 'libs/atomic'
Reset branch 'boost-1.57.0'
Entering 'libs/bimap'
Reset branch 'boost-1.57.0'
Entering 'libs/bind'
Reset branch 'boost-1.57.0'
Entering 'libs/chrono'
Reset branch 'boost-1.57.0'
Entering 'libs/circular_buffer'
Reset branch 'boost-1.57.0'
Entering 'libs/compatibility'
Reset branch 'boost-1.57.0'
Entering 'libs/concept_check'
Reset branch 'boost-1.57.0'
Entering 'libs/config'
Reset branch 'boost-1.57.0'
Entering 'libs/container'
Reset branch 'boost-1.57.0'
Entering 'libs/context'
Reset branch 'boost-1.57.0'
Entering 'libs/conversion'
Reset branch 'boost-1.57.0'
Entering 'libs/core'
Reset branch 'boost-1.57.0'
Entering 'libs/coroutine'
Reset branch 'boost-1.57.0'
Entering 'libs/crc'
Reset branch 'boost-1.57.0'
Entering 'libs/date_time'
Reset branch 'boost-1.57.0'
Entering 'libs/detail'
Reset branch 'boost-1.57.0'
Entering 'libs/disjoint_sets'
Reset branch 'boost-1.57.0'
Entering 'libs/dynamic_bitset'
Reset branch 'boost-1.57.0'
Entering 'libs/exception'
Reset branch 'boost-1.57.0'
Entering 'libs/filesystem'
Reset branch 'boost-1.57.0'
Entering 'libs/flyweight'
Reset branch 'boost-1.57.0'
Entering 'libs/foreach'
Reset branch 'boost-1.57.0'
Entering 'libs/format'
Reset branch 'boost-1.57.0'
Entering 'libs/function'
Reset branch 'boost-1.57.0'
Entering 'libs/function_types'
Reset branch 'boost-1.57.0'
Entering 'libs/functional'
Reset branch 'boost-1.57.0'
Entering 'libs/fusion'
Reset branch 'boost-1.57.0'
Entering 'libs/geometry'
Reset branch 'boost-1.57.0'
Entering 'libs/gil'
Reset branch 'boost-1.57.0'
Entering 'libs/graph'
Reset branch 'boost-1.57.0'
Entering 'libs/graph_parallel'
Reset branch 'boost-1.57.0'
Entering 'libs/heap'
Reset branch 'boost-1.57.0'
Entering 'libs/icl'
Reset branch 'boost-1.57.0'
Entering 'libs/integer'
Reset branch 'boost-1.57.0'
Entering 'libs/interprocess'
Reset branch 'boost-1.57.0'
Entering 'libs/intrusive'
Reset branch 'boost-1.57.0'
Entering 'libs/io'
Reset branch 'boost-1.57.0'
Entering 'libs/iostreams'
Reset branch 'boost-1.57.0'
Entering 'libs/iterator'
Reset branch 'boost-1.57.0'
Entering 'libs/lambda'
Reset branch 'boost-1.57.0'
Entering 'libs/lexical_cast'
Reset branch 'boost-1.57.0'
Entering 'libs/local_function'
Reset branch 'boost-1.57.0'
Entering 'libs/locale'
Reset branch 'boost-1.57.0'
Entering 'libs/lockfree'
Reset branch 'boost-1.57.0'
Entering 'libs/log'
Reset branch 'boost-1.57.0'
Entering 'libs/logic'
Reset branch 'boost-1.57.0'
Entering 'libs/math'
Reset branch 'boost-1.57.0'
Entering 'libs/move'
Reset branch 'boost-1.57.0'
Entering 'libs/mpi'
Reset branch 'boost-1.57.0'
Entering 'libs/mpl'
Reset branch 'boost-1.57.0'
Entering 'libs/msm'
Reset branch 'boost-1.57.0'
Entering 'libs/multi_array'
Reset branch 'boost-1.57.0'
Entering 'libs/multi_index'
Reset branch 'boost-1.57.0'
Entering 'libs/multiprecision'
Reset branch 'boost-1.57.0'
Entering 'libs/numeric/conversion'
Reset branch 'boost-1.57.0'
Entering 'libs/numeric/interval'
Reset branch 'boost-1.57.0'
Entering 'libs/numeric/odeint'
Reset branch 'boost-1.57.0'
Entering 'libs/numeric/ublas'
Reset branch 'boost-1.57.0'
Entering 'libs/optional'
Reset branch 'boost-1.57.0'
Entering 'libs/parameter'
Reset branch 'boost-1.57.0'
Entering 'libs/phoenix'
Reset branch 'boost-1.57.0'
Entering 'libs/polygon'
Reset branch 'boost-1.57.0'
Entering 'libs/pool'
Reset branch 'boost-1.57.0'
Entering 'libs/predef'
Reset branch 'boost-1.57.0'
Entering 'libs/preprocessor'
Reset branch 'boost-1.57.0'
Entering 'libs/program_options'
Reset branch 'boost-1.57.0'
Entering 'libs/property_map'
Reset branch 'boost-1.57.0'
Entering 'libs/property_tree'
Reset branch 'boost-1.57.0'
Entering 'libs/proto'
Reset branch 'boost-1.57.0'
Entering 'libs/ptr_container'
Reset branch 'boost-1.57.0'
Entering 'libs/python'
Reset branch 'boost-1.57.0'
Entering 'libs/random'
Reset branch 'boost-1.57.0'
Entering 'libs/range'
Reset branch 'boost-1.57.0'
Entering 'libs/ratio'
Reset branch 'boost-1.57.0'
Entering 'libs/rational'
Reset branch 'boost-1.57.0'
Entering 'libs/regex'
Reset branch 'boost-1.57.0'
Entering 'libs/scope_exit'
Reset branch 'boost-1.57.0'
Entering 'libs/serialization'
Reset branch 'boost-1.57.0'
Entering 'libs/signals'
Reset branch 'boost-1.57.0'
Entering 'libs/signals2'
Reset branch 'boost-1.57.0'
Entering 'libs/smart_ptr'
Reset branch 'boost-1.57.0'
Entering 'libs/spirit'
Reset branch 'boost-1.57.0'
Entering 'libs/statechart'
Reset branch 'boost-1.57.0'
Entering 'libs/static_assert'
Reset branch 'boost-1.57.0'
Entering 'libs/system'
Reset branch 'boost-1.57.0'
Entering 'libs/test'
Reset branch 'boost-1.57.0'
Entering 'libs/thread'
Reset branch 'boost-1.57.0'
Entering 'libs/throw_exception'
Reset branch 'boost-1.57.0'
Entering 'libs/timer'
Reset branch 'boost-1.57.0'
Entering 'libs/tokenizer'
Reset branch 'boost-1.57.0'
Entering 'libs/tr1'
Reset branch 'boost-1.57.0'
Entering 'libs/tti'
Reset branch 'boost-1.57.0'
Entering 'libs/tuple'
Reset branch 'boost-1.57.0'
Entering 'libs/type_erasure'
Reset branch 'boost-1.57.0'
Entering 'libs/type_index'
Reset branch 'boost-1.57.0'
Entering 'libs/type_traits'
Reset branch 'boost-1.57.0'
Entering 'libs/typeof'
Reset branch 'boost-1.57.0'
Entering 'libs/units'
Reset branch 'boost-1.57.0'
Entering 'libs/unordered'
Reset branch 'boost-1.57.0'
Entering 'libs/utility'
Reset branch 'boost-1.57.0'
Entering 'libs/uuid'
Reset branch 'boost-1.57.0'
Entering 'libs/variant'
Reset branch 'boost-1.57.0'
Entering 'libs/wave'
Reset branch 'boost-1.57.0'
Entering 'libs/winapi'
Reset branch 'boost-1.57.0'
Entering 'libs/xpressive'
Reset branch 'boost-1.57.0'
Entering 'tools/auto_index'
Reset branch 'boost-1.57.0'
Entering 'tools/bcp'
Reset branch 'boost-1.57.0'
Entering 'tools/boostbook'
Reset branch 'boost-1.57.0'
Entering 'tools/boostdep'
Reset branch 'boost-1.57.0'
Entering 'tools/build'
Reset branch 'boost-1.57.0'
Entering 'tools/inspect'
Reset branch 'boost-1.57.0'
Entering 'tools/litre'
Reset branch 'boost-1.57.0'
Entering 'tools/quickbook'
Reset branch 'boost-1.57.0'
HEAD is now at 3913b6b Update math from master.
Skipping repository libs/endian/
Skipping repository libs/sort/
Skipping repository libs/endian/
Skipping repository libs/sort/
Entering 'libs/accumulators'
HEAD is now at 69dcfd1 Add missing #include <boost/preprocessor/cat.hpp>
Entering 'libs/algorithm'
HEAD is now at cf249c0 Merge from develop: clean up is_permutation; fix clamp interface, and merge fix for bug #9335 as well
Entering 'libs/align'
HEAD is now at fbb4c38 Minor documentation corrections
Entering 'libs/any'
HEAD is now at eb4545f Minor fix for old compilers
Entering 'libs/array'
HEAD is now at 9678f6a Create merge base for git.
Entering 'libs/asio'
HEAD is now at 092171c Merge asio 1.10.5 from 'develop'
Entering 'libs/assert'
HEAD is now at 030cc88 Merge branch 'develop'
Entering 'libs/assign'
HEAD is now at 76d4e71 Merge branch 'develop'
Entering 'libs/atomic'
HEAD is now at fe8f1dc Use #pragma intrinsic only with MSVC.
Entering 'libs/bimap'
HEAD is now at 336ab58 Create merge base for git.
Entering 'libs/bind'
HEAD is now at 1feb7dc Merge branch 'develop'
Entering 'libs/chrono'
HEAD is now at 7f17691 Merge branch 'develop'
Entering 'libs/circular_buffer'
HEAD is now at 5136d09 Merge branch 'master' into develop
Entering 'libs/compatibility'
HEAD is now at c26ab9d Create merge base for git.
Entering 'libs/concept_check'
HEAD is now at b708baa Remove include of boost/parameter/aux_/parenthesized_type.hpp.
Entering 'libs/config'
HEAD is now at 1e4124d Merge branch 'develop'
Entering 'libs/container'
HEAD is now at 3793898 Remove invalid character that was breaking the documentation build.
Entering 'libs/context'
HEAD is now at 81bb915 Merge branch 'develop'
Entering 'libs/conversion'
HEAD is now at 5d66fea Merge branch 'master' into develop
Entering 'libs/core'
HEAD is now at 7c79a7c Fixed a typo in the comment.
Entering 'libs/coroutine'
HEAD is now at 2ae24cc Merge branch 'develop'
Entering 'libs/crc'
HEAD is now at e77694d Create merge base for git.
Entering 'libs/date_time'
HEAD is now at a403bda Merge branch 'develop'
Entering 'libs/detail'
HEAD is now at 275643c Removed trailing spaces.
Entering 'libs/disjoint_sets'
HEAD is now at 18f222d Creating git merge point
Entering 'libs/dynamic_bitset'
HEAD is now at 1611aeb Merge pull request #9 from boostorg/develop
Entering 'libs/exception'
HEAD is now at e5e4652 Merge remote-tracking branch 'origin/develop'
Entering 'libs/filesystem'
HEAD is now at b951b27 Merge branch 'develop'
Entering 'libs/flyweight'
HEAD is now at f2e7c2c typo
Entering 'libs/foreach'
HEAD is now at 96f345a merge from develop
Entering 'libs/format'
HEAD is now at 8559d84 Merge pull request #1 from boostorg/develop
Entering 'libs/function'
HEAD is now at 8f8cdae Merge pull request #1 from jzmaddock/patch-1
Entering 'libs/function_types'
HEAD is now at 8af990a Create merge base for git.
Entering 'libs/functional'
HEAD is now at 8bbbb7a Merge branch 'develop'
Entering 'libs/fusion'
HEAD is now at 3933df1 Merge pull request #26 from ldionne/master
Entering 'libs/geometry'
HEAD is now at c2266c0 Merge branch 'prepare'
Entering 'libs/gil'
HEAD is now at 6805259 Enables reading multi-page tiff.
Entering 'libs/graph'
HEAD is now at 70a2630 Merge pull request #14 from Lastique/patch-1
Entering 'libs/graph_parallel'
HEAD is now at 5e4479f Merge branch 'develop'
Entering 'libs/heap'
HEAD is now at 3619536 Merge remote-tracking branch 'origin/develop'
Entering 'libs/icl'
HEAD is now at b13bd14 Merge branch 'develop'
Entering 'libs/integer'
HEAD is now at 7d41c24 Merge branch 'develop'
Entering 'libs/interprocess'
HEAD is now at 060efcf Put the forward declaration of _ReadWriteBarrier before the intrinsic pragma to avoid errors in some MSVC versions
Entering 'libs/intrusive'
HEAD is now at 414ca9f Break options.hpp dependencies, now hooks don't depend on heavy meta-machinery.
Entering 'libs/io'
HEAD is now at 5458fd8 Create merge base for git.
Entering 'libs/iostreams'
HEAD is now at 8120840 Create merge base for git.
Entering 'libs/iterator'
HEAD is now at 46f9e17 Merge pull request #9 from boostorg/develop
Entering 'libs/lambda'
HEAD is now at 677be04 Create merge base for git.
Entering 'libs/lexical_cast'
HEAD is now at c0848bd Fix the documentation location.
Entering 'libs/local_function'
HEAD is now at 94b0c8b Create merge base for git.
Entering 'libs/locale'
HEAD is now at 26c444b Create merge base for git.
Entering 'libs/lockfree'
HEAD is now at 9205f1b Merge remote-tracking branch 'origin/develop'
Entering 'libs/log'
HEAD is now at 755b2c2 Fixes #10700. Don't use vsnprintf_s on MSVC as it does not behave as the standard vsnprintf. Also corrected error checking for snprintf in different places.
Entering 'libs/logic'
HEAD is now at 1dab9cd Merge pull request #1 from boostorg/develop
Entering 'libs/math'
HEAD is now at 3c4d180 Merge branch 'develop'
Entering 'libs/move'
HEAD is now at 1fb41b8 Merge branch 'develop'
Entering 'libs/mpi'
HEAD is now at cab4a79 Merge branch 'develop'
Entering 'libs/mpl'
HEAD is now at 0341108 add back the has_xxx workaround for msvc if used with nvcc
Entering 'libs/msm'
HEAD is now at 030b83f doc update for boost 1.57
Entering 'libs/multi_array'
HEAD is now at f61cd7a Merge branch 'develop'
Entering 'libs/multi_index'
HEAD is now at f0f5c5b Merge pull request #3 from boostorg/develop
Entering 'libs/multiprecision'
HEAD is now at 4d9a5b5 Merge branch 'develop'
Entering 'libs/numeric/conversion'
HEAD is now at f4c6bd9 Moved cast.hpp file from Conversion library. It was decided that this file must be in NumericCast library to reduce dependencies
Entering 'libs/numeric/interval'
HEAD is now at 816a0df Create merge base for git.
Entering 'libs/numeric/odeint'
HEAD is now at 1e8a1f0 Merge pull request #3 from jzmaddock/patch-1
Entering 'libs/numeric/ublas'
HEAD is now at 9465675 Merge pull request #14 from boostorg/develop
Entering 'libs/optional'
HEAD is now at 4c06d70 Merge branch 'develop'
Entering 'libs/parameter'
HEAD is now at 49ab4fa Merge r86524 (Correct broken links to C++ standard papers); fixes #9212
Entering 'libs/phoenix'
HEAD is now at 41e1b6d Merge branch 'develop'
Entering 'libs/polygon'
HEAD is now at a580d5b Merge pull request #2 from MarcelRaad/patch-1
Entering 'libs/pool'
HEAD is now at a038658 Merge pull request #5 from boostorg/develop
Entering 'libs/predef'
HEAD is now at 4d5d6d1 Merge pull request #15 from boostorg/develop
Entering 'libs/preprocessor'
HEAD is now at e72b298 Merge branch 'develop'
Entering 'libs/program_options'
HEAD is now at 9d7c987 Remove tabs.
Entering 'libs/property_map'
HEAD is now at adc5a67 Merge branch 'develop'
Entering 'libs/property_tree'
HEAD is now at 615a3ee Merge pull request #2 from sanderbog/rebase_for_develop
Entering 'libs/proto'
HEAD is now at 990af3a Merge branch 'develop'
Entering 'libs/ptr_container'
HEAD is now at 4b1db60 Create merge base
Entering 'libs/python'
HEAD is now at 832a1ed Merge 86392 from trunk. The spirit change was not applied because the file is not present in branches/release.
Entering 'libs/random'
HEAD is now at 21e8ee7 Merge remote-tracking branch 'origin/develop'
Entering 'libs/range'
HEAD is now at b0b08e0 Add upgrade documentation about pop_front() and pop_back() being renamed.
Entering 'libs/ratio'
HEAD is now at f10423e Merge branch 'develop'
Entering 'libs/rational'
HEAD is now at 17c9349 Merged [85417], [85418], and [85434] from trunk to release, fixing show-stoppers for Boost.Rational, like #5855 and a C++11 update for some test code
Entering 'libs/regex'
HEAD is now at 741e684 Merge branch 'develop'
Entering 'libs/scope_exit'
HEAD is now at 522df22 Merge branch 'develop'
Entering 'libs/serialization'
HEAD is now at 5712994 made is_whitespace explicitly inline
Entering 'libs/signals'
HEAD is now at f7bb4a9 Merge pull request #2 from jzmaddock/patch-1
Entering 'libs/signals2'
HEAD is now at f3cd4d3 Merge branch 'develop'
Entering 'libs/smart_ptr'
HEAD is now at b1fc261 Merge branch 'develop'
Entering 'libs/spirit'
HEAD is now at 7dba6cc Merge pull request #59 from aiche/fix/parse_nan_deref_end-#6955
Entering 'libs/statechart'
HEAD is now at c905916 Replaced deprecated cast.hpp with polymorphic_cast.hpp. Droped dependency to the Numeric library
Entering 'libs/static_assert'
HEAD is now at 29a7d49 Create merge base for git.
Entering 'libs/system'
HEAD is now at dcf45d3 Neither MinGW or Cygwin versions of winerror.h work if used alone, so on either of these platforms include the full windows.h. Move reporting of configuration to a separate config_test.cpp program, and expand the coverage to report more macros.
Entering 'libs/test'
HEAD is now at 954d3ab Thread: merge [81791]-tools dir missing
Entering 'libs/thread'
HEAD is now at 5fb51a7 remove thread_was_interrupted and fix wait_internal pending issue.
Entering 'libs/throw_exception'
HEAD is now at c551823 Redirect to the documentation in libs/exception.
Entering 'libs/timer'
HEAD is now at 8682840 Revert "Create first merge point for Git"
Entering 'libs/tokenizer'
HEAD is now at 80007b5 Merge pull request #2 from danieljames/cherry-pick
Entering 'libs/tr1'
HEAD is now at 276c9b1 Merge pending changes from develop
Entering 'libs/tti'
HEAD is now at f64b9e5 Removed unused detail header file.
Entering 'libs/tuple'
HEAD is now at d77e569 Merge pull request #3 from boostorg/develop
Entering 'libs/type_erasure'
HEAD is now at e3ff064 Merge branch 'develop'
Entering 'libs/type_index'
HEAD is now at 242d9a0 Use detect_mismatch pragma when possible (refs #10404 in track)
Entering 'libs/type_traits'
HEAD is now at f71cdfc Merge branch 'develop'
Entering 'libs/typeof'
HEAD is now at e56adea Integrated from trunc: Applied patch for #5745: Use native typeof support for Oracle Solaris Studio C++ compiler
Entering 'libs/units'
HEAD is now at ff4e59f Merge remote-tracking branch 'origin/develop'
Entering 'libs/unordered'
HEAD is now at bf0f90f Merge branch 'develop'
Entering 'libs/utility'
HEAD is now at 7306c8c Merge branch 'develop'
Entering 'libs/uuid'
HEAD is now at f23215f Merged changes from trunk: warning silencing and support for SSE and C++11. Fixes #8495, #8697, #8509.
Entering 'libs/variant'
HEAD is now at ed614a6 Applied patches from Boost.TypeIndex
Entering 'libs/wave'
HEAD is now at 6905e1c Create merge base for git.
Entering 'libs/winapi'
HEAD is now at 753adfa Merge pull request #3 from apolukhin/develop
Entering 'libs/xpressive'
HEAD is now at 2f5bf84 Merge pull request #2 from MarcelRaad/patch-1
Entering 'tools/auto_index'
HEAD is now at f2d8965 Merge branch 'develop'
Entering 'tools/bcp'
HEAD is now at dc1219c Create merge base for git.
Entering 'tools/boostbook'
HEAD is now at 22c94ba Merge branch 'develop'
Entering 'tools/boostdep'
HEAD is now at e5f6b3b Merge branch 'develop'
Entering 'tools/build'
HEAD is now at d42e7c7 Merge further Python port improvements from Aaron Boman.
Entering 'tools/inspect'
HEAD is now at b0386f5 Merge pull request #2 from Flast/pr/anon-ns/regex
Entering 'tools/litre'
HEAD is now at 564d4d8 Merged tools, system, filesystem from trunk at 41106
Entering 'tools/quickbook'
HEAD is now at 0866359 Merge branch 'release/1.6.1'
Entering 'libs/accumulators'
Entering 'libs/algorithm'
Entering 'libs/align'
Entering 'libs/any'
Entering 'libs/array'
Entering 'libs/asio'
Entering 'libs/assert'
Entering 'libs/assign'
Entering 'libs/atomic'
Entering 'libs/bimap'
Entering 'libs/bind'
Entering 'libs/chrono'
Entering 'libs/circular_buffer'
Entering 'libs/compatibility'
Entering 'libs/concept_check'
Entering 'libs/config'
Entering 'libs/container'
Entering 'libs/context'
Entering 'libs/conversion'
Entering 'libs/core'
Entering 'libs/coroutine'
Entering 'libs/crc'
Entering 'libs/date_time'
Entering 'libs/detail'
Entering 'libs/disjoint_sets'
Entering 'libs/dynamic_bitset'
Entering 'libs/exception'
Entering 'libs/filesystem'
Entering 'libs/flyweight'
Entering 'libs/foreach'
Entering 'libs/format'
Entering 'libs/function'
Entering 'libs/function_types'
Entering 'libs/functional'
Entering 'libs/fusion'
Entering 'libs/geometry'
Entering 'libs/gil'
Entering 'libs/graph'
Entering 'libs/graph_parallel'
Entering 'libs/heap'
Entering 'libs/icl'
Entering 'libs/integer'
Entering 'libs/interprocess'
Entering 'libs/intrusive'
Entering 'libs/io'
Entering 'libs/iostreams'
Entering 'libs/iterator'
Entering 'libs/lambda'
Entering 'libs/lexical_cast'
Entering 'libs/local_function'
Entering 'libs/locale'
Entering 'libs/lockfree'
Entering 'libs/log'
Entering 'libs/logic'
Entering 'libs/math'
Entering 'libs/move'
Entering 'libs/mpi'
Entering 'libs/mpl'
Entering 'libs/msm'
Entering 'libs/multi_array'
Entering 'libs/multi_index'
Entering 'libs/multiprecision'
Entering 'libs/numeric/conversion'
Entering 'libs/numeric/interval'
Entering 'libs/numeric/odeint'
Entering 'libs/numeric/ublas'
Entering 'libs/optional'
Entering 'libs/parameter'
Entering 'libs/phoenix'
Entering 'libs/polygon'
Entering 'libs/pool'
Entering 'libs/predef'
Entering 'libs/preprocessor'
Entering 'libs/program_options'
Entering 'libs/property_map'
Entering 'libs/property_tree'
Entering 'libs/proto'
Entering 'libs/ptr_container'
Entering 'libs/python'
Entering 'libs/random'
Entering 'libs/range'
Entering 'libs/ratio'
Entering 'libs/rational'
Entering 'libs/regex'
Entering 'libs/scope_exit'
Entering 'libs/serialization'
Entering 'libs/signals'
Entering 'libs/signals2'
Entering 'libs/smart_ptr'
Entering 'libs/spirit'
Entering 'libs/statechart'
Entering 'libs/static_assert'
Entering 'libs/system'
Entering 'libs/test'
Entering 'libs/thread'
Entering 'libs/throw_exception'
Entering 'libs/timer'
Entering 'libs/tokenizer'
Entering 'libs/tr1'
Entering 'libs/tti'
Entering 'libs/tuple'
Entering 'libs/type_erasure'
Entering 'libs/type_index'
Entering 'libs/type_traits'
Entering 'libs/typeof'
Entering 'libs/units'
Entering 'libs/unordered'
Entering 'libs/utility'
Entering 'libs/uuid'
Entering 'libs/variant'
Entering 'libs/wave'
Entering 'libs/winapi'
Entering 'libs/xpressive'
Entering 'tools/auto_index'
Entering 'tools/bcp'
Entering 'tools/boostbook'
Entering 'tools/boostdep'
Entering 'tools/build'
Entering 'tools/inspect'
Entering 'tools/litre'
Entering 'tools/quickbook'
Entering 'libs/accumulators'
Entering 'libs/algorithm'
Entering 'libs/align'
Entering 'libs/any'
Entering 'libs/array'
Entering 'libs/asio'
Entering 'libs/assert'
Entering 'libs/assign'
Entering 'libs/atomic'
Entering 'libs/bimap'
Entering 'libs/bind'
Entering 'libs/chrono'
Entering 'libs/circular_buffer'
Entering 'libs/compatibility'
Entering 'libs/concept_check'
Entering 'libs/config'
Entering 'libs/container'
Entering 'libs/context'
Entering 'libs/conversion'
Entering 'libs/core'
Entering 'libs/coroutine'
Entering 'libs/crc'
Entering 'libs/date_time'
Entering 'libs/detail'
Entering 'libs/disjoint_sets'
Entering 'libs/dynamic_bitset'
Entering 'libs/exception'
Entering 'libs/filesystem'
Entering 'libs/flyweight'
Entering 'libs/foreach'
Entering 'libs/format'
Entering 'libs/function'
Entering 'libs/function_types'
Entering 'libs/functional'
Entering 'libs/fusion'
Entering 'libs/geometry'
Entering 'libs/gil'
Entering 'libs/graph'
Entering 'libs/graph_parallel'
Entering 'libs/heap'
Entering 'libs/icl'
Entering 'libs/integer'
Entering 'libs/interprocess'
Entering 'libs/intrusive'
Entering 'libs/io'
Entering 'libs/iostreams'
Entering 'libs/iterator'
Entering 'libs/lambda'
Entering 'libs/lexical_cast'
Entering 'libs/local_function'
Entering 'libs/locale'
Entering 'libs/lockfree'
Entering 'libs/log'
Entering 'libs/logic'
Entering 'libs/math'
Entering 'libs/move'
Entering 'libs/mpi'
Entering 'libs/mpl'
Entering 'libs/msm'
Entering 'libs/multi_array'
Entering 'libs/multi_index'
Entering 'libs/multiprecision'
Entering 'libs/numeric/conversion'
Entering 'libs/numeric/interval'
Entering 'libs/numeric/odeint'
Entering 'libs/numeric/ublas'
Entering 'libs/optional'
Entering 'libs/parameter'
Entering 'libs/phoenix'
Entering 'libs/polygon'
Entering 'libs/pool'
Entering 'libs/predef'
Entering 'libs/preprocessor'
Entering 'libs/program_options'
Entering 'libs/property_map'
Entering 'libs/property_tree'
Entering 'libs/proto'
Entering 'libs/ptr_container'
Entering 'libs/python'
Entering 'libs/random'
Entering 'libs/range'
Entering 'libs/ratio'
Entering 'libs/rational'
Entering 'libs/regex'
Entering 'libs/scope_exit'
Entering 'libs/serialization'
Entering 'libs/signals'
Entering 'libs/signals2'
Entering 'libs/smart_ptr'
Entering 'libs/spirit'
Entering 'libs/statechart'
Entering 'libs/static_assert'
Entering 'libs/system'
Entering 'libs/test'
Entering 'libs/thread'
Entering 'libs/throw_exception'
Entering 'libs/timer'
Entering 'libs/tokenizer'
Entering 'libs/tr1'
Entering 'libs/tti'
Entering 'libs/tuple'
Entering 'libs/type_erasure'
Entering 'libs/type_index'
Entering 'libs/type_traits'
Entering 'libs/typeof'
Entering 'libs/units'
Entering 'libs/unordered'
Entering 'libs/utility'
Entering 'libs/uuid'
Entering 'libs/variant'
Entering 'libs/wave'
Entering 'libs/winapi'
Entering 'libs/xpressive'
Entering 'tools/auto_index'
Entering 'tools/bcp'
Entering 'tools/boostbook'
Entering 'tools/boostdep'
Entering 'tools/build'
Removing src/engine/bin.linuxx86_64/
Removing src/engine/bootstrap/
Entering 'tools/inspect'
Entering 'tools/litre'
Entering 'tools/quickbook'
